2026-06-08 21:00:54.203 [error] Failed to set Cloud Code URL on Language Server: Language server client has not been initialized!
2026-06-08 21:00:58.497 [info] [CloudCode] POST v1internal:loadCodeAssist traceId: ffdad9755cc1e88e
2026-06-08 21:00:58.497 [error] Failed to set Cloud Code URL on Language Server: Language server client has not been initialized!
2026-06-08 21:00:58.501 [info] [CloudCode] POST v1internal:loadCodeAssist traceId: 2c6f216165c1d99d
2026-06-08 21:00:58.501 [error] Failed to set Cloud Code URL on Language Server: Language server client has not been initialized!
2026-06-08 21:01:00.619 [info] [CloudCode] POST v1internal:fetchAvailableModels traceId: 227e3c95b72c494f
2026-06-08 21:01:01.328 [info] [CloudCode] POST v1internal:onboardUser traceId: c273fb95f688aff5
2026-06-08 21:01:04.532 [info] [CloudCode] POST v1internal:loadCodeAssist traceId: 92044c8f239ca9f7
2026-06-08 21:01:06.192 [info] [CloudCode] POST v1internal:fetchAvailableModels traceId: 6eac32b84d5decd
2026-06-08 21:05:56.351 [info] [CloudCode] POST v1internal:loadCodeAssist traceId: 1cc994d42f50d5e1
2026-06-08 21:05:57.971 [info] [CloudCode] POST v1internal:fetchAvailableModels traceId: f22e754b341ee0a1
2026-06-08 21:09:33.738 [info] [CloudCode] POST v1internal:recordCodeAssistMetrics traceId: 2a0ece32e78cfbda
2026-06-08 21:10:41.533 [info] [CloudCode] POST v1internal:recordCodeAssistMetrics traceId: 1c6de6e3fa97c6f1
2026-06-08 21:10:56.238 [info] [CloudCode] POST v1internal:loadCodeAssist traceId: 5c6aa50e67613cbb
2026-06-08 21:10:57.059 [info] [CloudCode] POST v1internal:fetchAvailableModels traceId: 903c5ec0b6c63279
2026-06-08 21:10:59.135 [info] [CloudCode] POST v1internal:recordCodeAssistMetrics traceId: c2e721b57d5b0c3
2026-06-08 21:12:59.445 [info] [CloudCode] POST v1internal:recordCodeAssistMetrics traceId: baabdfef09d15acf
2026-06-08 21:13:15.963 [info] [CloudCode] POST v1internal:recordCodeAssistMetrics traceId: 23054612bcd12db7
2026-06-08 21:14:24.903 [info] [CloudCode] POST v1internal:recordCodeAssistMetrics traceId: 19c1ca328213cf5
2026-06-08 21:15:56.070 [info] [CloudCode] POST v1internal:loadCodeAssist traceId: e94729f77bb9f18f
2026-06-08 21:15:57.393 [info] [CloudCode] POST v1internal:fetchAvailableModels traceId: eb38df5a4fd8f4f6
2026-06-08 21:18:38.570 [info] [CloudCode] POST v1internal:recordCodeAssistMetrics traceId: f100a0b3a7fcad3e
2026-06-08 21:18:49.515 [info] [CloudCode] POST v1internal:recordCodeAssistMetrics traceId: ba5709e3d57abd90
2026-06-08 21:19:23.037 [info] [CloudCode] POST v1internal:recordCodeAssistMetrics traceId: d785efeb393aacc9
2026-06-08 21:20:55.695 [info] [CloudCode] POST v1internal:loadCodeAssist traceId: 5d73febcae2ddf37
2026-06-08 21:20:56.328 [info] [CloudCode] POST v1internal:fetchAvailableModels traceId: 7c600ed19f63538d
2026-06-08 21:25:56.311 [info] [CloudCode] POST v1internal:loadCodeAssist traceId: 4278e8d851b9993f
2026-06-08 21:25:57.148 [info] [CloudCode] POST v1internal:fetchAvailableModels traceId: df2d858d1e504f09
2026-06-08 21:26:58.430 [info] [CloudCode] POST v1internal:recordCodeAssistMetrics traceId: fdbb487180564375
2026-06-08 21:30:56.308 [info] [CloudCode] POST v1internal:loadCodeAssist traceId: 1f41f760184ba411
2026-06-08 21:30:57.229 [info] [CloudCode] POST v1internal:fetchAvailableModels traceId: 72426f08311bb2b
2026-06-08 21:35:56.328 [info] [CloudCode] POST v1internal:loadCodeAssist traceId: b692ff3da4a20404
2026-06-08 21:35:57.584 [info] [CloudCode] POST v1internal:fetchAvailableModels traceId: 50972fca6f90372a
2026-06-08 21:40:56.486 [info] [CloudCode] POST v1internal:loadCodeAssist traceId: 2ab4dc6991b01594
2026-06-08 21:40:57.740 [info] [CloudCode] POST v1internal:fetchAvailableModels traceId: d9770d178e17535b
2026-06-08 21:45:56.429 [info] [CloudCode] POST v1internal:loadCodeAssist traceId: 3a3f178df01d23c7
2026-06-08 21:45:57.666 [info] [CloudCode] POST v1internal:fetchAvailableModels traceId: e1218e43040c405f
2026-06-08 21:50:56.395 [info] [CloudCode] POST v1internal:loadCodeAssist traceId: beb75fcb49bd294c
2026-06-08 21:50:57.663 [info] [CloudCode] POST v1internal:fetchAvailableModels traceId: c6c591156243c039
2026-06-08 21:55:56.408 [info] [CloudCode] POST v1internal:loadCodeAssist traceId: 7d41621ff21052e7
2026-06-08 21:55:57.238 [info] [CloudCode] POST v1internal:fetchAvailableModels traceId: a6b34ec753a1186a
2026-06-08 21:59:14.406 [info] [CloudCode] POST v1internal:recordCodeAssistMetrics traceId: 7c3cf9fae36ecd54
2026-06-08 22:00:56.550 [info] [CloudCode] POST v1internal:loadCodeAssist traceId: 57e069436800a29b
2026-06-08 22:00:57.924 [info] [CloudCode] POST v1internal:fetchAvailableModels traceId: 2f02b279b446b216
2026-06-08 22:05:56.638 [info] [CloudCode] POST v1internal:loadCodeAssist traceId: 3821f47fb3c5349e
2026-06-08 22:05:57.843 [info] [CloudCode] POST v1internal:fetchAvailableModels traceId: e510d9f441ef9987
2026-06-08 22:10:56.219 [info] [CloudCode] POST v1internal:loadCodeAssist traceId: 7ade92f4f69b0891
2026-06-08 22:10:56.886 [info] [CloudCode] POST v1internal:fetchAvailableModels traceId: af2a0ce0ee9d297d
2026-06-08 22:14:11.274 [info] [CloudCode] POST v1internal:recordCodeAssistMetrics traceId: 3741dacc268ee774
2026-06-08 22:15:56.431 [info] [CloudCode] POST v1internal:loadCodeAssist traceId: a576fa62a8fbcd2b
2026-06-08 22:15:57.737 [info] [CloudCode] POST v1internal:fetchAvailableModels traceId: 382544d27b39af33
2026-06-08 22:20:56.461 [info] [CloudCode] POST v1internal:loadCodeAssist traceId: e6b0821b14bb60d8
2026-06-08 22:20:57.342 [info] [CloudCode] POST v1internal:fetchAvailableModels traceId: a069cf5247372838
2026-06-08 22:24:31.120 [info] [CloudCode] POST v1internal:recordCodeAssistMetrics traceId: ab1159af3f3aec55
2026-06-08 22:25:56.590 [info] [CloudCode] POST v1internal:loadCodeAssist traceId: 7a1aeaa28602373b
2026-06-08 22:25:57.324 [info] [CloudCode] POST v1internal:fetchAvailableModels traceId: 4697963140bbf368
2026-06-08 22:27:12.084 [info] [CloudCode] POST v1internal:recordCodeAssistMetrics traceId: c92f757307f4fbb
2026-06-08 22:27:14.329 [info] [CloudCode] POST v1internal:recordCodeAssistMetrics traceId: 8450506653741404
2026-06-08 22:30:56.184 [info] [CloudCode] POST v1internal:loadCodeAssist traceId: c7650ecee1ac9b3f
2026-06-08 22:30:57.382 [info] [CloudCode] POST v1internal:fetchAvailableModels traceId: 43afe56772a6ba69
2026-06-08 22:35:56.480 [info] [CloudCode] POST v1internal:loadCodeAssist traceId: 89775bb9974b2f
2026-06-08 22:35:57.673 [info] [CloudCode] POST v1internal:fetchAvailableModels traceId: 49d509ac7e581259
