2026-06-24 02:52:16.520 [info] Reading sessions from keychain...
2026-06-24 02:52:16.520 [info] Getting sessions for all scopes...
2026-06-24 02:52:16.520 [info] Got 0 sessions for ...
2026-06-24 02:52:16.520 [info] Getting sessions for all scopes...
2026-06-24 02:52:16.520 [info] Got 0 sessions for ...
2026-06-24 02:52:16.520 [info] Getting sessions for all scopes...
2026-06-24 02:52:16.520 [info] Got 0 sessions for ...
2026-06-24 02:52:16.520 [info] Getting sessions for all scopes...
2026-06-24 02:52:16.520 [info] Got 0 sessions for ...
2026-06-24 02:52:16.520 [info] Getting sessions for all scopes...
2026-06-24 02:52:16.520 [info] Got 0 sessions for ...
2026-06-24 02:52:16.520 [info] Getting sessions for all scopes...
2026-06-24 02:52:16.520 [info] Got 0 sessions for ...
2026-06-24 02:52:16.520 [info] Getting sessions for all scopes...
2026-06-24 02:52:16.520 [info] Got 0 sessions for ...
2026-06-24 02:52:16.520 [info] Getting sessions for all scopes...
2026-06-24 02:52:16.520 [info] Got 0 sessions for ...
2026-06-24 02:52:16.520 [info] Getting sessions for all scopes...
2026-06-24 02:52:16.520 [info] Got 0 sessions for ...
2026-06-24 02:52:16.520 [info] Getting sessions for all scopes...
2026-06-24 02:52:16.520 [info] Got 0 sessions for ...
2026-06-24 02:52:16.652 [info] Getting sessions for all scopes...
2026-06-24 02:52:16.652 [info] Got 0 sessions for ...
2026-06-24 02:52:16.656 [info] Getting sessions for all scopes...
2026-06-24 02:52:16.656 [info] Got 0 sessions for ...
2026-06-24 02:52:16.657 [info] Getting sessions for all scopes...
2026-06-24 02:52:16.657 [info] Got 0 sessions for ...
2026-06-24 02:52:16.657 [info] Getting sessions for all scopes...
2026-06-24 02:52:16.657 [info] Got 0 sessions for ...
2026-06-24 02:52:16.657 [info] Getting sessions for all scopes...
2026-06-24 02:52:16.657 [info] Got 0 sessions for ...
2026-06-24 02:52:16.657 [info] Getting sessions for all scopes...
2026-06-24 02:52:16.657 [info] Got 0 sessions for ...
2026-06-24 02:52:19.003 [info] Getting sessions for read:user,repo,user:email,workflow...
2026-06-24 02:52:19.003 [info] Got 0 sessions for read:user,repo,user:email,workflow...
2026-06-24 02:52:19.279 [info] Getting sessions for read:user,repo,user:email,workflow...
2026-06-24 02:52:19.279 [info] Got 0 sessions for read:user,repo,user:email,workflow...
