2026-04-14 19:11:37.937 [info] Reading sessions from keychain...
2026-04-14 19:11:37.937 [info] Getting sessions for all scopes...
2026-04-14 19:11:37.937 [info] Got 0 sessions for ...
2026-04-14 19:11:37.937 [info] Getting sessions for all scopes...
2026-04-14 19:11:37.937 [info] Got 0 sessions for ...
2026-04-14 19:11:37.937 [info] Getting sessions for all scopes...
2026-04-14 19:11:37.937 [info] Got 0 sessions for ...
2026-04-14 19:11:37.937 [info] Getting sessions for all scopes...
2026-04-14 19:11:37.937 [info] Got 0 sessions for ...
2026-04-14 19:11:37.937 [info] Getting sessions for all scopes...
2026-04-14 19:11:37.937 [info] Got 0 sessions for ...
2026-04-14 19:11:37.937 [info] Getting sessions for all scopes...
2026-04-14 19:11:37.937 [info] Got 0 sessions for ...
2026-04-14 19:11:37.937 [info] Getting sessions for all scopes...
2026-04-14 19:11:37.937 [info] Got 0 sessions for ...
2026-04-14 19:11:37.937 [info] Getting sessions for all scopes...
2026-04-14 19:11:37.937 [info] Got 0 sessions for ...
2026-04-14 19:11:38.014 [info] Getting sessions for all scopes...
2026-04-14 19:11:38.014 [info] Got 0 sessions for ...
2026-04-14 19:11:38.015 [info] Getting sessions for all scopes...
2026-04-14 19:11:38.015 [info] Got 0 sessions for ...
2026-04-14 19:11:38.015 [info] Getting sessions for all scopes...
2026-04-14 19:11:38.015 [info] Got 0 sessions for ...
2026-04-14 19:11:38.015 [info] Getting sessions for all scopes...
2026-04-14 19:11:38.015 [info] Got 0 sessions for ...
2026-04-14 19:11:38.015 [info] Getting sessions for all scopes...
2026-04-14 19:11:38.015 [info] Got 0 sessions for ...
2026-04-14 19:11:38.015 [info] Getting sessions for all scopes...
2026-04-14 19:11:38.015 [info] Got 0 sessions for ...
2026-04-14 19:11:38.364 [info] Getting sessions for all scopes...
2026-04-14 19:11:38.364 [info] Got 0 sessions for ...
2026-04-14 19:11:39.829 [info] Getting sessions for read:user,repo,user:email,workflow...
2026-04-14 19:11:39.829 [info] Got 0 sessions for read:user,repo,user:email,workflow...
2026-04-14 19:11:40.486 [info] Getting sessions for read:user,repo,user:email,workflow...
2026-04-14 19:11:40.486 [info] Got 0 sessions for read:user,repo,user:email,workflow...
2026-04-14 19:11:40.765 [info] Getting sessions for read:user,repo,user:email,workflow...
2026-04-14 19:11:40.765 [info] Got 0 sessions for read:user,repo,user:email,workflow...
2026-04-14 19:11:40.879 [info] Getting sessions for read:user,repo,user:email,workflow...
2026-04-14 19:11:40.879 [info] Got 0 sessions for read:user,repo,user:email,workflow...
2026-04-14 19:11:41.384 [info] Getting sessions for read:user,repo,user:email,workflow...
2026-04-14 19:11:41.384 [info] Got 0 sessions for read:user,repo,user:email,workflow...
2026-04-14 19:11:42.543 [info] Getting sessions for all scopes...
2026-04-14 19:11:42.543 [info] Got 0 sessions for ...
