2026-06-26 03:27:30.161 [info] Extension host with pid 11963 started
2026-06-26 03:27:30.161 [info] Skipping acquiring lock for /home/beast/.config/Code/User/workspaceStorage/a3738bb3a76c01d03142ac0f41822ae8.
2026-06-26 03:27:30.257 [info] ExtensionService#_doActivateExtension vscode.github-authentication, startup: false, activationEvent: 'onAuthenticationRequest:github'
2026-06-26 03:27:30.298 [info] ExtensionService#_doActivateExtension vscode.emmet, startup: false, activationEvent: 'onLanguage'
2026-06-26 03:27:30.323 [info] ExtensionService#_doActivateExtension ms-python.python, startup: false, activationEvent: 'onLanguage:python', root cause: ms-python.debugpy
2026-06-26 03:27:30.612 [info] ExtensionService#_doActivateExtension ms-python.vscode-pylance, startup: false, activationEvent: 'onLanguage:python'
2026-06-26 03:27:31.020 [info] ExtensionService#_doActivateExtension ms-python.vscode-python-envs, startup: false, activationEvent: 'onLanguage:python'
2026-06-26 03:27:31.415 [info] ExtensionService#_doActivateExtension vscode.git-base, startup: true, activationEvent: '*', root cause: vscode.git
2026-06-26 03:27:31.775 [info] ExtensionService#_doActivateExtension vscode.git, startup: true, activationEvent: '*'
2026-06-26 03:27:31.868 [info] ExtensionService#_doActivateExtension vscode.github, startup: true, activationEvent: '*'
2026-06-26 03:27:32.228 [info] ExtensionService#_doActivateExtension bruno-api-client.bruno, startup: true, activationEvent: 'workspaceContains:**/bruno.json,**/opencollection.yaml,**/opencollection.yml'
2026-06-26 03:27:33.766 [info] Eager extensions activated
2026-06-26 03:27:33.855 [info] ExtensionService#_doActivateExtension vscode.debug-auto-launch, startup: false, activationEvent: 'onStartupFinished'
2026-06-26 03:27:33.860 [info] ExtensionService#_doActivateExtension vscode.merge-conflict, startup: false, activationEvent: 'onStartupFinished'
2026-06-26 03:27:33.884 [info] ExtensionService#_doActivateExtension esbenp.prettier-vscode, startup: false, activationEvent: 'onStartupFinished'
2026-06-26 03:27:33.923 [info] ExtensionService#_doActivateExtension ms-python.debugpy, startup: false, activationEvent: 'onLanguage:python'
2026-06-26 03:27:38.320 [warning] DiagnosticCollection with name 'Pylance' does already exist.
2026-06-26 03:27:38.356 [warning] DiagnosticCollection with name 'Pylance' does already exist.
2026-06-26 03:27:38.393 [warning] DiagnosticCollection with name 'Pylance' does already exist.
2026-06-26 03:27:38.399 [warning] DiagnosticCollection with name 'Pylance' does already exist.
2026-06-26 03:28:09.083 [info] Extension host terminating: renderer closed the MessagePort
2026-06-26 03:28:09.118 [error] An error occurred when disposing the subscriptions for extension 'ms-python.vscode-python-envs':
2026-06-26 03:28:09.118 [error] Error: Channel has been closed
	at n (file:///usr/share/code/resources/app/out/vs/workbench/api/node/extensionHostProcess.js:123:2816)
	at Object.error (file:///usr/share/code/resources/app/out/vs/workbench/api/node/extensionHostProcess.js:123:3250)
	at Object.dispose (/home/beast/.vscode/extensions/ms-python.vscode-python-envs-1.20.1-linux-x64/dist/extension.js:2:539542)
	at /home/beast/.vscode/extensions/ms-python.vscode-python-envs-1.20.1-linux-x64/dist/extension.js:2:538310
	at Array.forEach (<anonymous>)
	at S.dispose (/home/beast/.vscode/extensions/ms-python.vscode-python-envs-1.20.1-linux-x64/dist/extension.js:2:538297)
	at Zi (file:///usr/share/code/resources/app/out/vs/workbench/api/node/extensionHostProcess.js:25:746)
	at oL.b (file:///usr/share/code/resources/app/out/vs/workbench/api/node/extensionHostProcess.js:120:15172)
	at oL.dispose (file:///usr/share/code/resources/app/out/vs/workbench/api/node/extensionHostProcess.js:25:1227)
	at HX.eb (file:///usr/share/code/resources/app/out/vs/workbench/api/node/extensionHostProcess.js:120:12045)
	at file:///usr/share/code/resources/app/out/vs/workbench/api/node/extensionHostProcess.js:120:10000
	at Array.map (<anonymous>)
	at HX.$ (file:///usr/share/code/resources/app/out/vs/workbench/api/node/extensionHostProcess.js:120:9988)
	at HX.terminate (file:///usr/share/code/resources/app/out/vs/workbench/api/node/extensionHostProcess.js:120:10231)
	at yN.terminate (file:///usr/share/code/resources/app/out/vs/workbench/api/node/extensionHostProcess.js:122:914)
	at Us (file:///usr/share/code/resources/app/out/vs/workbench/api/node/extensionHostProcess.js:404:11129)
	at MessagePortMain.<anonymous> (file:///usr/share/code/resources/app/out/vs/workbench/api/node/extensionHostProcess.js:404:7604)
	at MessagePortMain.emit (node:events:519:28)
	at MessagePortMain._internalPort.emit (node:electron/js2c/utility_init:2:2949)
2026-06-26 03:28:09.122 [error] TypeError: Cannot read properties of undefined (reading 'subscriptions')
	at Object.Z [as deactivate] (/home/beast/.vscode/extensions/ms-python.vscode-python-envs-1.20.1-linux-x64/dist/extension.js:2:706516)
	at HX.eb (file:///usr/share/code/resources/app/out/vs/workbench/api/node/extensionHostProcess.js:120:11850)
	at file:///usr/share/code/resources/app/out/vs/workbench/api/node/extensionHostProcess.js:120:10000
	at Array.map (<anonymous>)
	at HX.$ (file:///usr/share/code/resources/app/out/vs/workbench/api/node/extensionHostProcess.js:120:9988)
	at HX.terminate (file:///usr/share/code/resources/app/out/vs/workbench/api/node/extensionHostProcess.js:120:10231)
	at yN.terminate (file:///usr/share/code/resources/app/out/vs/workbench/api/node/extensionHostProcess.js:122:914)
	at Us (file:///usr/share/code/resources/app/out/vs/workbench/api/node/extensionHostProcess.js:404:11129)
	at MessagePortMain.<anonymous> (file:///usr/share/code/resources/app/out/vs/workbench/api/node/extensionHostProcess.js:404:7604)
	at MessagePortMain.emit (node:events:519:28)
	at MessagePortMain._internalPort.emit (node:electron/js2c/utility_init:2:2949)
2026-06-26 03:28:09.140 [info] Extension host with pid 11963 exiting with code 0
2026-06-26 03:28:10.609 [info] Extension host with pid 13085 started
2026-06-26 03:28:10.609 [info] Skipping acquiring lock for /home/beast/.config/Code/User/workspaceStorage/cdd77a4538efb3f16739cea7caf7b4b4.
2026-06-26 03:28:10.701 [info] ExtensionService#_doActivateExtension vscode.github-authentication, startup: false, activationEvent: 'onAuthenticationRequest:github'
2026-06-26 03:28:10.780 [info] ExtensionService#_doActivateExtension vscode.emmet, startup: false, activationEvent: 'onLanguage'
2026-06-26 03:28:10.905 [info] ExtensionService#_doActivateExtension vscode.git-base, startup: true, activationEvent: '*'
2026-06-26 03:28:10.927 [info] ExtensionService#_doActivateExtension vscode.github, startup: true, activationEvent: '*'
2026-06-26 03:28:11.036 [info] Eager extensions activated
2026-06-26 03:28:11.053 [info] ExtensionService#_doActivateExtension vscode.debug-auto-launch, startup: false, activationEvent: 'onStartupFinished'
2026-06-26 03:28:11.058 [info] ExtensionService#_doActivateExtension vscode.merge-conflict, startup: false, activationEvent: 'onStartupFinished'
2026-06-26 03:28:11.080 [info] ExtensionService#_doActivateExtension esbenp.prettier-vscode, startup: false, activationEvent: 'onStartupFinished'
2026-06-26 03:28:14.296 [info] ExtensionService#_doActivateExtension vscode.git, startup: false, activationEvent: 'api', root cause: vscode.github
2026-06-26 03:28:28.534 [info] ExtensionService#_doActivateExtension mads-hartmann.bash-ide-vscode, startup: false, activationEvent: 'onLanguage:shellscript'
2026-06-26 03:30:09.540 [info] Extension host terminating: renderer closed the MessagePort
2026-06-26 03:30:09.594 [info] Extension host with pid 13085 exiting with code 0
