2026-06-26 03:27:31.426 [info] Reading sessions from keychain...
2026-06-26 03:27:31.426 [info] Getting sessions for all scopes...
2026-06-26 03:27:31.426 [info] Got 0 sessions for ...
2026-06-26 03:27:31.426 [info] Getting sessions for all scopes...
2026-06-26 03:27:31.426 [info] Got 0 sessions for ...
2026-06-26 03:27:31.426 [info] Getting sessions for all scopes...
2026-06-26 03:27:31.426 [info] Got 0 sessions for ...
2026-06-26 03:27:31.426 [info] Getting sessions for all scopes...
2026-06-26 03:27:31.426 [info] Got 0 sessions for ...
2026-06-26 03:27:31.426 [info] Getting sessions for all scopes...
2026-06-26 03:27:31.426 [info] Got 0 sessions for ...
2026-06-26 03:27:31.426 [info] Getting sessions for all scopes...
2026-06-26 03:27:31.426 [info] Got 0 sessions for ...
2026-06-26 03:27:31.426 [info] Getting sessions for all scopes...
2026-06-26 03:27:31.426 [info] Got 0 sessions for ...
2026-06-26 03:27:31.426 [info] Getting sessions for all scopes...
2026-06-26 03:27:31.426 [info] Got 0 sessions for ...
2026-06-26 03:27:31.426 [info] Getting sessions for all scopes...
2026-06-26 03:27:31.426 [info] Got 0 sessions for ...
2026-06-26 03:27:31.426 [info] Getting sessions for all scopes...
2026-06-26 03:27:31.426 [info] Got 0 sessions for ...
2026-06-26 03:27:31.426 [info] Getting sessions for all scopes...
2026-06-26 03:27:31.426 [info] Got 0 sessions for ...
2026-06-26 03:27:31.426 [info] Getting sessions for all scopes...
2026-06-26 03:27:31.426 [info] Got 0 sessions for ...
2026-06-26 03:27:31.426 [info] Getting sessions for all scopes...
2026-06-26 03:27:31.426 [info] Got 0 sessions for ...
2026-06-26 03:27:31.426 [info] Getting sessions for all scopes...
2026-06-26 03:27:31.426 [info] Got 0 sessions for ...
2026-06-26 03:27:31.426 [info] Getting sessions for all scopes...
2026-06-26 03:27:31.426 [info] Got 0 sessions for ...
2026-06-26 03:27:31.426 [info] Getting sessions for all scopes...
2026-06-26 03:27:31.426 [info] Got 0 sessions for ...
2026-06-26 03:27:33.807 [info] Getting sessions for all scopes...
2026-06-26 03:27:33.807 [info] Got 0 sessions for ...
2026-06-26 03:27:34.543 [info] Getting sessions for read:user,repo,user:email,workflow...
2026-06-26 03:27:34.543 [info] Got 0 sessions for read:user,repo,user:email,workflow...
2026-06-26 03:27:34.611 [info] Getting sessions for read:user,repo,user:email,workflow...
2026-06-26 03:27:34.611 [info] Got 0 sessions for read:user,repo,user:email,workflow...
2026-06-26 03:28:10.895 [info] Reading sessions from keychain...
2026-06-26 03:28:10.895 [info] Getting sessions for all scopes...
2026-06-26 03:28:10.895 [info] Got 0 sessions for ...
2026-06-26 03:28:10.895 [info] Getting sessions for all scopes...
2026-06-26 03:28:10.895 [info] Got 0 sessions for ...
2026-06-26 03:28:10.895 [info] Getting sessions for all scopes...
2026-06-26 03:28:10.895 [info] Got 0 sessions for ...
2026-06-26 03:28:10.895 [info] Getting sessions for all scopes...
2026-06-26 03:28:10.895 [info] Got 0 sessions for ...
2026-06-26 03:28:10.895 [info] Getting sessions for all scopes...
2026-06-26 03:28:10.896 [info] Got 0 sessions for ...
2026-06-26 03:28:10.896 [info] Getting sessions for all scopes...
2026-06-26 03:28:10.896 [info] Got 0 sessions for ...
2026-06-26 03:28:10.896 [info] Getting sessions for all scopes...
2026-06-26 03:28:10.896 [info] Got 0 sessions for ...
2026-06-26 03:28:10.910 [info] Getting sessions for all scopes...
2026-06-26 03:28:10.910 [info] Got 0 sessions for ...
2026-06-26 03:28:10.911 [info] Getting sessions for all scopes...
2026-06-26 03:28:10.911 [info] Got 0 sessions for ...
2026-06-26 03:28:10.911 [info] Getting sessions for all scopes...
2026-06-26 03:28:10.911 [info] Got 0 sessions for ...
2026-06-26 03:28:10.911 [info] Getting sessions for all scopes...
2026-06-26 03:28:10.911 [info] Got 0 sessions for ...
2026-06-26 03:28:10.912 [info] Getting sessions for all scopes...
2026-06-26 03:28:10.912 [info] Got 0 sessions for ...
2026-06-26 03:28:10.912 [info] Getting sessions for all scopes...
2026-06-26 03:28:10.912 [info] Got 0 sessions for ...
2026-06-26 03:28:10.929 [info] Getting sessions for all scopes...
2026-06-26 03:28:10.929 [info] Got 0 sessions for ...
2026-06-26 03:28:10.972 [info] Getting sessions for all scopes...
2026-06-26 03:28:10.972 [info] Got 0 sessions for ...
2026-06-26 03:28:12.518 [info] Getting sessions for all scopes...
2026-06-26 03:28:12.518 [info] Got 0 sessions for ...
2026-06-26 03:28:14.642 [info] Getting sessions for read:user,repo,user:email,workflow...
2026-06-26 03:28:14.642 [info] Got 0 sessions for read:user,repo,user:email,workflow...
