2026-06-08 03:14:21.012 [info] Reading sessions from keychain...
2026-06-08 03:14:21.012 [info] Getting sessions for all scopes...
2026-06-08 03:14:21.012 [info] Got 0 sessions for ...
2026-06-08 03:14:21.024 [info] Getting sessions for all scopes...
2026-06-08 03:14:21.024 [info] Got 0 sessions for ...
2026-06-08 03:14:21.024 [info] Getting sessions for all scopes...
2026-06-08 03:14:21.024 [info] Got 0 sessions for ...
2026-06-08 03:14:21.055 [info] Getting sessions for read:user,repo,user:email,workflow...
2026-06-08 03:14:21.056 [info] Got 0 sessions for read:user,repo,user:email,workflow...
2026-06-08 03:14:21.105 [info] Getting sessions for all scopes...
2026-06-08 03:14:21.105 [info] Got 0 sessions for ...
2026-06-08 03:14:21.106 [info] Getting sessions for all scopes...
2026-06-08 03:14:21.106 [info] Got 0 sessions for ...
2026-06-08 03:14:29.903 [info] Reading sessions from keychain...
2026-06-08 03:14:29.903 [info] Getting sessions for all scopes...
2026-06-08 03:14:29.903 [info] Got 0 sessions for ...
2026-06-08 03:14:29.903 [info] Getting sessions for all scopes...
2026-06-08 03:14:29.903 [info] Got 0 sessions for ...
2026-06-08 03:14:29.903 [info] Getting sessions for all scopes...
2026-06-08 03:14:29.903 [info] Got 0 sessions for ...
2026-06-08 03:14:29.903 [info] Getting sessions for read:user,repo,user:email,workflow...
2026-06-08 03:14:29.903 [info] Got 0 sessions for read:user,repo,user:email,workflow...
2026-06-08 03:14:30.724 [info] Getting sessions for all scopes...
2026-06-08 03:14:30.724 [info] Got 0 sessions for ...
