{"time":"2026-06-19T22:50:26.376850969-04:00","level":"INFO","msg":"Plugin started","plugin":{"name":"BinaryEdge"}}
{"time":"2026-06-19T22:50:26.376905558-04:00","level":"INFO","msg":"Plugin started","plugin":{"name":"Chaos"}}
{"time":"2026-06-19T22:50:26.376931695-04:00","level":"INFO","msg":"Plugin started","plugin":{"name":"crt.sh"}}
{"time":"2026-06-19T22:50:26.376947033-04:00","level":"INFO","msg":"Plugin started","plugin":{"name":"DNSRepo"}}
{"time":"2026-06-19T22:50:26.376962431-04:00","level":"INFO","msg":"Plugin started","plugin":{"name":"Grep.App"}}
{"time":"2026-06-19T22:50:26.376976998-04:00","level":"INFO","msg":"Plugin started","plugin":{"name":"HackerTarget"}}
{"time":"2026-06-19T22:50:26.376983309-04:00","level":"INFO","msg":"Plugin started","plugin":{"name":"LeakIX"}}
{"time":"2026-06-19T22:50:26.376998286-04:00","level":"INFO","msg":"Plugin started","plugin":{"name":"PassiveTotal"}}
{"time":"2026-06-19T22:50:26.377013574-04:00","level":"INFO","msg":"Plugin started","plugin":{"name":"Prospeo"}}
{"time":"2026-06-19T22:50:26.377028792-04:00","level":"INFO","msg":"Plugin started","plugin":{"name":"SecurityTrails"}}
{"time":"2026-06-19T22:50:26.377043969-04:00","level":"INFO","msg":"Plugin started","plugin":{"name":"VirusTotal"}}
{"time":"2026-06-19T22:50:26.377059147-04:00","level":"INFO","msg":"Plugin started","plugin":{"name":"ZETAlytics"}}
{"time":"2026-06-19T22:50:26.377091966-04:00","level":"INFO","msg":"Plugin started","plugin":{"name":"Wayback"}}
{"time":"2026-06-19T22:50:26.377123153-04:00","level":"INFO","msg":"Plugin started","plugin":{"name":"Aviato"}}
{"time":"2026-06-19T22:50:28.372682213-04:00","level":"INFO","msg":"Plugin started","plugin":{"name":"BGP.Tools"}}
{"time":"2026-06-19T22:50:28.37273032-04:00","level":"INFO","msg":"Plugin started","plugin":{"name":"FQDN-Alterations"}}
{"time":"2026-06-19T22:50:28.372770433-04:00","level":"INFO","msg":"Plugin started","plugin":{"name":"DNS"}}
{"time":"2026-06-19T22:50:28.372780101-04:00","level":"INFO","msg":"plugin started","plugin":{"name":"DNS-SD"}}
{"time":"2026-06-19T22:50:28.372789909-04:00","level":"INFO","msg":"Plugin started","plugin":{"name":"Service-Banner-URLs"}}
{"time":"2026-06-19T22:50:28.372795418-04:00","level":"INFO","msg":"Plugin started","plugin":{"name":"Contract-Record-Expansion"}}
{"time":"2026-06-19T22:50:28.372800918-04:00","level":"INFO","msg":"Plugin started","plugin":{"name":"Email-Expansion"}}
{"time":"2026-06-19T22:50:28.372806118-04:00","level":"INFO","msg":"Plugin started","plugin":{"name":"TLCert-Expansion"}}
{"time":"2026-06-19T22:50:28.372813912-04:00","level":"INFO","msg":"Plugin started","plugin":{"name":"URL-Expansion"}}
{"time":"2026-06-19T22:50:28.372821065-04:00","level":"INFO","msg":"Plugin started","plugin":{"name":"GLEIF"}}
{"time":"2026-06-19T22:50:28.372826976-04:00","level":"INFO","msg":"Plugin started","plugin":{"name":"Horizontals"}}
{"time":"2026-06-19T22:50:28.372835742-04:00","level":"INFO","msg":"Plugin started","plugin":{"name":"HTTP-Probes"}}
{"time":"2026-06-19T22:50:28.37288983-04:00","level":"INFO","msg":"Plugin started","plugin":{"name":"RDAP"}}
{"time":"2026-06-19T22:50:28.372899447-04:00","level":"INFO","msg":"Plugin started","plugin":{"name":"Bing"}}
{"time":"2026-06-19T22:50:28.372905568-04:00","level":"INFO","msg":"Plugin started","plugin":{"name":"DNSHistory"}}
{"time":"2026-06-19T22:50:28.372910417-04:00","level":"INFO","msg":"Plugin started","plugin":{"name":"DuckDuckGo"}}
{"time":"2026-06-19T22:50:28.372915456-04:00","level":"INFO","msg":"Plugin started","plugin":{"name":"GitHub-IPVerse"}}
{"time":"2026-06-19T22:50:28.372920175-04:00","level":"INFO","msg":"Plugin started","plugin":{"name":"RapidDNS"}}
{"time":"2026-06-19T22:50:28.372924853-04:00","level":"INFO","msg":"Plugin started","plugin":{"name":"SiteDossier"}}
{"time":"2026-06-19T22:50:28.372931405-04:00","level":"INFO","msg":"Plugin started","plugin":{"name":"WHOIS"}}
{"time":"2026-06-19T22:50:28.372936725-04:00","level":"INFO","msg":"Plugin started","plugin":{"name":"IP-Netblock"}}
{"time":"2026-06-19T22:50:28.372942976-04:00","level":"INFO","msg":"Plugin started","plugin":{"name":"JARM-Fingerprint"}}
{"time":"2026-06-19T22:50:28.372959015-04:00","level":"INFO","msg":"Plugin started","plugin":{"name":"Known-FQDN"}}
{"time":"2026-06-19T22:50:28.372963313-04:00","level":"INFO","msg":"Plugin started","plugin":{"name":"Verified-Email"}}
{"time":"2026-06-19T22:53:17.683771378-04:00","level":"INFO","msg":"Terminating the collection engine"}
