2026-06-11 06:05:22.618 [info] Extension host with pid 2535 started
2026-06-11 06:05:22.618 [info] Skipping acquiring lock for /home/beast/.config/Antigravity IDE/User/workspaceStorage/92b6de106a16d13f60501cafde3c15b1.
2026-06-11 06:05:22.865 [info] ExtensionService#_doActivateExtension vscode.emmet, startup: false, activationEvent: 'onLanguage'
2026-06-11 06:05:22.919 [info] ExtensionService#_doActivateExtension meta.pyrefly, startup: false, activationEvent: 'onLanguage:python'
2026-06-11 06:05:22.963 [info] ExtensionService#_doActivateExtension vscode.git-base, startup: false, activationEvent: '*', root cause: google.antigravity
2026-06-11 06:05:23.063 [info] ExtensionService#_doActivateExtension vscode.git, startup: false, activationEvent: '*', root cause: google.antigravity
2026-06-11 06:05:23.187 [info] ExtensionService#_doActivateExtension vscode.github, startup: false, activationEvent: '*'
2026-06-11 06:05:23.352 [info] ExtensionService#_doActivateExtension google.antigravity, startup: false, activationEvent: '*'
2026-06-11 06:05:24.798 [info] ExtensionService#_doActivateExtension vscode.github-authentication, startup: false, activationEvent: 'onAuthenticationRequest:github'
2026-06-11 06:05:31.542 [info] Eager extensions activated
2026-06-11 06:05:31.564 [info] ExtensionService#_doActivateExtension google.antigravity-dev-containers, startup: false, activationEvent: 'onStartupFinished'
2026-06-11 06:05:31.574 [info] ExtensionService#_doActivateExtension vscode.debug-auto-launch, startup: false, activationEvent: 'onStartupFinished'
2026-06-11 06:05:31.578 [info] ExtensionService#_doActivateExtension vscode.merge-conflict, startup: false, activationEvent: 'onStartupFinished'
2026-06-11 06:05:31.647 [info] ExtensionService#_doActivateExtension vscode.extension-editing, startup: false, activationEvent: 'onLanguage:markdown'
2026-06-11 06:05:31.667 [info] ExtensionService#_doActivateExtension vscode.markdown-language-features, startup: false, activationEvent: 'onLanguage:markdown'
2026-06-11 06:07:34.890 [warning] meta.pyrefly - Code actions of kind 'quickfix' requested but returned code action is of kind 'refactor.delete'. Code action will be dropped. Please check 'CodeActionContext.only' to only return requested code actions.
2026-06-11 06:07:34.966 [warning] meta.pyrefly - Code actions of kind 'quickfix' requested but returned code action is of kind 'refactor.delete'. Code action will be dropped. Please check 'CodeActionContext.only' to only return requested code actions.
2026-06-11 06:14:35.760 [warning] meta.pyrefly - Code actions of kind 'quickfix' requested but returned code action is of kind 'refactor.delete'. Code action will be dropped. Please check 'CodeActionContext.only' to only return requested code actions.
2026-06-11 06:14:35.761 [warning] meta.pyrefly - Code actions of kind 'quickfix' requested but returned code action is of kind 'refactor.delete'. Code action will be dropped. Please check 'CodeActionContext.only' to only return requested code actions.
2026-06-11 06:14:35.767 [warning] meta.pyrefly - Code actions of kind 'quickfix' requested but returned code action is of kind 'refactor.delete'. Code action will be dropped. Please check 'CodeActionContext.only' to only return requested code actions.
2026-06-11 06:14:35.768 [warning] meta.pyrefly - Code actions of kind 'quickfix' requested but returned code action is of kind 'refactor.delete'. Code action will be dropped. Please check 'CodeActionContext.only' to only return requested code actions.
2026-06-11 06:14:35.772 [warning] meta.pyrefly - Code actions of kind 'quickfix' requested but returned code action is of kind 'refactor.delete'. Code action will be dropped. Please check 'CodeActionContext.only' to only return requested code actions.
2026-06-11 06:14:35.773 [warning] meta.pyrefly - Code actions of kind 'quickfix' requested but returned code action is of kind 'refactor.delete'. Code action will be dropped. Please check 'CodeActionContext.only' to only return requested code actions.
2026-06-11 06:14:35.778 [warning] meta.pyrefly - Code actions of kind 'quickfix' requested but returned code action is of kind 'refactor.delete'. Code action will be dropped. Please check 'CodeActionContext.only' to only return requested code actions.
2026-06-11 06:14:35.779 [warning] meta.pyrefly - Code actions of kind 'quickfix' requested but returned code action is of kind 'refactor.delete'. Code action will be dropped. Please check 'CodeActionContext.only' to only return requested code actions.
2026-06-11 06:14:35.784 [warning] meta.pyrefly - Code actions of kind 'quickfix' requested but returned code action is of kind 'refactor.delete'. Code action will be dropped. Please check 'CodeActionContext.only' to only return requested code actions.
2026-06-11 06:14:35.785 [warning] meta.pyrefly - Code actions of kind 'quickfix' requested but returned code action is of kind 'refactor.delete'. Code action will be dropped. Please check 'CodeActionContext.only' to only return requested code actions.
2026-06-11 06:14:35.789 [warning] meta.pyrefly - Code actions of kind 'quickfix' requested but returned code action is of kind 'refactor.delete'. Code action will be dropped. Please check 'CodeActionContext.only' to only return requested code actions.
2026-06-11 06:14:35.790 [warning] meta.pyrefly - Code actions of kind 'quickfix' requested but returned code action is of kind 'refactor.delete'. Code action will be dropped. Please check 'CodeActionContext.only' to only return requested code actions.
2026-06-11 06:14:42.400 [warning] meta.pyrefly - Code actions of kind 'quickfix' requested but returned code action is of kind 'refactor.delete'. Code action will be dropped. Please check 'CodeActionContext.only' to only return requested code actions.
2026-06-11 06:14:42.404 [warning] meta.pyrefly - Code actions of kind 'quickfix' requested but returned code action is of kind 'refactor.delete'. Code action will be dropped. Please check 'CodeActionContext.only' to only return requested code actions.
2026-06-11 06:14:42.417 [warning] meta.pyrefly - Code actions of kind 'quickfix' requested but returned code action is of kind 'refactor.delete'. Code action will be dropped. Please check 'CodeActionContext.only' to only return requested code actions.
2026-06-11 06:14:42.455 [warning] meta.pyrefly - Code actions of kind 'quickfix' requested but returned code action is of kind 'refactor.delete'. Code action will be dropped. Please check 'CodeActionContext.only' to only return requested code actions.
2026-06-11 06:14:42.459 [warning] meta.pyrefly - Code actions of kind 'quickfix' requested but returned code action is of kind 'refactor.delete'. Code action will be dropped. Please check 'CodeActionContext.only' to only return requested code actions.
2026-06-11 06:14:42.462 [warning] meta.pyrefly - Code actions of kind 'quickfix' requested but returned code action is of kind 'refactor.delete'. Code action will be dropped. Please check 'CodeActionContext.only' to only return requested code actions.
2026-06-11 06:14:43.498 [warning] meta.pyrefly - Code actions of kind 'quickfix' requested but returned code action is of kind 'refactor.delete'. Code action will be dropped. Please check 'CodeActionContext.only' to only return requested code actions.
2026-06-11 06:14:43.502 [warning] meta.pyrefly - Code actions of kind 'quickfix' requested but returned code action is of kind 'refactor.delete'. Code action will be dropped. Please check 'CodeActionContext.only' to only return requested code actions.
2026-06-11 06:14:43.505 [warning] meta.pyrefly - Code actions of kind 'quickfix' requested but returned code action is of kind 'refactor.delete'. Code action will be dropped. Please check 'CodeActionContext.only' to only return requested code actions.
2026-06-11 06:14:43.509 [warning] meta.pyrefly - Code actions of kind 'quickfix' requested but returned code action is of kind 'refactor.delete'. Code action will be dropped. Please check 'CodeActionContext.only' to only return requested code actions.
2026-06-11 06:14:46.016 [warning] meta.pyrefly - Code actions of kind 'quickfix' requested but returned code action is of kind 'refactor.delete'. Code action will be dropped. Please check 'CodeActionContext.only' to only return requested code actions.
2026-06-11 06:14:46.019 [warning] meta.pyrefly - Code actions of kind 'quickfix' requested but returned code action is of kind 'refactor.delete'. Code action will be dropped. Please check 'CodeActionContext.only' to only return requested code actions.
2026-06-11 06:14:46.023 [warning] meta.pyrefly - Code actions of kind 'quickfix' requested but returned code action is of kind 'refactor.delete'. Code action will be dropped. Please check 'CodeActionContext.only' to only return requested code actions.
2026-06-11 06:14:46.026 [warning] meta.pyrefly - Code actions of kind 'quickfix' requested but returned code action is of kind 'refactor.delete'. Code action will be dropped. Please check 'CodeActionContext.only' to only return requested code actions.
2026-06-11 06:14:53.827 [warning] meta.pyrefly - Code actions of kind 'quickfix' requested but returned code action is of kind 'refactor.delete'. Code action will be dropped. Please check 'CodeActionContext.only' to only return requested code actions.
2026-06-11 06:14:53.832 [warning] meta.pyrefly - Code actions of kind 'quickfix' requested but returned code action is of kind 'refactor.delete'. Code action will be dropped. Please check 'CodeActionContext.only' to only return requested code actions.
2026-06-11 06:14:53.836 [warning] meta.pyrefly - Code actions of kind 'quickfix' requested but returned code action is of kind 'refactor.delete'. Code action will be dropped. Please check 'CodeActionContext.only' to only return requested code actions.
2026-06-11 06:14:53.840 [warning] meta.pyrefly - Code actions of kind 'quickfix' requested but returned code action is of kind 'refactor.delete'. Code action will be dropped. Please check 'CodeActionContext.only' to only return requested code actions.
2026-06-11 06:16:26.948 [warning] meta.pyrefly - Code actions of kind 'quickfix' requested but returned code action is of kind 'refactor.delete'. Code action will be dropped. Please check 'CodeActionContext.only' to only return requested code actions.
2026-06-11 06:16:26.951 [warning] meta.pyrefly - Code actions of kind 'quickfix' requested but returned code action is of kind 'refactor.delete'. Code action will be dropped. Please check 'CodeActionContext.only' to only return requested code actions.
2026-06-11 06:16:26.954 [warning] meta.pyrefly - Code actions of kind 'quickfix' requested but returned code action is of kind 'refactor.delete'. Code action will be dropped. Please check 'CodeActionContext.only' to only return requested code actions.
2026-06-11 06:16:26.956 [warning] meta.pyrefly - Code actions of kind 'quickfix' requested but returned code action is of kind 'refactor.delete'. Code action will be dropped. Please check 'CodeActionContext.only' to only return requested code actions.
2026-06-11 06:16:26.958 [warning] meta.pyrefly - Code actions of kind 'quickfix' requested but returned code action is of kind 'refactor.delete'. Code action will be dropped. Please check 'CodeActionContext.only' to only return requested code actions.
2026-06-11 06:16:26.961 [warning] meta.pyrefly - Code actions of kind 'quickfix' requested but returned code action is of kind 'refactor.delete'. Code action will be dropped. Please check 'CodeActionContext.only' to only return requested code actions.
2026-06-11 06:16:26.964 [warning] meta.pyrefly - Code actions of kind 'quickfix' requested but returned code action is of kind 'refactor.delete'. Code action will be dropped. Please check 'CodeActionContext.only' to only return requested code actions.
2026-06-11 06:16:26.966 [warning] meta.pyrefly - Code actions of kind 'quickfix' requested but returned code action is of kind 'refactor.delete'. Code action will be dropped. Please check 'CodeActionContext.only' to only return requested code actions.
2026-06-11 06:16:35.722 [warning] meta.pyrefly - Code actions of kind 'quickfix' requested but returned code action is of kind 'refactor.delete'. Code action will be dropped. Please check 'CodeActionContext.only' to only return requested code actions.
2026-06-11 06:16:35.727 [warning] meta.pyrefly - Code actions of kind 'quickfix' requested but returned code action is of kind 'refactor.delete'. Code action will be dropped. Please check 'CodeActionContext.only' to only return requested code actions.
2026-06-11 06:16:35.737 [warning] meta.pyrefly - Code actions of kind 'quickfix' requested but returned code action is of kind 'refactor.delete'. Code action will be dropped. Please check 'CodeActionContext.only' to only return requested code actions.
2026-06-11 06:16:35.752 [warning] meta.pyrefly - Code actions of kind 'quickfix' requested but returned code action is of kind 'refactor.delete'. Code action will be dropped. Please check 'CodeActionContext.only' to only return requested code actions.
2026-06-11 06:16:35.761 [warning] meta.pyrefly - Code actions of kind 'quickfix' requested but returned code action is of kind 'refactor.delete'. Code action will be dropped. Please check 'CodeActionContext.only' to only return requested code actions.
2026-06-11 06:16:35.767 [warning] meta.pyrefly - Code actions of kind 'quickfix' requested but returned code action is of kind 'refactor.delete'. Code action will be dropped. Please check 'CodeActionContext.only' to only return requested code actions.
2026-06-11 06:16:35.773 [warning] meta.pyrefly - Code actions of kind 'quickfix' requested but returned code action is of kind 'refactor.delete'. Code action will be dropped. Please check 'CodeActionContext.only' to only return requested code actions.
2026-06-11 06:16:35.778 [warning] meta.pyrefly - Code actions of kind 'quickfix' requested but returned code action is of kind 'refactor.delete'. Code action will be dropped. Please check 'CodeActionContext.only' to only return requested code actions.
2026-06-11 06:16:35.786 [warning] meta.pyrefly - Code actions of kind 'quickfix' requested but returned code action is of kind 'refactor.delete'. Code action will be dropped. Please check 'CodeActionContext.only' to only return requested code actions.
2026-06-11 06:16:35.792 [warning] meta.pyrefly - Code actions of kind 'quickfix' requested but returned code action is of kind 'refactor.delete'. Code action will be dropped. Please check 'CodeActionContext.only' to only return requested code actions.
2026-06-11 06:16:35.798 [warning] meta.pyrefly - Code actions of kind 'quickfix' requested but returned code action is of kind 'refactor.delete'. Code action will be dropped. Please check 'CodeActionContext.only' to only return requested code actions.
2026-06-11 06:16:35.803 [warning] meta.pyrefly - Code actions of kind 'quickfix' requested but returned code action is of kind 'refactor.delete'. Code action will be dropped. Please check 'CodeActionContext.only' to only return requested code actions.
2026-06-11 06:16:35.810 [warning] meta.pyrefly - Code actions of kind 'quickfix' requested but returned code action is of kind 'refactor.delete'. Code action will be dropped. Please check 'CodeActionContext.only' to only return requested code actions.
2026-06-11 06:16:35.817 [warning] meta.pyrefly - Code actions of kind 'quickfix' requested but returned code action is of kind 'refactor.delete'. Code action will be dropped. Please check 'CodeActionContext.only' to only return requested code actions.
2026-06-11 06:16:35.822 [warning] meta.pyrefly - Code actions of kind 'quickfix' requested but returned code action is of kind 'refactor.delete'. Code action will be dropped. Please check 'CodeActionContext.only' to only return requested code actions.
2026-06-11 06:16:35.828 [warning] meta.pyrefly - Code actions of kind 'quickfix' requested but returned code action is of kind 'refactor.delete'. Code action will be dropped. Please check 'CodeActionContext.only' to only return requested code actions.
2026-06-11 06:16:35.835 [warning] meta.pyrefly - Code actions of kind 'quickfix' requested but returned code action is of kind 'refactor.delete'. Code action will be dropped. Please check 'CodeActionContext.only' to only return requested code actions.
2026-06-11 06:16:35.841 [warning] meta.pyrefly - Code actions of kind 'quickfix' requested but returned code action is of kind 'refactor.delete'. Code action will be dropped. Please check 'CodeActionContext.only' to only return requested code actions.
2026-06-11 06:16:35.846 [warning] meta.pyrefly - Code actions of kind 'quickfix' requested but returned code action is of kind 'refactor.delete'. Code action will be dropped. Please check 'CodeActionContext.only' to only return requested code actions.
2026-06-11 06:16:35.852 [warning] meta.pyrefly - Code actions of kind 'quickfix' requested but returned code action is of kind 'refactor.delete'. Code action will be dropped. Please check 'CodeActionContext.only' to only return requested code actions.
2026-06-11 06:16:35.857 [warning] meta.pyrefly - Code actions of kind 'quickfix' requested but returned code action is of kind 'refactor.delete'. Code action will be dropped. Please check 'CodeActionContext.only' to only return requested code actions.
2026-06-11 06:16:35.862 [warning] meta.pyrefly - Code actions of kind 'quickfix' requested but returned code action is of kind 'refactor.delete'. Code action will be dropped. Please check 'CodeActionContext.only' to only return requested code actions.
2026-06-11 06:16:35.868 [warning] meta.pyrefly - Code actions of kind 'quickfix' requested but returned code action is of kind 'refactor.delete'. Code action will be dropped. Please check 'CodeActionContext.only' to only return requested code actions.
2026-06-11 06:16:35.875 [warning] meta.pyrefly - Code actions of kind 'quickfix' requested but returned code action is of kind 'refactor.delete'. Code action will be dropped. Please check 'CodeActionContext.only' to only return requested code actions.
2026-06-11 06:16:35.880 [warning] meta.pyrefly - Code actions of kind 'quickfix' requested but returned code action is of kind 'refactor.delete'. Code action will be dropped. Please check 'CodeActionContext.only' to only return requested code actions.
2026-06-11 06:16:35.890 [warning] meta.pyrefly - Code actions of kind 'quickfix' requested but returned code action is of kind 'refactor.delete'. Code action will be dropped. Please check 'CodeActionContext.only' to only return requested code actions.
2026-06-11 06:16:35.896 [warning] meta.pyrefly - Code actions of kind 'quickfix' requested but returned code action is of kind 'refactor.delete'. Code action will be dropped. Please check 'CodeActionContext.only' to only return requested code actions.
2026-06-11 06:16:35.902 [warning] meta.pyrefly - Code actions of kind 'quickfix' requested but returned code action is of kind 'refactor.delete'. Code action will be dropped. Please check 'CodeActionContext.only' to only return requested code actions.
2026-06-11 06:16:35.908 [warning] meta.pyrefly - Code actions of kind 'quickfix' requested but returned code action is of kind 'refactor.delete'. Code action will be dropped. Please check 'CodeActionContext.only' to only return requested code actions.
2026-06-11 06:16:35.918 [warning] meta.pyrefly - Code actions of kind 'quickfix' requested but returned code action is of kind 'refactor.delete'. Code action will be dropped. Please check 'CodeActionContext.only' to only return requested code actions.
2026-06-11 06:16:35.920 [warning] meta.pyrefly - Code actions of kind 'quickfix' requested but returned code action is of kind 'refactor.delete'. Code action will be dropped. Please check 'CodeActionContext.only' to only return requested code actions.
2026-06-11 06:16:35.923 [warning] meta.pyrefly - Code actions of kind 'quickfix' requested but returned code action is of kind 'refactor.delete'. Code action will be dropped. Please check 'CodeActionContext.only' to only return requested code actions.
2026-06-11 06:16:35.936 [warning] meta.pyrefly - Code actions of kind 'quickfix' requested but returned code action is of kind 'refactor.delete'. Code action will be dropped. Please check 'CodeActionContext.only' to only return requested code actions.
2026-06-11 06:16:36.842 [warning] meta.pyrefly - Code actions of kind 'quickfix' requested but returned code action is of kind 'refactor.delete'. Code action will be dropped. Please check 'CodeActionContext.only' to only return requested code actions.
2026-06-11 06:16:36.851 [warning] meta.pyrefly - Code actions of kind 'quickfix' requested but returned code action is of kind 'refactor.delete'. Code action will be dropped. Please check 'CodeActionContext.only' to only return requested code actions.
2026-06-11 06:16:36.856 [warning] meta.pyrefly - Code actions of kind 'quickfix' requested but returned code action is of kind 'refactor.delete'. Code action will be dropped. Please check 'CodeActionContext.only' to only return requested code actions.
2026-06-11 06:16:36.871 [warning] meta.pyrefly - Code actions of kind 'quickfix' requested but returned code action is of kind 'refactor.delete'. Code action will be dropped. Please check 'CodeActionContext.only' to only return requested code actions.
2026-06-11 06:16:36.879 [warning] meta.pyrefly - Code actions of kind 'quickfix' requested but returned code action is of kind 'refactor.delete'. Code action will be dropped. Please check 'CodeActionContext.only' to only return requested code actions.
2026-06-11 06:16:36.890 [warning] meta.pyrefly - Code actions of kind 'quickfix' requested but returned code action is of kind 'refactor.delete'. Code action will be dropped. Please check 'CodeActionContext.only' to only return requested code actions.
2026-06-11 06:16:36.897 [warning] meta.pyrefly - Code actions of kind 'quickfix' requested but returned code action is of kind 'refactor.delete'. Code action will be dropped. Please check 'CodeActionContext.only' to only return requested code actions.
2026-06-11 06:16:36.948 [warning] meta.pyrefly - Code actions of kind 'quickfix' requested but returned code action is of kind 'refactor.delete'. Code action will be dropped. Please check 'CodeActionContext.only' to only return requested code actions.
2026-06-11 06:16:36.995 [warning] meta.pyrefly - Code actions of kind 'quickfix' requested but returned code action is of kind 'refactor.delete'. Code action will be dropped. Please check 'CodeActionContext.only' to only return requested code actions.
2026-06-11 06:16:37.019 [warning] meta.pyrefly - Code actions of kind 'quickfix' requested but returned code action is of kind 'refactor.delete'. Code action will be dropped. Please check 'CodeActionContext.only' to only return requested code actions.
2026-06-11 06:16:37.022 [warning] meta.pyrefly - Code actions of kind 'quickfix' requested but returned code action is of kind 'refactor.delete'. Code action will be dropped. Please check 'CodeActionContext.only' to only return requested code actions.
2026-06-11 06:16:37.027 [warning] meta.pyrefly - Code actions of kind 'quickfix' requested but returned code action is of kind 'refactor.delete'. Code action will be dropped. Please check 'CodeActionContext.only' to only return requested code actions.
2026-06-11 06:16:37.036 [warning] meta.pyrefly - Code actions of kind 'quickfix' requested but returned code action is of kind 'refactor.delete'. Code action will be dropped. Please check 'CodeActionContext.only' to only return requested code actions.
2026-06-11 06:16:37.041 [warning] meta.pyrefly - Code actions of kind 'quickfix' requested but returned code action is of kind 'refactor.delete'. Code action will be dropped. Please check 'CodeActionContext.only' to only return requested code actions.
2026-06-11 06:16:37.051 [warning] meta.pyrefly - Code actions of kind 'quickfix' requested but returned code action is of kind 'refactor.delete'. Code action will be dropped. Please check 'CodeActionContext.only' to only return requested code actions.
2026-06-11 06:16:37.056 [warning] meta.pyrefly - Code actions of kind 'quickfix' requested but returned code action is of kind 'refactor.delete'. Code action will be dropped. Please check 'CodeActionContext.only' to only return requested code actions.
2026-06-11 06:16:37.063 [warning] meta.pyrefly - Code actions of kind 'quickfix' requested but returned code action is of kind 'refactor.delete'. Code action will be dropped. Please check 'CodeActionContext.only' to only return requested code actions.
2026-06-11 06:16:37.070 [warning] meta.pyrefly - Code actions of kind 'quickfix' requested but returned code action is of kind 'refactor.delete'. Code action will be dropped. Please check 'CodeActionContext.only' to only return requested code actions.
2026-06-11 06:16:37.075 [warning] meta.pyrefly - Code actions of kind 'quickfix' requested but returned code action is of kind 'refactor.delete'. Code action will be dropped. Please check 'CodeActionContext.only' to only return requested code actions.
2026-06-11 06:16:37.099 [warning] meta.pyrefly - Code actions of kind 'quickfix' requested but returned code action is of kind 'refactor.delete'. Code action will be dropped. Please check 'CodeActionContext.only' to only return requested code actions.
2026-06-11 06:16:37.101 [warning] meta.pyrefly - Code actions of kind 'quickfix' requested but returned code action is of kind 'refactor.delete'. Code action will be dropped. Please check 'CodeActionContext.only' to only return requested code actions.
2026-06-11 06:16:37.101 [warning] meta.pyrefly - Code actions of kind 'quickfix' requested but returned code action is of kind 'refactor.delete'. Code action will be dropped. Please check 'CodeActionContext.only' to only return requested code actions.
2026-06-11 06:16:37.112 [warning] meta.pyrefly - Code actions of kind 'quickfix' requested but returned code action is of kind 'refactor.delete'. Code action will be dropped. Please check 'CodeActionContext.only' to only return requested code actions.
2026-06-11 06:16:37.114 [warning] meta.pyrefly - Code actions of kind 'quickfix' requested but returned code action is of kind 'refactor.delete'. Code action will be dropped. Please check 'CodeActionContext.only' to only return requested code actions.
2026-06-11 06:16:37.115 [warning] meta.pyrefly - Code actions of kind 'quickfix' requested but returned code action is of kind 'refactor.delete'. Code action will be dropped. Please check 'CodeActionContext.only' to only return requested code actions.
2026-06-11 06:16:37.121 [warning] meta.pyrefly - Code actions of kind 'quickfix' requested but returned code action is of kind 'refactor.delete'. Code action will be dropped. Please check 'CodeActionContext.only' to only return requested code actions.
2026-06-11 06:16:37.122 [warning] meta.pyrefly - Code actions of kind 'quickfix' requested but returned code action is of kind 'refactor.delete'. Code action will be dropped. Please check 'CodeActionContext.only' to only return requested code actions.
2026-06-11 06:16:37.124 [warning] meta.pyrefly - Code actions of kind 'quickfix' requested but returned code action is of kind 'refactor.delete'. Code action will be dropped. Please check 'CodeActionContext.only' to only return requested code actions.
2026-06-11 06:16:37.127 [warning] meta.pyrefly - Code actions of kind 'quickfix' requested but returned code action is of kind 'refactor.delete'. Code action will be dropped. Please check 'CodeActionContext.only' to only return requested code actions.
2026-06-11 06:16:37.127 [warning] meta.pyrefly - Code actions of kind 'quickfix' requested but returned code action is of kind 'refactor.delete'. Code action will be dropped. Please check 'CodeActionContext.only' to only return requested code actions.
2026-06-11 06:16:37.129 [warning] meta.pyrefly - Code actions of kind 'quickfix' requested but returned code action is of kind 'refactor.delete'. Code action will be dropped. Please check 'CodeActionContext.only' to only return requested code actions.
2026-06-11 06:16:37.134 [warning] meta.pyrefly - Code actions of kind 'quickfix' requested but returned code action is of kind 'refactor.delete'. Code action will be dropped. Please check 'CodeActionContext.only' to only return requested code actions.
2026-06-11 06:16:37.140 [warning] meta.pyrefly - Code actions of kind 'quickfix' requested but returned code action is of kind 'refactor.delete'. Code action will be dropped. Please check 'CodeActionContext.only' to only return requested code actions.
2026-06-11 06:16:37.146 [warning] meta.pyrefly - Code actions of kind 'quickfix' requested but returned code action is of kind 'refactor.delete'. Code action will be dropped. Please check 'CodeActionContext.only' to only return requested code actions.
2026-06-11 06:16:37.155 [warning] meta.pyrefly - Code actions of kind 'quickfix' requested but returned code action is of kind 'refactor.delete'. Code action will be dropped. Please check 'CodeActionContext.only' to only return requested code actions.
2026-06-11 06:16:37.162 [warning] meta.pyrefly - Code actions of kind 'quickfix' requested but returned code action is of kind 'refactor.delete'. Code action will be dropped. Please check 'CodeActionContext.only' to only return requested code actions.
2026-06-11 06:16:37.166 [warning] meta.pyrefly - Code actions of kind 'quickfix' requested but returned code action is of kind 'refactor.delete'. Code action will be dropped. Please check 'CodeActionContext.only' to only return requested code actions.
2026-06-11 06:16:37.170 [warning] meta.pyrefly - Code actions of kind 'quickfix' requested but returned code action is of kind 'refactor.delete'. Code action will be dropped. Please check 'CodeActionContext.only' to only return requested code actions.
2026-06-11 06:16:37.175 [warning] meta.pyrefly - Code actions of kind 'quickfix' requested but returned code action is of kind 'refactor.delete'. Code action will be dropped. Please check 'CodeActionContext.only' to only return requested code actions.
2026-06-11 06:16:37.181 [warning] meta.pyrefly - Code actions of kind 'quickfix' requested but returned code action is of kind 'refactor.delete'. Code action will be dropped. Please check 'CodeActionContext.only' to only return requested code actions.
2026-06-11 06:16:37.185 [warning] meta.pyrefly - Code actions of kind 'quickfix' requested but returned code action is of kind 'refactor.delete'. Code action will be dropped. Please check 'CodeActionContext.only' to only return requested code actions.
2026-06-11 06:32:05.686 [warning] meta.pyrefly - Code actions of kind 'quickfix' requested but returned code action is of kind 'refactor.delete'. Code action will be dropped. Please check 'CodeActionContext.only' to only return requested code actions.
2026-06-11 06:32:05.691 [warning] meta.pyrefly - Code actions of kind 'quickfix' requested but returned code action is of kind 'refactor.delete'. Code action will be dropped. Please check 'CodeActionContext.only' to only return requested code actions.
2026-06-11 06:32:05.695 [warning] meta.pyrefly - Code actions of kind 'quickfix' requested but returned code action is of kind 'refactor.delete'. Code action will be dropped. Please check 'CodeActionContext.only' to only return requested code actions.
2026-06-11 06:32:05.698 [warning] meta.pyrefly - Code actions of kind 'quickfix' requested but returned code action is of kind 'refactor.delete'. Code action will be dropped. Please check 'CodeActionContext.only' to only return requested code actions.
2026-06-11 06:32:05.701 [warning] meta.pyrefly - Code actions of kind 'quickfix' requested but returned code action is of kind 'refactor.delete'. Code action will be dropped. Please check 'CodeActionContext.only' to only return requested code actions.
2026-06-11 06:32:05.704 [warning] meta.pyrefly - Code actions of kind 'quickfix' requested but returned code action is of kind 'refactor.delete'. Code action will be dropped. Please check 'CodeActionContext.only' to only return requested code actions.
2026-06-11 06:32:05.707 [warning] meta.pyrefly - Code actions of kind 'quickfix' requested but returned code action is of kind 'refactor.delete'. Code action will be dropped. Please check 'CodeActionContext.only' to only return requested code actions.
2026-06-11 06:32:05.709 [warning] meta.pyrefly - Code actions of kind 'quickfix' requested but returned code action is of kind 'refactor.delete'. Code action will be dropped. Please check 'CodeActionContext.only' to only return requested code actions.
2026-06-11 06:32:07.429 [warning] meta.pyrefly - Code actions of kind 'quickfix' requested but returned code action is of kind 'refactor.delete'. Code action will be dropped. Please check 'CodeActionContext.only' to only return requested code actions.
2026-06-11 06:32:07.434 [warning] meta.pyrefly - Code actions of kind 'quickfix' requested but returned code action is of kind 'refactor.delete'. Code action will be dropped. Please check 'CodeActionContext.only' to only return requested code actions.
2026-06-11 06:32:07.438 [warning] meta.pyrefly - Code actions of kind 'quickfix' requested but returned code action is of kind 'refactor.delete'. Code action will be dropped. Please check 'CodeActionContext.only' to only return requested code actions.
2026-06-11 06:32:07.458 [warning] meta.pyrefly - Code actions of kind 'quickfix' requested but returned code action is of kind 'refactor.delete'. Code action will be dropped. Please check 'CodeActionContext.only' to only return requested code actions.
2026-06-11 06:32:07.459 [warning] meta.pyrefly - Code actions of kind 'quickfix' requested but returned code action is of kind 'refactor.delete'. Code action will be dropped. Please check 'CodeActionContext.only' to only return requested code actions.
2026-06-11 06:32:07.462 [warning] meta.pyrefly - Code actions of kind 'quickfix' requested but returned code action is of kind 'refactor.delete'. Code action will be dropped. Please check 'CodeActionContext.only' to only return requested code actions.
2026-06-11 06:32:07.464 [warning] meta.pyrefly - Code actions of kind 'quickfix' requested but returned code action is of kind 'refactor.delete'. Code action will be dropped. Please check 'CodeActionContext.only' to only return requested code actions.
2026-06-11 06:32:07.466 [warning] meta.pyrefly - Code actions of kind 'quickfix' requested but returned code action is of kind 'refactor.delete'. Code action will be dropped. Please check 'CodeActionContext.only' to only return requested code actions.
2026-06-11 06:32:41.533 [warning] meta.pyrefly - Code actions of kind 'quickfix' requested but returned code action is of kind 'refactor.delete'. Code action will be dropped. Please check 'CodeActionContext.only' to only return requested code actions.
2026-06-11 06:32:41.537 [warning] meta.pyrefly - Code actions of kind 'quickfix' requested but returned code action is of kind 'refactor.delete'. Code action will be dropped. Please check 'CodeActionContext.only' to only return requested code actions.
2026-06-11 06:32:41.540 [warning] meta.pyrefly - Code actions of kind 'quickfix' requested but returned code action is of kind 'refactor.delete'. Code action will be dropped. Please check 'CodeActionContext.only' to only return requested code actions.
2026-06-11 06:32:41.542 [warning] meta.pyrefly - Code actions of kind 'quickfix' requested but returned code action is of kind 'refactor.delete'. Code action will be dropped. Please check 'CodeActionContext.only' to only return requested code actions.
2026-06-11 06:32:42.591 [warning] meta.pyrefly - Code actions of kind 'quickfix' requested but returned code action is of kind 'refactor.delete'. Code action will be dropped. Please check 'CodeActionContext.only' to only return requested code actions.
2026-06-11 06:32:42.592 [warning] meta.pyrefly - Code actions of kind 'quickfix' requested but returned code action is of kind 'refactor.delete'. Code action will be dropped. Please check 'CodeActionContext.only' to only return requested code actions.
2026-06-11 06:32:42.598 [warning] meta.pyrefly - Code actions of kind 'quickfix' requested but returned code action is of kind 'refactor.delete'. Code action will be dropped. Please check 'CodeActionContext.only' to only return requested code actions.
2026-06-11 06:32:42.598 [warning] meta.pyrefly - Code actions of kind 'quickfix' requested but returned code action is of kind 'refactor.delete'. Code action will be dropped. Please check 'CodeActionContext.only' to only return requested code actions.
2026-06-11 06:32:42.602 [warning] meta.pyrefly - Code actions of kind 'quickfix' requested but returned code action is of kind 'refactor.delete'. Code action will be dropped. Please check 'CodeActionContext.only' to only return requested code actions.
2026-06-11 06:32:42.602 [warning] meta.pyrefly - Code actions of kind 'quickfix' requested but returned code action is of kind 'refactor.delete'. Code action will be dropped. Please check 'CodeActionContext.only' to only return requested code actions.
2026-06-11 06:32:42.606 [warning] meta.pyrefly - Code actions of kind 'quickfix' requested but returned code action is of kind 'refactor.delete'. Code action will be dropped. Please check 'CodeActionContext.only' to only return requested code actions.
2026-06-11 06:32:42.606 [warning] meta.pyrefly - Code actions of kind 'quickfix' requested but returned code action is of kind 'refactor.delete'. Code action will be dropped. Please check 'CodeActionContext.only' to only return requested code actions.
2026-06-11 06:32:43.296 [warning] meta.pyrefly - Code actions of kind 'quickfix' requested but returned code action is of kind 'refactor.delete'. Code action will be dropped. Please check 'CodeActionContext.only' to only return requested code actions.
2026-06-11 06:32:43.297 [warning] meta.pyrefly - Code actions of kind 'quickfix' requested but returned code action is of kind 'refactor.delete'. Code action will be dropped. Please check 'CodeActionContext.only' to only return requested code actions.
2026-06-11 06:32:43.304 [warning] meta.pyrefly - Code actions of kind 'quickfix' requested but returned code action is of kind 'refactor.delete'. Code action will be dropped. Please check 'CodeActionContext.only' to only return requested code actions.
2026-06-11 06:32:43.313 [warning] meta.pyrefly - Code actions of kind 'quickfix' requested but returned code action is of kind 'refactor.delete'. Code action will be dropped. Please check 'CodeActionContext.only' to only return requested code actions.
2026-06-11 06:32:43.317 [warning] meta.pyrefly - Code actions of kind 'quickfix' requested but returned code action is of kind 'refactor.delete'. Code action will be dropped. Please check 'CodeActionContext.only' to only return requested code actions.
2026-06-11 06:32:43.321 [warning] meta.pyrefly - Code actions of kind 'quickfix' requested but returned code action is of kind 'refactor.delete'. Code action will be dropped. Please check 'CodeActionContext.only' to only return requested code actions.
2026-06-11 06:32:43.322 [warning] meta.pyrefly - Code actions of kind 'quickfix' requested but returned code action is of kind 'refactor.delete'. Code action will be dropped. Please check 'CodeActionContext.only' to only return requested code actions.
2026-06-11 06:32:43.325 [warning] meta.pyrefly - Code actions of kind 'quickfix' requested but returned code action is of kind 'refactor.delete'. Code action will be dropped. Please check 'CodeActionContext.only' to only return requested code actions.
2026-06-11 06:32:43.554 [warning] meta.pyrefly - Code actions of kind 'quickfix' requested but returned code action is of kind 'refactor.delete'. Code action will be dropped. Please check 'CodeActionContext.only' to only return requested code actions.
2026-06-11 06:32:43.555 [warning] meta.pyrefly - Code actions of kind 'quickfix' requested but returned code action is of kind 'refactor.delete'. Code action will be dropped. Please check 'CodeActionContext.only' to only return requested code actions.
2026-06-11 06:32:43.560 [warning] meta.pyrefly - Code actions of kind 'quickfix' requested but returned code action is of kind 'refactor.delete'. Code action will be dropped. Please check 'CodeActionContext.only' to only return requested code actions.
2026-06-11 06:32:43.563 [warning] meta.pyrefly - Code actions of kind 'quickfix' requested but returned code action is of kind 'refactor.delete'. Code action will be dropped. Please check 'CodeActionContext.only' to only return requested code actions.
2026-06-11 06:32:43.564 [warning] meta.pyrefly - Code actions of kind 'quickfix' requested but returned code action is of kind 'refactor.delete'. Code action will be dropped. Please check 'CodeActionContext.only' to only return requested code actions.
2026-06-11 06:32:43.567 [warning] meta.pyrefly - Code actions of kind 'quickfix' requested but returned code action is of kind 'refactor.delete'. Code action will be dropped. Please check 'CodeActionContext.only' to only return requested code actions.
2026-06-11 06:32:43.568 [warning] meta.pyrefly - Code actions of kind 'quickfix' requested but returned code action is of kind 'refactor.delete'. Code action will be dropped. Please check 'CodeActionContext.only' to only return requested code actions.
2026-06-11 06:32:43.570 [warning] meta.pyrefly - Code actions of kind 'quickfix' requested but returned code action is of kind 'refactor.delete'. Code action will be dropped. Please check 'CodeActionContext.only' to only return requested code actions.
2026-06-11 06:32:45.150 [warning] meta.pyrefly - Code actions of kind 'quickfix' requested but returned code action is of kind 'refactor.delete'. Code action will be dropped. Please check 'CodeActionContext.only' to only return requested code actions.
2026-06-11 06:32:45.151 [warning] meta.pyrefly - Code actions of kind 'quickfix' requested but returned code action is of kind 'refactor.delete'. Code action will be dropped. Please check 'CodeActionContext.only' to only return requested code actions.
2026-06-11 06:32:45.159 [warning] meta.pyrefly - Code actions of kind 'quickfix' requested but returned code action is of kind 'refactor.delete'. Code action will be dropped. Please check 'CodeActionContext.only' to only return requested code actions.
2026-06-11 06:32:45.162 [warning] meta.pyrefly - Code actions of kind 'quickfix' requested but returned code action is of kind 'refactor.delete'. Code action will be dropped. Please check 'CodeActionContext.only' to only return requested code actions.
2026-06-11 06:32:45.163 [warning] meta.pyrefly - Code actions of kind 'quickfix' requested but returned code action is of kind 'refactor.delete'. Code action will be dropped. Please check 'CodeActionContext.only' to only return requested code actions.
2026-06-11 06:32:45.165 [warning] meta.pyrefly - Code actions of kind 'quickfix' requested but returned code action is of kind 'refactor.delete'. Code action will be dropped. Please check 'CodeActionContext.only' to only return requested code actions.
2026-06-11 06:32:45.168 [warning] meta.pyrefly - Code actions of kind 'quickfix' requested but returned code action is of kind 'refactor.delete'. Code action will be dropped. Please check 'CodeActionContext.only' to only return requested code actions.
2026-06-11 06:32:45.168 [warning] meta.pyrefly - Code actions of kind 'quickfix' requested but returned code action is of kind 'refactor.delete'. Code action will be dropped. Please check 'CodeActionContext.only' to only return requested code actions.
2026-06-11 06:32:45.596 [warning] meta.pyrefly - Code actions of kind 'quickfix' requested but returned code action is of kind 'refactor.delete'. Code action will be dropped. Please check 'CodeActionContext.only' to only return requested code actions.
2026-06-11 06:32:45.596 [warning] meta.pyrefly - Code actions of kind 'quickfix' requested but returned code action is of kind 'refactor.delete'. Code action will be dropped. Please check 'CodeActionContext.only' to only return requested code actions.
2026-06-11 06:32:45.600 [warning] meta.pyrefly - Code actions of kind 'quickfix' requested but returned code action is of kind 'refactor.delete'. Code action will be dropped. Please check 'CodeActionContext.only' to only return requested code actions.
2026-06-11 06:32:45.600 [warning] meta.pyrefly - Code actions of kind 'quickfix' requested but returned code action is of kind 'refactor.delete'. Code action will be dropped. Please check 'CodeActionContext.only' to only return requested code actions.
2026-06-11 06:32:45.603 [warning] meta.pyrefly - Code actions of kind 'quickfix' requested but returned code action is of kind 'refactor.delete'. Code action will be dropped. Please check 'CodeActionContext.only' to only return requested code actions.
2026-06-11 06:32:45.603 [warning] meta.pyrefly - Code actions of kind 'quickfix' requested but returned code action is of kind 'refactor.delete'. Code action will be dropped. Please check 'CodeActionContext.only' to only return requested code actions.
2026-06-11 06:32:45.606 [warning] meta.pyrefly - Code actions of kind 'quickfix' requested but returned code action is of kind 'refactor.delete'. Code action will be dropped. Please check 'CodeActionContext.only' to only return requested code actions.
2026-06-11 06:32:45.607 [warning] meta.pyrefly - Code actions of kind 'quickfix' requested but returned code action is of kind 'refactor.delete'. Code action will be dropped. Please check 'CodeActionContext.only' to only return requested code actions.
2026-06-11 06:32:48.149 [warning] meta.pyrefly - Code actions of kind 'quickfix' requested but returned code action is of kind 'refactor.delete'. Code action will be dropped. Please check 'CodeActionContext.only' to only return requested code actions.
2026-06-11 06:32:48.151 [warning] meta.pyrefly - Code actions of kind 'quickfix' requested but returned code action is of kind 'refactor.delete'. Code action will be dropped. Please check 'CodeActionContext.only' to only return requested code actions.
2026-06-11 06:32:48.154 [warning] meta.pyrefly - Code actions of kind 'quickfix' requested but returned code action is of kind 'refactor.delete'. Code action will be dropped. Please check 'CodeActionContext.only' to only return requested code actions.
2026-06-11 06:32:48.159 [warning] meta.pyrefly - Code actions of kind 'quickfix' requested but returned code action is of kind 'refactor.delete'. Code action will be dropped. Please check 'CodeActionContext.only' to only return requested code actions.
2026-06-11 06:32:58.706 [warning] meta.pyrefly - Code actions of kind 'quickfix' requested but returned code action is of kind 'refactor.delete'. Code action will be dropped. Please check 'CodeActionContext.only' to only return requested code actions.
2026-06-11 06:32:58.709 [warning] meta.pyrefly - Code actions of kind 'quickfix' requested but returned code action is of kind 'refactor.delete'. Code action will be dropped. Please check 'CodeActionContext.only' to only return requested code actions.
2026-06-11 06:32:58.712 [warning] meta.pyrefly - Code actions of kind 'quickfix' requested but returned code action is of kind 'refactor.delete'. Code action will be dropped. Please check 'CodeActionContext.only' to only return requested code actions.
2026-06-11 06:32:58.716 [warning] meta.pyrefly - Code actions of kind 'quickfix' requested but returned code action is of kind 'refactor.delete'. Code action will be dropped. Please check 'CodeActionContext.only' to only return requested code actions.
2026-06-11 06:32:59.486 [warning] meta.pyrefly - Code actions of kind 'quickfix' requested but returned code action is of kind 'refactor.delete'. Code action will be dropped. Please check 'CodeActionContext.only' to only return requested code actions.
2026-06-11 06:32:59.487 [warning] meta.pyrefly - Code actions of kind 'quickfix' requested but returned code action is of kind 'refactor.delete'. Code action will be dropped. Please check 'CodeActionContext.only' to only return requested code actions.
2026-06-11 06:32:59.494 [warning] meta.pyrefly - Code actions of kind 'quickfix' requested but returned code action is of kind 'refactor.delete'. Code action will be dropped. Please check 'CodeActionContext.only' to only return requested code actions.
2026-06-11 06:32:59.495 [warning] meta.pyrefly - Code actions of kind 'quickfix' requested but returned code action is of kind 'refactor.delete'. Code action will be dropped. Please check 'CodeActionContext.only' to only return requested code actions.
2026-06-11 06:32:59.502 [warning] meta.pyrefly - Code actions of kind 'quickfix' requested but returned code action is of kind 'refactor.delete'. Code action will be dropped. Please check 'CodeActionContext.only' to only return requested code actions.
2026-06-11 06:32:59.503 [warning] meta.pyrefly - Code actions of kind 'quickfix' requested but returned code action is of kind 'refactor.delete'. Code action will be dropped. Please check 'CodeActionContext.only' to only return requested code actions.
2026-06-11 06:32:59.508 [warning] meta.pyrefly - Code actions of kind 'quickfix' requested but returned code action is of kind 'refactor.delete'. Code action will be dropped. Please check 'CodeActionContext.only' to only return requested code actions.
2026-06-11 06:32:59.508 [warning] meta.pyrefly - Code actions of kind 'quickfix' requested but returned code action is of kind 'refactor.delete'. Code action will be dropped. Please check 'CodeActionContext.only' to only return requested code actions.
2026-06-11 06:33:00.187 [warning] meta.pyrefly - Code actions of kind 'quickfix' requested but returned code action is of kind 'refactor.delete'. Code action will be dropped. Please check 'CodeActionContext.only' to only return requested code actions.
2026-06-11 06:33:00.189 [warning] meta.pyrefly - Code actions of kind 'quickfix' requested but returned code action is of kind 'refactor.delete'. Code action will be dropped. Please check 'CodeActionContext.only' to only return requested code actions.
2026-06-11 06:33:00.195 [warning] meta.pyrefly - Code actions of kind 'quickfix' requested but returned code action is of kind 'refactor.delete'. Code action will be dropped. Please check 'CodeActionContext.only' to only return requested code actions.
2026-06-11 06:33:00.197 [warning] meta.pyrefly - Code actions of kind 'quickfix' requested but returned code action is of kind 'refactor.delete'. Code action will be dropped. Please check 'CodeActionContext.only' to only return requested code actions.
2026-06-11 06:33:00.200 [warning] meta.pyrefly - Code actions of kind 'quickfix' requested but returned code action is of kind 'refactor.delete'. Code action will be dropped. Please check 'CodeActionContext.only' to only return requested code actions.
2026-06-11 06:33:00.201 [warning] meta.pyrefly - Code actions of kind 'quickfix' requested but returned code action is of kind 'refactor.delete'. Code action will be dropped. Please check 'CodeActionContext.only' to only return requested code actions.
2026-06-11 06:33:00.203 [warning] meta.pyrefly - Code actions of kind 'quickfix' requested but returned code action is of kind 'refactor.delete'. Code action will be dropped. Please check 'CodeActionContext.only' to only return requested code actions.
2026-06-11 06:33:00.203 [warning] meta.pyrefly - Code actions of kind 'quickfix' requested but returned code action is of kind 'refactor.delete'. Code action will be dropped. Please check 'CodeActionContext.only' to only return requested code actions.
2026-06-11 06:33:00.455 [warning] meta.pyrefly - Code actions of kind 'quickfix' requested but returned code action is of kind 'refactor.delete'. Code action will be dropped. Please check 'CodeActionContext.only' to only return requested code actions.
2026-06-11 06:33:00.456 [warning] meta.pyrefly - Code actions of kind 'quickfix' requested but returned code action is of kind 'refactor.delete'. Code action will be dropped. Please check 'CodeActionContext.only' to only return requested code actions.
2026-06-11 06:33:00.462 [warning] meta.pyrefly - Code actions of kind 'quickfix' requested but returned code action is of kind 'refactor.delete'. Code action will be dropped. Please check 'CodeActionContext.only' to only return requested code actions.
2026-06-11 06:33:00.463 [warning] meta.pyrefly - Code actions of kind 'quickfix' requested but returned code action is of kind 'refactor.delete'. Code action will be dropped. Please check 'CodeActionContext.only' to only return requested code actions.
2026-06-11 06:33:00.467 [warning] meta.pyrefly - Code actions of kind 'quickfix' requested but returned code action is of kind 'refactor.delete'. Code action will be dropped. Please check 'CodeActionContext.only' to only return requested code actions.
2026-06-11 06:33:00.468 [warning] meta.pyrefly - Code actions of kind 'quickfix' requested but returned code action is of kind 'refactor.delete'. Code action will be dropped. Please check 'CodeActionContext.only' to only return requested code actions.
2026-06-11 06:33:00.469 [warning] meta.pyrefly - Code actions of kind 'quickfix' requested but returned code action is of kind 'refactor.delete'. Code action will be dropped. Please check 'CodeActionContext.only' to only return requested code actions.
2026-06-11 06:33:00.472 [warning] meta.pyrefly - Code actions of kind 'quickfix' requested but returned code action is of kind 'refactor.delete'. Code action will be dropped. Please check 'CodeActionContext.only' to only return requested code actions.
2026-06-11 06:33:00.701 [warning] meta.pyrefly - Code actions of kind 'quickfix' requested but returned code action is of kind 'refactor.delete'. Code action will be dropped. Please check 'CodeActionContext.only' to only return requested code actions.
2026-06-11 06:33:00.701 [warning] meta.pyrefly - Code actions of kind 'quickfix' requested but returned code action is of kind 'refactor.delete'. Code action will be dropped. Please check 'CodeActionContext.only' to only return requested code actions.
2026-06-11 06:33:00.707 [warning] meta.pyrefly - Code actions of kind 'quickfix' requested but returned code action is of kind 'refactor.delete'. Code action will be dropped. Please check 'CodeActionContext.only' to only return requested code actions.
2026-06-11 06:33:00.708 [warning] meta.pyrefly - Code actions of kind 'quickfix' requested but returned code action is of kind 'refactor.delete'. Code action will be dropped. Please check 'CodeActionContext.only' to only return requested code actions.
2026-06-11 06:33:00.712 [warning] meta.pyrefly - Code actions of kind 'quickfix' requested but returned code action is of kind 'refactor.delete'. Code action will be dropped. Please check 'CodeActionContext.only' to only return requested code actions.
2026-06-11 06:33:00.713 [warning] meta.pyrefly - Code actions of kind 'quickfix' requested but returned code action is of kind 'refactor.delete'. Code action will be dropped. Please check 'CodeActionContext.only' to only return requested code actions.
2026-06-11 06:33:00.716 [warning] meta.pyrefly - Code actions of kind 'quickfix' requested but returned code action is of kind 'refactor.delete'. Code action will be dropped. Please check 'CodeActionContext.only' to only return requested code actions.
2026-06-11 06:33:00.716 [warning] meta.pyrefly - Code actions of kind 'quickfix' requested but returned code action is of kind 'refactor.delete'. Code action will be dropped. Please check 'CodeActionContext.only' to only return requested code actions.
2026-06-11 06:33:00.902 [warning] meta.pyrefly - Code actions of kind 'quickfix' requested but returned code action is of kind 'refactor.delete'. Code action will be dropped. Please check 'CodeActionContext.only' to only return requested code actions.
2026-06-11 06:33:00.903 [warning] meta.pyrefly - Code actions of kind 'quickfix' requested but returned code action is of kind 'refactor.delete'. Code action will be dropped. Please check 'CodeActionContext.only' to only return requested code actions.
2026-06-11 06:33:00.906 [warning] meta.pyrefly - Code actions of kind 'quickfix' requested but returned code action is of kind 'refactor.delete'. Code action will be dropped. Please check 'CodeActionContext.only' to only return requested code actions.
2026-06-11 06:33:00.909 [warning] meta.pyrefly - Code actions of kind 'quickfix' requested but returned code action is of kind 'refactor.delete'. Code action will be dropped. Please check 'CodeActionContext.only' to only return requested code actions.
2026-06-11 06:33:00.914 [warning] meta.pyrefly - Code actions of kind 'quickfix' requested but returned code action is of kind 'refactor.delete'. Code action will be dropped. Please check 'CodeActionContext.only' to only return requested code actions.
2026-06-11 06:33:00.915 [warning] meta.pyrefly - Code actions of kind 'quickfix' requested but returned code action is of kind 'refactor.delete'. Code action will be dropped. Please check 'CodeActionContext.only' to only return requested code actions.
2026-06-11 06:33:00.919 [warning] meta.pyrefly - Code actions of kind 'quickfix' requested but returned code action is of kind 'refactor.delete'. Code action will be dropped. Please check 'CodeActionContext.only' to only return requested code actions.
2026-06-11 06:33:00.919 [warning] meta.pyrefly - Code actions of kind 'quickfix' requested but returned code action is of kind 'refactor.delete'. Code action will be dropped. Please check 'CodeActionContext.only' to only return requested code actions.
2026-06-11 06:33:02.451 [warning] meta.pyrefly - Code actions of kind 'quickfix' requested but returned code action is of kind 'refactor.delete'. Code action will be dropped. Please check 'CodeActionContext.only' to only return requested code actions.
2026-06-11 06:33:02.454 [warning] meta.pyrefly - Code actions of kind 'quickfix' requested but returned code action is of kind 'refactor.delete'. Code action will be dropped. Please check 'CodeActionContext.only' to only return requested code actions.
2026-06-11 06:33:02.457 [warning] meta.pyrefly - Code actions of kind 'quickfix' requested but returned code action is of kind 'refactor.delete'. Code action will be dropped. Please check 'CodeActionContext.only' to only return requested code actions.
2026-06-11 06:33:02.460 [warning] meta.pyrefly - Code actions of kind 'quickfix' requested but returned code action is of kind 'refactor.delete'. Code action will be dropped. Please check 'CodeActionContext.only' to only return requested code actions.
2026-06-11 06:33:43.764 [warning] meta.pyrefly - Code actions of kind 'quickfix' requested but returned code action is of kind 'refactor.delete'. Code action will be dropped. Please check 'CodeActionContext.only' to only return requested code actions.
2026-06-11 06:33:43.768 [warning] meta.pyrefly - Code actions of kind 'quickfix' requested but returned code action is of kind 'refactor.delete'. Code action will be dropped. Please check 'CodeActionContext.only' to only return requested code actions.
2026-06-11 06:33:43.775 [warning] meta.pyrefly - Code actions of kind 'quickfix' requested but returned code action is of kind 'refactor.delete'. Code action will be dropped. Please check 'CodeActionContext.only' to only return requested code actions.
2026-06-11 06:33:43.775 [warning] meta.pyrefly - Code actions of kind 'quickfix' requested but returned code action is of kind 'refactor.delete'. Code action will be dropped. Please check 'CodeActionContext.only' to only return requested code actions.
2026-06-11 06:33:43.780 [warning] meta.pyrefly - Code actions of kind 'quickfix' requested but returned code action is of kind 'refactor.delete'. Code action will be dropped. Please check 'CodeActionContext.only' to only return requested code actions.
2026-06-11 06:33:43.782 [warning] meta.pyrefly - Code actions of kind 'quickfix' requested but returned code action is of kind 'refactor.delete'. Code action will be dropped. Please check 'CodeActionContext.only' to only return requested code actions.
2026-06-11 06:33:43.786 [warning] meta.pyrefly - Code actions of kind 'quickfix' requested but returned code action is of kind 'refactor.delete'. Code action will be dropped. Please check 'CodeActionContext.only' to only return requested code actions.
2026-06-11 06:33:43.789 [warning] meta.pyrefly - Code actions of kind 'quickfix' requested but returned code action is of kind 'refactor.delete'. Code action will be dropped. Please check 'CodeActionContext.only' to only return requested code actions.
2026-06-11 06:33:52.585 [warning] meta.pyrefly - Code actions of kind 'quickfix' requested but returned code action is of kind 'refactor.delete'. Code action will be dropped. Please check 'CodeActionContext.only' to only return requested code actions.
2026-06-11 06:33:52.603 [warning] meta.pyrefly - Code actions of kind 'quickfix' requested but returned code action is of kind 'refactor.delete'. Code action will be dropped. Please check 'CodeActionContext.only' to only return requested code actions.
2026-06-11 06:33:52.609 [warning] meta.pyrefly - Code actions of kind 'quickfix' requested but returned code action is of kind 'refactor.delete'. Code action will be dropped. Please check 'CodeActionContext.only' to only return requested code actions.
2026-06-11 06:33:52.612 [warning] meta.pyrefly - Code actions of kind 'quickfix' requested but returned code action is of kind 'refactor.delete'. Code action will be dropped. Please check 'CodeActionContext.only' to only return requested code actions.
2026-06-11 06:33:52.614 [warning] meta.pyrefly - Code actions of kind 'quickfix' requested but returned code action is of kind 'refactor.delete'. Code action will be dropped. Please check 'CodeActionContext.only' to only return requested code actions.
2026-06-11 06:33:52.618 [warning] meta.pyrefly - Code actions of kind 'quickfix' requested but returned code action is of kind 'refactor.delete'. Code action will be dropped. Please check 'CodeActionContext.only' to only return requested code actions.
2026-06-11 06:33:52.620 [warning] meta.pyrefly - Code actions of kind 'quickfix' requested but returned code action is of kind 'refactor.delete'. Code action will be dropped. Please check 'CodeActionContext.only' to only return requested code actions.
2026-06-11 06:33:52.623 [warning] meta.pyrefly - Code actions of kind 'quickfix' requested but returned code action is of kind 'refactor.delete'. Code action will be dropped. Please check 'CodeActionContext.only' to only return requested code actions.
2026-06-11 06:34:17.969 [warning] meta.pyrefly - Code actions of kind 'quickfix' requested but returned code action is of kind 'refactor.delete'. Code action will be dropped. Please check 'CodeActionContext.only' to only return requested code actions.
2026-06-11 06:34:17.974 [warning] meta.pyrefly - Code actions of kind 'quickfix' requested but returned code action is of kind 'refactor.delete'. Code action will be dropped. Please check 'CodeActionContext.only' to only return requested code actions.
2026-06-11 06:34:17.977 [warning] meta.pyrefly - Code actions of kind 'quickfix' requested but returned code action is of kind 'refactor.delete'. Code action will be dropped. Please check 'CodeActionContext.only' to only return requested code actions.
2026-06-11 06:34:17.980 [warning] meta.pyrefly - Code actions of kind 'quickfix' requested but returned code action is of kind 'refactor.delete'. Code action will be dropped. Please check 'CodeActionContext.only' to only return requested code actions.
2026-06-11 06:34:17.985 [warning] meta.pyrefly - Code actions of kind 'quickfix' requested but returned code action is of kind 'refactor.delete'. Code action will be dropped. Please check 'CodeActionContext.only' to only return requested code actions.
2026-06-11 06:34:17.988 [warning] meta.pyrefly - Code actions of kind 'quickfix' requested but returned code action is of kind 'refactor.delete'. Code action will be dropped. Please check 'CodeActionContext.only' to only return requested code actions.
2026-06-11 06:34:17.990 [warning] meta.pyrefly - Code actions of kind 'quickfix' requested but returned code action is of kind 'refactor.delete'. Code action will be dropped. Please check 'CodeActionContext.only' to only return requested code actions.
2026-06-11 06:34:17.993 [warning] meta.pyrefly - Code actions of kind 'quickfix' requested but returned code action is of kind 'refactor.delete'. Code action will be dropped. Please check 'CodeActionContext.only' to only return requested code actions.
2026-06-11 06:34:19.849 [warning] meta.pyrefly - Code actions of kind 'quickfix' requested but returned code action is of kind 'refactor.delete'. Code action will be dropped. Please check 'CodeActionContext.only' to only return requested code actions.
2026-06-11 06:34:19.852 [warning] meta.pyrefly - Code actions of kind 'quickfix' requested but returned code action is of kind 'refactor.delete'. Code action will be dropped. Please check 'CodeActionContext.only' to only return requested code actions.
2026-06-11 06:34:19.865 [warning] meta.pyrefly - Code actions of kind 'quickfix' requested but returned code action is of kind 'refactor.delete'. Code action will be dropped. Please check 'CodeActionContext.only' to only return requested code actions.
2026-06-11 06:34:19.869 [warning] meta.pyrefly - Code actions of kind 'quickfix' requested but returned code action is of kind 'refactor.delete'. Code action will be dropped. Please check 'CodeActionContext.only' to only return requested code actions.
2026-06-11 06:34:19.875 [warning] meta.pyrefly - Code actions of kind 'quickfix' requested but returned code action is of kind 'refactor.delete'. Code action will be dropped. Please check 'CodeActionContext.only' to only return requested code actions.
2026-06-11 06:34:20.716 [warning] meta.pyrefly - Code actions of kind 'quickfix' requested but returned code action is of kind 'refactor.delete'. Code action will be dropped. Please check 'CodeActionContext.only' to only return requested code actions.
2026-06-11 06:34:20.717 [warning] meta.pyrefly - Code actions of kind 'quickfix' requested but returned code action is of kind 'refactor.delete'. Code action will be dropped. Please check 'CodeActionContext.only' to only return requested code actions.
2026-06-11 06:34:20.734 [warning] meta.pyrefly - Code actions of kind 'quickfix' requested but returned code action is of kind 'refactor.delete'. Code action will be dropped. Please check 'CodeActionContext.only' to only return requested code actions.
2026-06-11 06:34:20.735 [warning] meta.pyrefly - Code actions of kind 'quickfix' requested but returned code action is of kind 'refactor.delete'. Code action will be dropped. Please check 'CodeActionContext.only' to only return requested code actions.
2026-06-11 06:34:20.743 [warning] meta.pyrefly - Code actions of kind 'quickfix' requested but returned code action is of kind 'refactor.delete'. Code action will be dropped. Please check 'CodeActionContext.only' to only return requested code actions.
2026-06-11 06:34:20.744 [warning] meta.pyrefly - Code actions of kind 'quickfix' requested but returned code action is of kind 'refactor.delete'. Code action will be dropped. Please check 'CodeActionContext.only' to only return requested code actions.
2026-06-11 06:34:20.746 [warning] meta.pyrefly - Code actions of kind 'quickfix' requested but returned code action is of kind 'refactor.delete'. Code action will be dropped. Please check 'CodeActionContext.only' to only return requested code actions.
2026-06-11 06:34:20.747 [warning] meta.pyrefly - Code actions of kind 'quickfix' requested but returned code action is of kind 'refactor.delete'. Code action will be dropped. Please check 'CodeActionContext.only' to only return requested code actions.
2026-06-11 06:34:21.392 [warning] meta.pyrefly - Code actions of kind 'quickfix' requested but returned code action is of kind 'refactor.delete'. Code action will be dropped. Please check 'CodeActionContext.only' to only return requested code actions.
2026-06-11 06:34:21.393 [warning] meta.pyrefly - Code actions of kind 'quickfix' requested but returned code action is of kind 'refactor.delete'. Code action will be dropped. Please check 'CodeActionContext.only' to only return requested code actions.
2026-06-11 06:34:21.397 [warning] meta.pyrefly - Code actions of kind 'quickfix' requested but returned code action is of kind 'refactor.delete'. Code action will be dropped. Please check 'CodeActionContext.only' to only return requested code actions.
2026-06-11 06:34:21.398 [warning] meta.pyrefly - Code actions of kind 'quickfix' requested but returned code action is of kind 'refactor.delete'. Code action will be dropped. Please check 'CodeActionContext.only' to only return requested code actions.
2026-06-11 06:34:21.401 [warning] meta.pyrefly - Code actions of kind 'quickfix' requested but returned code action is of kind 'refactor.delete'. Code action will be dropped. Please check 'CodeActionContext.only' to only return requested code actions.
2026-06-11 06:34:21.402 [warning] meta.pyrefly - Code actions of kind 'quickfix' requested but returned code action is of kind 'refactor.delete'. Code action will be dropped. Please check 'CodeActionContext.only' to only return requested code actions.
2026-06-11 06:34:21.405 [warning] meta.pyrefly - Code actions of kind 'quickfix' requested but returned code action is of kind 'refactor.delete'. Code action will be dropped. Please check 'CodeActionContext.only' to only return requested code actions.
2026-06-11 06:34:21.406 [warning] meta.pyrefly - Code actions of kind 'quickfix' requested but returned code action is of kind 'refactor.delete'. Code action will be dropped. Please check 'CodeActionContext.only' to only return requested code actions.
2026-06-11 06:34:24.141 [warning] meta.pyrefly - Code actions of kind 'quickfix' requested but returned code action is of kind 'refactor.delete'. Code action will be dropped. Please check 'CodeActionContext.only' to only return requested code actions.
2026-06-11 06:34:24.144 [warning] meta.pyrefly - Code actions of kind 'quickfix' requested but returned code action is of kind 'refactor.delete'. Code action will be dropped. Please check 'CodeActionContext.only' to only return requested code actions.
2026-06-11 06:34:24.147 [warning] meta.pyrefly - Code actions of kind 'quickfix' requested but returned code action is of kind 'refactor.delete'. Code action will be dropped. Please check 'CodeActionContext.only' to only return requested code actions.
2026-06-11 06:34:24.150 [warning] meta.pyrefly - Code actions of kind 'quickfix' requested but returned code action is of kind 'refactor.delete'. Code action will be dropped. Please check 'CodeActionContext.only' to only return requested code actions.
2026-06-11 06:54:34.597 [info] Extension host terminating: renderer closed the MessagePort
2026-06-11 06:54:34.748 [info] Extension host with pid 2535 exiting with code 0
