2026-06-08 03:10:38.890 [info] [main] Log level: Info
2026-06-08 03:10:38.890 [info] [main] Validating found git in: "git"
2026-06-08 03:10:38.890 [info] [main] Using git "2.53.0" from "git"
2026-06-08 03:10:38.890 [info] [Model][doInitialScan] Initial repository scan started
2026-06-08 03:10:38.890 [info] [Model][doInitialScan] Initial repository scan completed - repositories (0), closed repositories (0), parent repositories (0), unsafe repositories (0)
2026-06-08 03:14:19.968 [info] [main] Log level: Info
2026-06-08 03:14:19.968 [info] [main] Validating found git in: "git"
2026-06-08 03:14:19.968 [info] [main] Using git "2.53.0" from "git"
2026-06-08 03:14:19.968 [info] [Model][doInitialScan] Initial repository scan started
2026-06-08 03:14:19.968 [info] > git rev-parse --show-toplevel [9ms]
2026-06-08 03:14:19.990 [info] > git rev-parse --git-dir --git-common-dir --show-superproject-working-tree [17ms]
2026-06-08 03:14:20.012 [info] [Model][openRepository] Opened repository (path): /home/beast/dev/my-zsh-aliases
2026-06-08 03:14:20.012 [info] [Model][openRepository] Opened repository (real path): /home/beast/dev/my-zsh-aliases
2026-06-08 03:14:20.013 [info] [Model][openRepository] Opened repository (kind): repository
2026-06-08 03:14:20.033 [info] > git config --get commit.template [9ms]
2026-06-08 03:14:20.040 [info] > git rev-parse --show-toplevel [10ms]
2026-06-08 03:14:20.047 [info] > git for-each-ref --format=%(refname)%00%(upstream:short)%00%(objectname)%00%(upstream:track)%00%(upstream:remotename)%00%(upstream:remoteref) refs/heads/main refs/remotes/main [9ms]
2026-06-08 03:14:20.066 [info] > git rev-parse --show-toplevel [21ms]
2026-06-08 03:14:20.138 [info] > git status -z -uall [63ms]
2026-06-08 03:14:20.138 [info] > git rev-parse --show-toplevel [39ms]
2026-06-08 03:14:20.141 [info] [Model][doInitialScan] Initial repository scan completed - repositories (1), closed repositories (0), parent repositories (0), unsafe repositories (0)
2026-06-08 03:14:20.142 [info] > git for-each-ref --sort -committerdate --format %(refname)%00%(objectname)%00%(*objectname) [52ms]
2026-06-08 03:14:20.263 [info] > git for-each-ref --format=%(refname)%00%(upstream:short)%00%(objectname)%00%(upstream:track)%00%(upstream:remotename)%00%(upstream:remoteref) refs/heads/main refs/remotes/main [95ms]
2026-06-08 03:14:20.294 [info] > git config --get --local branch.main.vscode-merge-base [25ms]
2026-06-08 03:14:20.294 [warning] [Git][config] git config failed: Failed to execute git
2026-06-08 03:14:20.302 [info] > git config --get commit.template [86ms]
2026-06-08 03:14:20.720 [info] > git reflog main --grep-reflog=branch: Created from *. [419ms]
2026-06-08 03:14:20.739 [info] > git check-ignore -v -z --stdin [5ms]
2026-06-08 03:14:20.740 [info] > git symbolic-ref --short refs/remotes/origin/HEAD [16ms]
2026-06-08 03:14:20.740 [info] fatal: ref refs/remotes/origin/HEAD is not a symbolic ref
2026-06-08 03:14:20.740 [warning] [Repository][getDefaultBranch] Failed to get default branch details: Failed to execute git.
2026-06-08 03:14:20.748 [info] > git for-each-ref --format=%(refname)%00%(upstream:short)%00%(objectname)%00%(upstream:track)%00%(upstream:remotename)%00%(upstream:remoteref) refs/heads/main refs/remotes/main [430ms]
2026-06-08 03:14:20.761 [info] > git merge-base refs/heads/main refs/remotes/origin/main [14ms]
2026-06-08 03:14:20.781 [info] > git diff --name-status -z --diff-filter=ADMR --find-renames=50% cd2382f733f192ab13dde4e2eaff14b7c148e542...refs/remotes/origin/main -- [8ms]
2026-06-08 03:14:20.795 [info] > git status -z -uall [7ms]
2026-06-08 03:14:20.796 [info] > git for-each-ref --sort -committerdate --format %(refname)%00%(objectname)%00%(*objectname) [1ms]
2026-06-08 03:14:28.894 [info] [main] Log level: Info
2026-06-08 03:14:28.894 [info] [main] Validating found git in: "git"
2026-06-08 03:14:28.894 [info] [main] Using git "2.53.0" from "git"
2026-06-08 03:14:28.894 [info] [Model][doInitialScan] Initial repository scan started
2026-06-08 03:14:28.894 [info] > git rev-parse --show-toplevel [28ms]
2026-06-08 03:14:28.894 [info] > git rev-parse --git-dir --git-common-dir --show-superproject-working-tree [11ms]
2026-06-08 03:14:28.894 [info] [Model][openRepository] Opened repository (path): /home/beast/dev/my-zsh-aliases
2026-06-08 03:14:28.894 [info] [Model][openRepository] Opened repository (real path): /home/beast/dev/my-zsh-aliases
2026-06-08 03:14:28.894 [info] [Model][openRepository] Opened repository (kind): repository
2026-06-08 03:14:28.894 [info] > git rev-parse --show-toplevel [85ms]
2026-06-08 03:14:28.894 [info] > git config --get commit.template [91ms]
2026-06-08 03:14:28.894 [info] > git rev-parse --show-toplevel [15ms]
2026-06-08 03:14:29.357 [info] > git for-each-ref --format=%(refname)%00%(upstream:short)%00%(objectname)%00%(upstream:track)%00%(upstream:remotename)%00%(upstream:remoteref) refs/heads/main refs/remotes/main [470ms]
2026-06-08 03:14:29.364 [info] > git rev-parse --show-toplevel [462ms]
2026-06-08 03:14:29.367 [info] [Model][doInitialScan] Initial repository scan completed - repositories (1), closed repositories (0), parent repositories (0), unsafe repositories (0)
2026-06-08 03:14:29.449 [info] > git status -z -uall [8ms]
2026-06-08 03:14:29.463 [info] > git for-each-ref --sort -committerdate --format %(refname)%00%(objectname)%00%(*objectname) [16ms]
2026-06-08 03:14:29.514 [info] > git for-each-ref --format=%(refname)%00%(upstream:short)%00%(objectname)%00%(upstream:track)%00%(upstream:remotename)%00%(upstream:remoteref) refs/heads/main refs/remotes/main [14ms]
2026-06-08 03:14:29.523 [info] > git config --get commit.template [11ms]
2026-06-08 03:14:29.525 [info] > git config --get --local branch.main.vscode-merge-base [5ms]
2026-06-08 03:14:29.525 [warning] [Git][config] git config failed: Failed to execute git
2026-06-08 03:14:29.537 [info] > git reflog main --grep-reflog=branch: Created from *. [6ms]
2026-06-08 03:14:29.543 [info] > git for-each-ref --format=%(refname)%00%(upstream:short)%00%(objectname)%00%(upstream:track)%00%(upstream:remotename)%00%(upstream:remoteref) refs/heads/main refs/remotes/main [7ms]
2026-06-08 03:14:29.545 [info] > git symbolic-ref --short refs/remotes/origin/HEAD [2ms]
2026-06-08 03:14:29.545 [info] fatal: ref refs/remotes/origin/HEAD is not a symbolic ref
2026-06-08 03:14:29.545 [warning] [Repository][getDefaultBranch] Failed to get default branch details: Failed to execute git.
2026-06-08 03:14:29.557 [info] > git merge-base refs/heads/main refs/remotes/origin/main [3ms]
2026-06-08 03:14:29.590 [info] > git status -z -uall [23ms]
2026-06-08 03:14:29.591 [info] > git for-each-ref --sort -committerdate --format %(refname)%00%(objectname)%00%(*objectname) [16ms]
2026-06-08 03:14:29.603 [info] > git diff --name-status -z --diff-filter=ADMR --find-renames=50% cd2382f733f192ab13dde4e2eaff14b7c148e542...refs/remotes/origin/main -- [41ms]
2026-06-08 03:14:29.623 [info] > git merge-base refs/heads/main refs/remotes/origin/main [21ms]
2026-06-08 03:14:29.650 [info] > git diff --name-status -z --diff-filter=ADMR --find-renames=50% cd2382f733f192ab13dde4e2eaff14b7c148e542...refs/remotes/origin/main -- [10ms]
2026-06-08 03:14:29.890 [info] > git check-ignore -v -z --stdin [8ms]
2026-06-08 03:21:19.686 [info] > git check-ignore -v -z --stdin [6ms]
2026-06-08 03:21:19.984 [info] > git show --textconv :start_htb.py [0ms]
2026-06-08 03:21:19.994 [info] > git ls-files --stage -- start_htb.py [2ms]
2026-06-08 03:21:20.005 [info] > git cat-file -s 8de26d690412c03533c0193e80679926a23a923f [5ms]
2026-06-08 03:21:21.362 [info] > git check-ignore -v -z --stdin [1ms]
2026-06-08 03:21:31.073 [info] > git blame --root --incremental cd2382f733f192ab13dde4e2eaff14b7c148e542 -- start_htb.py [7ms]
2026-06-08 03:39:35.968 [info] > git config --get commit.template [5ms]
2026-06-08 03:39:35.969 [info] > git for-each-ref --format=%(refname)%00%(upstream:short)%00%(objectname)%00%(upstream:track)%00%(upstream:remotename)%00%(upstream:remoteref) refs/heads/main refs/remotes/main [2ms]
2026-06-08 03:39:35.981 [info] > git status -z -uall [6ms]
2026-06-08 03:39:35.982 [info] > git for-each-ref --sort -committerdate --format %(refname)%00%(objectname)%00%(*objectname) [2ms]
2026-06-08 03:39:40.859 [info] > git check-ignore -v -z --stdin [6ms]
2026-06-08 03:39:41.430 [info] > git check-ignore -v -z --stdin [6ms]
2026-06-08 03:39:42.341 [info] > git show --textconv :exploit_finder.py [9ms]
2026-06-08 03:39:42.341 [info] > git ls-files --stage -- exploit_finder.py [2ms]
2026-06-08 03:39:42.350 [info] > git cat-file -s 1cd4668c0a47469d215ab33ca663186788bf9566 [5ms]
2026-06-08 03:40:04.246 [info] > git check-ignore -v -z --stdin [1ms]
2026-06-08 03:40:04.246 [info] > git for-each-ref --format=%(refname)%00%(upstream:short)%00%(objectname)%00%(upstream:track)%00%(upstream:remotename)%00%(upstream:remoteref) refs/heads/main refs/remotes/main [7ms]
2026-06-08 03:40:04.247 [info] > git config --get commit.template [13ms]
2026-06-08 03:40:04.258 [info] > git status -z -uall [5ms]
2026-06-08 03:40:04.258 [info] > git for-each-ref --sort -committerdate --format %(refname)%00%(objectname)%00%(*objectname) [1ms]
2026-06-08 03:47:32.781 [info] > git blame --root --incremental cd2382f733f192ab13dde4e2eaff14b7c148e542 -- exploit_finder.py [3ms]
2026-06-08 03:50:16.201 [info] > git config --get commit.template [1ms]
2026-06-08 03:50:16.207 [info] > git for-each-ref --format=%(refname)%00%(upstream:short)%00%(objectname)%00%(upstream:track)%00%(upstream:remotename)%00%(upstream:remoteref) refs/heads/main refs/remotes/main [1ms]
2026-06-08 03:50:16.219 [info] > git status -z -uall [5ms]
2026-06-08 03:50:16.220 [info] > git for-each-ref --sort -committerdate --format %(refname)%00%(objectname)%00%(*objectname) [1ms]
2026-06-08 03:50:33.191 [info] > git config --get commit.template [1ms]
2026-06-08 03:50:33.198 [info] > git for-each-ref --format=%(refname)%00%(upstream:short)%00%(objectname)%00%(upstream:track)%00%(upstream:remotename)%00%(upstream:remoteref) refs/heads/main refs/remotes/main [2ms]
2026-06-08 03:50:33.209 [info] > git status -z -uall [6ms]
2026-06-08 03:50:33.210 [info] > git for-each-ref --sort -committerdate --format %(refname)%00%(objectname)%00%(*objectname) [1ms]
2026-06-08 03:51:41.814 [info] > git config --get commit.template [2ms]
2026-06-08 03:51:41.819 [info] > git for-each-ref --format=%(refname)%00%(upstream:short)%00%(objectname)%00%(upstream:track)%00%(upstream:remotename)%00%(upstream:remoteref) refs/heads/main refs/remotes/main [1ms]
2026-06-08 03:51:41.830 [info] > git status -z -uall [6ms]
2026-06-08 03:51:41.831 [info] > git for-each-ref --sort -committerdate --format %(refname)%00%(objectname)%00%(*objectname) [2ms]
2026-06-08 03:51:55.544 [info] > git config --get commit.template [1ms]
2026-06-08 03:51:55.551 [info] > git for-each-ref --format=%(refname)%00%(upstream:short)%00%(objectname)%00%(upstream:track)%00%(upstream:remotename)%00%(upstream:remoteref) refs/heads/main refs/remotes/main [1ms]
2026-06-08 03:51:55.562 [info] > git status -z -uall [6ms]
2026-06-08 03:51:55.563 [info] > git for-each-ref --sort -committerdate --format %(refname)%00%(objectname)%00%(*objectname) [2ms]
2026-06-08 04:00:03.416 [info] > git config --get commit.template [1ms]
2026-06-08 04:00:03.422 [info] > git for-each-ref --format=%(refname)%00%(upstream:short)%00%(objectname)%00%(upstream:track)%00%(upstream:remotename)%00%(upstream:remoteref) refs/heads/main refs/remotes/main [1ms]
2026-06-08 04:00:03.434 [info] > git status -z -uall [6ms]
2026-06-08 04:00:03.435 [info] > git for-each-ref --sort -committerdate --format %(refname)%00%(objectname)%00%(*objectname) [2ms]
2026-06-08 04:00:19.040 [info] > git config --get commit.template [0ms]
2026-06-08 04:00:19.045 [info] > git for-each-ref --format=%(refname)%00%(upstream:short)%00%(objectname)%00%(upstream:track)%00%(upstream:remotename)%00%(upstream:remoteref) refs/heads/main refs/remotes/main [1ms]
2026-06-08 04:00:19.056 [info] > git status -z -uall [6ms]
2026-06-08 04:00:19.057 [info] > git for-each-ref --sort -committerdate --format %(refname)%00%(objectname)%00%(*objectname) [1ms]
2026-06-08 04:00:42.407 [info] > git config --get commit.template [2ms]
2026-06-08 04:00:42.412 [info] > git for-each-ref --format=%(refname)%00%(upstream:short)%00%(objectname)%00%(upstream:track)%00%(upstream:remotename)%00%(upstream:remoteref) refs/heads/main refs/remotes/main [1ms]
2026-06-08 04:00:42.423 [info] > git status -z -uall [6ms]
2026-06-08 04:00:42.425 [info] > git for-each-ref --sort -committerdate --format %(refname)%00%(objectname)%00%(*objectname) [2ms]
2026-06-08 04:01:11.359 [info] > git config --get commit.template [1ms]
2026-06-08 04:01:11.366 [info] > git for-each-ref --format=%(refname)%00%(upstream:short)%00%(objectname)%00%(upstream:track)%00%(upstream:remotename)%00%(upstream:remoteref) refs/heads/main refs/remotes/main [2ms]
2026-06-08 04:01:11.376 [info] > git status -z -uall [5ms]
2026-06-08 04:01:11.377 [info] > git for-each-ref --sort -committerdate --format %(refname)%00%(objectname)%00%(*objectname) [2ms]
2026-06-08 04:01:27.510 [info] > git config --get commit.template [5ms]
2026-06-08 04:01:27.511 [info] > git for-each-ref --format=%(refname)%00%(upstream:short)%00%(objectname)%00%(upstream:track)%00%(upstream:remotename)%00%(upstream:remoteref) refs/heads/main refs/remotes/main [2ms]
2026-06-08 04:01:27.524 [info] > git status -z -uall [6ms]
2026-06-08 04:01:27.525 [info] > git for-each-ref --sort -committerdate --format %(refname)%00%(objectname)%00%(*objectname) [1ms]
2026-06-08 04:01:48.401 [info] > git config --get commit.template [5ms]
2026-06-08 04:01:48.402 [info] > git for-each-ref --format=%(refname)%00%(upstream:short)%00%(objectname)%00%(upstream:track)%00%(upstream:remotename)%00%(upstream:remoteref) refs/heads/main refs/remotes/main [1ms]
2026-06-08 04:01:48.413 [info] > git status -z -uall [5ms]
2026-06-08 04:01:48.414 [info] > git for-each-ref --sort -committerdate --format %(refname)%00%(objectname)%00%(*objectname) [1ms]
2026-06-08 04:01:58.689 [info] > git config --get commit.template [5ms]
2026-06-08 04:01:58.690 [info] > git for-each-ref --format=%(refname)%00%(upstream:short)%00%(objectname)%00%(upstream:track)%00%(upstream:remotename)%00%(upstream:remoteref) refs/heads/main refs/remotes/main [1ms]
2026-06-08 04:01:58.701 [info] > git status -z -uall [6ms]
2026-06-08 04:01:58.701 [info] > git for-each-ref --sort -committerdate --format %(refname)%00%(objectname)%00%(*objectname) [1ms]
2026-06-08 04:05:12.039 [info] > git config --get commit.template [6ms]
2026-06-08 04:05:12.040 [info] > git for-each-ref --format=%(refname)%00%(upstream:short)%00%(objectname)%00%(upstream:track)%00%(upstream:remotename)%00%(upstream:remoteref) refs/heads/main refs/remotes/main [2ms]
2026-06-08 04:05:12.052 [info] > git status -z -uall [6ms]
2026-06-08 04:05:12.053 [info] > git for-each-ref --sort -committerdate --format %(refname)%00%(objectname)%00%(*objectname) [2ms]
2026-06-08 04:05:21.380 [info] > git config --get commit.template [2ms]
2026-06-08 04:05:21.385 [info] > git for-each-ref --format=%(refname)%00%(upstream:short)%00%(objectname)%00%(upstream:track)%00%(upstream:remotename)%00%(upstream:remoteref) refs/heads/main refs/remotes/main [1ms]
2026-06-08 04:05:21.396 [info] > git status -z -uall [6ms]
2026-06-08 04:05:21.396 [info] > git for-each-ref --sort -committerdate --format %(refname)%00%(objectname)%00%(*objectname) [1ms]
2026-06-08 04:10:33.649 [info] > git config --get commit.template [1ms]
2026-06-08 04:10:33.655 [info] > git for-each-ref --format=%(refname)%00%(upstream:short)%00%(objectname)%00%(upstream:track)%00%(upstream:remotename)%00%(upstream:remoteref) refs/heads/main refs/remotes/main [1ms]
2026-06-08 04:10:33.667 [info] > git status -z -uall [6ms]
2026-06-08 04:10:33.668 [info] > git for-each-ref --sort -committerdate --format %(refname)%00%(objectname)%00%(*objectname) [2ms]
2026-06-08 04:10:52.518 [info] > git config --get commit.template [5ms]
2026-06-08 04:10:52.519 [info] > git for-each-ref --format=%(refname)%00%(upstream:short)%00%(objectname)%00%(upstream:track)%00%(upstream:remotename)%00%(upstream:remoteref) refs/heads/main refs/remotes/main [2ms]
2026-06-08 04:10:52.530 [info] > git status -z -uall [6ms]
2026-06-08 04:10:52.531 [info] > git for-each-ref --sort -committerdate --format %(refname)%00%(objectname)%00%(*objectname) [2ms]
2026-06-08 04:16:19.211 [info] > git config --get commit.template [5ms]
2026-06-08 04:16:19.212 [info] > git for-each-ref --format=%(refname)%00%(upstream:short)%00%(objectname)%00%(upstream:track)%00%(upstream:remotename)%00%(upstream:remoteref) refs/heads/main refs/remotes/main [1ms]
2026-06-08 04:16:19.223 [info] > git status -z -uall [5ms]
2026-06-08 04:16:19.223 [info] > git for-each-ref --sort -committerdate --format %(refname)%00%(objectname)%00%(*objectname) [1ms]
2026-06-08 04:17:00.724 [info] > git config --get commit.template [1ms]
2026-06-08 04:17:00.730 [info] > git for-each-ref --format=%(refname)%00%(upstream:short)%00%(objectname)%00%(upstream:track)%00%(upstream:remotename)%00%(upstream:remoteref) refs/heads/main refs/remotes/main [2ms]
2026-06-08 04:17:00.740 [info] > git status -z -uall [5ms]
2026-06-08 04:17:00.741 [info] > git for-each-ref --sort -committerdate --format %(refname)%00%(objectname)%00%(*objectname) [1ms]
2026-06-08 04:17:20.599 [info] > git config --get commit.template [2ms]
2026-06-08 04:17:20.605 [info] > git for-each-ref --format=%(refname)%00%(upstream:short)%00%(objectname)%00%(upstream:track)%00%(upstream:remotename)%00%(upstream:remoteref) refs/heads/main refs/remotes/main [1ms]
2026-06-08 04:17:20.617 [info] > git status -z -uall [6ms]
2026-06-08 04:17:20.618 [info] > git for-each-ref --sort -committerdate --format %(refname)%00%(objectname)%00%(*objectname) [2ms]
2026-06-08 04:17:32.375 [info] > git config --get commit.template [8ms]
2026-06-08 04:17:32.375 [info] > git for-each-ref --format=%(refname)%00%(upstream:short)%00%(objectname)%00%(upstream:track)%00%(upstream:remotename)%00%(upstream:remoteref) refs/heads/main refs/remotes/main [1ms]
2026-06-08 04:17:32.388 [info] > git status -z -uall [6ms]
2026-06-08 04:17:32.388 [info] > git for-each-ref --sort -committerdate --format %(refname)%00%(objectname)%00%(*objectname) [1ms]
2026-06-08 04:21:03.516 [info] > git config --get commit.template [6ms]
2026-06-08 04:21:03.517 [info] > git for-each-ref --format=%(refname)%00%(upstream:short)%00%(objectname)%00%(upstream:track)%00%(upstream:remotename)%00%(upstream:remoteref) refs/heads/main refs/remotes/main [2ms]
2026-06-08 04:21:03.529 [info] > git status -z -uall [7ms]
2026-06-08 04:21:03.530 [info] > git for-each-ref --sort -committerdate --format %(refname)%00%(objectname)%00%(*objectname) [1ms]
2026-06-08 04:21:19.939 [info] > git config --get commit.template [6ms]
2026-06-08 04:21:19.940 [info] > git for-each-ref --format=%(refname)%00%(upstream:short)%00%(objectname)%00%(upstream:track)%00%(upstream:remotename)%00%(upstream:remoteref) refs/heads/main refs/remotes/main [1ms]
2026-06-08 04:21:19.952 [info] > git status -z -uall [6ms]
2026-06-08 04:21:19.953 [info] > git for-each-ref --sort -committerdate --format %(refname)%00%(objectname)%00%(*objectname) [2ms]
2026-06-08 04:26:00.915 [info] > git check-ignore -v -z --stdin [1ms]
2026-06-08 04:26:07.874 [info] > git config --get commit.template [6ms]
2026-06-08 04:26:07.875 [info] > git for-each-ref --format=%(refname)%00%(upstream:short)%00%(objectname)%00%(upstream:track)%00%(upstream:remotename)%00%(upstream:remoteref) refs/heads/main refs/remotes/main [1ms]
2026-06-08 04:26:07.887 [info] > git status -z -uall [5ms]
2026-06-08 04:26:07.888 [info] > git for-each-ref --sort -committerdate --format %(refname)%00%(objectname)%00%(*objectname) [2ms]
2026-06-08 04:26:19.466 [info] > git config --get commit.template [1ms]
2026-06-08 04:26:19.471 [info] > git for-each-ref --format=%(refname)%00%(upstream:short)%00%(objectname)%00%(upstream:track)%00%(upstream:remotename)%00%(upstream:remoteref) refs/heads/main refs/remotes/main [1ms]
2026-06-08 04:26:19.482 [info] > git status -z -uall [5ms]
2026-06-08 04:26:19.482 [info] > git for-each-ref --sort -committerdate --format %(refname)%00%(objectname)%00%(*objectname) [1ms]
2026-06-08 04:29:29.532 [info] > git config --get commit.template [5ms]
2026-06-08 04:29:29.533 [info] > git for-each-ref --format=%(refname)%00%(upstream:short)%00%(objectname)%00%(upstream:track)%00%(upstream:remotename)%00%(upstream:remoteref) refs/heads/main refs/remotes/main [1ms]
2026-06-08 04:29:29.544 [info] > git status -z -uall [5ms]
2026-06-08 04:29:29.545 [info] > git for-each-ref --sort -committerdate --format %(refname)%00%(objectname)%00%(*objectname) [1ms]
2026-06-08 04:30:18.159 [info] > git config --get commit.template [1ms]
2026-06-08 04:30:18.165 [info] > git for-each-ref --format=%(refname)%00%(upstream:short)%00%(objectname)%00%(upstream:track)%00%(upstream:remotename)%00%(upstream:remoteref) refs/heads/main refs/remotes/main [2ms]
2026-06-08 04:30:18.176 [info] > git status -z -uall [6ms]
2026-06-08 04:30:18.177 [info] > git for-each-ref --sort -committerdate --format %(refname)%00%(objectname)%00%(*objectname) [1ms]
2026-06-08 04:30:28.014 [info] > git config --get commit.template [6ms]
2026-06-08 04:30:28.015 [info] > git for-each-ref --format=%(refname)%00%(upstream:short)%00%(objectname)%00%(upstream:track)%00%(upstream:remotename)%00%(upstream:remoteref) refs/heads/main refs/remotes/main [1ms]
2026-06-08 04:30:28.027 [info] > git status -z -uall [6ms]
2026-06-08 04:30:28.028 [info] > git for-each-ref --sort -committerdate --format %(refname)%00%(objectname)%00%(*objectname) [2ms]
2026-06-08 04:33:10.641 [info] > git config --get commit.template [6ms]
2026-06-08 04:33:10.642 [info] > git for-each-ref --format=%(refname)%00%(upstream:short)%00%(objectname)%00%(upstream:track)%00%(upstream:remotename)%00%(upstream:remoteref) refs/heads/main refs/remotes/main [1ms]
2026-06-08 04:33:10.654 [info] > git status -z -uall [7ms]
2026-06-08 04:33:10.656 [info] > git for-each-ref --sort -committerdate --format %(refname)%00%(objectname)%00%(*objectname) [3ms]
2026-06-08 04:33:28.636 [info] > git config --get commit.template [5ms]
2026-06-08 04:33:28.636 [info] > git for-each-ref --format=%(refname)%00%(upstream:short)%00%(objectname)%00%(upstream:track)%00%(upstream:remotename)%00%(upstream:remoteref) refs/heads/main refs/remotes/main [1ms]
2026-06-08 04:33:28.649 [info] > git status -z -uall [6ms]
2026-06-08 04:33:28.650 [info] > git for-each-ref --sort -committerdate --format %(refname)%00%(objectname)%00%(*objectname) [2ms]
2026-06-08 04:36:12.839 [info] > git config --get commit.template [5ms]
2026-06-08 04:36:12.840 [info] > git for-each-ref --format=%(refname)%00%(upstream:short)%00%(objectname)%00%(upstream:track)%00%(upstream:remotename)%00%(upstream:remoteref) refs/heads/main refs/remotes/main [1ms]
2026-06-08 04:36:12.852 [info] > git status -z -uall [6ms]
2026-06-08 04:36:12.852 [info] > git for-each-ref --sort -committerdate --format %(refname)%00%(objectname)%00%(*objectname) [1ms]
2026-06-08 04:36:33.759 [info] > git config --get commit.template [1ms]
2026-06-08 04:36:33.764 [info] > git for-each-ref --format=%(refname)%00%(upstream:short)%00%(objectname)%00%(upstream:track)%00%(upstream:remotename)%00%(upstream:remoteref) refs/heads/main refs/remotes/main [1ms]
2026-06-08 04:36:33.775 [info] > git status -z -uall [5ms]
2026-06-08 04:36:33.776 [info] > git for-each-ref --sort -committerdate --format %(refname)%00%(objectname)%00%(*objectname) [1ms]
2026-06-08 04:37:42.292 [info] > git config --get commit.template [5ms]
2026-06-08 04:37:42.292 [info] > git for-each-ref --format=%(refname)%00%(upstream:short)%00%(objectname)%00%(upstream:track)%00%(upstream:remotename)%00%(upstream:remoteref) refs/heads/main refs/remotes/main [1ms]
2026-06-08 04:37:42.304 [info] > git status -z -uall [7ms]
2026-06-08 04:37:42.304 [info] > git for-each-ref --sort -committerdate --format %(refname)%00%(objectname)%00%(*objectname) [1ms]
2026-06-08 04:40:30.901 [info] > git check-ignore -v -z --stdin [3ms]
2026-06-08 04:40:31.050 [info] > git check-ignore -v -z --stdin [2ms]
2026-06-08 04:40:31.156 [info] > git show --textconv :start_htb.py [12ms]
2026-06-08 04:40:31.156 [info] > git ls-files --stage -- start_htb.py [2ms]
2026-06-08 04:40:31.165 [info] > git cat-file -s 8de26d690412c03533c0193e80679926a23a923f [3ms]
2026-06-08 04:40:33.187 [info] > git check-ignore -v -z --stdin [7ms]
2026-06-08 04:40:33.346 [info] > git check-ignore -v -z --stdin [1ms]
2026-06-08 04:40:33.412 [info] > git show --textconv :exploit_finder.py [7ms]
2026-06-08 04:40:33.413 [info] > git ls-files --stage -- exploit_finder.py [1ms]
2026-06-08 04:40:33.423 [info] > git cat-file -s 1cd4668c0a47469d215ab33ca663186788bf9566 [2ms]
2026-06-08 04:41:40.939 [info] > git config --get commit.template [7ms]
2026-06-08 04:41:40.939 [info] > git for-each-ref --format=%(refname)%00%(upstream:short)%00%(objectname)%00%(upstream:track)%00%(upstream:remotename)%00%(upstream:remoteref) refs/heads/main refs/remotes/main [1ms]
2026-06-08 04:41:40.951 [info] > git status -z -uall [6ms]
2026-06-08 04:41:40.952 [info] > git for-each-ref --sort -committerdate --format %(refname)%00%(objectname)%00%(*objectname) [1ms]
2026-06-08 04:43:31.689 [info] > git check-ignore -v -z --stdin [2ms]
2026-06-08 04:43:31.850 [info] > git check-ignore -v -z --stdin [2ms]
2026-06-08 04:43:31.955 [info] > git show --textconv :exploit_finder.py [7ms]
2026-06-08 04:43:31.956 [info] > git ls-files --stage -- exploit_finder.py [3ms]
2026-06-08 04:43:31.964 [info] > git cat-file -s 1cd4668c0a47469d215ab33ca663186788bf9566 [3ms]
2026-06-08 04:55:51.686 [info] > git config --get commit.template [6ms]
2026-06-08 04:55:51.686 [info] > git for-each-ref --format=%(refname)%00%(upstream:short)%00%(objectname)%00%(upstream:track)%00%(upstream:remotename)%00%(upstream:remoteref) refs/heads/main refs/remotes/main [1ms]
2026-06-08 04:55:51.697 [info] > git status -z -uall [6ms]
2026-06-08 04:55:51.697 [info] > git for-each-ref --sort -committerdate --format %(refname)%00%(objectname)%00%(*objectname) [2ms]
2026-06-08 04:56:38.733 [info] > git config --get commit.template [4ms]
2026-06-08 04:56:38.737 [info] > git for-each-ref --format=%(refname)%00%(upstream:short)%00%(objectname)%00%(upstream:track)%00%(upstream:remotename)%00%(upstream:remoteref) refs/heads/main refs/remotes/main [4ms]
2026-06-08 04:56:38.746 [info] > git status -z -uall [5ms]
2026-06-08 04:56:38.747 [info] > git for-each-ref --sort -committerdate --format %(refname)%00%(objectname)%00%(*objectname) [1ms]
2026-06-08 04:57:05.682 [info] > git config --get commit.template [6ms]
2026-06-08 04:57:05.684 [info] > git for-each-ref --format=%(refname)%00%(upstream:short)%00%(objectname)%00%(upstream:track)%00%(upstream:remotename)%00%(upstream:remoteref) refs/heads/main refs/remotes/main [2ms]
2026-06-08 04:57:05.694 [info] > git status -z -uall [5ms]
2026-06-08 04:57:05.695 [info] > git for-each-ref --sort -committerdate --format %(refname)%00%(objectname)%00%(*objectname) [1ms]
2026-06-08 05:00:17.173 [info] > git config --get commit.template [5ms]
2026-06-08 05:00:17.174 [info] > git for-each-ref --format=%(refname)%00%(upstream:short)%00%(objectname)%00%(upstream:track)%00%(upstream:remotename)%00%(upstream:remoteref) refs/heads/main refs/remotes/main [2ms]
2026-06-08 05:00:17.184 [info] > git status -z -uall [5ms]
2026-06-08 05:00:17.185 [info] > git for-each-ref --sort -committerdate --format %(refname)%00%(objectname)%00%(*objectname) [2ms]
2026-06-08 05:00:17.504 [info] > git show --textconv HEAD:exploit_finder.py [6ms]
2026-06-08 05:00:17.506 [info] > git ls-tree -l HEAD -- exploit_finder.py [3ms]
2026-06-08 05:00:37.471 [info] > git config --get commit.template [5ms]
2026-06-08 05:00:37.472 [info] > git for-each-ref --format=%(refname)%00%(upstream:short)%00%(objectname)%00%(upstream:track)%00%(upstream:remotename)%00%(upstream:remoteref) refs/heads/main refs/remotes/main [2ms]
2026-06-08 05:00:37.483 [info] > git status -z -uall [6ms]
2026-06-08 05:00:37.484 [info] > git for-each-ref --sort -committerdate --format %(refname)%00%(objectname)%00%(*objectname) [1ms]
2026-06-08 05:00:37.501 [info] > git merge-base refs/heads/main refs/remotes/origin/main [3ms]
2026-06-08 05:00:37.507 [info] > git blame --root --incremental 6f98fbabe5696c99b849d3b25eac1ee0e57bc875 -- exploit_finder.py [14ms]
2026-06-08 05:00:37.510 [info] > git diff --name-status -z --diff-filter=ADMR --find-renames=50% cd2382f733f192ab13dde4e2eaff14b7c148e542...refs/remotes/origin/main -- [3ms]
2026-06-08 05:01:23.491 [info] > git config --get commit.template [5ms]
2026-06-08 05:01:23.492 [info] > git for-each-ref --format=%(refname)%00%(upstream:short)%00%(objectname)%00%(upstream:track)%00%(upstream:remotename)%00%(upstream:remoteref) refs/heads/main refs/remotes/main [1ms]
2026-06-08 05:01:23.502 [info] > git status -z -uall [5ms]
2026-06-08 05:01:23.503 [info] > git for-each-ref --sort -committerdate --format %(refname)%00%(objectname)%00%(*objectname) [2ms]
2026-06-08 05:01:23.513 [info] > git merge-base refs/heads/main refs/remotes/origin/main [3ms]
2026-06-08 05:01:23.519 [info] > git diff --name-status -z --diff-filter=ADMR --find-renames=50% 6f98fbabe5696c99b849d3b25eac1ee0e57bc875...refs/remotes/origin/main -- [1ms]
2026-06-08 05:01:25.693 [info] > git ls-files --stage -- exploit_finder.py [3ms]
2026-06-08 05:01:25.699 [info] > git cat-file -s e1390c501d9ca517b0dd64f4e976384c0d79cfcf [1ms]
2026-06-08 05:01:25.719 [info] > git show --textconv :exploit_finder.py [3ms]
