2026-06-24 02:52:14.449 [error] [/home/beast/.vscode/extensions/ms-python.vscode-python-envs-1.26.0-linux-x64]: Extension is not compatible with Code 1.107.1. Extension requires: ^1.110.0-20260204.
2026-06-24 02:52:14.461 [error] [/home/beast/.vscode/extensions/ms-python.vscode-python-envs-1.30.0-linux-x64]: Extension is not compatible with Code 1.107.1. Extension requires: ^1.110.0-20260204.
2026-06-24 02:52:14.462 [error] [/home/beast/.vscode/extensions/ms-python.vscode-python-envs-1.36.0-linux-x64]: Extension is not compatible with Code 1.107.1. Extension requires: ^1.110.0-20260204.
2026-06-24 02:52:14.536 [error] [/home/beast/.vscode/extensions/ms-python.vscode-python-envs-1.26.0-linux-x64]: Extension is not compatible with Code 1.107.1. Extension requires: ^1.110.0-20260204.
2026-06-24 02:52:14.536 [error] [/home/beast/.vscode/extensions/ms-python.vscode-python-envs-1.30.0-linux-x64]: Extension is not compatible with Code 1.107.1. Extension requires: ^1.110.0-20260204.
2026-06-24 02:52:14.541 [error] [/home/beast/.vscode/extensions/ms-python.vscode-python-envs-1.36.0-linux-x64]: Extension is not compatible with Code 1.107.1. Extension requires: ^1.110.0-20260204.
2026-06-24 02:52:14.549 [error] [/home/beast/.vscode/extensions/ms-python.vscode-python-envs-1.26.0-linux-x64]: Extension is not compatible with Code 1.107.1. Extension requires: ^1.110.0-20260204.
2026-06-24 02:52:14.552 [error] [/home/beast/.vscode/extensions/ms-python.vscode-python-envs-1.30.0-linux-x64]: Extension is not compatible with Code 1.107.1. Extension requires: ^1.110.0-20260204.
2026-06-24 02:52:14.552 [error] [/home/beast/.vscode/extensions/ms-python.vscode-python-envs-1.36.0-linux-x64]: Extension is not compatible with Code 1.107.1. Extension requires: ^1.110.0-20260204.
2026-06-24 02:52:14.584 [error] [/home/beast/.vscode/extensions/ms-python.vscode-python-envs-1.26.0-linux-x64]: Extension is not compatible with Code 1.107.1. Extension requires: ^1.110.0-20260204.
2026-06-24 02:52:14.591 [error] [/home/beast/.vscode/extensions/ms-python.vscode-python-envs-1.30.0-linux-x64]: Extension is not compatible with Code 1.107.1. Extension requires: ^1.110.0-20260204.
2026-06-24 02:52:14.595 [error] [/home/beast/.vscode/extensions/ms-python.vscode-python-envs-1.36.0-linux-x64]: Extension is not compatible with Code 1.107.1. Extension requires: ^1.110.0-20260204.
2026-06-24 02:52:14.626 [error] [/home/beast/.vscode/extensions/ms-python.vscode-python-envs-1.30.0-linux-x64]: Extension is not compatible with Code 1.107.1. Extension requires: ^1.110.0-20260204.
2026-06-24 02:52:14.629 [error] [/home/beast/.vscode/extensions/ms-python.vscode-python-envs-1.36.0-linux-x64]: Extension is not compatible with Code 1.107.1. Extension requires: ^1.110.0-20260204.
2026-06-24 02:52:14.631 [error] [/home/beast/.vscode/extensions/ms-python.vscode-python-envs-1.26.0-linux-x64]: Extension is not compatible with Code 1.107.1. Extension requires: ^1.110.0-20260204.
2026-06-24 02:52:14.933 [error] [/home/beast/.vscode/extensions/ms-python.vscode-python-envs-1.26.0-linux-x64]: Extension is not compatible with Code 1.107.1. Extension requires: ^1.110.0-20260204.
2026-06-24 02:52:14.934 [error] [/home/beast/.vscode/extensions/ms-python.vscode-python-envs-1.30.0-linux-x64]: Extension is not compatible with Code 1.107.1. Extension requires: ^1.110.0-20260204.
2026-06-24 02:52:14.935 [error] [/home/beast/.vscode/extensions/ms-python.vscode-python-envs-1.36.0-linux-x64]: Extension is not compatible with Code 1.107.1. Extension requires: ^1.110.0-20260204.
2026-06-24 02:52:15.729 [error] [/home/beast/.vscode/extensions/ms-python.vscode-python-envs-1.26.0-linux-x64]: Extension is not compatible with Code 1.107.1. Extension requires: ^1.110.0-20260204.
2026-06-24 02:52:15.735 [error] [/home/beast/.vscode/extensions/ms-python.vscode-python-envs-1.30.0-linux-x64]: Extension is not compatible with Code 1.107.1. Extension requires: ^1.110.0-20260204.
2026-06-24 02:52:15.735 [error] [/home/beast/.vscode/extensions/ms-python.vscode-python-envs-1.36.0-linux-x64]: Extension is not compatible with Code 1.107.1. Extension requires: ^1.110.0-20260204.
2026-06-24 02:52:15.789 [error] [/home/beast/.vscode/extensions/ms-python.vscode-python-envs-1.26.0-linux-x64]: Extension is not compatible with Code 1.107.1. Extension requires: ^1.110.0-20260204.
2026-06-24 02:52:15.792 [error] [/home/beast/.vscode/extensions/ms-python.vscode-python-envs-1.30.0-linux-x64]: Extension is not compatible with Code 1.107.1. Extension requires: ^1.110.0-20260204.
2026-06-24 02:52:15.793 [error] [/home/beast/.vscode/extensions/ms-python.vscode-python-envs-1.36.0-linux-x64]: Extension is not compatible with Code 1.107.1. Extension requires: ^1.110.0-20260204.
2026-06-24 02:52:16.095 [error] [/home/beast/.vscode/extensions/ms-python.vscode-python-envs-1.26.0-linux-x64]: Extension is not compatible with Code 1.107.1. Extension requires: ^1.110.0-20260204.
2026-06-24 02:52:16.110 [error] [/home/beast/.vscode/extensions/ms-python.vscode-python-envs-1.30.0-linux-x64]: Extension is not compatible with Code 1.107.1. Extension requires: ^1.110.0-20260204.
2026-06-24 02:52:16.112 [error] [/home/beast/.vscode/extensions/ms-python.vscode-python-envs-1.36.0-linux-x64]: Extension is not compatible with Code 1.107.1. Extension requires: ^1.110.0-20260204.
2026-06-24 02:52:16.309 [error] [/home/beast/.vscode/extensions/ms-python.vscode-python-envs-1.26.0-linux-x64]: Extension is not compatible with Code 1.107.1. Extension requires: ^1.110.0-20260204.
2026-06-24 02:52:16.310 [error] [/home/beast/.vscode/extensions/ms-python.vscode-python-envs-1.30.0-linux-x64]: Extension is not compatible with Code 1.107.1. Extension requires: ^1.110.0-20260204.
2026-06-24 02:52:16.312 [error] [/home/beast/.vscode/extensions/ms-python.vscode-python-envs-1.36.0-linux-x64]: Extension is not compatible with Code 1.107.1. Extension requires: ^1.110.0-20260204.
2026-06-24 02:52:16.385 [error] [/home/beast/.vscode/extensions/ms-python.vscode-python-envs-1.26.0-linux-x64]: Extension is not compatible with Code 1.107.1. Extension requires: ^1.110.0-20260204.
2026-06-24 02:52:16.388 [error] [/home/beast/.vscode/extensions/ms-python.vscode-python-envs-1.30.0-linux-x64]: Extension is not compatible with Code 1.107.1. Extension requires: ^1.110.0-20260204.
2026-06-24 02:52:16.390 [error] [/home/beast/.vscode/extensions/ms-python.vscode-python-envs-1.36.0-linux-x64]: Extension is not compatible with Code 1.107.1. Extension requires: ^1.110.0-20260204.
2026-06-24 02:52:16.559 [error] [/home/beast/.vscode/extensions/ms-python.vscode-python-envs-1.26.0-linux-x64]: Extension is not compatible with Code 1.107.1. Extension requires: ^1.110.0-20260204.
2026-06-24 02:52:16.563 [error] [/home/beast/.vscode/extensions/ms-python.vscode-python-envs-1.30.0-linux-x64]: Extension is not compatible with Code 1.107.1. Extension requires: ^1.110.0-20260204.
2026-06-24 02:52:16.564 [error] [/home/beast/.vscode/extensions/ms-python.vscode-python-envs-1.36.0-linux-x64]: Extension is not compatible with Code 1.107.1. Extension requires: ^1.110.0-20260204.
2026-06-24 02:52:17.172 [error] [/home/beast/.vscode/extensions/ms-python.vscode-python-envs-1.26.0-linux-x64]: Extension is not compatible with Code 1.107.1. Extension requires: ^1.110.0-20260204.
2026-06-24 02:52:17.172 [error] [/home/beast/.vscode/extensions/ms-python.vscode-python-envs-1.36.0-linux-x64]: Extension is not compatible with Code 1.107.1. Extension requires: ^1.110.0-20260204.
2026-06-24 02:52:17.173 [error] [/home/beast/.vscode/extensions/ms-python.vscode-python-envs-1.30.0-linux-x64]: Extension is not compatible with Code 1.107.1. Extension requires: ^1.110.0-20260204.
2026-06-24 02:52:17.185 [error] [/home/beast/.vscode/extensions/ms-python.vscode-python-envs-1.26.0-linux-x64]: Extension is not compatible with Code 1.107.1. Extension requires: ^1.110.0-20260204.
2026-06-24 02:52:17.185 [error] [/home/beast/.vscode/extensions/ms-python.vscode-python-envs-1.36.0-linux-x64]: Extension is not compatible with Code 1.107.1. Extension requires: ^1.110.0-20260204.
2026-06-24 02:52:17.185 [error] [/home/beast/.vscode/extensions/ms-python.vscode-python-envs-1.30.0-linux-x64]: Extension is not compatible with Code 1.107.1. Extension requires: ^1.110.0-20260204.
2026-06-24 02:52:17.311 [error] [/home/beast/.vscode/extensions/ms-python.vscode-python-envs-1.26.0-linux-x64]: Extension is not compatible with Code 1.107.1. Extension requires: ^1.110.0-20260204.
2026-06-24 02:52:17.319 [error] [/home/beast/.vscode/extensions/ms-python.vscode-python-envs-1.30.0-linux-x64]: Extension is not compatible with Code 1.107.1. Extension requires: ^1.110.0-20260204.
2026-06-24 02:52:17.321 [error] [/home/beast/.vscode/extensions/ms-python.vscode-python-envs-1.36.0-linux-x64]: Extension is not compatible with Code 1.107.1. Extension requires: ^1.110.0-20260204.
2026-06-24 02:52:39.211 [error] [/home/beast/.vscode/extensions/ms-python.vscode-python-envs-1.30.0-linux-x64]: Extension is not compatible with Code 1.107.1. Extension requires: ^1.110.0-20260204.
2026-06-24 02:52:39.212 [error] [/home/beast/.vscode/extensions/ms-python.vscode-python-envs-1.36.0-linux-x64]: Extension is not compatible with Code 1.107.1. Extension requires: ^1.110.0-20260204.
2026-06-24 02:52:39.214 [error] [/home/beast/.vscode/extensions/ms-python.vscode-python-envs-1.26.0-linux-x64]: Extension is not compatible with Code 1.107.1. Extension requires: ^1.110.0-20260204.
2026-06-24 02:52:40.945 [info] Getting Manifest... ms-python.vscode-python-envs
2026-06-24 02:52:41.420 [info] Installing extension: ms-python.vscode-python-envs {"productVersion":{"version":"1.125.1","date":"2026-06-19T08:53:41.685Z"},"pinned":false,"operation":3,"isApplicationScoped":false,"profileLocation":{"$mid":1,"external":"vscode-userdata:/home/beast/.vscode/extensions/extensions.json","path":"/home/beast/.vscode/extensions/extensions.json","scheme":"vscode-userdata"}}
2026-06-24 02:52:41.548 [error] [/home/beast/.vscode/extensions/ms-python.vscode-python-envs-1.26.0-linux-x64]: Extension is not compatible with Code 1.107.1. Extension requires: ^1.110.0-20260204.
2026-06-24 02:52:41.548 [error] [/home/beast/.vscode/extensions/ms-python.vscode-python-envs-1.30.0-linux-x64]: Extension is not compatible with Code 1.107.1. Extension requires: ^1.110.0-20260204.
2026-06-24 02:52:41.549 [error] [/home/beast/.vscode/extensions/ms-python.vscode-python-envs-1.36.0-linux-x64]: Extension is not compatible with Code 1.107.1. Extension requires: ^1.110.0-20260204.
2026-06-24 02:52:41.555 [error] Error while installing the extension ms-python.vscode-python-envs Cannot read the extension from /home/beast/.vscode/extensions/ms-python.vscode-python-envs-1.36.0-linux-x64 vscode-userdata:/home/beast/.vscode/extensions/extensions.json
2026-06-24 02:52:41.601 [error] [/home/beast/.vscode/extensions/ms-python.vscode-python-envs-1.26.0-linux-x64]: Extension is not compatible with Code 1.107.1. Extension requires: ^1.110.0-20260204.
2026-06-24 02:52:41.604 [error] [/home/beast/.vscode/extensions/ms-python.vscode-python-envs-1.36.0-linux-x64]: Extension is not compatible with Code 1.107.1. Extension requires: ^1.110.0-20260204.
2026-06-24 02:52:41.604 [error] [/home/beast/.vscode/extensions/ms-python.vscode-python-envs-1.30.0-linux-x64]: Extension is not compatible with Code 1.107.1. Extension requires: ^1.110.0-20260204.
2026-06-24 02:52:46.592 [info] Getting Manifest... ms-python.vscode-python-envs
2026-06-24 02:52:46.683 [info] Installing extension: ms-python.vscode-python-envs {"productVersion":{"version":"1.125.1","date":"2026-06-19T08:53:41.685Z"},"pinned":false,"operation":3,"isApplicationScoped":false,"profileLocation":{"$mid":1,"external":"vscode-userdata:/home/beast/.vscode/extensions/extensions.json","path":"/home/beast/.vscode/extensions/extensions.json","scheme":"vscode-userdata"}}
2026-06-24 02:52:46.951 [error] [/home/beast/.vscode/extensions/ms-python.vscode-python-envs-1.26.0-linux-x64]: Extension is not compatible with Code 1.107.1. Extension requires: ^1.110.0-20260204.
2026-06-24 02:52:46.952 [error] [/home/beast/.vscode/extensions/ms-python.vscode-python-envs-1.30.0-linux-x64]: Extension is not compatible with Code 1.107.1. Extension requires: ^1.110.0-20260204.
2026-06-24 02:52:46.953 [error] [/home/beast/.vscode/extensions/ms-python.vscode-python-envs-1.36.0-linux-x64]: Extension is not compatible with Code 1.107.1. Extension requires: ^1.110.0-20260204.
2026-06-24 02:52:46.954 [error] Error while installing the extension ms-python.vscode-python-envs Cannot read the extension from /home/beast/.vscode/extensions/ms-python.vscode-python-envs-1.36.0-linux-x64 vscode-userdata:/home/beast/.vscode/extensions/extensions.json
2026-06-24 02:52:47.018 [error] [/home/beast/.vscode/extensions/ms-python.vscode-python-envs-1.36.0-linux-x64]: Extension is not compatible with Code 1.107.1. Extension requires: ^1.110.0-20260204.
2026-06-24 02:52:47.018 [error] [/home/beast/.vscode/extensions/ms-python.vscode-python-envs-1.26.0-linux-x64]: Extension is not compatible with Code 1.107.1. Extension requires: ^1.110.0-20260204.
2026-06-24 02:52:47.019 [error] [/home/beast/.vscode/extensions/ms-python.vscode-python-envs-1.30.0-linux-x64]: Extension is not compatible with Code 1.107.1. Extension requires: ^1.110.0-20260204.
2026-06-24 02:53:01.933 [info] Getting Manifest... ms-python.vscode-python-envs
2026-06-24 02:53:02.006 [info] Installing extension: ms-python.vscode-python-envs {"productVersion":{"version":"1.125.1","date":"2026-06-19T08:53:41.685Z"},"pinned":false,"operation":3,"isApplicationScoped":false,"profileLocation":{"$mid":1,"external":"vscode-userdata:/home/beast/.vscode/extensions/extensions.json","path":"/home/beast/.vscode/extensions/extensions.json","scheme":"vscode-userdata"}}
2026-06-24 02:53:02.156 [error] [/home/beast/.vscode/extensions/ms-python.vscode-python-envs-1.26.0-linux-x64]: Extension is not compatible with Code 1.107.1. Extension requires: ^1.110.0-20260204.
2026-06-24 02:53:02.157 [error] [/home/beast/.vscode/extensions/ms-python.vscode-python-envs-1.30.0-linux-x64]: Extension is not compatible with Code 1.107.1. Extension requires: ^1.110.0-20260204.
2026-06-24 02:53:02.158 [error] [/home/beast/.vscode/extensions/ms-python.vscode-python-envs-1.36.0-linux-x64]: Extension is not compatible with Code 1.107.1. Extension requires: ^1.110.0-20260204.
2026-06-24 02:53:02.160 [error] Error while installing the extension ms-python.vscode-python-envs Cannot read the extension from /home/beast/.vscode/extensions/ms-python.vscode-python-envs-1.36.0-linux-x64 vscode-userdata:/home/beast/.vscode/extensions/extensions.json
2026-06-24 02:53:02.231 [error] [/home/beast/.vscode/extensions/ms-python.vscode-python-envs-1.26.0-linux-x64]: Extension is not compatible with Code 1.107.1. Extension requires: ^1.110.0-20260204.
2026-06-24 02:53:02.231 [error] [/home/beast/.vscode/extensions/ms-python.vscode-python-envs-1.30.0-linux-x64]: Extension is not compatible with Code 1.107.1. Extension requires: ^1.110.0-20260204.
2026-06-24 02:53:02.234 [error] [/home/beast/.vscode/extensions/ms-python.vscode-python-envs-1.36.0-linux-x64]: Extension is not compatible with Code 1.107.1. Extension requires: ^1.110.0-20260204.
2026-06-24 02:53:14.734 [info] Getting Manifest... esbenp.prettier-vscode
2026-06-24 02:53:15.106 [info] Installing extension: esbenp.prettier-vscode {"isMachineScoped":false,"installPreReleaseVersion":false,"pinned":false,"profileLocation":{"$mid":1,"external":"vscode-userdata:/home/beast/.vscode/extensions/extensions.json","path":"/home/beast/.vscode/extensions/extensions.json","scheme":"vscode-userdata"},"isApplicationScoped":false,"productVersion":{"version":"1.107.1","date":"2025-12-17T14:15:14.850Z"}}
2026-06-24 02:53:15.154 [error] [/home/beast/.vscode/extensions/ms-python.vscode-python-envs-1.26.0-linux-x64]: Extension is not compatible with Code 1.107.1. Extension requires: ^1.110.0-20260204.
2026-06-24 02:53:15.155 [error] [/home/beast/.vscode/extensions/ms-python.vscode-python-envs-1.30.0-linux-x64]: Extension is not compatible with Code 1.107.1. Extension requires: ^1.110.0-20260204.
2026-06-24 02:53:15.156 [error] [/home/beast/.vscode/extensions/ms-python.vscode-python-envs-1.36.0-linux-x64]: Extension is not compatible with Code 1.107.1. Extension requires: ^1.110.0-20260204.
2026-06-24 02:53:15.224 [error] [/home/beast/.vscode/extensions/ms-python.vscode-python-envs-1.36.0-linux-x64]: Extension is not compatible with Code 1.107.1. Extension requires: ^1.110.0-20260204.
2026-06-24 02:53:15.226 [error] [/home/beast/.vscode/extensions/ms-python.vscode-python-envs-1.26.0-linux-x64]: Extension is not compatible with Code 1.107.1. Extension requires: ^1.110.0-20260204.
2026-06-24 02:53:15.227 [error] [/home/beast/.vscode/extensions/ms-python.vscode-python-envs-1.30.0-linux-x64]: Extension is not compatible with Code 1.107.1. Extension requires: ^1.110.0-20260204.
2026-06-24 02:53:17.777 [info] Extension signature verification result for esbenp.prettier-vscode: Success. Internal Code: 0. Executed: true. Duration: 735ms.
2026-06-24 02:53:18.055 [info] Extracted extension to file:///home/beast/.vscode/extensions/esbenp.prettier-vscode-12.4.0: esbenp.prettier-vscode
2026-06-24 02:53:18.064 [info] Renamed to /home/beast/.vscode/extensions/esbenp.prettier-vscode-12.4.0
2026-06-24 02:53:18.086 [error] [/home/beast/.vscode/extensions/ms-python.vscode-python-envs-1.26.0-linux-x64]: Extension is not compatible with Code 1.107.1. Extension requires: ^1.110.0-20260204.
2026-06-24 02:53:18.089 [error] [/home/beast/.vscode/extensions/ms-python.vscode-python-envs-1.30.0-linux-x64]: Extension is not compatible with Code 1.107.1. Extension requires: ^1.110.0-20260204.
2026-06-24 02:53:18.089 [error] [/home/beast/.vscode/extensions/ms-python.vscode-python-envs-1.36.0-linux-x64]: Extension is not compatible with Code 1.107.1. Extension requires: ^1.110.0-20260204.
2026-06-24 02:53:18.091 [info] Extension installed successfully: esbenp.prettier-vscode vscode-userdata:/home/beast/.vscode/extensions/extensions.json
2026-06-24 02:53:18.211 [error] [/home/beast/.vscode/extensions/ms-python.vscode-python-envs-1.26.0-linux-x64]: Extension is not compatible with Code 1.107.1. Extension requires: ^1.110.0-20260204.
2026-06-24 02:53:18.212 [error] [/home/beast/.vscode/extensions/ms-python.vscode-python-envs-1.30.0-linux-x64]: Extension is not compatible with Code 1.107.1. Extension requires: ^1.110.0-20260204.
2026-06-24 02:53:18.213 [error] [/home/beast/.vscode/extensions/ms-python.vscode-python-envs-1.36.0-linux-x64]: Extension is not compatible with Code 1.107.1. Extension requires: ^1.110.0-20260204.
