2026-06-07 22:06:58.655 [info] [main] Log level: Info
2026-06-07 22:06:58.655 [info] [main] Validating found git in: "git"
2026-06-07 22:06:58.655 [info] [main] Using git "2.53.0" from "git"
2026-06-07 22:06:58.655 [info] [Model][doInitialScan] Initial repository scan started
2026-06-07 22:06:58.655 [info] > git rev-parse --show-toplevel [2ms]
2026-06-07 22:06:58.683 [info] > git rev-parse --git-dir --git-common-dir --show-superproject-working-tree [29ms]
2026-06-07 22:06:58.699 [info] [Model][openRepository] Opened repository (path): /home/beast/dev/my-zsh-aliases
2026-06-07 22:06:58.699 [info] [Model][openRepository] Opened repository (real path): /home/beast/dev/my-zsh-aliases
2026-06-07 22:06:58.699 [info] [Model][openRepository] Opened repository (kind): repository
2026-06-07 22:06:58.714 [info] > git rev-parse --show-toplevel [2ms]
2026-06-07 22:06:58.715 [info] > git config --get commit.template [8ms]
2026-06-07 22:06:58.733 [info] > git rev-parse --show-toplevel [13ms]
2026-06-07 22:06:58.736 [info] [Model][doInitialScan] Initial repository scan completed - repositories (1), closed repositories (0), parent repositories (0), unsafe repositories (0)
2026-06-07 22:06:58.736 [info] > git for-each-ref --format=%(refname)%00%(upstream:short)%00%(objectname)%00%(upstream:track)%00%(upstream:remotename)%00%(upstream:remoteref) refs/heads/main refs/remotes/main [6ms]
2026-06-07 22:06:58.758 [info] > git status -z -uall [11ms]
2026-06-07 22:06:58.760 [info] > git for-each-ref --sort -committerdate --format %(refname)%00%(objectname)%00%(*objectname) [2ms]
2026-06-07 22:06:58.789 [info] > git for-each-ref --format=%(refname)%00%(upstream:short)%00%(objectname)%00%(upstream:track)%00%(upstream:remotename)%00%(upstream:remoteref) refs/heads/main refs/remotes/main [8ms]
2026-06-07 22:06:58.795 [info] > git config --get commit.template [8ms]
2026-06-07 22:06:58.797 [info] > git config --get --local branch.main.vscode-merge-base [3ms]
2026-06-07 22:06:58.797 [warning] [Git][config] git config failed: Failed to execute git
2026-06-07 22:06:58.811 [info] > git for-each-ref --format=%(refname)%00%(upstream:short)%00%(objectname)%00%(upstream:track)%00%(upstream:remotename)%00%(upstream:remoteref) refs/heads/main refs/remotes/main [3ms]
2026-06-07 22:06:58.811 [info] > git reflog main --grep-reflog=branch: Created from *. [9ms]
2026-06-07 22:06:58.819 [info] > git symbolic-ref --short refs/remotes/origin/HEAD [3ms]
2026-06-07 22:06:58.819 [info] fatal: ref refs/remotes/origin/HEAD is not a symbolic ref
2026-06-07 22:06:58.819 [warning] [Repository][getDefaultBranch] Failed to get default branch details: Failed to execute git.
2026-06-07 22:06:58.835 [info] > git status -z -uall [4ms]
2026-06-07 22:06:58.836 [info] > git merge-base refs/heads/main refs/remotes/origin/main [11ms]
2026-06-07 22:06:58.847 [info] > git for-each-ref --sort -committerdate --format %(refname)%00%(objectname)%00%(*objectname) [13ms]
2026-06-07 22:06:58.864 [info] > git merge-base refs/heads/main refs/remotes/origin/main [9ms]
2026-06-07 22:06:58.871 [info] > git diff --name-status -z --diff-filter=ADMR --find-renames=50% 1837198d04682a1527f5bedee51093812e0b33f7...refs/remotes/origin/main -- [26ms]
2026-06-07 22:06:58.877 [info] > git diff --name-status -z --diff-filter=ADMR --find-renames=50% 1837198d04682a1527f5bedee51093812e0b33f7...refs/remotes/origin/main -- [6ms]
2026-06-07 22:06:59.432 [info] > git check-ignore -v -z --stdin [1ms]
2026-06-07 22:07:05.805 [info] > git show --textconv :aliases.zsh [6ms]
2026-06-07 22:07:05.807 [info] > git ls-files --stage -- aliases.zsh [4ms]
2026-06-07 22:07:05.815 [info] > git cat-file -s 4dc9961b5e5eefffd54b2c2cdfb3439ef552e796 [2ms]
2026-06-07 22:08:15.799 [info] > git blame --root --incremental 1837198d04682a1527f5bedee51093812e0b33f7 -- aliases.zsh [2ms]
2026-06-07 22:08:47.949 [info] > git config --get commit.template [4ms]
2026-06-07 22:08:47.950 [info] > git for-each-ref --format=%(refname)%00%(upstream:short)%00%(objectname)%00%(upstream:track)%00%(upstream:remotename)%00%(upstream:remoteref) refs/heads/main refs/remotes/main [2ms]
2026-06-07 22:08:47.961 [info] > git status -z -uall [6ms]
2026-06-07 22:08:47.962 [info] > git for-each-ref --sort -committerdate --format %(refname)%00%(objectname)%00%(*objectname) [2ms]
2026-06-07 22:11:28.060 [info] > git show --textconv :start_htb.py [28ms]
2026-06-07 22:11:28.064 [info] > git ls-files --stage -- start_htb.py [26ms]
2026-06-07 22:11:28.074 [info] > git cat-file -s 8de26d690412c03533c0193e80679926a23a923f [4ms]
2026-06-07 22:12:20.729 [info] > git blame --root --incremental 1837198d04682a1527f5bedee51093812e0b33f7 -- start_htb.py [18ms]
2026-06-07 22:23:02.919 [info] [main] Log level: Info
2026-06-07 22:23:02.919 [info] [main] Validating found git in: "git"
2026-06-07 22:23:02.919 [info] [main] Using git "2.53.0" from "git"
2026-06-07 22:23:02.919 [info] [Model][doInitialScan] Initial repository scan started
2026-06-07 22:23:02.919 [info] > git rev-parse --show-toplevel [21ms]
2026-06-07 22:23:02.946 [info] > git rev-parse --git-dir --git-common-dir --show-superproject-working-tree [17ms]
2026-06-07 22:23:02.975 [info] [Model][openRepository] Opened repository (path): /home/beast/dev/my-zsh-aliases
2026-06-07 22:23:02.975 [info] [Model][openRepository] Opened repository (real path): /home/beast/dev/my-zsh-aliases
2026-06-07 22:23:02.975 [info] [Model][openRepository] Opened repository (kind): repository
2026-06-07 22:23:03.074 [info] > git config --get commit.template [85ms]
2026-06-07 22:23:03.139 [info] > git rev-parse --show-toplevel [146ms]
2026-06-07 22:23:03.365 [info] > git rev-parse --show-toplevel [61ms]
2026-06-07 22:23:03.368 [info] [Model][doInitialScan] Initial repository scan completed - repositories (1), closed repositories (0), parent repositories (0), unsafe repositories (0)
2026-06-07 22:23:03.368 [info] > git for-each-ref --format=%(refname)%00%(upstream:short)%00%(objectname)%00%(upstream:track)%00%(upstream:remotename)%00%(upstream:remoteref) refs/heads/main refs/remotes/main [71ms]
2026-06-07 22:23:03.464 [info] > git status -z -uall [30ms]
2026-06-07 22:23:03.468 [info] > git for-each-ref --sort -committerdate --format %(refname)%00%(objectname)%00%(*objectname) [14ms]
2026-06-07 22:23:03.540 [info] > git for-each-ref --format=%(refname)%00%(upstream:short)%00%(objectname)%00%(upstream:track)%00%(upstream:remotename)%00%(upstream:remoteref) refs/heads/main refs/remotes/main [38ms]
2026-06-07 22:23:03.550 [info] > git config --get --local branch.main.vscode-merge-base [4ms]
2026-06-07 22:23:03.550 [warning] [Git][config] git config failed: Failed to execute git
2026-06-07 22:23:03.557 [info] > git config --get commit.template [35ms]
2026-06-07 22:23:03.570 [info] > git reflog main --grep-reflog=branch: Created from *. [14ms]
2026-06-07 22:23:03.621 [info] > git symbolic-ref --short refs/remotes/origin/HEAD [32ms]
2026-06-07 22:23:03.621 [info] fatal: ref refs/remotes/origin/HEAD is not a symbolic ref
2026-06-07 22:23:03.621 [warning] [Repository][getDefaultBranch] Failed to get default branch details: Failed to execute git.
2026-06-07 22:23:03.639 [info] > git check-ignore -v -z --stdin [25ms]
2026-06-07 22:23:03.647 [info] > git for-each-ref --format=%(refname)%00%(upstream:short)%00%(objectname)%00%(upstream:track)%00%(upstream:remotename)%00%(upstream:remoteref) refs/heads/main refs/remotes/main [20ms]
2026-06-07 22:23:03.653 [info] > git merge-base refs/heads/main refs/remotes/origin/main [16ms]
2026-06-07 22:23:03.704 [info] > git diff --name-status -z --diff-filter=ADMR --find-renames=50% 1837198d04682a1527f5bedee51093812e0b33f7...refs/remotes/origin/main -- [32ms]
2026-06-07 22:23:03.712 [info] > git status -z -uall [15ms]
2026-06-07 22:23:03.714 [info] > git for-each-ref --sort -committerdate --format %(refname)%00%(objectname)%00%(*objectname) [10ms]
2026-06-07 22:23:06.489 [info] > git show --textconv :aliases.zsh [2ms]
2026-06-07 22:23:06.525 [info] > git ls-files --stage -- aliases.zsh [29ms]
2026-06-07 22:23:06.540 [info] > git cat-file -s 4dc9961b5e5eefffd54b2c2cdfb3439ef552e796 [8ms]
2026-06-07 22:23:06.617 [info] > git blame --root --incremental 1837198d04682a1527f5bedee51093812e0b33f7 -- aliases.zsh [5ms]
2026-06-07 22:23:09.051 [info] > git check-ignore -v -z --stdin [1ms]
2026-06-07 22:39:02.854 [info] > git config --get commit.template [1ms]
2026-06-07 22:39:02.861 [info] > git for-each-ref --format=%(refname)%00%(upstream:short)%00%(objectname)%00%(upstream:track)%00%(upstream:remotename)%00%(upstream:remoteref) refs/heads/main refs/remotes/main [1ms]
2026-06-07 22:39:02.872 [info] > git status -z -uall [6ms]
2026-06-07 22:39:02.873 [info] > git for-each-ref --sort -committerdate --format %(refname)%00%(objectname)%00%(*objectname) [1ms]
2026-06-07 22:41:51.238 [info] > git config --get commit.template [1ms]
2026-06-07 22:41:51.246 [info] > git for-each-ref --format=%(refname)%00%(upstream:short)%00%(objectname)%00%(upstream:track)%00%(upstream:remotename)%00%(upstream:remoteref) refs/heads/main refs/remotes/main [0ms]
2026-06-07 22:41:51.257 [info] > git status -z -uall [6ms]
2026-06-07 22:41:51.258 [info] > git for-each-ref --sort -committerdate --format %(refname)%00%(objectname)%00%(*objectname) [2ms]
2026-06-07 22:44:47.551 [info] > git config --get commit.template [11ms]
2026-06-07 22:44:47.554 [info] > git ls-files --stage -- aliases.zsh [3ms]
2026-06-07 22:44:47.576 [info] > git cat-file -s efbba77898a0d3478967c39ec241cd82733df0a5 [13ms]
2026-06-07 22:44:47.577 [info] > git for-each-ref --format=%(refname)%00%(upstream:short)%00%(objectname)%00%(upstream:track)%00%(upstream:remotename)%00%(upstream:remoteref) refs/heads/main refs/remotes/main [4ms]
2026-06-07 22:44:47.614 [info] > git status -z -uall [28ms]
2026-06-07 22:44:47.614 [info] > git for-each-ref --sort -committerdate --format %(refname)%00%(objectname)%00%(*objectname) [12ms]
2026-06-07 22:44:47.637 [info] > git show --textconv :aliases.zsh [23ms]
2026-06-07 22:44:47.639 [info] > git merge-base refs/heads/main refs/remotes/origin/main [5ms]
2026-06-07 22:44:47.648 [info] > git blame --root --incremental db390c139d567876e2f9fe178642ea55c7ed3ee9 -- aliases.zsh [21ms]
2026-06-07 22:44:47.651 [info] > git diff --name-status -z --diff-filter=ADMR --find-renames=50% db390c139d567876e2f9fe178642ea55c7ed3ee9...refs/remotes/origin/main -- [3ms]
2026-06-07 22:44:52.651 [info] > git config --get commit.template [5ms]
2026-06-07 22:44:52.652 [info] > git for-each-ref --format=%(refname)%00%(upstream:short)%00%(objectname)%00%(upstream:track)%00%(upstream:remotename)%00%(upstream:remoteref) refs/heads/main refs/remotes/main [1ms]
2026-06-07 22:44:52.664 [info] > git status -z -uall [6ms]
2026-06-07 22:44:52.665 [info] > git for-each-ref --sort -committerdate --format %(refname)%00%(objectname)%00%(*objectname) [2ms]
2026-06-07 22:58:05.713 [info] > git show --textconv :exploit_finder.py [17ms]
2026-06-07 22:58:05.714 [info] > git ls-files --stage -- exploit_finder.py [6ms]
2026-06-07 22:58:05.732 [info] > git hash-object -t tree /dev/null [11ms]
2026-06-07 22:58:05.732 [warning] [GitFileSystemProvider][stat] File not found - git:/home/beast/dev/my-zsh-aliases/exploit_finder.py.git?%7B%22path%22%3A%22%2Fhome%2Fbeast%2Fdev%2Fmy-zsh-aliases%2Fexploit_finder.py%22%2C%22ref%22%3A%22%22%7D
2026-06-07 22:58:05.734 [info] > git hash-object -t tree /dev/null [3ms]
2026-06-07 22:58:05.734 [warning] [GitFileSystemProvider][readFile] File not found - git:/home/beast/dev/my-zsh-aliases/exploit_finder.py.git?%7B%22path%22%3A%22%2Fhome%2Fbeast%2Fdev%2Fmy-zsh-aliases%2Fexploit_finder.py%22%2C%22ref%22%3A%22%22%7D
2026-06-07 22:58:05.922 [info] > git check-ignore -v -z --stdin [2ms]
2026-06-07 22:58:06.551 [info] > git config --get commit.template [1ms]
2026-06-07 22:58:06.566 [info] > git for-each-ref --format=%(refname)%00%(upstream:short)%00%(objectname)%00%(upstream:track)%00%(upstream:remotename)%00%(upstream:remoteref) refs/heads/main refs/remotes/main [7ms]
2026-06-07 22:58:06.580 [info] > git status -z -uall [7ms]
2026-06-07 22:58:06.582 [info] > git for-each-ref --sort -committerdate --format %(refname)%00%(objectname)%00%(*objectname) [2ms]
2026-06-07 22:58:29.048 [info] > git config --get commit.template [2ms]
2026-06-07 22:58:29.055 [info] > git for-each-ref --format=%(refname)%00%(upstream:short)%00%(objectname)%00%(upstream:track)%00%(upstream:remotename)%00%(upstream:remoteref) refs/heads/main refs/remotes/main [2ms]
2026-06-07 22:58:29.065 [info] > git status -z -uall [5ms]
2026-06-07 22:58:29.066 [info] > git for-each-ref --sort -committerdate --format %(refname)%00%(objectname)%00%(*objectname) [1ms]
2026-06-07 22:59:47.697 [info] > git config --get commit.template [6ms]
2026-06-07 22:59:47.697 [info] > git for-each-ref --format=%(refname)%00%(upstream:short)%00%(objectname)%00%(upstream:track)%00%(upstream:remotename)%00%(upstream:remoteref) refs/heads/main refs/remotes/main [1ms]
2026-06-07 22:59:47.712 [info] > git status -z -uall [7ms]
2026-06-07 22:59:47.713 [info] > git for-each-ref --sort -committerdate --format %(refname)%00%(objectname)%00%(*objectname) [2ms]
2026-06-07 23:00:15.643 [info] > git config --get commit.template [0ms]
2026-06-07 23:00:15.650 [info] > git for-each-ref --format=%(refname)%00%(upstream:short)%00%(objectname)%00%(upstream:track)%00%(upstream:remotename)%00%(upstream:remoteref) refs/heads/main refs/remotes/main [1ms]
2026-06-07 23:00:15.661 [info] > git status -z -uall [6ms]
2026-06-07 23:00:15.662 [info] > git for-each-ref --sort -committerdate --format %(refname)%00%(objectname)%00%(*objectname) [2ms]
2026-06-07 23:16:34.191 [info] > git show --textconv :README.md [10ms]
2026-06-07 23:16:34.192 [info] > git ls-files --stage -- README.md [1ms]
2026-06-07 23:16:34.206 [info] > git cat-file -s 6cd64d4a2c5161d2dcf7bbdcb1fb2cd8d9f77996 [5ms]
2026-06-07 23:16:41.347 [info] > git blame --root --incremental db390c139d567876e2f9fe178642ea55c7ed3ee9 -- README.md [2ms]
2026-06-07 23:17:16.518 [info] > git config --get commit.template [6ms]
2026-06-07 23:17:16.519 [info] > git for-each-ref --format=%(refname)%00%(upstream:short)%00%(objectname)%00%(upstream:track)%00%(upstream:remotename)%00%(upstream:remoteref) refs/heads/main refs/remotes/main [2ms]
2026-06-07 23:17:16.531 [info] > git status -z -uall [7ms]
2026-06-07 23:17:16.532 [info] > git for-each-ref --sort -committerdate --format %(refname)%00%(objectname)%00%(*objectname) [1ms]
2026-06-07 23:17:34.135 [info] > git show --textconv :README.md [9ms]
2026-06-07 23:17:34.137 [info] > git ls-files --stage -- README.md [2ms]
2026-06-07 23:17:34.145 [info] > git cat-file -s 6cd64d4a2c5161d2dcf7bbdcb1fb2cd8d9f77996 [2ms]
2026-06-07 23:17:36.832 [info] > git config --get commit.template [6ms]
2026-06-07 23:17:36.832 [info] > git for-each-ref --format=%(refname)%00%(upstream:short)%00%(objectname)%00%(upstream:track)%00%(upstream:remotename)%00%(upstream:remoteref) refs/heads/main refs/remotes/main [1ms]
2026-06-07 23:17:36.844 [info] > git status -z -uall [6ms]
2026-06-07 23:17:36.846 [info] > git for-each-ref --sort -committerdate --format %(refname)%00%(objectname)%00%(*objectname) [3ms]
2026-06-07 23:18:29.029 [info] > git check-ignore -v -z --stdin [4ms]
2026-06-07 23:18:55.027 [info] > git check-ignore -v -z --stdin [1ms]
2026-06-07 23:20:12.201 [info] > git config --get commit.template [11ms]
2026-06-07 23:20:12.203 [info] > git for-each-ref --format=%(refname)%00%(upstream:short)%00%(objectname)%00%(upstream:track)%00%(upstream:remotename)%00%(upstream:remoteref) refs/heads/main refs/remotes/main [5ms]
2026-06-07 23:20:12.219 [info] > git status -z -uall [8ms]
2026-06-07 23:20:12.220 [info] > git for-each-ref --sort -committerdate --format %(refname)%00%(objectname)%00%(*objectname) [2ms]
2026-06-07 23:20:17.239 [info] > git config --get commit.template [7ms]
2026-06-07 23:20:17.240 [info] > git for-each-ref --format=%(refname)%00%(upstream:short)%00%(objectname)%00%(upstream:track)%00%(upstream:remotename)%00%(upstream:remoteref) refs/heads/main refs/remotes/main [2ms]
2026-06-07 23:20:17.252 [info] > git status -z -uall [6ms]
2026-06-07 23:20:17.253 [info] > git for-each-ref --sort -committerdate --format %(refname)%00%(objectname)%00%(*objectname) [2ms]
2026-06-07 23:22:15.890 [info] > git config --get commit.template [12ms]
2026-06-07 23:22:15.891 [info] > git for-each-ref --format=%(refname)%00%(upstream:short)%00%(objectname)%00%(upstream:track)%00%(upstream:remotename)%00%(upstream:remoteref) refs/heads/main refs/remotes/main [3ms]
2026-06-07 23:22:15.917 [info] > git status -z -uall [16ms]
2026-06-07 23:22:15.917 [info] > git for-each-ref --sort -committerdate --format %(refname)%00%(objectname)%00%(*objectname) [4ms]
2026-06-07 23:22:55.369 [info] > git config --get commit.template [14ms]
2026-06-07 23:22:55.371 [info] > git for-each-ref --format=%(refname)%00%(upstream:short)%00%(objectname)%00%(upstream:track)%00%(upstream:remotename)%00%(upstream:remoteref) refs/heads/main refs/remotes/main [2ms]
2026-06-07 23:22:55.392 [info] > git status -z -uall [14ms]
2026-06-07 23:22:55.392 [info] > git for-each-ref --sort -committerdate --format %(refname)%00%(objectname)%00%(*objectname) [3ms]
2026-06-07 23:24:01.274 [info] > git config --get commit.template [1ms]
2026-06-07 23:24:01.280 [info] > git for-each-ref --format=%(refname)%00%(upstream:short)%00%(objectname)%00%(upstream:track)%00%(upstream:remotename)%00%(upstream:remoteref) refs/heads/main refs/remotes/main [1ms]
2026-06-07 23:24:01.292 [info] > git status -z -uall [6ms]
2026-06-07 23:24:01.293 [info] > git for-each-ref --sort -committerdate --format %(refname)%00%(objectname)%00%(*objectname) [2ms]
2026-06-07 23:27:42.246 [info] > git config --get commit.template [7ms]
2026-06-07 23:27:42.247 [info] > git for-each-ref --format=%(refname)%00%(upstream:short)%00%(objectname)%00%(upstream:track)%00%(upstream:remotename)%00%(upstream:remoteref) refs/heads/main refs/remotes/main [2ms]
2026-06-07 23:27:42.270 [info] > git status -z -uall [16ms]
2026-06-07 23:27:42.270 [info] > git for-each-ref --sort -committerdate --format %(refname)%00%(objectname)%00%(*objectname) [4ms]
