2026-06-08 00:05:59.530 [info] Reading sessions from keychain...
2026-06-08 00:05:59.530 [info] Getting sessions for all scopes...
2026-06-08 00:05:59.530 [info] Got 0 sessions for ...
2026-06-08 00:05:59.530 [info] Getting sessions for all scopes...
2026-06-08 00:05:59.530 [info] Got 0 sessions for ...
2026-06-08 00:05:59.530 [info] Getting sessions for all scopes...
2026-06-08 00:05:59.530 [info] Got 0 sessions for ...
2026-06-08 00:05:59.530 [info] Getting sessions for all scopes...
2026-06-08 00:05:59.530 [info] Got 0 sessions for ...
2026-06-08 00:05:59.530 [info] Getting sessions for all scopes...
2026-06-08 00:05:59.530 [info] Got 0 sessions for ...
2026-06-08 00:05:59.530 [info] Getting sessions for all scopes...
2026-06-08 00:05:59.530 [info] Got 0 sessions for ...
2026-06-08 00:05:59.530 [info] Getting sessions for all scopes...
2026-06-08 00:05:59.530 [info] Got 0 sessions for ...
2026-06-08 00:05:59.530 [info] Getting sessions for all scopes...
2026-06-08 00:05:59.530 [info] Got 0 sessions for ...
2026-06-08 00:05:59.530 [info] Getting sessions for all scopes...
2026-06-08 00:05:59.530 [info] Got 0 sessions for ...
2026-06-08 00:05:59.530 [info] Getting sessions for all scopes...
2026-06-08 00:05:59.530 [info] Got 0 sessions for ...
2026-06-08 00:05:59.530 [info] Getting sessions for all scopes...
2026-06-08 00:05:59.530 [info] Got 0 sessions for ...
2026-06-08 00:05:59.530 [info] Getting sessions for all scopes...
2026-06-08 00:05:59.530 [info] Got 0 sessions for ...
2026-06-08 00:05:59.530 [info] Getting sessions for all scopes...
2026-06-08 00:05:59.530 [info] Got 0 sessions for ...
2026-06-08 00:05:59.530 [info] Getting sessions for all scopes...
2026-06-08 00:05:59.530 [info] Got 0 sessions for ...
2026-06-08 00:05:59.530 [info] Getting sessions for all scopes...
2026-06-08 00:05:59.530 [info] Got 0 sessions for ...
2026-06-08 00:05:59.530 [info] Getting sessions for all scopes...
2026-06-08 00:05:59.530 [info] Got 0 sessions for ...
2026-06-08 00:06:00.432 [info] Getting sessions for all scopes...
2026-06-08 00:06:00.432 [info] Got 0 sessions for ...
2026-06-08 00:06:02.172 [info] Getting sessions for read:user,repo,user:email,workflow...
2026-06-08 00:06:02.172 [info] Got 0 sessions for read:user,repo,user:email,workflow...
