2026-04-12 22:58:51.562 [info] Reading sessions from keychain...
2026-04-12 22:58:51.562 [info] Getting sessions for all scopes...
2026-04-12 22:58:51.562 [info] Got 0 sessions for ...
2026-04-12 22:58:51.562 [info] Getting sessions for all scopes...
2026-04-12 22:58:51.562 [info] Got 0 sessions for ...
2026-04-12 22:58:51.562 [info] Getting sessions for all scopes...
2026-04-12 22:58:51.562 [info] Got 0 sessions for ...
2026-04-12 22:58:51.562 [info] Getting sessions for all scopes...
2026-04-12 22:58:51.562 [info] Got 0 sessions for ...
2026-04-12 22:58:51.562 [info] Getting sessions for all scopes...
2026-04-12 22:58:51.562 [info] Got 0 sessions for ...
2026-04-12 22:58:51.562 [info] Getting sessions for all scopes...
2026-04-12 22:58:51.562 [info] Got 0 sessions for ...
2026-04-12 22:58:51.562 [info] Getting sessions for all scopes...
2026-04-12 22:58:51.562 [info] Got 0 sessions for ...
2026-04-12 22:58:51.587 [info] Getting sessions for all scopes...
2026-04-12 22:58:51.587 [info] Got 0 sessions for ...
2026-04-12 22:58:51.587 [info] Getting sessions for all scopes...
2026-04-12 22:58:51.587 [info] Got 0 sessions for ...
2026-04-12 22:58:51.587 [info] Getting sessions for all scopes...
2026-04-12 22:58:51.587 [info] Got 0 sessions for ...
2026-04-12 22:58:51.587 [info] Getting sessions for all scopes...
2026-04-12 22:58:51.587 [info] Got 0 sessions for ...
2026-04-12 22:58:51.588 [info] Getting sessions for all scopes...
2026-04-12 22:58:51.588 [info] Got 0 sessions for ...
2026-04-12 22:58:51.588 [info] Getting sessions for all scopes...
2026-04-12 22:58:51.588 [info] Got 0 sessions for ...
2026-04-12 22:58:51.654 [info] Getting sessions for all scopes...
2026-04-12 22:58:51.654 [info] Got 0 sessions for ...
2026-04-12 22:58:51.741 [info] Getting sessions for all scopes...
2026-04-12 22:58:51.741 [info] Got 0 sessions for ...
2026-04-12 22:58:53.292 [info] Getting sessions for all scopes...
2026-04-12 22:58:53.292 [info] Got 0 sessions for ...
2026-04-12 22:58:54.467 [info] Getting sessions for read:user,repo,user:email,workflow...
2026-04-12 22:58:54.467 [info] Got 0 sessions for read:user,repo,user:email,workflow...
2026-04-12 22:58:54.557 [info] Getting sessions for read:user,repo,user:email,workflow...
2026-04-12 22:58:54.557 [info] Got 0 sessions for read:user,repo,user:email,workflow...
2026-04-12 22:58:54.690 [info] Getting sessions for read:user,repo,user:email,workflow...
2026-04-12 22:58:54.690 [info] Got 0 sessions for read:user,repo,user:email,workflow...
2026-04-12 22:58:54.919 [info] Getting sessions for read:user,repo,user:email,workflow...
2026-04-12 22:58:54.919 [info] Got 0 sessions for read:user,repo,user:email,workflow...
