2026-06-23 19:31:27.719 [info] Reading sessions from keychain...
2026-06-23 19:31:27.719 [info] Getting sessions for all scopes...
2026-06-23 19:31:27.719 [info] Got 0 sessions for ...
2026-06-23 19:31:27.719 [info] Getting sessions for all scopes...
2026-06-23 19:31:27.719 [info] Got 0 sessions for ...
2026-06-23 19:31:27.719 [info] Getting sessions for all scopes...
2026-06-23 19:31:27.719 [info] Got 0 sessions for ...
2026-06-23 19:31:27.719 [info] Getting sessions for all scopes...
2026-06-23 19:31:27.719 [info] Got 0 sessions for ...
2026-06-23 19:31:27.719 [info] Getting sessions for all scopes...
2026-06-23 19:31:27.719 [info] Got 0 sessions for ...
2026-06-23 19:31:27.719 [info] Getting sessions for all scopes...
2026-06-23 19:31:27.719 [info] Got 0 sessions for ...
2026-06-23 19:31:27.719 [info] Getting sessions for all scopes...
2026-06-23 19:31:27.719 [info] Got 0 sessions for ...
2026-06-23 19:31:27.719 [info] Getting sessions for all scopes...
2026-06-23 19:31:27.719 [info] Got 0 sessions for ...
2026-06-23 19:31:27.719 [info] Getting sessions for all scopes...
2026-06-23 19:31:27.719 [info] Got 0 sessions for ...
2026-06-23 19:31:27.751 [info] Getting sessions for all scopes...
2026-06-23 19:31:27.751 [info] Got 0 sessions for ...
2026-06-23 19:31:27.752 [info] Getting sessions for all scopes...
2026-06-23 19:31:27.752 [info] Got 0 sessions for ...
2026-06-23 19:31:27.752 [info] Getting sessions for all scopes...
2026-06-23 19:31:27.752 [info] Got 0 sessions for ...
2026-06-23 19:31:27.752 [info] Getting sessions for all scopes...
2026-06-23 19:31:27.752 [info] Got 0 sessions for ...
2026-06-23 19:31:27.752 [info] Getting sessions for all scopes...
2026-06-23 19:31:27.752 [info] Got 0 sessions for ...
2026-06-23 19:31:27.752 [info] Getting sessions for all scopes...
2026-06-23 19:31:27.752 [info] Got 0 sessions for ...
2026-06-23 19:31:27.883 [info] Getting sessions for all scopes...
2026-06-23 19:31:27.883 [info] Got 0 sessions for ...
2026-06-23 19:31:27.885 [info] Getting sessions for all scopes...
2026-06-23 19:31:27.885 [info] Got 0 sessions for ...
2026-06-23 19:31:30.338 [info] Getting sessions for all scopes...
2026-06-23 19:31:30.338 [info] Got 0 sessions for ...
2026-06-23 19:31:42.446 [info] Reading sessions from keychain...
2026-06-23 19:31:42.446 [info] Getting sessions for all scopes...
2026-06-23 19:31:42.446 [info] Got 0 sessions for ...
2026-06-23 19:31:42.446 [info] Getting sessions for all scopes...
2026-06-23 19:31:42.446 [info] Got 0 sessions for ...
2026-06-23 19:31:42.446 [info] Getting sessions for all scopes...
2026-06-23 19:31:42.446 [info] Got 0 sessions for ...
2026-06-23 19:31:42.446 [info] Getting sessions for all scopes...
2026-06-23 19:31:42.446 [info] Got 0 sessions for ...
2026-06-23 19:31:42.446 [info] Getting sessions for all scopes...
2026-06-23 19:31:42.446 [info] Got 0 sessions for ...
2026-06-23 19:31:42.446 [info] Getting sessions for all scopes...
2026-06-23 19:31:42.446 [info] Got 0 sessions for ...
2026-06-23 19:31:42.446 [info] Getting sessions for all scopes...
2026-06-23 19:31:42.446 [info] Got 0 sessions for ...
2026-06-23 19:31:42.446 [info] Getting sessions for all scopes...
2026-06-23 19:31:42.446 [info] Got 0 sessions for ...
2026-06-23 19:31:42.446 [info] Getting sessions for all scopes...
2026-06-23 19:31:42.446 [info] Got 0 sessions for ...
2026-06-23 19:31:42.446 [info] Getting sessions for all scopes...
2026-06-23 19:31:42.446 [info] Got 0 sessions for ...
2026-06-23 19:31:42.447 [info] Getting sessions for all scopes...
2026-06-23 19:31:42.447 [info] Got 0 sessions for ...
2026-06-23 19:31:42.447 [info] Getting sessions for all scopes...
2026-06-23 19:31:42.447 [info] Got 0 sessions for ...
2026-06-23 19:31:42.447 [info] Getting sessions for all scopes...
2026-06-23 19:31:42.447 [info] Got 0 sessions for ...
2026-06-23 19:31:42.480 [info] Getting sessions for all scopes...
2026-06-23 19:31:42.480 [info] Got 0 sessions for ...
2026-06-23 19:31:42.504 [info] Getting sessions for all scopes...
2026-06-23 19:31:42.504 [info] Got 0 sessions for ...
2026-06-23 19:31:44.051 [info] Getting sessions for all scopes...
2026-06-23 19:31:44.051 [info] Got 0 sessions for ...
2026-06-23 19:32:23.908 [info] Reading sessions from keychain...
2026-06-23 19:32:23.908 [info] Getting sessions for all scopes...
2026-06-23 19:32:23.908 [info] Got 0 sessions for ...
2026-06-23 19:32:23.908 [info] Getting sessions for all scopes...
2026-06-23 19:32:23.908 [info] Got 0 sessions for ...
2026-06-23 19:32:23.908 [info] Getting sessions for all scopes...
2026-06-23 19:32:23.908 [info] Got 0 sessions for ...
2026-06-23 19:32:23.908 [info] Getting sessions for all scopes...
2026-06-23 19:32:23.908 [info] Got 0 sessions for ...
2026-06-23 19:32:23.908 [info] Getting sessions for all scopes...
2026-06-23 19:32:23.908 [info] Got 0 sessions for ...
2026-06-23 19:32:23.908 [info] Getting sessions for all scopes...
2026-06-23 19:32:23.908 [info] Got 0 sessions for ...
2026-06-23 19:32:23.908 [info] Getting sessions for all scopes...
2026-06-23 19:32:23.908 [info] Got 0 sessions for ...
2026-06-23 19:32:23.916 [info] Getting sessions for all scopes...
2026-06-23 19:32:23.916 [info] Got 0 sessions for ...
2026-06-23 19:32:23.916 [info] Getting sessions for all scopes...
2026-06-23 19:32:23.916 [info] Got 0 sessions for ...
2026-06-23 19:32:23.917 [info] Getting sessions for all scopes...
2026-06-23 19:32:23.917 [info] Got 0 sessions for ...
2026-06-23 19:32:23.917 [info] Getting sessions for all scopes...
2026-06-23 19:32:23.917 [info] Got 0 sessions for ...
2026-06-23 19:32:23.917 [info] Getting sessions for all scopes...
2026-06-23 19:32:23.917 [info] Got 0 sessions for ...
2026-06-23 19:32:23.917 [info] Getting sessions for all scopes...
2026-06-23 19:32:23.917 [info] Got 0 sessions for ...
2026-06-23 19:32:23.979 [info] Getting sessions for all scopes...
2026-06-23 19:32:23.979 [info] Got 0 sessions for ...
2026-06-23 19:32:23.985 [info] Getting sessions for all scopes...
2026-06-23 19:32:23.985 [info] Got 0 sessions for ...
2026-06-23 19:32:25.616 [info] Getting sessions for all scopes...
2026-06-23 19:32:25.616 [info] Got 0 sessions for ...
2026-06-23 19:32:27.451 [info] Getting sessions for read:user,repo,user:email,workflow...
2026-06-23 19:32:27.451 [info] Got 0 sessions for read:user,repo,user:email,workflow...
2026-06-23 19:32:28.239 [info] Getting sessions for read:user,repo,user:email,workflow...
2026-06-23 19:32:28.239 [info] Got 0 sessions for read:user,repo,user:email,workflow...
