2026-04-14 19:11:36.120 [error] [/home/beast/.vscode/extensions/ms-python.vscode-python-envs-1.26.0-linux-x64]: Extension is not compatible with Code 1.107.1. Extension requires: ^1.110.0-20260204.
2026-04-14 19:11:36.124 [error] [/home/beast/.vscode/extensions/ms-python.vscode-python-envs-1.26.0-linux-x64]: Extension is not compatible with Code 1.107.1. Extension requires: ^1.110.0-20260204.
2026-04-14 19:11:36.167 [error] [/home/beast/.vscode/extensions/ms-python.vscode-python-envs-1.26.0-linux-x64]: Extension is not compatible with Code 1.107.1. Extension requires: ^1.110.0-20260204.
2026-04-14 19:11:36.363 [error] [/home/beast/.vscode/extensions/ms-python.vscode-python-envs-1.26.0-linux-x64]: Extension is not compatible with Code 1.107.1. Extension requires: ^1.110.0-20260204.
2026-04-14 19:11:36.646 [error] [/home/beast/.vscode/extensions/ms-python.vscode-python-envs-1.26.0-linux-x64]: Extension is not compatible with Code 1.107.1. Extension requires: ^1.110.0-20260204.
2026-04-14 19:11:36.882 [error] [/home/beast/.vscode/extensions/ms-python.vscode-python-envs-1.26.0-linux-x64]: Extension is not compatible with Code 1.107.1. Extension requires: ^1.110.0-20260204.
2026-04-14 19:11:37.009 [error] [/home/beast/.vscode/extensions/ms-python.vscode-python-envs-1.26.0-linux-x64]: Extension is not compatible with Code 1.107.1. Extension requires: ^1.110.0-20260204.
2026-04-14 19:11:37.179 [error] [/home/beast/.vscode/extensions/ms-python.vscode-python-envs-1.26.0-linux-x64]: Extension is not compatible with Code 1.107.1. Extension requires: ^1.110.0-20260204.
2026-04-14 19:11:37.767 [error] [/home/beast/.vscode/extensions/ms-python.vscode-python-envs-1.26.0-linux-x64]: Extension is not compatible with Code 1.107.1. Extension requires: ^1.110.0-20260204.
2026-04-14 19:11:37.887 [error] [/home/beast/.vscode/extensions/ms-python.vscode-python-envs-1.26.0-linux-x64]: Extension is not compatible with Code 1.107.1. Extension requires: ^1.110.0-20260204.
2026-04-14 19:11:38.122 [error] [/home/beast/.vscode/extensions/ms-python.vscode-python-envs-1.26.0-linux-x64]: Extension is not compatible with Code 1.107.1. Extension requires: ^1.110.0-20260204.
2026-04-14 19:11:39.018 [error] [/home/beast/.vscode/extensions/ms-python.vscode-python-envs-1.26.0-linux-x64]: Extension is not compatible with Code 1.107.1. Extension requires: ^1.110.0-20260204.
2026-04-14 19:11:39.248 [error] [/home/beast/.vscode/extensions/ms-python.vscode-python-envs-1.26.0-linux-x64]: Extension is not compatible with Code 1.107.1. Extension requires: ^1.110.0-20260204.
2026-04-14 19:11:39.781 [error] [/home/beast/.vscode/extensions/ms-python.vscode-python-envs-1.26.0-linux-x64]: Extension is not compatible with Code 1.107.1. Extension requires: ^1.110.0-20260204.
2026-04-14 19:11:40.161 [error] [/home/beast/.vscode/extensions/ms-python.vscode-python-envs-1.26.0-linux-x64]: Extension is not compatible with Code 1.107.1. Extension requires: ^1.110.0-20260204.
2026-04-14 19:11:40.369 [error] [uncaught exception in sharedProcess]: Channel name 'extensionRecommendationNotification' timed out after 1000ms
2026-04-14 19:11:41.303 [error] [/home/beast/.vscode/extensions/ms-python.vscode-python-envs-1.26.0-linux-x64]: Extension is not compatible with Code 1.107.1. Extension requires: ^1.110.0-20260204.
2026-04-14 19:11:41.972 [error] [/home/beast/.vscode/extensions/ms-python.vscode-python-envs-1.26.0-linux-x64]: Extension is not compatible with Code 1.107.1. Extension requires: ^1.110.0-20260204.
2026-04-14 19:12:05.132 [info] Getting Manifest... ms-python.vscode-python-envs
2026-04-14 19:12:05.514 [info] Installing extension: ms-python.vscode-python-envs {"productVersion":{"version":"1.115.0","date":"2026-04-07T22:15:24.268Z"},"pinned":false,"operation":3,"isApplicationScoped":false,"profileLocation":{"$mid":1,"external":"vscode-userdata:/home/beast/.vscode/extensions/extensions.json","path":"/home/beast/.vscode/extensions/extensions.json","scheme":"vscode-userdata"}}
2026-04-14 19:12:05.627 [error] [/home/beast/.vscode/extensions/ms-python.vscode-python-envs-1.26.0-linux-x64]: Extension is not compatible with Code 1.107.1. Extension requires: ^1.110.0-20260204.
2026-04-14 19:12:05.631 [error] Error while installing the extension ms-python.vscode-python-envs Cannot read the extension from /home/beast/.vscode/extensions/ms-python.vscode-python-envs-1.26.0-linux-x64 vscode-userdata:/home/beast/.vscode/extensions/extensions.json
2026-04-14 19:12:05.668 [error] [/home/beast/.vscode/extensions/ms-python.vscode-python-envs-1.26.0-linux-x64]: Extension is not compatible with Code 1.107.1. Extension requires: ^1.110.0-20260204.
