2026-04-14 19:11:37.940 [info] Python-envs extension version: 1.20.1
2026-04-14 19:11:37.940 [info] 
=== Python Envs Configuration Levels ===
2026-04-14 19:11:37.940 [info] {
  "section": "Python Envs Configuration Levels",
  "defaultEnvManager": {
    "workspaceFolderValue": "undefined",
    "workspaceValue": "undefined",
    "globalValue": "undefined",
    "defaultValue": "ms-python.python:venv"
  },
  "defaultPackageManager": {
    "workspaceFolderValue": "undefined",
    "workspaceValue": "undefined",
    "globalValue": "undefined",
    "defaultValue": "ms-python.python:pip"
  }
}
2026-04-14 19:11:37.940 [info] [pet] Starting Python Locator /home/beast/.vscode/extensions/ms-python.vscode-python-envs-1.20.1-linux-x64/python-env-tools/bin/pet server
2026-04-14 19:11:37.940 [info] [pet] configure: Sending configuration update: {"workspaceDirectories":["/home/beast/HTB/Silentium"],"environmentDirectories":["/home/beast/HTB/Silentium/**/.venv"],"pipenvExecutable":"pipenv","poetryExecutable":"poetry","cacheDirectory":"/home/beast/.config/Code/User/globalStorage/ms-python.vscode-python-envs/pythonLocator"}
2026-04-14 19:11:38.877 [info] Discovered manager: (Pyenv) /home/beast/.pyenv/bin/pyenv
2026-04-14 19:11:38.882 [info] Discovered env: /home/beast/.pyenv/versions/3.11.0/bin/python
2026-04-14 19:11:38.883 [info] Discovered env: /home/beast/.pyenv/versions/pwncat-cs/bin/python
2026-04-14 19:11:38.884 [info] Discovered env: /home/beast/HTB/Silentium/CVE-2025-8110/.venv/bin/python
2026-04-14 19:11:38.885 [info] Discovered env: /home/beast/HTB/Silentium/pwncat/.venv/bin/python
2026-04-14 19:11:38.887 [info] Discovered env: /usr/bin/python
2026-04-14 19:11:39.039 [info] Discovered env: /usr/bin/python2
2026-04-14 19:11:39.154 [info] Conda not found, turning off conda features. [Error: Conda not found
	at F (/home/beast/.vscode/extensions/ms-python.vscode-python-envs-1.20.1-linux-x64/dist/extension.js:2:578361)
	at async L (/home/beast/.vscode/extensions/ms-python.vscode-python-envs-1.20.1-linux-x64/dist/extension.js:2:578486)
	at async t.registerCondaFeatures (/home/beast/.vscode/extensions/ms-python.vscode-python-envs-1.20.1-linux-x64/dist/extension.js:2:596321)
	at async Promise.all (index 1)
	at async Immediate.<anonymous> (/home/beast/.vscode/extensions/ms-python.vscode-python-envs-1.20.1-linux-x64/dist/extension.js:2:717155)]
2026-04-14 19:11:39.166 [info] [pet] Telemetry:  {"event":"RefreshPerformance","data":{"refreshPerformance":{"total":168,"breakdown":{"GlobalVirtualEnvs":42,"Locators":115,"Path":167,"Workspaces":30},"locators":{"Conda":74,"Homebrew":0,"LinuxGlobal":102,"PipEnv":0,"Pixi":0,"Poetry":0,"PyEnv":7,"Uv":0,"Venv":0,"VirtualEnv":0,"VirtualEnvWrapper":0}}}}
2026-04-14 19:11:39.489 [info] Discovered manager: (Pyenv) /home/beast/.pyenv/bin/pyenv
2026-04-14 19:11:39.669 [info] Discovered env: /home/beast/.pyenv/versions/3.11.0/bin/python
2026-04-14 19:11:39.778 [info] Discovered env: /home/beast/HTB/Silentium/CVE-2025-8110/.venv/bin/python
2026-04-14 19:11:39.887 [info] Discovered env: /home/beast/HTB/Silentium/pwncat/.venv/bin/python
2026-04-14 19:11:40.042 [info] Discovered env: /home/beast/.pyenv/versions/pwncat-cs/bin/python
2026-04-14 19:11:40.096 [info] Discovered env: /usr/bin/python
2026-04-14 19:11:40.126 [info] Discovered env: /usr/bin/python2
2026-04-14 19:11:40.168 [info] Pipenv not found
2026-04-14 19:11:40.168 [info] Pipenv not found, turning off pipenv features. If you have pipenv installed in a non-standard location, set the "python.pipenvPath" setting.
2026-04-14 19:11:40.219 [info] [pet] Telemetry:  {"event":"RefreshPerformance","data":{"refreshPerformance":{"total":260,"breakdown":{"GlobalVirtualEnvs":23,"Locators":138,"Path":238,"Workspaces":6},"locators":{"Conda":68,"Homebrew":0,"LinuxGlobal":129,"PipEnv":0,"Pixi":0,"Poetry":0,"PyEnv":21,"Uv":0,"Venv":0,"VirtualEnv":0,"VirtualEnvWrapper":0}}}}
2026-04-14 19:11:40.366 [info] Discovered manager: (Pyenv) /home/beast/.pyenv/bin/pyenv
2026-04-14 19:11:40.415 [info] Discovered env: /home/beast/HTB/Silentium/pwncat/.venv/bin/python
2026-04-14 19:11:40.471 [info] Discovered env: /home/beast/HTB/Silentium/CVE-2025-8110/.venv/bin/python
2026-04-14 19:11:40.500 [info] Discovered env: /home/beast/.pyenv/versions/pwncat-cs/bin/python
2026-04-14 19:11:40.556 [info] Discovered env: /home/beast/.pyenv/versions/3.11.0/bin/python
2026-04-14 19:11:40.626 [info] Discovered env: /usr/bin/python
2026-04-14 19:11:40.663 [info] Discovered env: /usr/bin/python2
2026-04-14 19:11:40.746 [info] Poetry not found, turning off poetry features.
2026-04-14 19:11:40.748 [info] [interpreterSelection] Applying initial environment selection for 1 workspace folder(s)
2026-04-14 19:11:40.782 [info] [pet] Telemetry:  {"event":"RefreshPerformance","data":{"refreshPerformance":{"total":244,"breakdown":{"GlobalVirtualEnvs":31,"Locators":164,"Path":244,"Workspaces":34},"locators":{"Conda":117,"Homebrew":0,"LinuxGlobal":161,"PipEnv":0,"Pixi":0,"Poetry":0,"PyEnv":32,"Uv":0,"Venv":0,"VirtualEnv":0,"VirtualEnvWrapper":0}}}}
2026-04-14 19:11:40.882 [info] Found venv environment: .venv (3.13.11)
2026-04-14 19:11:40.943 [info] Python API: Changed environment from undefined to .venv (3.13.11) for: /home/beast/HTB/Silentium
2026-04-14 19:11:40.943 [info] Internal: Changed environment from undefined to .venv (3.13.11) for: /home/beast/HTB/Silentium
2026-04-14 19:11:40.968 [info] [interpreterSelection] Silentium: .venv (3.13.11) (source: autoDiscovery)
2026-04-14 19:11:41.027 [info] [interpreterSelection] global: Python 3.13.11 (source: autoDiscovery)
2026-04-14 19:11:41.036 [info] Python API: Changed environment from undefined to Python 3.13.11 for: global
2026-04-14 19:11:41.036 [info] Internal: Changed environment from undefined to Python 3.13.11 for: global
2026-04-14 19:11:41.475 [info] Terminal is activated: /home/beast/HTB/Silentium/CVE-2025-8110/.venv/bin/python
2026-04-14 19:11:46.060 [error] Shell execution timed out:  source /home/beast/HTB/Silentium/CVE-2025-8110/.venv/bin/activate
2026-04-14 19:11:46.060 [info] Terminal is activated: /home/beast/HTB/Silentium/CVE-2025-8110/.venv/bin/python
2026-04-14 19:16:06.247 [error] Shell execution timed out:  source /home/beast/HTB/Silentium/CVE-2025-8110/.venv/bin/activate
2026-04-14 19:16:06.248 [info] Terminal is activated: /home/beast/HTB/Silentium/CVE-2025-8110/.venv/bin/python
2026-04-14 19:17:41.044 [info] Terminal is activated: /home/beast/HTB/Silentium/CVE-2025-8110/.venv/bin/python
