2026-06-24 02:52:14.381 [info] Extension host with pid 43521 started
2026-06-24 02:52:14.381 [info] Skipping acquiring lock for /home/beast/.config/Code/User/workspaceStorage/a3738bb3a76c01d03142ac0f41822ae8.
2026-06-24 02:52:14.443 [info] ExtensionService#_doActivateExtension vscode.github-authentication, startup: false, activationEvent: 'onAuthenticationRequest:github'
2026-06-24 02:52:14.510 [info] ExtensionService#_doActivateExtension vscode.emmet, startup: false, activationEvent: 'onLanguage'
2026-06-24 02:52:14.543 [info] ExtensionService#_doActivateExtension ms-python.python, startup: false, activationEvent: 'onLanguage:python', root cause: ms-python.debugpy
2026-06-24 02:52:14.875 [info] ExtensionService#_doActivateExtension ms-python.vscode-pylance, startup: false, activationEvent: 'onLanguage:python'
2026-06-24 02:52:15.827 [info] ExtensionService#_doActivateExtension ms-python.vscode-python-envs, startup: false, activationEvent: 'onLanguage:python'
2026-06-24 02:52:16.197 [info] ExtensionService#_doActivateExtension vscode.git-base, startup: true, activationEvent: '*', root cause: vscode.git
2026-06-24 02:52:16.663 [info] ExtensionService#_doActivateExtension vscode.git, startup: true, activationEvent: '*'
2026-06-24 02:52:16.719 [info] ExtensionService#_doActivateExtension vscode.github, startup: true, activationEvent: '*'
2026-06-24 02:52:17.050 [info] ExtensionService#_doActivateExtension bruno-api-client.bruno, startup: true, activationEvent: 'workspaceContains:**/bruno.json,**/opencollection.yaml,**/opencollection.yml'
2026-06-24 02:52:18.491 [info] Eager extensions activated
2026-06-24 02:52:18.547 [info] ExtensionService#_doActivateExtension ms-python.debugpy, startup: false, activationEvent: 'onLanguage:python'
2026-06-24 02:52:18.641 [info] ExtensionService#_doActivateExtension vscode.debug-auto-launch, startup: false, activationEvent: 'onStartupFinished'
2026-06-24 02:52:18.647 [info] ExtensionService#_doActivateExtension vscode.merge-conflict, startup: false, activationEvent: 'onStartupFinished'
2026-06-24 02:52:22.041 [warning] DiagnosticCollection with name 'Pylance' does already exist.
2026-06-24 02:52:22.089 [warning] DiagnosticCollection with name 'Pylance' does already exist.
2026-06-24 02:52:22.115 [warning] DiagnosticCollection with name 'Pylance' does already exist.
2026-06-24 02:52:22.123 [warning] DiagnosticCollection with name 'Pylance' does already exist.
2026-06-24 02:52:26.161 [error] Error: illegal state - object is disposed
	at TN.j (file:///usr/share/code/resources/app/out/vs/workbench/api/node/extensionHostProcess.js:144:112519)
	at TN.delete (file:///usr/share/code/resources/app/out/vs/workbench/api/node/extensionHostProcess.js:144:112037)
	at DiagnosticRequestor.forgetDocument (/home/beast/.vscode/extensions/ms-python.vscode-pylance-2026.2.1/dist/vendor.bundle.js:39:73655)
	at DiagnosticFeatureProviderImpl.cleanUpDocument (/home/beast/.vscode/extensions/ms-python.vscode-pylance-2026.2.1/dist/vendor.bundle.js:39:88126)
	at _d.value (/home/beast/.vscode/extensions/ms-python.vscode-pylance-2026.2.1/dist/vendor.bundle.js:39:87297)
	at I.C (file:///usr/share/code/resources/app/out/vs/workbench/api/node/extensionHostProcess.js:27:2328)
	at I.D (file:///usr/share/code/resources/app/out/vs/workbench/api/node/extensionHostProcess.js:27:2398)
	at I.fire (file:///usr/share/code/resources/app/out/vs/workbench/api/node/extensionHostProcess.js:27:2615)
	at updateVisibleDocuments (/home/beast/.vscode/extensions/ms-python.vscode-pylance-2026.2.1/dist/vendor.bundle.js:34:39301)
	at /home/beast/.vscode/extensions/ms-python.vscode-pylance-2026.2.1/dist/vendor.bundle.js:34:39670
	at _d.value (file:///usr/share/code/resources/app/out/vs/workbench/api/node/extensionHostProcess.js:212:100325)
	at I.C (file:///usr/share/code/resources/app/out/vs/workbench/api/node/extensionHostProcess.js:27:2328)
	at I.D (file:///usr/share/code/resources/app/out/vs/workbench/api/node/extensionHostProcess.js:27:2398)
	at I.fire (file:///usr/share/code/resources/app/out/vs/workbench/api/node/extensionHostProcess.js:27:2615)
	at _d.value (file:///usr/share/code/resources/app/out/vs/workbench/api/node/extensionHostProcess.js:212:63851)
	at I.C (file:///usr/share/code/resources/app/out/vs/workbench/api/node/extensionHostProcess.js:27:2328)
	at I.fire (file:///usr/share/code/resources/app/out/vs/workbench/api/node/extensionHostProcess.js:27:2546)
	at ZA.acceptDocumentsAndEditorsDelta (file:///usr/share/code/resources/app/out/vs/workbench/api/node/extensionHostProcess.js:124:11891)
	at ZA.$acceptDocumentsAndEditorsDelta (file:///usr/share/code/resources/app/out/vs/workbench/api/node/extensionHostProcess.js:124:10425)
	at l5.S (file:///usr/share/code/resources/app/out/vs/workbench/api/node/extensionHostProcess.js:29:125043)
	at l5.Q (file:///usr/share/code/resources/app/out/vs/workbench/api/node/extensionHostProcess.js:29:124823)
	at l5.M (file:///usr/share/code/resources/app/out/vs/workbench/api/node/extensionHostProcess.js:29:123912)
	at l5.L (file:///usr/share/code/resources/app/out/vs/workbench/api/node/extensionHostProcess.js:29:123017)
	at _d.value (file:///usr/share/code/resources/app/out/vs/workbench/api/node/extensionHostProcess.js:29:121814)
	at I.C (file:///usr/share/code/resources/app/out/vs/workbench/api/node/extensionHostProcess.js:27:2328)
	at I.fire (file:///usr/share/code/resources/app/out/vs/workbench/api/node/extensionHostProcess.js:27:2546)
	at Vo.fire (file:///usr/share/code/resources/app/out/vs/workbench/api/node/extensionHostProcess.js:29:9454)
	at _d.value (file:///usr/share/code/resources/app/out/vs/workbench/api/node/extensionHostProcess.js:404:9330)
	at I.C (file:///usr/share/code/resources/app/out/vs/workbench/api/node/extensionHostProcess.js:27:2328)
	at I.fire (file:///usr/share/code/resources/app/out/vs/workbench/api/node/extensionHostProcess.js:27:2546)
	at Vo.fire (file:///usr/share/code/resources/app/out/vs/workbench/api/node/extensionHostProcess.js:29:9454)
	at MessagePortMain.<anonymous> (file:///usr/share/code/resources/app/out/vs/workbench/api/node/extensionHostProcess.js:404:7564)
	at MessagePortMain.emit (node:events:519:28)
	at MessagePortMain._internalPort.emit (node:electron/js2c/utility_init:2:2949)
2026-06-24 02:52:26.162 [error] Error: illegal state - object is disposed
	at TN.j (file:///usr/share/code/resources/app/out/vs/workbench/api/node/extensionHostProcess.js:144:112519)
	at TN.delete (file:///usr/share/code/resources/app/out/vs/workbench/api/node/extensionHostProcess.js:144:112037)
	at DiagnosticRequestor.forgetDocument (/home/beast/.vscode/extensions/ms-python.vscode-pylance-2026.2.1/dist/vendor.bundle.js:39:73655)
	at DiagnosticFeatureProviderImpl.cleanUpDocument (/home/beast/.vscode/extensions/ms-python.vscode-pylance-2026.2.1/dist/vendor.bundle.js:39:88126)
	at _d.value (/home/beast/.vscode/extensions/ms-python.vscode-pylance-2026.2.1/dist/vendor.bundle.js:39:87297)
	at I.C (file:///usr/share/code/resources/app/out/vs/workbench/api/node/extensionHostProcess.js:27:2328)
	at I.D (file:///usr/share/code/resources/app/out/vs/workbench/api/node/extensionHostProcess.js:27:2398)
	at I.fire (file:///usr/share/code/resources/app/out/vs/workbench/api/node/extensionHostProcess.js:27:2615)
	at updateVisibleDocuments (/home/beast/.vscode/extensions/ms-python.vscode-pylance-2026.2.1/dist/vendor.bundle.js:34:39301)
	at /home/beast/.vscode/extensions/ms-python.vscode-pylance-2026.2.1/dist/vendor.bundle.js:34:39670
	at _d.value (file:///usr/share/code/resources/app/out/vs/workbench/api/node/extensionHostProcess.js:212:100325)
	at I.C (file:///usr/share/code/resources/app/out/vs/workbench/api/node/extensionHostProcess.js:27:2328)
	at I.D (file:///usr/share/code/resources/app/out/vs/workbench/api/node/extensionHostProcess.js:27:2398)
	at I.fire (file:///usr/share/code/resources/app/out/vs/workbench/api/node/extensionHostProcess.js:27:2615)
	at _d.value (file:///usr/share/code/resources/app/out/vs/workbench/api/node/extensionHostProcess.js:212:63851)
	at I.C (file:///usr/share/code/resources/app/out/vs/workbench/api/node/extensionHostProcess.js:27:2328)
	at I.fire (file:///usr/share/code/resources/app/out/vs/workbench/api/node/extensionHostProcess.js:27:2546)
	at ZA.acceptDocumentsAndEditorsDelta (file:///usr/share/code/resources/app/out/vs/workbench/api/node/extensionHostProcess.js:124:11891)
	at ZA.$acceptDocumentsAndEditorsDelta (file:///usr/share/code/resources/app/out/vs/workbench/api/node/extensionHostProcess.js:124:10425)
	at l5.S (file:///usr/share/code/resources/app/out/vs/workbench/api/node/extensionHostProcess.js:29:125043)
	at l5.Q (file:///usr/share/code/resources/app/out/vs/workbench/api/node/extensionHostProcess.js:29:124823)
	at l5.M (file:///usr/share/code/resources/app/out/vs/workbench/api/node/extensionHostProcess.js:29:123912)
	at l5.L (file:///usr/share/code/resources/app/out/vs/workbench/api/node/extensionHostProcess.js:29:123017)
	at _d.value (file:///usr/share/code/resources/app/out/vs/workbench/api/node/extensionHostProcess.js:29:121814)
	at I.C (file:///usr/share/code/resources/app/out/vs/workbench/api/node/extensionHostProcess.js:27:2328)
	at I.fire (file:///usr/share/code/resources/app/out/vs/workbench/api/node/extensionHostProcess.js:27:2546)
	at Vo.fire (file:///usr/share/code/resources/app/out/vs/workbench/api/node/extensionHostProcess.js:29:9454)
	at _d.value (file:///usr/share/code/resources/app/out/vs/workbench/api/node/extensionHostProcess.js:404:9330)
	at I.C (file:///usr/share/code/resources/app/out/vs/workbench/api/node/extensionHostProcess.js:27:2328)
	at I.fire (file:///usr/share/code/resources/app/out/vs/workbench/api/node/extensionHostProcess.js:27:2546)
	at Vo.fire (file:///usr/share/code/resources/app/out/vs/workbench/api/node/extensionHostProcess.js:29:9454)
	at MessagePortMain.<anonymous> (file:///usr/share/code/resources/app/out/vs/workbench/api/node/extensionHostProcess.js:404:7564)
	at MessagePortMain.emit (node:events:519:28)
	at MessagePortMain._internalPort.emit (node:electron/js2c/utility_init:2:2949)
2026-06-24 02:52:26.163 [error] Error: illegal state - object is disposed
	at TN.j (file:///usr/share/code/resources/app/out/vs/workbench/api/node/extensionHostProcess.js:144:112519)
	at TN.delete (file:///usr/share/code/resources/app/out/vs/workbench/api/node/extensionHostProcess.js:144:112037)
	at DiagnosticRequestor.forgetDocument (/home/beast/.vscode/extensions/ms-python.vscode-pylance-2026.2.1/dist/vendor.bundle.js:39:73655)
	at DiagnosticFeatureProviderImpl.cleanUpDocument (/home/beast/.vscode/extensions/ms-python.vscode-pylance-2026.2.1/dist/vendor.bundle.js:39:88126)
	at _d.value (/home/beast/.vscode/extensions/ms-python.vscode-pylance-2026.2.1/dist/vendor.bundle.js:39:87297)
	at I.C (file:///usr/share/code/resources/app/out/vs/workbench/api/node/extensionHostProcess.js:27:2328)
	at I.D (file:///usr/share/code/resources/app/out/vs/workbench/api/node/extensionHostProcess.js:27:2398)
	at I.fire (file:///usr/share/code/resources/app/out/vs/workbench/api/node/extensionHostProcess.js:27:2615)
	at updateVisibleDocuments (/home/beast/.vscode/extensions/ms-python.vscode-pylance-2026.2.1/dist/vendor.bundle.js:34:39301)
	at /home/beast/.vscode/extensions/ms-python.vscode-pylance-2026.2.1/dist/vendor.bundle.js:34:39670
	at _d.value (file:///usr/share/code/resources/app/out/vs/workbench/api/node/extensionHostProcess.js:212:100325)
	at I.C (file:///usr/share/code/resources/app/out/vs/workbench/api/node/extensionHostProcess.js:27:2328)
	at I.D (file:///usr/share/code/resources/app/out/vs/workbench/api/node/extensionHostProcess.js:27:2398)
	at I.fire (file:///usr/share/code/resources/app/out/vs/workbench/api/node/extensionHostProcess.js:27:2615)
	at _d.value (file:///usr/share/code/resources/app/out/vs/workbench/api/node/extensionHostProcess.js:212:63851)
	at I.C (file:///usr/share/code/resources/app/out/vs/workbench/api/node/extensionHostProcess.js:27:2328)
	at I.fire (file:///usr/share/code/resources/app/out/vs/workbench/api/node/extensionHostProcess.js:27:2546)
	at ZA.acceptDocumentsAndEditorsDelta (file:///usr/share/code/resources/app/out/vs/workbench/api/node/extensionHostProcess.js:124:11891)
	at ZA.$acceptDocumentsAndEditorsDelta (file:///usr/share/code/resources/app/out/vs/workbench/api/node/extensionHostProcess.js:124:10425)
	at l5.S (file:///usr/share/code/resources/app/out/vs/workbench/api/node/extensionHostProcess.js:29:125043)
	at l5.Q (file:///usr/share/code/resources/app/out/vs/workbench/api/node/extensionHostProcess.js:29:124823)
	at l5.M (file:///usr/share/code/resources/app/out/vs/workbench/api/node/extensionHostProcess.js:29:123912)
	at l5.L (file:///usr/share/code/resources/app/out/vs/workbench/api/node/extensionHostProcess.js:29:123017)
	at _d.value (file:///usr/share/code/resources/app/out/vs/workbench/api/node/extensionHostProcess.js:29:121814)
	at I.C (file:///usr/share/code/resources/app/out/vs/workbench/api/node/extensionHostProcess.js:27:2328)
	at I.fire (file:///usr/share/code/resources/app/out/vs/workbench/api/node/extensionHostProcess.js:27:2546)
	at Vo.fire (file:///usr/share/code/resources/app/out/vs/workbench/api/node/extensionHostProcess.js:29:9454)
	at _d.value (file:///usr/share/code/resources/app/out/vs/workbench/api/node/extensionHostProcess.js:404:9330)
	at I.C (file:///usr/share/code/resources/app/out/vs/workbench/api/node/extensionHostProcess.js:27:2328)
	at I.fire (file:///usr/share/code/resources/app/out/vs/workbench/api/node/extensionHostProcess.js:27:2546)
	at Vo.fire (file:///usr/share/code/resources/app/out/vs/workbench/api/node/extensionHostProcess.js:29:9454)
	at MessagePortMain.<anonymous> (file:///usr/share/code/resources/app/out/vs/workbench/api/node/extensionHostProcess.js:404:7564)
	at MessagePortMain.emit (node:events:519:28)
	at MessagePortMain._internalPort.emit (node:electron/js2c/utility_init:2:2949)
2026-06-24 02:52:26.163 [error] Error: illegal state - object is disposed
	at TN.j (file:///usr/share/code/resources/app/out/vs/workbench/api/node/extensionHostProcess.js:144:112519)
	at TN.delete (file:///usr/share/code/resources/app/out/vs/workbench/api/node/extensionHostProcess.js:144:112037)
	at DiagnosticRequestor.forgetDocument (/home/beast/.vscode/extensions/ms-python.vscode-pylance-2026.2.1/dist/vendor.bundle.js:39:73655)
	at DiagnosticFeatureProviderImpl.cleanUpDocument (/home/beast/.vscode/extensions/ms-python.vscode-pylance-2026.2.1/dist/vendor.bundle.js:39:88126)
	at _d.value (/home/beast/.vscode/extensions/ms-python.vscode-pylance-2026.2.1/dist/vendor.bundle.js:39:87297)
	at I.C (file:///usr/share/code/resources/app/out/vs/workbench/api/node/extensionHostProcess.js:27:2328)
	at I.D (file:///usr/share/code/resources/app/out/vs/workbench/api/node/extensionHostProcess.js:27:2398)
	at I.fire (file:///usr/share/code/resources/app/out/vs/workbench/api/node/extensionHostProcess.js:27:2615)
	at updateVisibleDocuments (/home/beast/.vscode/extensions/ms-python.vscode-pylance-2026.2.1/dist/vendor.bundle.js:34:39301)
	at /home/beast/.vscode/extensions/ms-python.vscode-pylance-2026.2.1/dist/vendor.bundle.js:34:39670
	at _d.value (file:///usr/share/code/resources/app/out/vs/workbench/api/node/extensionHostProcess.js:212:100325)
	at I.C (file:///usr/share/code/resources/app/out/vs/workbench/api/node/extensionHostProcess.js:27:2328)
	at I.D (file:///usr/share/code/resources/app/out/vs/workbench/api/node/extensionHostProcess.js:27:2398)
	at I.fire (file:///usr/share/code/resources/app/out/vs/workbench/api/node/extensionHostProcess.js:27:2615)
	at _d.value (file:///usr/share/code/resources/app/out/vs/workbench/api/node/extensionHostProcess.js:212:63851)
	at I.C (file:///usr/share/code/resources/app/out/vs/workbench/api/node/extensionHostProcess.js:27:2328)
	at I.fire (file:///usr/share/code/resources/app/out/vs/workbench/api/node/extensionHostProcess.js:27:2546)
	at ZA.acceptDocumentsAndEditorsDelta (file:///usr/share/code/resources/app/out/vs/workbench/api/node/extensionHostProcess.js:124:11891)
	at ZA.$acceptDocumentsAndEditorsDelta (file:///usr/share/code/resources/app/out/vs/workbench/api/node/extensionHostProcess.js:124:10425)
	at l5.S (file:///usr/share/code/resources/app/out/vs/workbench/api/node/extensionHostProcess.js:29:125043)
	at l5.Q (file:///usr/share/code/resources/app/out/vs/workbench/api/node/extensionHostProcess.js:29:124823)
	at l5.M (file:///usr/share/code/resources/app/out/vs/workbench/api/node/extensionHostProcess.js:29:123912)
	at l5.L (file:///usr/share/code/resources/app/out/vs/workbench/api/node/extensionHostProcess.js:29:123017)
	at _d.value (file:///usr/share/code/resources/app/out/vs/workbench/api/node/extensionHostProcess.js:29:121814)
	at I.C (file:///usr/share/code/resources/app/out/vs/workbench/api/node/extensionHostProcess.js:27:2328)
	at I.fire (file:///usr/share/code/resources/app/out/vs/workbench/api/node/extensionHostProcess.js:27:2546)
	at Vo.fire (file:///usr/share/code/resources/app/out/vs/workbench/api/node/extensionHostProcess.js:29:9454)
	at _d.value (file:///usr/share/code/resources/app/out/vs/workbench/api/node/extensionHostProcess.js:404:9330)
	at I.C (file:///usr/share/code/resources/app/out/vs/workbench/api/node/extensionHostProcess.js:27:2328)
	at I.fire (file:///usr/share/code/resources/app/out/vs/workbench/api/node/extensionHostProcess.js:27:2546)
	at Vo.fire (file:///usr/share/code/resources/app/out/vs/workbench/api/node/extensionHostProcess.js:29:9454)
	at MessagePortMain.<anonymous> (file:///usr/share/code/resources/app/out/vs/workbench/api/node/extensionHostProcess.js:404:7564)
	at MessagePortMain.emit (node:events:519:28)
	at MessagePortMain._internalPort.emit (node:electron/js2c/utility_init:2:2949)
2026-06-24 02:53:18.314 [info] ExtensionService#_doActivateExtension esbenp.prettier-vscode, startup: false, activationEvent: 'onStartupFinished'
2026-06-24 03:21:26.561 [info] Extension host terminating: renderer closed the MessagePort
2026-06-24 03:21:26.709 [error] An error occurred when disposing the subscriptions for extension 'ms-python.vscode-python-envs':
2026-06-24 03:21:26.709 [error] Error: Channel has been closed
	at n (file:///usr/share/code/resources/app/out/vs/workbench/api/node/extensionHostProcess.js:123:2816)
	at Object.error (file:///usr/share/code/resources/app/out/vs/workbench/api/node/extensionHostProcess.js:123:3250)
	at Object.dispose (/home/beast/.vscode/extensions/ms-python.vscode-python-envs-1.20.1-linux-x64/dist/extension.js:2:539542)
	at /home/beast/.vscode/extensions/ms-python.vscode-python-envs-1.20.1-linux-x64/dist/extension.js:2:538310
	at Array.forEach (<anonymous>)
	at S.dispose (/home/beast/.vscode/extensions/ms-python.vscode-python-envs-1.20.1-linux-x64/dist/extension.js:2:538297)
	at Zi (file:///usr/share/code/resources/app/out/vs/workbench/api/node/extensionHostProcess.js:25:746)
	at oL.b (file:///usr/share/code/resources/app/out/vs/workbench/api/node/extensionHostProcess.js:120:15172)
	at oL.dispose (file:///usr/share/code/resources/app/out/vs/workbench/api/node/extensionHostProcess.js:25:1227)
	at HX.eb (file:///usr/share/code/resources/app/out/vs/workbench/api/node/extensionHostProcess.js:120:12045)
	at file:///usr/share/code/resources/app/out/vs/workbench/api/node/extensionHostProcess.js:120:10000
	at Array.map (<anonymous>)
	at HX.$ (file:///usr/share/code/resources/app/out/vs/workbench/api/node/extensionHostProcess.js:120:9988)
	at HX.terminate (file:///usr/share/code/resources/app/out/vs/workbench/api/node/extensionHostProcess.js:120:10231)
	at yN.terminate (file:///usr/share/code/resources/app/out/vs/workbench/api/node/extensionHostProcess.js:122:914)
	at Us (file:///usr/share/code/resources/app/out/vs/workbench/api/node/extensionHostProcess.js:404:11129)
	at MessagePortMain.<anonymous> (file:///usr/share/code/resources/app/out/vs/workbench/api/node/extensionHostProcess.js:404:7604)
	at MessagePortMain.emit (node:events:519:28)
	at MessagePortMain._internalPort.emit (node:electron/js2c/utility_init:2:2949)
2026-06-24 03:21:26.723 [error] TypeError: Cannot read properties of undefined (reading 'subscriptions')
	at Object.Z [as deactivate] (/home/beast/.vscode/extensions/ms-python.vscode-python-envs-1.20.1-linux-x64/dist/extension.js:2:706516)
	at HX.eb (file:///usr/share/code/resources/app/out/vs/workbench/api/node/extensionHostProcess.js:120:11850)
	at file:///usr/share/code/resources/app/out/vs/workbench/api/node/extensionHostProcess.js:120:10000
	at Array.map (<anonymous>)
	at HX.$ (file:///usr/share/code/resources/app/out/vs/workbench/api/node/extensionHostProcess.js:120:9988)
	at HX.terminate (file:///usr/share/code/resources/app/out/vs/workbench/api/node/extensionHostProcess.js:120:10231)
	at yN.terminate (file:///usr/share/code/resources/app/out/vs/workbench/api/node/extensionHostProcess.js:122:914)
	at Us (file:///usr/share/code/resources/app/out/vs/workbench/api/node/extensionHostProcess.js:404:11129)
	at MessagePortMain.<anonymous> (file:///usr/share/code/resources/app/out/vs/workbench/api/node/extensionHostProcess.js:404:7604)
	at MessagePortMain.emit (node:events:519:28)
	at MessagePortMain._internalPort.emit (node:electron/js2c/utility_init:2:2949)
2026-06-24 03:21:26.733 [info] Extension host with pid 43521 exiting with code 0
