2026-06-07 22:06:44.406 [error] [/home/beast/.vscode/extensions/ms-python.vscode-python-envs-1.26.0-linux-x64]: Extension is not compatible with Code 1.107.1. Extension requires: ^1.110.0-20260204.
2026-06-07 22:06:44.411 [error] [/home/beast/.vscode/extensions/ms-python.vscode-python-envs-1.30.0-linux-x64]: Extension is not compatible with Code 1.107.1. Extension requires: ^1.110.0-20260204.
2026-06-07 22:06:44.612 [error] [/home/beast/.vscode/extensions/ms-python.vscode-python-envs-1.26.0-linux-x64]: Extension is not compatible with Code 1.107.1. Extension requires: ^1.110.0-20260204.
2026-06-07 22:06:44.613 [error] [/home/beast/.vscode/extensions/ms-python.vscode-python-envs-1.30.0-linux-x64]: Extension is not compatible with Code 1.107.1. Extension requires: ^1.110.0-20260204.
2026-06-07 22:06:44.633 [error] [/home/beast/.vscode/extensions/ms-python.vscode-python-envs-1.26.0-linux-x64]: Extension is not compatible with Code 1.107.1. Extension requires: ^1.110.0-20260204.
2026-06-07 22:06:44.635 [error] [/home/beast/.vscode/extensions/ms-python.vscode-python-envs-1.30.0-linux-x64]: Extension is not compatible with Code 1.107.1. Extension requires: ^1.110.0-20260204.
2026-06-07 22:06:44.724 [error] [/home/beast/.vscode/extensions/ms-python.vscode-python-envs-1.26.0-linux-x64]: Extension is not compatible with Code 1.107.1. Extension requires: ^1.110.0-20260204.
2026-06-07 22:06:44.725 [error] [/home/beast/.vscode/extensions/ms-python.vscode-python-envs-1.30.0-linux-x64]: Extension is not compatible with Code 1.107.1. Extension requires: ^1.110.0-20260204.
2026-06-07 22:06:44.905 [info] Deleted marked for removal extension from disk ms-python.debugpy /home/beast/.vscode/extensions/ms-python.debugpy-2025.18.0-linux-x64
2026-06-07 22:06:44.932 [error] [/home/beast/.vscode/extensions/ms-python.vscode-python-envs-1.26.0-linux-x64]: Extension is not compatible with Code 1.107.1. Extension requires: ^1.110.0-20260204.
2026-06-07 22:06:44.937 [error] [/home/beast/.vscode/extensions/ms-python.vscode-python-envs-1.30.0-linux-x64]: Extension is not compatible with Code 1.107.1. Extension requires: ^1.110.0-20260204.
2026-06-07 22:06:44.998 [error] [/home/beast/.vscode/extensions/ms-python.vscode-python-envs-1.26.0-linux-x64]: Extension is not compatible with Code 1.107.1. Extension requires: ^1.110.0-20260204.
2026-06-07 22:06:45.000 [error] [/home/beast/.vscode/extensions/ms-python.vscode-python-envs-1.30.0-linux-x64]: Extension is not compatible with Code 1.107.1. Extension requires: ^1.110.0-20260204.
2026-06-07 22:06:45.337 [error] [/home/beast/.vscode/extensions/ms-python.vscode-python-envs-1.26.0-linux-x64]: Extension is not compatible with Code 1.107.1. Extension requires: ^1.110.0-20260204.
2026-06-07 22:06:45.337 [error] [/home/beast/.vscode/extensions/ms-python.vscode-python-envs-1.30.0-linux-x64]: Extension is not compatible with Code 1.107.1. Extension requires: ^1.110.0-20260204.
2026-06-07 22:06:45.639 [error] [/home/beast/.vscode/extensions/ms-python.vscode-python-envs-1.26.0-linux-x64]: Extension is not compatible with Code 1.107.1. Extension requires: ^1.110.0-20260204.
2026-06-07 22:06:45.643 [error] [/home/beast/.vscode/extensions/ms-python.vscode-python-envs-1.30.0-linux-x64]: Extension is not compatible with Code 1.107.1. Extension requires: ^1.110.0-20260204.
2026-06-07 22:06:46.436 [error] [/home/beast/.vscode/extensions/ms-python.vscode-python-envs-1.26.0-linux-x64]: Extension is not compatible with Code 1.107.1. Extension requires: ^1.110.0-20260204.
2026-06-07 22:06:46.441 [error] [/home/beast/.vscode/extensions/ms-python.vscode-python-envs-1.30.0-linux-x64]: Extension is not compatible with Code 1.107.1. Extension requires: ^1.110.0-20260204.
2026-06-07 22:06:46.519 [error] [/home/beast/.vscode/extensions/ms-python.vscode-python-envs-1.26.0-linux-x64]: Extension is not compatible with Code 1.107.1. Extension requires: ^1.110.0-20260204.
2026-06-07 22:06:46.519 [error] [/home/beast/.vscode/extensions/ms-python.vscode-python-envs-1.30.0-linux-x64]: Extension is not compatible with Code 1.107.1. Extension requires: ^1.110.0-20260204.
2026-06-07 22:06:46.587 [error] [/home/beast/.vscode/extensions/ms-python.vscode-python-envs-1.26.0-linux-x64]: Extension is not compatible with Code 1.107.1. Extension requires: ^1.110.0-20260204.
2026-06-07 22:06:46.590 [error] [/home/beast/.vscode/extensions/ms-python.vscode-python-envs-1.30.0-linux-x64]: Extension is not compatible with Code 1.107.1. Extension requires: ^1.110.0-20260204.
2026-06-07 22:06:46.779 [error] [/home/beast/.vscode/extensions/ms-python.vscode-python-envs-1.26.0-linux-x64]: Extension is not compatible with Code 1.107.1. Extension requires: ^1.110.0-20260204.
2026-06-07 22:06:46.811 [error] [/home/beast/.vscode/extensions/ms-python.vscode-python-envs-1.30.0-linux-x64]: Extension is not compatible with Code 1.107.1. Extension requires: ^1.110.0-20260204.
2026-06-07 22:06:47.456 [error] [/home/beast/.vscode/extensions/ms-python.vscode-python-envs-1.26.0-linux-x64]: Extension is not compatible with Code 1.107.1. Extension requires: ^1.110.0-20260204.
2026-06-07 22:06:47.456 [error] [/home/beast/.vscode/extensions/ms-python.vscode-python-envs-1.30.0-linux-x64]: Extension is not compatible with Code 1.107.1. Extension requires: ^1.110.0-20260204.
2026-06-07 22:06:47.835 [error] [/home/beast/.vscode/extensions/ms-python.vscode-python-envs-1.26.0-linux-x64]: Extension is not compatible with Code 1.107.1. Extension requires: ^1.110.0-20260204.
2026-06-07 22:06:47.866 [error] [/home/beast/.vscode/extensions/ms-python.vscode-python-envs-1.30.0-linux-x64]: Extension is not compatible with Code 1.107.1. Extension requires: ^1.110.0-20260204.
2026-06-07 22:06:48.253 [error] [/home/beast/.vscode/extensions/ms-python.vscode-python-envs-1.26.0-linux-x64]: Extension is not compatible with Code 1.107.1. Extension requires: ^1.110.0-20260204.
2026-06-07 22:06:48.256 [error] [/home/beast/.vscode/extensions/ms-python.vscode-python-envs-1.30.0-linux-x64]: Extension is not compatible with Code 1.107.1. Extension requires: ^1.110.0-20260204.
2026-06-07 22:06:48.758 [error] [/home/beast/.vscode/extensions/ms-python.vscode-python-envs-1.26.0-linux-x64]: Extension is not compatible with Code 1.107.1. Extension requires: ^1.110.0-20260204.
2026-06-07 22:06:48.759 [error] [/home/beast/.vscode/extensions/ms-python.vscode-python-envs-1.30.0-linux-x64]: Extension is not compatible with Code 1.107.1. Extension requires: ^1.110.0-20260204.
2026-06-07 22:06:49.170 [error] [/home/beast/.vscode/extensions/ms-python.vscode-python-envs-1.26.0-linux-x64]: Extension is not compatible with Code 1.107.1. Extension requires: ^1.110.0-20260204.
2026-06-07 22:06:49.171 [error] [/home/beast/.vscode/extensions/ms-python.vscode-python-envs-1.30.0-linux-x64]: Extension is not compatible with Code 1.107.1. Extension requires: ^1.110.0-20260204.
2026-06-07 22:06:54.511 [error] [/home/beast/.vscode/extensions/ms-python.vscode-python-envs-1.26.0-linux-x64]: Extension is not compatible with Code 1.107.1. Extension requires: ^1.110.0-20260204.
2026-06-07 22:06:54.514 [error] [/home/beast/.vscode/extensions/ms-python.vscode-python-envs-1.30.0-linux-x64]: Extension is not compatible with Code 1.107.1. Extension requires: ^1.110.0-20260204.
2026-06-07 22:06:54.754 [error] [/home/beast/.vscode/extensions/ms-python.vscode-python-envs-1.26.0-linux-x64]: Extension is not compatible with Code 1.107.1. Extension requires: ^1.110.0-20260204.
2026-06-07 22:06:54.756 [error] [/home/beast/.vscode/extensions/ms-python.vscode-python-envs-1.30.0-linux-x64]: Extension is not compatible with Code 1.107.1. Extension requires: ^1.110.0-20260204.
2026-06-07 22:06:54.913 [error] [/home/beast/.vscode/extensions/ms-python.vscode-python-envs-1.26.0-linux-x64]: Extension is not compatible with Code 1.107.1. Extension requires: ^1.110.0-20260204.
2026-06-07 22:06:54.913 [error] [/home/beast/.vscode/extensions/ms-python.vscode-python-envs-1.30.0-linux-x64]: Extension is not compatible with Code 1.107.1. Extension requires: ^1.110.0-20260204.
2026-06-07 22:06:55.057 [error] [/home/beast/.vscode/extensions/ms-python.vscode-python-envs-1.26.0-linux-x64]: Extension is not compatible with Code 1.107.1. Extension requires: ^1.110.0-20260204.
2026-06-07 22:06:55.059 [error] [/home/beast/.vscode/extensions/ms-python.vscode-python-envs-1.30.0-linux-x64]: Extension is not compatible with Code 1.107.1. Extension requires: ^1.110.0-20260204.
2026-06-07 22:06:55.145 [error] [/home/beast/.vscode/extensions/ms-python.vscode-python-envs-1.26.0-linux-x64]: Extension is not compatible with Code 1.107.1. Extension requires: ^1.110.0-20260204.
2026-06-07 22:06:55.145 [error] [/home/beast/.vscode/extensions/ms-python.vscode-python-envs-1.30.0-linux-x64]: Extension is not compatible with Code 1.107.1. Extension requires: ^1.110.0-20260204.
2026-06-07 22:06:55.234 [error] [/home/beast/.vscode/extensions/ms-python.vscode-python-envs-1.26.0-linux-x64]: Extension is not compatible with Code 1.107.1. Extension requires: ^1.110.0-20260204.
2026-06-07 22:06:55.234 [error] [/home/beast/.vscode/extensions/ms-python.vscode-python-envs-1.30.0-linux-x64]: Extension is not compatible with Code 1.107.1. Extension requires: ^1.110.0-20260204.
2026-06-07 22:06:55.263 [error] [/home/beast/.vscode/extensions/ms-python.vscode-python-envs-1.26.0-linux-x64]: Extension is not compatible with Code 1.107.1. Extension requires: ^1.110.0-20260204.
2026-06-07 22:06:55.266 [error] [/home/beast/.vscode/extensions/ms-python.vscode-python-envs-1.30.0-linux-x64]: Extension is not compatible with Code 1.107.1. Extension requires: ^1.110.0-20260204.
2026-06-07 22:06:55.351 [error] [/home/beast/.vscode/extensions/ms-python.vscode-python-envs-1.26.0-linux-x64]: Extension is not compatible with Code 1.107.1. Extension requires: ^1.110.0-20260204.
2026-06-07 22:06:55.352 [error] [/home/beast/.vscode/extensions/ms-python.vscode-python-envs-1.30.0-linux-x64]: Extension is not compatible with Code 1.107.1. Extension requires: ^1.110.0-20260204.
2026-06-07 22:06:55.541 [error] [/home/beast/.vscode/extensions/ms-python.vscode-python-envs-1.26.0-linux-x64]: Extension is not compatible with Code 1.107.1. Extension requires: ^1.110.0-20260204.
2026-06-07 22:06:55.544 [error] [/home/beast/.vscode/extensions/ms-python.vscode-python-envs-1.30.0-linux-x64]: Extension is not compatible with Code 1.107.1. Extension requires: ^1.110.0-20260204.
2026-06-07 22:06:55.761 [error] [/home/beast/.vscode/extensions/ms-python.vscode-python-envs-1.30.0-linux-x64]: Extension is not compatible with Code 1.107.1. Extension requires: ^1.110.0-20260204.
2026-06-07 22:06:55.761 [error] [/home/beast/.vscode/extensions/ms-python.vscode-python-envs-1.26.0-linux-x64]: Extension is not compatible with Code 1.107.1. Extension requires: ^1.110.0-20260204.
2026-06-07 22:06:55.968 [error] [/home/beast/.vscode/extensions/ms-python.vscode-python-envs-1.26.0-linux-x64]: Extension is not compatible with Code 1.107.1. Extension requires: ^1.110.0-20260204.
2026-06-07 22:06:55.968 [error] [/home/beast/.vscode/extensions/ms-python.vscode-python-envs-1.30.0-linux-x64]: Extension is not compatible with Code 1.107.1. Extension requires: ^1.110.0-20260204.
2026-06-07 22:06:56.772 [error] [/home/beast/.vscode/extensions/ms-python.vscode-python-envs-1.26.0-linux-x64]: Extension is not compatible with Code 1.107.1. Extension requires: ^1.110.0-20260204.
2026-06-07 22:06:56.777 [error] [/home/beast/.vscode/extensions/ms-python.vscode-python-envs-1.30.0-linux-x64]: Extension is not compatible with Code 1.107.1. Extension requires: ^1.110.0-20260204.
2026-06-07 22:06:56.949 [error] [/home/beast/.vscode/extensions/ms-python.vscode-python-envs-1.26.0-linux-x64]: Extension is not compatible with Code 1.107.1. Extension requires: ^1.110.0-20260204.
2026-06-07 22:06:56.951 [error] [/home/beast/.vscode/extensions/ms-python.vscode-python-envs-1.30.0-linux-x64]: Extension is not compatible with Code 1.107.1. Extension requires: ^1.110.0-20260204.
2026-06-07 22:07:12.345 [info] Getting Manifest... ms-python.vscode-python-envs
2026-06-07 22:07:12.762 [info] Installing extension: ms-python.vscode-python-envs {"productVersion":{"version":"1.122.1","date":"2026-05-29T07:33:32.948Z"},"pinned":false,"operation":3,"isApplicationScoped":false,"profileLocation":{"$mid":1,"external":"vscode-userdata:/home/beast/.vscode/extensions/extensions.json","path":"/home/beast/.vscode/extensions/extensions.json","scheme":"vscode-userdata"}}
2026-06-07 22:07:12.919 [error] [/home/beast/.vscode/extensions/ms-python.vscode-python-envs-1.30.0-linux-x64]: Extension is not compatible with Code 1.107.1. Extension requires: ^1.110.0-20260204.
2026-06-07 22:07:12.920 [error] [/home/beast/.vscode/extensions/ms-python.vscode-python-envs-1.26.0-linux-x64]: Extension is not compatible with Code 1.107.1. Extension requires: ^1.110.0-20260204.
2026-06-07 22:07:12.923 [error] Error while installing the extension ms-python.vscode-python-envs Cannot read the extension from /home/beast/.vscode/extensions/ms-python.vscode-python-envs-1.30.0-linux-x64 vscode-userdata:/home/beast/.vscode/extensions/extensions.json
2026-06-07 22:07:12.993 [error] [/home/beast/.vscode/extensions/ms-python.vscode-python-envs-1.26.0-linux-x64]: Extension is not compatible with Code 1.107.1. Extension requires: ^1.110.0-20260204.
2026-06-07 22:07:12.993 [error] [/home/beast/.vscode/extensions/ms-python.vscode-python-envs-1.30.0-linux-x64]: Extension is not compatible with Code 1.107.1. Extension requires: ^1.110.0-20260204.
2026-06-07 22:22:26.427 [info] Getting Manifest... mads-hartmann.bash-ide-vscode
2026-06-07 22:22:26.856 [info] Installing extension: mads-hartmann.bash-ide-vscode {"isMachineScoped":false,"installPreReleaseVersion":false,"pinned":false,"profileLocation":{"$mid":1,"external":"vscode-userdata:/home/beast/.vscode/extensions/extensions.json","path":"/home/beast/.vscode/extensions/extensions.json","scheme":"vscode-userdata"},"isApplicationScoped":false,"productVersion":{"version":"1.107.1","date":"2025-12-17T14:15:14.850Z"}}
2026-06-07 22:22:26.905 [error] [/home/beast/.vscode/extensions/ms-python.vscode-python-envs-1.26.0-linux-x64]: Extension is not compatible with Code 1.107.1. Extension requires: ^1.110.0-20260204.
2026-06-07 22:22:26.905 [error] [/home/beast/.vscode/extensions/ms-python.vscode-python-envs-1.30.0-linux-x64]: Extension is not compatible with Code 1.107.1. Extension requires: ^1.110.0-20260204.
2026-06-07 22:22:27.014 [error] [/home/beast/.vscode/extensions/ms-python.vscode-python-envs-1.26.0-linux-x64]: Extension is not compatible with Code 1.107.1. Extension requires: ^1.110.0-20260204.
2026-06-07 22:22:27.015 [error] [/home/beast/.vscode/extensions/ms-python.vscode-python-envs-1.30.0-linux-x64]: Extension is not compatible with Code 1.107.1. Extension requires: ^1.110.0-20260204.
2026-06-07 22:22:32.833 [info] Extension signature verification result for mads-hartmann.bash-ide-vscode: Success. Internal Code: 0. Executed: true. Duration: 1557ms.
2026-06-07 22:22:34.563 [info] Extracted extension to file:///home/beast/.vscode/extensions/mads-hartmann.bash-ide-vscode-1.43.0: mads-hartmann.bash-ide-vscode
2026-06-07 22:22:34.662 [info] Renamed to /home/beast/.vscode/extensions/mads-hartmann.bash-ide-vscode-1.43.0
2026-06-07 22:22:34.684 [error] [/home/beast/.vscode/extensions/ms-python.vscode-python-envs-1.26.0-linux-x64]: Extension is not compatible with Code 1.107.1. Extension requires: ^1.110.0-20260204.
2026-06-07 22:22:34.685 [error] [/home/beast/.vscode/extensions/ms-python.vscode-python-envs-1.30.0-linux-x64]: Extension is not compatible with Code 1.107.1. Extension requires: ^1.110.0-20260204.
2026-06-07 22:22:34.688 [info] Extension installed successfully: mads-hartmann.bash-ide-vscode vscode-userdata:/home/beast/.vscode/extensions/extensions.json
2026-06-07 22:22:34.794 [error] [/home/beast/.vscode/extensions/ms-python.vscode-python-envs-1.26.0-linux-x64]: Extension is not compatible with Code 1.107.1. Extension requires: ^1.110.0-20260204.
2026-06-07 22:22:34.795 [error] [/home/beast/.vscode/extensions/ms-python.vscode-python-envs-1.30.0-linux-x64]: Extension is not compatible with Code 1.107.1. Extension requires: ^1.110.0-20260204.
