2026-06-20 12:54:26.287 [error] [/home/beast/.vscode/extensions/ms-python.vscode-python-envs-1.26.0-linux-x64]: Extension is not compatible with Code 1.107.1. Extension requires: ^1.110.0-20260204.
2026-06-20 12:54:26.288 [error] [/home/beast/.vscode/extensions/ms-python.vscode-python-envs-1.30.0-linux-x64]: Extension is not compatible with Code 1.107.1. Extension requires: ^1.110.0-20260204.
2026-06-20 12:54:26.299 [error] [/home/beast/.vscode/extensions/ms-python.vscode-python-envs-1.26.0-linux-x64]: Extension is not compatible with Code 1.107.1. Extension requires: ^1.110.0-20260204.
2026-06-20 12:54:26.301 [error] [/home/beast/.vscode/extensions/ms-python.vscode-python-envs-1.30.0-linux-x64]: Extension is not compatible with Code 1.107.1. Extension requires: ^1.110.0-20260204.
2026-06-20 12:54:26.403 [error] [/home/beast/.vscode/extensions/ms-python.vscode-python-envs-1.26.0-linux-x64]: Extension is not compatible with Code 1.107.1. Extension requires: ^1.110.0-20260204.
2026-06-20 12:54:26.403 [error] [/home/beast/.vscode/extensions/ms-python.vscode-python-envs-1.30.0-linux-x64]: Extension is not compatible with Code 1.107.1. Extension requires: ^1.110.0-20260204.
2026-06-20 12:54:26.498 [error] [/home/beast/.vscode/extensions/ms-python.vscode-python-envs-1.30.0-linux-x64]: Extension is not compatible with Code 1.107.1. Extension requires: ^1.110.0-20260204.
2026-06-20 12:54:26.500 [error] [/home/beast/.vscode/extensions/ms-python.vscode-python-envs-1.26.0-linux-x64]: Extension is not compatible with Code 1.107.1. Extension requires: ^1.110.0-20260204.
2026-06-20 12:54:26.783 [error] [/home/beast/.vscode/extensions/ms-python.vscode-python-envs-1.26.0-linux-x64]: Extension is not compatible with Code 1.107.1. Extension requires: ^1.110.0-20260204.
2026-06-20 12:54:26.783 [error] [/home/beast/.vscode/extensions/ms-python.vscode-python-envs-1.30.0-linux-x64]: Extension is not compatible with Code 1.107.1. Extension requires: ^1.110.0-20260204.
2026-06-20 12:54:26.866 [error] [/home/beast/.vscode/extensions/ms-python.vscode-python-envs-1.26.0-linux-x64]: Extension is not compatible with Code 1.107.1. Extension requires: ^1.110.0-20260204.
2026-06-20 12:54:26.867 [error] [/home/beast/.vscode/extensions/ms-python.vscode-python-envs-1.30.0-linux-x64]: Extension is not compatible with Code 1.107.1. Extension requires: ^1.110.0-20260204.
2026-06-20 12:54:26.888 [error] [/home/beast/.vscode/extensions/ms-python.vscode-python-envs-1.26.0-linux-x64]: Extension is not compatible with Code 1.107.1. Extension requires: ^1.110.0-20260204.
2026-06-20 12:54:26.888 [error] [/home/beast/.vscode/extensions/ms-python.vscode-python-envs-1.30.0-linux-x64]: Extension is not compatible with Code 1.107.1. Extension requires: ^1.110.0-20260204.
2026-06-20 12:54:27.127 [error] [/home/beast/.vscode/extensions/ms-python.vscode-python-envs-1.26.0-linux-x64]: Extension is not compatible with Code 1.107.1. Extension requires: ^1.110.0-20260204.
2026-06-20 12:54:27.129 [error] [/home/beast/.vscode/extensions/ms-python.vscode-python-envs-1.30.0-linux-x64]: Extension is not compatible with Code 1.107.1. Extension requires: ^1.110.0-20260204.
2026-06-20 12:54:27.276 [error] [/home/beast/.vscode/extensions/ms-python.vscode-python-envs-1.26.0-linux-x64]: Extension is not compatible with Code 1.107.1. Extension requires: ^1.110.0-20260204.
2026-06-20 12:54:27.284 [error] [/home/beast/.vscode/extensions/ms-python.vscode-python-envs-1.30.0-linux-x64]: Extension is not compatible with Code 1.107.1. Extension requires: ^1.110.0-20260204.
2026-06-20 12:54:27.446 [error] [/home/beast/.vscode/extensions/ms-python.vscode-python-envs-1.30.0-linux-x64]: Extension is not compatible with Code 1.107.1. Extension requires: ^1.110.0-20260204.
2026-06-20 12:54:27.446 [error] [/home/beast/.vscode/extensions/ms-python.vscode-python-envs-1.26.0-linux-x64]: Extension is not compatible with Code 1.107.1. Extension requires: ^1.110.0-20260204.
2026-06-20 12:54:27.551 [error] [/home/beast/.vscode/extensions/ms-python.vscode-python-envs-1.26.0-linux-x64]: Extension is not compatible with Code 1.107.1. Extension requires: ^1.110.0-20260204.
2026-06-20 12:54:27.552 [error] [/home/beast/.vscode/extensions/ms-python.vscode-python-envs-1.30.0-linux-x64]: Extension is not compatible with Code 1.107.1. Extension requires: ^1.110.0-20260204.
2026-06-20 12:54:27.693 [error] [/home/beast/.vscode/extensions/ms-python.vscode-python-envs-1.26.0-linux-x64]: Extension is not compatible with Code 1.107.1. Extension requires: ^1.110.0-20260204.
2026-06-20 12:54:27.695 [error] [/home/beast/.vscode/extensions/ms-python.vscode-python-envs-1.30.0-linux-x64]: Extension is not compatible with Code 1.107.1. Extension requires: ^1.110.0-20260204.
2026-06-20 12:54:27.714 [error] [/home/beast/.vscode/extensions/ms-python.vscode-python-envs-1.30.0-linux-x64]: Extension is not compatible with Code 1.107.1. Extension requires: ^1.110.0-20260204.
2026-06-20 12:54:27.716 [error] [/home/beast/.vscode/extensions/ms-python.vscode-python-envs-1.26.0-linux-x64]: Extension is not compatible with Code 1.107.1. Extension requires: ^1.110.0-20260204.
2026-06-20 12:54:28.530 [error] [/home/beast/.vscode/extensions/ms-python.vscode-python-envs-1.26.0-linux-x64]: Extension is not compatible with Code 1.107.1. Extension requires: ^1.110.0-20260204.
2026-06-20 12:54:28.544 [error] [/home/beast/.vscode/extensions/ms-python.vscode-python-envs-1.30.0-linux-x64]: Extension is not compatible with Code 1.107.1. Extension requires: ^1.110.0-20260204.
2026-06-20 12:54:29.397 [error] [/home/beast/.vscode/extensions/ms-python.vscode-python-envs-1.26.0-linux-x64]: Extension is not compatible with Code 1.107.1. Extension requires: ^1.110.0-20260204.
2026-06-20 12:54:29.439 [error] [/home/beast/.vscode/extensions/ms-python.vscode-python-envs-1.30.0-linux-x64]: Extension is not compatible with Code 1.107.1. Extension requires: ^1.110.0-20260204.
2026-06-20 12:54:29.744 [error] [/home/beast/.vscode/extensions/ms-python.vscode-python-envs-1.26.0-linux-x64]: Extension is not compatible with Code 1.107.1. Extension requires: ^1.110.0-20260204.
2026-06-20 12:54:29.749 [error] [/home/beast/.vscode/extensions/ms-python.vscode-python-envs-1.30.0-linux-x64]: Extension is not compatible with Code 1.107.1. Extension requires: ^1.110.0-20260204.
2026-06-20 12:54:30.097 [error] [/home/beast/.vscode/extensions/ms-python.vscode-python-envs-1.26.0-linux-x64]: Extension is not compatible with Code 1.107.1. Extension requires: ^1.110.0-20260204.
2026-06-20 12:54:30.097 [error] [/home/beast/.vscode/extensions/ms-python.vscode-python-envs-1.30.0-linux-x64]: Extension is not compatible with Code 1.107.1. Extension requires: ^1.110.0-20260204.
2026-06-20 12:54:30.470 [error] [/home/beast/.vscode/extensions/ms-python.vscode-python-envs-1.30.0-linux-x64]: Extension is not compatible with Code 1.107.1. Extension requires: ^1.110.0-20260204.
2026-06-20 12:54:30.476 [error] [/home/beast/.vscode/extensions/ms-python.vscode-python-envs-1.26.0-linux-x64]: Extension is not compatible with Code 1.107.1. Extension requires: ^1.110.0-20260204.
2026-06-20 12:54:36.075 [error] [/home/beast/.vscode/extensions/ms-python.vscode-python-envs-1.26.0-linux-x64]: Extension is not compatible with Code 1.107.1. Extension requires: ^1.110.0-20260204.
2026-06-20 12:54:36.075 [error] [/home/beast/.vscode/extensions/ms-python.vscode-python-envs-1.30.0-linux-x64]: Extension is not compatible with Code 1.107.1. Extension requires: ^1.110.0-20260204.
2026-06-20 12:54:36.519 [error] [/home/beast/.vscode/extensions/ms-python.vscode-python-envs-1.26.0-linux-x64]: Extension is not compatible with Code 1.107.1. Extension requires: ^1.110.0-20260204.
2026-06-20 12:54:36.522 [error] [/home/beast/.vscode/extensions/ms-python.vscode-python-envs-1.30.0-linux-x64]: Extension is not compatible with Code 1.107.1. Extension requires: ^1.110.0-20260204.
2026-06-20 12:54:36.907 [error] [/home/beast/.vscode/extensions/ms-python.vscode-python-envs-1.26.0-linux-x64]: Extension is not compatible with Code 1.107.1. Extension requires: ^1.110.0-20260204.
2026-06-20 12:54:36.908 [error] [/home/beast/.vscode/extensions/ms-python.vscode-python-envs-1.30.0-linux-x64]: Extension is not compatible with Code 1.107.1. Extension requires: ^1.110.0-20260204.
2026-06-20 12:54:36.996 [error] [/home/beast/.vscode/extensions/ms-python.vscode-python-envs-1.26.0-linux-x64]: Extension is not compatible with Code 1.107.1. Extension requires: ^1.110.0-20260204.
2026-06-20 12:54:37.005 [error] [/home/beast/.vscode/extensions/ms-python.vscode-python-envs-1.30.0-linux-x64]: Extension is not compatible with Code 1.107.1. Extension requires: ^1.110.0-20260204.
2026-06-20 12:54:37.127 [error] [/home/beast/.vscode/extensions/ms-python.vscode-python-envs-1.26.0-linux-x64]: Extension is not compatible with Code 1.107.1. Extension requires: ^1.110.0-20260204.
2026-06-20 12:54:37.132 [error] [/home/beast/.vscode/extensions/ms-python.vscode-python-envs-1.30.0-linux-x64]: Extension is not compatible with Code 1.107.1. Extension requires: ^1.110.0-20260204.
2026-06-20 12:54:37.185 [error] [/home/beast/.vscode/extensions/ms-python.vscode-python-envs-1.26.0-linux-x64]: Extension is not compatible with Code 1.107.1. Extension requires: ^1.110.0-20260204.
2026-06-20 12:54:37.188 [error] [/home/beast/.vscode/extensions/ms-python.vscode-python-envs-1.30.0-linux-x64]: Extension is not compatible with Code 1.107.1. Extension requires: ^1.110.0-20260204.
2026-06-20 12:54:37.366 [error] [/home/beast/.vscode/extensions/ms-python.vscode-python-envs-1.30.0-linux-x64]: Extension is not compatible with Code 1.107.1. Extension requires: ^1.110.0-20260204.
2026-06-20 12:54:37.367 [error] [/home/beast/.vscode/extensions/ms-python.vscode-python-envs-1.26.0-linux-x64]: Extension is not compatible with Code 1.107.1. Extension requires: ^1.110.0-20260204.
2026-06-20 12:54:37.412 [error] [/home/beast/.vscode/extensions/ms-python.vscode-python-envs-1.26.0-linux-x64]: Extension is not compatible with Code 1.107.1. Extension requires: ^1.110.0-20260204.
2026-06-20 12:54:37.413 [error] [/home/beast/.vscode/extensions/ms-python.vscode-python-envs-1.30.0-linux-x64]: Extension is not compatible with Code 1.107.1. Extension requires: ^1.110.0-20260204.
2026-06-20 12:54:37.680 [error] [/home/beast/.vscode/extensions/ms-python.vscode-python-envs-1.26.0-linux-x64]: Extension is not compatible with Code 1.107.1. Extension requires: ^1.110.0-20260204.
2026-06-20 12:54:37.683 [error] [/home/beast/.vscode/extensions/ms-python.vscode-python-envs-1.30.0-linux-x64]: Extension is not compatible with Code 1.107.1. Extension requires: ^1.110.0-20260204.
2026-06-20 12:54:38.034 [error] [/home/beast/.vscode/extensions/ms-python.vscode-python-envs-1.26.0-linux-x64]: Extension is not compatible with Code 1.107.1. Extension requires: ^1.110.0-20260204.
2026-06-20 12:54:38.041 [error] [/home/beast/.vscode/extensions/ms-python.vscode-python-envs-1.30.0-linux-x64]: Extension is not compatible with Code 1.107.1. Extension requires: ^1.110.0-20260204.
2026-06-20 12:54:38.510 [error] [/home/beast/.vscode/extensions/ms-python.vscode-python-envs-1.26.0-linux-x64]: Extension is not compatible with Code 1.107.1. Extension requires: ^1.110.0-20260204.
2026-06-20 12:54:38.511 [error] [/home/beast/.vscode/extensions/ms-python.vscode-python-envs-1.30.0-linux-x64]: Extension is not compatible with Code 1.107.1. Extension requires: ^1.110.0-20260204.
2026-06-20 12:54:38.546 [error] [/home/beast/.vscode/extensions/ms-python.vscode-python-envs-1.26.0-linux-x64]: Extension is not compatible with Code 1.107.1. Extension requires: ^1.110.0-20260204.
2026-06-20 12:54:38.547 [error] [/home/beast/.vscode/extensions/ms-python.vscode-python-envs-1.30.0-linux-x64]: Extension is not compatible with Code 1.107.1. Extension requires: ^1.110.0-20260204.
2026-06-20 12:54:42.375 [error] [/home/beast/.vscode/extensions/ms-python.vscode-python-envs-1.26.0-linux-x64]: Extension is not compatible with Code 1.107.1. Extension requires: ^1.110.0-20260204.
2026-06-20 12:54:42.376 [error] [/home/beast/.vscode/extensions/ms-python.vscode-python-envs-1.30.0-linux-x64]: Extension is not compatible with Code 1.107.1. Extension requires: ^1.110.0-20260204.
2026-06-20 12:54:52.924 [info] Getting Manifest... bruno-api-client.bruno
2026-06-20 12:54:53.263 [info] Installing extension: bruno-api-client.bruno {"isMachineScoped":false,"installPreReleaseVersion":false,"pinned":false,"profileLocation":{"$mid":1,"external":"vscode-userdata:/home/beast/.vscode/extensions/extensions.json","path":"/home/beast/.vscode/extensions/extensions.json","scheme":"vscode-userdata"},"isApplicationScoped":false,"productVersion":{"version":"1.107.1","date":"2025-12-17T14:15:14.850Z"}}
2026-06-20 12:54:53.312 [error] [/home/beast/.vscode/extensions/ms-python.vscode-python-envs-1.26.0-linux-x64]: Extension is not compatible with Code 1.107.1. Extension requires: ^1.110.0-20260204.
2026-06-20 12:54:53.313 [error] [/home/beast/.vscode/extensions/ms-python.vscode-python-envs-1.30.0-linux-x64]: Extension is not compatible with Code 1.107.1. Extension requires: ^1.110.0-20260204.
2026-06-20 12:54:53.363 [error] [/home/beast/.vscode/extensions/ms-python.vscode-python-envs-1.26.0-linux-x64]: Extension is not compatible with Code 1.107.1. Extension requires: ^1.110.0-20260204.
2026-06-20 12:54:53.364 [error] [/home/beast/.vscode/extensions/ms-python.vscode-python-envs-1.30.0-linux-x64]: Extension is not compatible with Code 1.107.1. Extension requires: ^1.110.0-20260204.
2026-06-20 12:54:55.544 [info] Getting Manifest... ms-python.vscode-python-envs
2026-06-20 12:54:56.407 [info] Installing extension: ms-python.vscode-python-envs {"productVersion":{"version":"1.124.2","date":"2026-06-12T00:34:25.205Z"},"pinned":false,"operation":3,"isApplicationScoped":false,"profileLocation":{"$mid":1,"external":"vscode-userdata:/home/beast/.vscode/extensions/extensions.json","path":"/home/beast/.vscode/extensions/extensions.json","scheme":"vscode-userdata"}}
2026-06-20 12:54:57.951 [info] Extension signature verification result for bruno-api-client.bruno: Success. Internal Code: 0. Executed: true. Duration: 905ms.
2026-06-20 12:54:58.769 [info] Extracted extension to file:///home/beast/.vscode/extensions/bruno-api-client.bruno-5.0.1: bruno-api-client.bruno
2026-06-20 12:54:58.781 [info] Renamed to /home/beast/.vscode/extensions/bruno-api-client.bruno-5.0.1
2026-06-20 12:54:58.804 [error] [/home/beast/.vscode/extensions/ms-python.vscode-python-envs-1.26.0-linux-x64]: Extension is not compatible with Code 1.107.1. Extension requires: ^1.110.0-20260204.
2026-06-20 12:54:58.804 [error] [/home/beast/.vscode/extensions/ms-python.vscode-python-envs-1.30.0-linux-x64]: Extension is not compatible with Code 1.107.1. Extension requires: ^1.110.0-20260204.
2026-06-20 12:54:58.810 [info] Extension installed successfully: bruno-api-client.bruno vscode-userdata:/home/beast/.vscode/extensions/extensions.json
2026-06-20 12:54:58.846 [error] [/home/beast/.vscode/extensions/ms-python.vscode-python-envs-1.26.0-linux-x64]: Extension is not compatible with Code 1.107.1. Extension requires: ^1.110.0-20260204.
2026-06-20 12:54:58.848 [error] [/home/beast/.vscode/extensions/ms-python.vscode-python-envs-1.30.0-linux-x64]: Extension is not compatible with Code 1.107.1. Extension requires: ^1.110.0-20260204.
2026-06-20 12:55:00.269 [info] Extension signature verification result for ms-python.vscode-python-envs: Success. Internal Code: 0. Executed: true. Duration: 1162ms.
2026-06-20 12:55:00.828 [info] Extracted extension to file:///home/beast/.vscode/extensions/ms-python.vscode-python-envs-1.36.0-linux-x64: ms-python.vscode-python-envs
2026-06-20 12:55:00.839 [info] Renamed to /home/beast/.vscode/extensions/ms-python.vscode-python-envs-1.36.0-linux-x64
2026-06-20 12:55:00.842 [error] [/home/beast/.vscode/extensions/ms-python.vscode-python-envs-1.36.0-linux-x64]: Extension is not compatible with Code 1.107.1. Extension requires: ^1.110.0-20260204.
2026-06-20 12:55:00.861 [error] [/home/beast/.vscode/extensions/ms-python.vscode-python-envs-1.26.0-linux-x64]: Extension is not compatible with Code 1.107.1. Extension requires: ^1.110.0-20260204.
2026-06-20 12:55:00.861 [error] [/home/beast/.vscode/extensions/ms-python.vscode-python-envs-1.30.0-linux-x64]: Extension is not compatible with Code 1.107.1. Extension requires: ^1.110.0-20260204.
2026-06-20 12:55:00.862 [error] [/home/beast/.vscode/extensions/ms-python.vscode-python-envs-1.36.0-linux-x64]: Extension is not compatible with Code 1.107.1. Extension requires: ^1.110.0-20260204.
2026-06-20 12:55:00.865 [error] Error while installing the extension ms-python.vscode-python-envs Cannot read the extension from /home/beast/.vscode/extensions/ms-python.vscode-python-envs-1.36.0-linux-x64 vscode-userdata:/home/beast/.vscode/extensions/extensions.json
2026-06-20 12:55:00.893 [error] [/home/beast/.vscode/extensions/ms-python.vscode-python-envs-1.30.0-linux-x64]: Extension is not compatible with Code 1.107.1. Extension requires: ^1.110.0-20260204.
2026-06-20 12:55:00.893 [error] [/home/beast/.vscode/extensions/ms-python.vscode-python-envs-1.26.0-linux-x64]: Extension is not compatible with Code 1.107.1. Extension requires: ^1.110.0-20260204.
2026-06-20 12:55:00.894 [error] [/home/beast/.vscode/extensions/ms-python.vscode-python-envs-1.36.0-linux-x64]: Extension is not compatible with Code 1.107.1. Extension requires: ^1.110.0-20260204.
