2026-06-08 21:01:00.237 [info] [main] Log level: Info
2026-06-08 21:01:00.237 [info] [main] Validating found git in: "git"
2026-06-08 21:01:00.237 [info] [main] Using git "2.53.0" from "git"
2026-06-08 21:01:00.237 [info] [Model][doInitialScan] Initial repository scan started
2026-06-08 21:01:00.237 [info] > git rev-parse --show-toplevel [10ms]
2026-06-08 21:01:00.237 [info] > git rev-parse --git-dir --git-common-dir --show-superproject-working-tree [91ms]
2026-06-08 21:01:00.237 [info] [Model][openRepository] Opened repository (path): /home/beast/dev/my-zsh-aliases
2026-06-08 21:01:00.237 [info] [Model][openRepository] Opened repository (real path): /home/beast/dev/my-zsh-aliases
2026-06-08 21:01:00.237 [info] [Model][openRepository] Opened repository (kind): repository
2026-06-08 21:01:00.237 [info] > git rev-parse --show-toplevel [107ms]
2026-06-08 21:01:00.237 [info] > git config --get commit.template [128ms]
2026-06-08 21:01:00.241 [info] > git rev-parse --show-toplevel [179ms]
2026-06-08 21:01:00.372 [info] > git for-each-ref --format=%(refname)%00%(upstream:short)%00%(objectname)%00%(upstream:track)%00%(upstream:remotename)%00%(upstream:remoteref) refs/heads/main refs/remotes/main [135ms]
2026-06-08 21:01:00.984 [info] > git rev-parse --show-toplevel [714ms]
2026-06-08 21:01:01.035 [info] > git check-ignore -v -z --stdin [44ms]
2026-06-08 21:01:01.044 [info] > git rev-parse --show-toplevel [44ms]
2026-06-08 21:01:01.046 [info] [Model][doInitialScan] Initial repository scan completed - repositories (1), closed repositories (0), parent repositories (0), unsafe repositories (0)
2026-06-08 21:01:01.099 [info] > git status -z -uall [20ms]
2026-06-08 21:01:01.099 [info] > git for-each-ref --sort -committerdate --format %(refname)%00%(objectname)%00%(*objectname) [9ms]
2026-06-08 21:01:01.166 [info] > git for-each-ref --format=%(refname)%00%(upstream:short)%00%(objectname)%00%(upstream:track)%00%(upstream:remotename)%00%(upstream:remoteref) refs/heads/main refs/remotes/main [27ms]
2026-06-08 21:01:01.178 [info] > git config --get commit.template [26ms]
2026-06-08 21:01:01.181 [info] > git config --get --local branch.main.vscode-merge-base [5ms]
2026-06-08 21:01:01.181 [warning] [Git][config] git config failed: Failed to execute git
2026-06-08 21:01:01.222 [info] > git show --textconv :exploit_finder.py [12ms]
2026-06-08 21:01:01.224 [info] > git for-each-ref --format=%(refname)%00%(upstream:short)%00%(objectname)%00%(upstream:track)%00%(upstream:remotename)%00%(upstream:remoteref) refs/heads/main refs/remotes/main [26ms]
2026-06-08 21:01:01.224 [info] > git reflog main --grep-reflog=branch: Created from *. [31ms]
2026-06-08 21:01:01.232 [info] > git ls-files --stage -- exploit_finder.py [11ms]
2026-06-08 21:01:01.252 [info] > git symbolic-ref --short refs/remotes/origin/HEAD [24ms]
2026-06-08 21:01:01.252 [info] fatal: ref refs/remotes/origin/HEAD is not a symbolic ref
2026-06-08 21:01:01.253 [warning] [Repository][getDefaultBranch] Failed to get default branch details: Failed to execute git.
2026-06-08 21:01:01.287 [info] > git cat-file -s e1390c501d9ca517b0dd64f4e976384c0d79cfcf [48ms]
2026-06-08 21:01:01.288 [info] > git merge-base refs/heads/main refs/remotes/origin/main [20ms]
2026-06-08 21:01:01.330 [info] > git status -z -uall [8ms]
2026-06-08 21:01:01.332 [info] > git diff --name-status -z --diff-filter=ADMR --find-renames=50% 6f98fbabe5696c99b849d3b25eac1ee0e57bc875...refs/remotes/origin/main -- [30ms]
2026-06-08 21:01:01.338 [info] > git for-each-ref --sort -committerdate --format %(refname)%00%(objectname)%00%(*objectname) [10ms]
2026-06-08 21:01:01.696 [info] > git blame --root --incremental 6f98fbabe5696c99b849d3b25eac1ee0e57bc875 -- exploit_finder.py [4ms]
2026-06-08 21:01:08.523 [info] > git check-ignore -v -z --stdin [24ms]
2026-06-08 21:04:11.730 [info] > git check-ignore -v -z --stdin [2ms]
2026-06-08 21:09:27.573 [info] > git config --get commit.template [5ms]
2026-06-08 21:09:27.574 [info] > git for-each-ref --format=%(refname)%00%(upstream:short)%00%(objectname)%00%(upstream:track)%00%(upstream:remotename)%00%(upstream:remoteref) refs/heads/main refs/remotes/main [2ms]
2026-06-08 21:09:27.585 [info] > git status -z -uall [6ms]
2026-06-08 21:09:27.586 [info] > git for-each-ref --sort -committerdate --format %(refname)%00%(objectname)%00%(*objectname) [2ms]
2026-06-08 21:10:05.746 [info] > git config --get commit.template [5ms]
2026-06-08 21:10:05.747 [info] > git for-each-ref --format=%(refname)%00%(upstream:short)%00%(objectname)%00%(upstream:track)%00%(upstream:remotename)%00%(upstream:remoteref) refs/heads/main refs/remotes/main [1ms]
2026-06-08 21:10:05.757 [info] > git status -z -uall [6ms]
2026-06-08 21:10:05.758 [info] > git for-each-ref --sort -committerdate --format %(refname)%00%(objectname)%00%(*objectname) [2ms]
2026-06-08 21:10:56.359 [info] > git config --get commit.template [4ms]
2026-06-08 21:10:56.360 [info] > git for-each-ref --format=%(refname)%00%(upstream:short)%00%(objectname)%00%(upstream:track)%00%(upstream:remotename)%00%(upstream:remoteref) refs/heads/main refs/remotes/main [1ms]
2026-06-08 21:10:56.371 [info] > git status -z -uall [5ms]
2026-06-08 21:10:56.372 [info] > git for-each-ref --sort -committerdate --format %(refname)%00%(objectname)%00%(*objectname) [1ms]
2026-06-08 21:11:12.173 [info] > git config --get commit.template [6ms]
2026-06-08 21:11:12.173 [info] > git for-each-ref --format=%(refname)%00%(upstream:short)%00%(objectname)%00%(upstream:track)%00%(upstream:remotename)%00%(upstream:remoteref) refs/heads/main refs/remotes/main [1ms]
2026-06-08 21:11:12.183 [info] > git status -z -uall [5ms]
2026-06-08 21:11:12.184 [info] > git for-each-ref --sort -committerdate --format %(refname)%00%(objectname)%00%(*objectname) [1ms]
2026-06-08 21:12:23.215 [info] > git config --get commit.template [1ms]
2026-06-08 21:12:23.220 [info] > git for-each-ref --format=%(refname)%00%(upstream:short)%00%(objectname)%00%(upstream:track)%00%(upstream:remotename)%00%(upstream:remoteref) refs/heads/main refs/remotes/main [1ms]
2026-06-08 21:12:23.230 [info] > git status -z -uall [5ms]
2026-06-08 21:12:23.230 [info] > git for-each-ref --sort -committerdate --format %(refname)%00%(objectname)%00%(*objectname) [1ms]
2026-06-08 21:12:54.165 [info] > git config --get commit.template [1ms]
2026-06-08 21:12:54.170 [info] > git for-each-ref --format=%(refname)%00%(upstream:short)%00%(objectname)%00%(upstream:track)%00%(upstream:remotename)%00%(upstream:remoteref) refs/heads/main refs/remotes/main [1ms]
2026-06-08 21:12:54.180 [info] > git status -z -uall [5ms]
2026-06-08 21:12:54.181 [info] > git for-each-ref --sort -committerdate --format %(refname)%00%(objectname)%00%(*objectname) [2ms]
2026-06-08 21:13:13.674 [info] > git config --get commit.template [5ms]
2026-06-08 21:13:13.675 [info] > git for-each-ref --format=%(refname)%00%(upstream:short)%00%(objectname)%00%(upstream:track)%00%(upstream:remotename)%00%(upstream:remoteref) refs/heads/main refs/remotes/main [1ms]
2026-06-08 21:13:13.686 [info] > git status -z -uall [5ms]
2026-06-08 21:13:13.687 [info] > git for-each-ref --sort -committerdate --format %(refname)%00%(objectname)%00%(*objectname) [1ms]
2026-06-08 21:13:29.400 [info] > git config --get commit.template [2ms]
2026-06-08 21:13:29.405 [info] > git for-each-ref --format=%(refname)%00%(upstream:short)%00%(objectname)%00%(upstream:track)%00%(upstream:remotename)%00%(upstream:remoteref) refs/heads/main refs/remotes/main [1ms]
2026-06-08 21:13:29.418 [info] > git status -z -uall [7ms]
2026-06-08 21:13:29.418 [info] > git for-each-ref --sort -committerdate --format %(refname)%00%(objectname)%00%(*objectname) [2ms]
2026-06-08 21:14:05.661 [info] > git config --get commit.template [6ms]
2026-06-08 21:14:05.662 [info] > git for-each-ref --format=%(refname)%00%(upstream:short)%00%(objectname)%00%(upstream:track)%00%(upstream:remotename)%00%(upstream:remoteref) refs/heads/main refs/remotes/main [2ms]
2026-06-08 21:14:05.671 [info] > git status -z -uall [5ms]
2026-06-08 21:14:05.672 [info] > git for-each-ref --sort -committerdate --format %(refname)%00%(objectname)%00%(*objectname) [1ms]
2026-06-08 21:17:37.152 [info] > git config --get commit.template [5ms]
2026-06-08 21:17:37.153 [info] > git for-each-ref --format=%(refname)%00%(upstream:short)%00%(objectname)%00%(upstream:track)%00%(upstream:remotename)%00%(upstream:remoteref) refs/heads/main refs/remotes/main [1ms]
2026-06-08 21:17:37.163 [info] > git status -z -uall [5ms]
2026-06-08 21:17:37.163 [info] > git for-each-ref --sort -committerdate --format %(refname)%00%(objectname)%00%(*objectname) [1ms]
2026-06-08 21:18:35.472 [info] > git config --get commit.template [5ms]
2026-06-08 21:18:35.473 [info] > git for-each-ref --format=%(refname)%00%(upstream:short)%00%(objectname)%00%(upstream:track)%00%(upstream:remotename)%00%(upstream:remoteref) refs/heads/main refs/remotes/main [2ms]
2026-06-08 21:18:35.484 [info] > git status -z -uall [6ms]
2026-06-08 21:18:35.485 [info] > git for-each-ref --sort -committerdate --format %(refname)%00%(objectname)%00%(*objectname) [1ms]
2026-06-08 21:18:47.493 [info] > git config --get commit.template [5ms]
2026-06-08 21:18:47.493 [info] > git for-each-ref --format=%(refname)%00%(upstream:short)%00%(objectname)%00%(upstream:track)%00%(upstream:remotename)%00%(upstream:remoteref) refs/heads/main refs/remotes/main [1ms]
2026-06-08 21:18:47.503 [info] > git status -z -uall [5ms]
2026-06-08 21:18:47.504 [info] > git for-each-ref --sort -committerdate --format %(refname)%00%(objectname)%00%(*objectname) [2ms]
2026-06-08 21:18:51.351 [info] > git check-ignore -v -z --stdin [8ms]
2026-06-08 21:18:51.469 [info] > git check-ignore -v -z --stdin [1ms]
2026-06-08 21:18:51.571 [info] > git show --textconv :requirements.txt [7ms]
2026-06-08 21:18:51.572 [info] > git ls-files --stage -- requirements.txt [1ms]
2026-06-08 21:18:51.578 [info] > git cat-file -s fd8ca5a8553e6aa7381133fe41f2564cf5113e12 [1ms]
2026-06-08 21:18:56.597 [info] > git check-ignore -v -z --stdin [7ms]
2026-06-08 21:18:56.722 [info] > git check-ignore -v -z --stdin [2ms]
2026-06-08 21:18:56.836 [info] > git show --textconv :exploit_finder.py [5ms]
2026-06-08 21:18:56.838 [info] > git ls-files --stage -- exploit_finder.py [2ms]
2026-06-08 21:18:56.845 [info] > git cat-file -s e1390c501d9ca517b0dd64f4e976384c0d79cfcf [2ms]
2026-06-08 21:19:09.459 [info] > git config --get commit.template [1ms]
2026-06-08 21:19:09.466 [info] > git for-each-ref --format=%(refname)%00%(upstream:short)%00%(objectname)%00%(upstream:track)%00%(upstream:remotename)%00%(upstream:remoteref) refs/heads/main refs/remotes/main [2ms]
2026-06-08 21:19:09.477 [info] > git status -z -uall [6ms]
2026-06-08 21:19:09.478 [info] > git for-each-ref --sort -committerdate --format %(refname)%00%(objectname)%00%(*objectname) [2ms]
2026-06-08 21:19:20.970 [info] > git config --get commit.template [5ms]
2026-06-08 21:19:20.971 [info] > git for-each-ref --format=%(refname)%00%(upstream:short)%00%(objectname)%00%(upstream:track)%00%(upstream:remotename)%00%(upstream:remoteref) refs/heads/main refs/remotes/main [2ms]
2026-06-08 21:19:20.982 [info] > git status -z -uall [5ms]
2026-06-08 21:19:20.983 [info] > git for-each-ref --sort -committerdate --format %(refname)%00%(objectname)%00%(*objectname) [1ms]
2026-06-08 21:19:33.640 [info] > git config --get commit.template [6ms]
2026-06-08 21:19:33.640 [info] > git for-each-ref --format=%(refname)%00%(upstream:short)%00%(objectname)%00%(upstream:track)%00%(upstream:remotename)%00%(upstream:remoteref) refs/heads/main refs/remotes/main [1ms]
2026-06-08 21:19:33.652 [info] > git status -z -uall [5ms]
2026-06-08 21:19:33.652 [info] > git for-each-ref --sort -committerdate --format %(refname)%00%(objectname)%00%(*objectname) [1ms]
2026-06-08 21:19:54.676 [info] > git check-ignore -v -z --stdin [5ms]
2026-06-08 21:19:54.969 [info] > git check-ignore -v -z --stdin [97ms]
2026-06-08 21:19:55.310 [info] > git show --textconv :README.md [21ms]
2026-06-08 21:19:55.310 [info] > git ls-files --stage -- README.md [14ms]
2026-06-08 21:19:55.362 [info] > git cat-file -s 7e3f0dd5f24557b0689d007035bec371367bb830 [46ms]
2026-06-08 21:20:00.868 [info] > git blame --root --incremental 6f98fbabe5696c99b849d3b25eac1ee0e57bc875 -- README.md [6ms]
2026-06-08 21:20:42.008 [info] > git config --get commit.template [5ms]
2026-06-08 21:20:42.008 [info] > git for-each-ref --format=%(refname)%00%(upstream:short)%00%(objectname)%00%(upstream:track)%00%(upstream:remotename)%00%(upstream:remoteref) refs/heads/main refs/remotes/main [1ms]
2026-06-08 21:20:42.018 [info] > git status -z -uall [5ms]
2026-06-08 21:20:42.019 [info] > git for-each-ref --sort -committerdate --format %(refname)%00%(objectname)%00%(*objectname) [1ms]
2026-06-08 21:21:21.518 [info] > git config --get commit.template [6ms]
2026-06-08 21:21:21.518 [info] > git for-each-ref --format=%(refname)%00%(upstream:short)%00%(objectname)%00%(upstream:track)%00%(upstream:remotename)%00%(upstream:remoteref) refs/heads/main refs/remotes/main [1ms]
2026-06-08 21:21:21.530 [info] > git status -z -uall [5ms]
2026-06-08 21:21:21.530 [info] > git for-each-ref --sort -committerdate --format %(refname)%00%(objectname)%00%(*objectname) [1ms]
2026-06-08 21:21:37.158 [info] > git config --get commit.template [1ms]
2026-06-08 21:21:37.163 [info] > git for-each-ref --format=%(refname)%00%(upstream:short)%00%(objectname)%00%(upstream:track)%00%(upstream:remotename)%00%(upstream:remoteref) refs/heads/main refs/remotes/main [1ms]
2026-06-08 21:21:37.173 [info] > git status -z -uall [5ms]
2026-06-08 21:21:37.173 [info] > git for-each-ref --sort -committerdate --format %(refname)%00%(objectname)%00%(*objectname) [1ms]
2026-06-08 21:21:51.741 [info] > git check-ignore -v -z --stdin [7ms]
2026-06-08 21:21:51.979 [info] > git check-ignore -v -z --stdin [2ms]
2026-06-08 21:21:52.093 [info] > git show --textconv :exploit_finder.py [9ms]
2026-06-08 21:21:52.095 [info] > git ls-files --stage -- exploit_finder.py [4ms]
2026-06-08 21:21:52.102 [info] > git cat-file -s e1390c501d9ca517b0dd64f4e976384c0d79cfcf [3ms]
2026-06-08 21:23:26.985 [info] > git check-ignore -v -z --stdin [7ms]
2026-06-08 21:23:27.137 [info] > git check-ignore -v -z --stdin [2ms]
2026-06-08 21:23:27.216 [info] > git show --textconv :exploit_finder.py [6ms]
2026-06-08 21:23:27.218 [info] > git ls-files --stage -- exploit_finder.py [2ms]
2026-06-08 21:23:27.225 [info] > git cat-file -s e1390c501d9ca517b0dd64f4e976384c0d79cfcf [1ms]
2026-06-08 21:26:55.443 [info] > git config --get commit.template [2ms]
2026-06-08 21:26:55.450 [info] > git for-each-ref --format=%(refname)%00%(upstream:short)%00%(objectname)%00%(upstream:track)%00%(upstream:remotename)%00%(upstream:remoteref) refs/heads/main refs/remotes/main [2ms]
2026-06-08 21:26:55.469 [info] > git status -z -uall [5ms]
2026-06-08 21:26:55.471 [info] > git for-each-ref --sort -committerdate --format %(refname)%00%(objectname)%00%(*objectname) [3ms]
2026-06-08 21:39:29.445 [info] > git check-ignore -v -z --stdin [11ms]
2026-06-08 21:39:29.598 [info] > git check-ignore -v -z --stdin [2ms]
2026-06-08 21:39:29.745 [info] > git show --textconv :README.md [9ms]
2026-06-08 21:39:29.746 [info] > git ls-files --stage -- README.md [1ms]
2026-06-08 21:39:29.757 [info] > git cat-file -s 7e3f0dd5f24557b0689d007035bec371367bb830 [1ms]
2026-06-08 21:49:21.391 [info] > git check-ignore -v -z --stdin [7ms]
2026-06-08 21:49:21.597 [info] > git check-ignore -v -z --stdin [2ms]
2026-06-08 21:49:21.681 [info] > git show --textconv :exploit_finder.py [11ms]
2026-06-08 21:49:21.692 [info] > git ls-files --stage -- exploit_finder.py [13ms]
2026-06-08 21:49:21.707 [info] > git cat-file -s e1390c501d9ca517b0dd64f4e976384c0d79cfcf [4ms]
2026-06-08 21:55:28.293 [info] > git config --get commit.template [1ms]
2026-06-08 21:55:28.299 [info] > git for-each-ref --format=%(refname)%00%(upstream:short)%00%(objectname)%00%(upstream:track)%00%(upstream:remotename)%00%(upstream:remoteref) refs/heads/main refs/remotes/main [1ms]
2026-06-08 21:55:28.310 [info] > git status -z -uall [5ms]
2026-06-08 21:55:28.311 [info] > git for-each-ref --sort -committerdate --format %(refname)%00%(objectname)%00%(*objectname) [2ms]
2026-06-08 21:55:53.651 [info] > git config --get commit.template [6ms]
2026-06-08 21:55:53.652 [info] > git for-each-ref --format=%(refname)%00%(upstream:short)%00%(objectname)%00%(upstream:track)%00%(upstream:remotename)%00%(upstream:remoteref) refs/heads/main refs/remotes/main [2ms]
2026-06-08 21:55:53.662 [info] > git status -z -uall [5ms]
2026-06-08 21:55:53.663 [info] > git for-each-ref --sort -committerdate --format %(refname)%00%(objectname)%00%(*objectname) [1ms]
2026-06-08 21:59:01.663 [info] > git config --get commit.template [5ms]
2026-06-08 21:59:01.664 [info] > git for-each-ref --format=%(refname)%00%(upstream:short)%00%(objectname)%00%(upstream:track)%00%(upstream:remotename)%00%(upstream:remoteref) refs/heads/main refs/remotes/main [1ms]
2026-06-08 21:59:01.675 [info] > git status -z -uall [6ms]
2026-06-08 21:59:01.676 [info] > git for-each-ref --sort -committerdate --format %(refname)%00%(objectname)%00%(*objectname) [2ms]
2026-06-08 22:05:19.704 [info] > git config --get commit.template [1ms]
2026-06-08 22:05:19.710 [info] > git for-each-ref --format=%(refname)%00%(upstream:short)%00%(objectname)%00%(upstream:track)%00%(upstream:remotename)%00%(upstream:remoteref) refs/heads/main refs/remotes/main [1ms]
2026-06-08 22:05:19.719 [info] > git status -z -uall [4ms]
2026-06-08 22:05:19.720 [info] > git for-each-ref --sort -committerdate --format %(refname)%00%(objectname)%00%(*objectname) [1ms]
2026-06-08 22:05:22.189 [info] > git check-ignore -v -z --stdin [8ms]
2026-06-08 22:05:22.338 [info] > git check-ignore -v -z --stdin [1ms]
2026-06-08 22:05:22.472 [info] > git show --textconv :exploit_finder.py [8ms]
2026-06-08 22:05:22.473 [info] > git ls-files --stage -- exploit_finder.py [1ms]
2026-06-08 22:05:22.481 [info] > git cat-file -s e1390c501d9ca517b0dd64f4e976384c0d79cfcf [3ms]
2026-06-08 22:10:44.624 [info] > git config --get commit.template [5ms]
2026-06-08 22:10:44.625 [info] > git for-each-ref --format=%(refname)%00%(upstream:short)%00%(objectname)%00%(upstream:track)%00%(upstream:remotename)%00%(upstream:remoteref) refs/heads/main refs/remotes/main [1ms]
2026-06-08 22:10:44.637 [info] > git status -z -uall [6ms]
2026-06-08 22:10:44.638 [info] > git for-each-ref --sort -committerdate --format %(refname)%00%(objectname)%00%(*objectname) [2ms]
2026-06-08 22:14:05.767 [info] > git config --get commit.template [1ms]
2026-06-08 22:14:05.774 [info] > git for-each-ref --format=%(refname)%00%(upstream:short)%00%(objectname)%00%(upstream:track)%00%(upstream:remotename)%00%(upstream:remoteref) refs/heads/main refs/remotes/main [2ms]
2026-06-08 22:14:05.785 [info] > git status -z -uall [6ms]
2026-06-08 22:14:05.786 [info] > git for-each-ref --sort -committerdate --format %(refname)%00%(objectname)%00%(*objectname) [2ms]
2026-06-08 22:24:18.203 [info] > git config --get commit.template [5ms]
2026-06-08 22:24:18.320 [info] > git for-each-ref --format=%(refname)%00%(upstream:short)%00%(objectname)%00%(upstream:track)%00%(upstream:remotename)%00%(upstream:remoteref) refs/heads/main refs/remotes/main [41ms]
2026-06-08 22:24:18.372 [info] > git status -z -uall [24ms]
2026-06-08 22:24:18.520 [info] > git for-each-ref --sort -committerdate --format %(refname)%00%(objectname)%00%(*objectname) [161ms]
2026-06-08 22:27:07.323 [info] > git config --get commit.template [9ms]
2026-06-08 22:27:07.326 [info] > git for-each-ref --format=%(refname)%00%(upstream:short)%00%(objectname)%00%(upstream:track)%00%(upstream:remotename)%00%(upstream:remoteref) refs/heads/main refs/remotes/main [4ms]
2026-06-08 22:27:07.339 [info] > git status -z -uall [8ms]
2026-06-08 22:27:07.340 [info] > git for-each-ref --sort -committerdate --format %(refname)%00%(objectname)%00%(*objectname) [2ms]
2026-06-08 22:30:26.453 [info] > git config --get commit.template [2ms]
2026-06-08 22:30:26.461 [info] > git for-each-ref --format=%(refname)%00%(upstream:short)%00%(objectname)%00%(upstream:track)%00%(upstream:remotename)%00%(upstream:remoteref) refs/heads/main refs/remotes/main [1ms]
2026-06-08 22:30:26.473 [info] > git status -z -uall [6ms]
2026-06-08 22:30:26.474 [info] > git for-each-ref --sort -committerdate --format %(refname)%00%(objectname)%00%(*objectname) [2ms]
2026-06-08 22:30:26.797 [info] > git show --textconv HEAD:exploit_finder.py [8ms]
2026-06-08 22:30:26.799 [info] > git ls-tree -l HEAD -- exploit_finder.py [2ms]
2026-06-08 22:30:42.929 [info] > git config --get commit.template [2ms]
2026-06-08 22:30:42.938 [info] > git for-each-ref --format=%(refname)%00%(upstream:short)%00%(objectname)%00%(upstream:track)%00%(upstream:remotename)%00%(upstream:remoteref) refs/heads/main refs/remotes/main [4ms]
2026-06-08 22:30:42.950 [info] > git status -z -uall [7ms]
2026-06-08 22:30:42.951 [info] > git for-each-ref --sort -committerdate --format %(refname)%00%(objectname)%00%(*objectname) [2ms]
2026-06-08 22:30:42.975 [info] > git merge-base refs/heads/main refs/remotes/origin/main [3ms]
2026-06-08 22:30:42.982 [info] > git blame --root --incremental 9e64ab927cf94d8047210895a414b5bd66f21e26 -- exploit_finder.py [18ms]
2026-06-08 22:30:42.987 [info] > git diff --name-status -z --diff-filter=ADMR --find-renames=50% 6f98fbabe5696c99b849d3b25eac1ee0e57bc875...refs/remotes/origin/main -- [5ms]
2026-06-08 22:31:10.940 [info] > git config --get commit.template [6ms]
2026-06-08 22:31:10.941 [info] > git for-each-ref --format=%(refname)%00%(upstream:short)%00%(objectname)%00%(upstream:track)%00%(upstream:remotename)%00%(upstream:remoteref) refs/heads/main refs/remotes/main [2ms]
2026-06-08 22:31:10.954 [info] > git status -z -uall [7ms]
2026-06-08 22:31:10.955 [info] > git for-each-ref --sort -committerdate --format %(refname)%00%(objectname)%00%(*objectname) [2ms]
2026-06-08 22:31:10.970 [info] > git merge-base refs/heads/main refs/remotes/origin/main [3ms]
2026-06-08 22:31:10.980 [info] > git diff --name-status -z --diff-filter=ADMR --find-renames=50% 9e64ab927cf94d8047210895a414b5bd66f21e26...refs/remotes/origin/main -- [2ms]
2026-06-08 22:31:43.564 [info] > git ls-files --stage -- exploit_finder.py [3ms]
2026-06-08 22:31:43.572 [info] > git cat-file -s 867bb70d139f313a35d8c3963521a6d3c0e98456 [2ms]
2026-06-08 22:31:43.585 [info] > git show --textconv :exploit_finder.py [1ms]
