2026-05-31 15:34:00.064 [info] Python-envs extension version: 1.20.1
2026-05-31 15:34:00.064 [info] 
=== Python Envs Configuration Levels ===
2026-05-31 15:34:00.064 [info] {
  "section": "Python Envs Configuration Levels",
  "defaultEnvManager": {
    "workspaceFolderValue": "undefined",
    "workspaceValue": "undefined",
    "globalValue": "undefined",
    "defaultValue": "ms-python.python:venv"
  },
  "defaultPackageManager": {
    "workspaceFolderValue": "undefined",
    "workspaceValue": "undefined",
    "globalValue": "undefined",
    "defaultValue": "ms-python.python:pip"
  }
}
2026-05-31 15:34:00.064 [info] [pet] Starting Python Locator /home/beast/.vscode/extensions/ms-python.vscode-python-envs-1.20.1-linux-x64/python-env-tools/bin/pet server
2026-05-31 15:34:00.070 [info] [pet] configure: Sending configuration update: {"workspaceDirectories":["/home/beast/HTB/Silentium"],"environmentDirectories":["/home/beast/HTB/Silentium/**/.venv"],"pipenvExecutable":"pipenv","poetryExecutable":"poetry","cacheDirectory":"/home/beast/.config/Code/User/globalStorage/ms-python.vscode-python-envs/pythonLocator"}
2026-05-31 15:34:00.676 [info] Refreshing Pyenv Environments
2026-05-31 15:34:00.676 [info] Refreshing pyenv environments
2026-05-31 15:34:01.133 [info] Discovered manager: (Pyenv) /home/beast/.pyenv/bin/pyenv
2026-05-31 15:34:01.218 [info] Discovered env: /home/beast/.pyenv/versions/3.11.0/bin/python
2026-05-31 15:34:01.292 [info] Discovered env: /home/beast/.pyenv/versions/pwncat-cs/bin/python
2026-05-31 15:34:01.347 [info] Discovered env: /home/beast/HTB/Silentium/pwncat/.venv/bin/python
2026-05-31 15:34:01.409 [info] Discovered env: /home/beast/HTB/Silentium/CVE-2025-8110/.venv/bin/python
2026-05-31 15:34:01.429 [info] Discovered env: /usr/bin/python
2026-05-31 15:34:01.439 [info] Discovered env: /usr/bin/python2
2026-05-31 15:34:01.499 [info] Conda not found, turning off conda features. [Error: Conda not found
	at F (/home/beast/.vscode/extensions/ms-python.vscode-python-envs-1.20.1-linux-x64/dist/extension.js:2:578361)
	at async L (/home/beast/.vscode/extensions/ms-python.vscode-python-envs-1.20.1-linux-x64/dist/extension.js:2:578486)
	at async t.registerCondaFeatures (/home/beast/.vscode/extensions/ms-python.vscode-python-envs-1.20.1-linux-x64/dist/extension.js:2:596321)
	at async Promise.all (index 1)
	at async Immediate.<anonymous> (/home/beast/.vscode/extensions/ms-python.vscode-python-envs-1.20.1-linux-x64/dist/extension.js:2:717155)]
2026-05-31 15:34:01.546 [info] [pet] Telemetry:  {"event":"RefreshPerformance","data":{"refreshPerformance":{"total":532,"breakdown":{"GlobalVirtualEnvs":103,"Locators":462,"Path":527,"Workspaces":47},"locators":{"Conda":456,"Homebrew":0,"LinuxGlobal":352,"PipEnv":0,"Pixi":0,"Poetry":0,"PyEnv":89,"Uv":0,"Venv":0,"VirtualEnv":0,"VirtualEnvWrapper":0}}}}
2026-05-31 15:34:01.621 [info] Discovered manager: (Pyenv) /home/beast/.pyenv/bin/pyenv
2026-05-31 15:34:01.721 [info] Discovered env: /home/beast/.pyenv/versions/3.11.0/bin/python
2026-05-31 15:34:01.869 [info] Discovered env: /home/beast/HTB/Silentium/pwncat/.venv/bin/python
2026-05-31 15:34:01.958 [info] Discovered env: /home/beast/HTB/Silentium/CVE-2025-8110/.venv/bin/python
2026-05-31 15:34:02.097 [info] Discovered env: /home/beast/.pyenv/versions/pwncat-cs/bin/python
2026-05-31 15:34:02.168 [info] Discovered env: /usr/bin/python
2026-05-31 15:34:02.236 [info] Discovered env: /usr/bin/python2
2026-05-31 15:34:02.269 [info] Pipenv not found
2026-05-31 15:34:02.269 [info] Pipenv not found, turning off pipenv features. If you have pipenv installed in a non-standard location, set the "python.pipenvPath" setting.
2026-05-31 15:34:02.358 [info] [pet] Telemetry:  {"event":"RefreshPerformance","data":{"refreshPerformance":{"total":302,"breakdown":{"GlobalVirtualEnvs":79,"Locators":137,"Path":299,"Workspaces":1},"locators":{"Conda":78,"Homebrew":0,"LinuxGlobal":125,"PipEnv":0,"Pixi":0,"Poetry":0,"PyEnv":65,"Uv":0,"Venv":0,"VirtualEnv":0,"VirtualEnvWrapper":0}}}}
2026-05-31 15:34:02.443 [info] Discovered manager: (Pyenv) /home/beast/.pyenv/bin/pyenv
2026-05-31 15:34:02.473 [info] Discovered env: /home/beast/.pyenv/versions/pwncat-cs/bin/python
2026-05-31 15:34:02.484 [info] Discovered env: /home/beast/HTB/Silentium/pwncat/.venv/bin/python
2026-05-31 15:34:02.513 [info] Discovered env: /home/beast/HTB/Silentium/CVE-2025-8110/.venv/bin/python
2026-05-31 15:34:02.516 [info] Discovered env: /home/beast/.pyenv/versions/3.11.0/bin/python
2026-05-31 15:34:02.540 [info] Discovered env: /usr/bin/python
2026-05-31 15:34:02.552 [info] Discovered env: /usr/bin/python2
2026-05-31 15:34:02.560 [info] Poetry not found, turning off poetry features.
2026-05-31 15:34:02.564 [info] [interpreterSelection] Applying initial environment selection for 1 workspace folder(s)
2026-05-31 15:34:02.589 [info] [pet] Telemetry:  {"event":"RefreshPerformance","data":{"refreshPerformance":{"total":173,"breakdown":{"GlobalVirtualEnvs":17,"Locators":99,"Path":172,"Workspaces":60},"locators":{"Conda":60,"Homebrew":0,"LinuxGlobal":98,"PipEnv":0,"Pixi":0,"Poetry":0,"PyEnv":38,"Uv":0,"Venv":0,"VirtualEnv":0,"VirtualEnvWrapper":0}}}}
2026-05-31 15:34:02.641 [info] Discovered manager: (Pyenv) /home/beast/.pyenv/bin/pyenv
2026-05-31 15:34:02.655 [info] Discovered env: /home/beast/HTB/Silentium/CVE-2025-8110/.venv/bin/python
2026-05-31 15:34:02.678 [info] Discovered env: /home/beast/HTB/Silentium/pwncat/.venv/bin/python
2026-05-31 15:34:02.680 [info] Discovered env: /home/beast/.pyenv/versions/pwncat-cs/bin/python
2026-05-31 15:34:02.682 [info] Discovered env: /home/beast/.pyenv/versions/3.11.0/bin/python
2026-05-31 15:34:02.690 [info] Discovered env: /usr/bin/python
2026-05-31 15:34:02.705 [info] Discovered env: /usr/bin/python2
2026-05-31 15:34:02.762 [info] [pet] Telemetry:  {"event":"RefreshPerformance","data":{"refreshPerformance":{"total":160,"breakdown":{"GlobalVirtualEnvs":17,"Locators":111,"Path":159,"Workspaces":32},"locators":{"Conda":75,"Homebrew":0,"LinuxGlobal":108,"PipEnv":0,"Pixi":0,"Poetry":0,"PyEnv":22,"Uv":0,"Venv":0,"VirtualEnv":0,"VirtualEnvWrapper":0}}}}
2026-05-31 15:34:02.788 [info] Discovered manager: (Pyenv) /home/beast/.pyenv/bin/pyenv
2026-05-31 15:34:02.794 [info] Found venv environment: .venv (3.13.11)
2026-05-31 15:34:02.816 [info] Discovered env: /home/beast/.pyenv/versions/pwncat-cs/bin/python
2026-05-31 15:34:02.936 [info] Discovered env: /home/beast/HTB/Silentium/CVE-2025-8110/.venv/bin/python
2026-05-31 15:34:02.962 [info] Python API: Changed environment from undefined to .venv (3.13.11) for: /home/beast/HTB/Silentium
2026-05-31 15:34:02.962 [info] Internal: Changed environment from undefined to .venv (3.13.11) for: /home/beast/HTB/Silentium
2026-05-31 15:34:03.000 [info] [interpreterSelection] Silentium: .venv (3.13.11) (source: autoDiscovery)
2026-05-31 15:34:03.023 [info] Discovered env: /home/beast/HTB/Silentium/pwncat/.venv/bin/python
2026-05-31 15:34:03.066 [info] Discovered env: /home/beast/.pyenv/versions/3.11.0/bin/python
2026-05-31 15:34:03.076 [info] Discovered env: /usr/bin/python
2026-05-31 15:34:03.077 [info] Discovered env: /usr/bin/python2
2026-05-31 15:34:03.119 [info] [pet] Telemetry:  {"event":"RefreshPerformance","data":{"refreshPerformance":{"total":191,"breakdown":{"GlobalVirtualEnvs":25,"Locators":116,"Path":189,"Workspaces":10},"locators":{"Conda":83,"Homebrew":0,"LinuxGlobal":103,"PipEnv":0,"Pixi":0,"Poetry":0,"PyEnv":7,"Uv":0,"Venv":0,"VirtualEnv":0,"VirtualEnvWrapper":0}}}}
2026-05-31 15:34:03.253 [info] [interpreterSelection] global: Python 3.13.11 (source: autoDiscovery)
2026-05-31 15:34:03.317 [info] Discovered manager: (Pyenv) /home/beast/.pyenv/bin/pyenv
2026-05-31 15:34:03.318 [info] Python API: Changed environment from undefined to Python 3.13.11 for: global
2026-05-31 15:34:03.318 [info] Internal: Changed environment from undefined to Python 3.13.11 for: global
2026-05-31 15:34:03.455 [info] Discovered env: /home/beast/HTB/Silentium/CVE-2025-8110/.venv/bin/python
2026-05-31 15:34:03.470 [info] Discovered env: /home/beast/HTB/Silentium/pwncat/.venv/bin/python
2026-05-31 15:34:03.474 [info] Discovered env: /home/beast/.pyenv/versions/pwncat-cs/bin/python
2026-05-31 15:34:03.474 [info] Discovered env: /home/beast/.pyenv/versions/3.11.0/bin/python
2026-05-31 15:34:03.475 [info] Discovered env: /usr/bin/python
2026-05-31 15:34:03.475 [info] Discovered env: /usr/bin/python2
2026-05-31 15:34:03.478 [info] [pet] Telemetry:  {"event":"RefreshPerformance","data":{"refreshPerformance":{"total":274,"breakdown":{"GlobalVirtualEnvs":9,"Locators":180,"Path":272,"Workspaces":15},"locators":{"Conda":113,"Homebrew":0,"LinuxGlobal":176,"PipEnv":0,"Pixi":0,"Poetry":0,"PyEnv":15,"Uv":0,"Venv":0,"VirtualEnv":0,"VirtualEnvWrapper":0}}}}
2026-05-31 15:34:03.490 [info] Discovered manager: (Pyenv) /home/beast/.pyenv/bin/pyenv
2026-05-31 15:34:03.491 [info] Discovered env: /home/beast/.pyenv/versions/3.11.0/bin/python
2026-05-31 15:34:03.491 [info] Discovered env: /home/beast/HTB/Silentium/pwncat/.venv/bin/python
2026-05-31 15:34:03.491 [info] Discovered env: /home/beast/HTB/Silentium/CVE-2025-8110/.venv/bin/python
2026-05-31 15:34:03.492 [info] Discovered env: /home/beast/.pyenv/versions/pwncat-cs/bin/python
2026-05-31 15:34:03.496 [info] Found venv environment: .venv (3.13.11)
2026-05-31 15:34:03.508 [info] Python API: Changed environment from .venv (3.13.11) to .venv (3.13.11) for: /home/beast/HTB/Silentium
2026-05-31 15:34:03.508 [info] Internal: Changed environment from .venv (3.13.11) to .venv (3.13.11) for: /home/beast/HTB/Silentium
2026-05-31 15:34:03.566 [info] Discovered env: /usr/bin/python
2026-05-31 15:34:03.586 [info] Discovered env: /usr/bin/python2
2026-05-31 15:34:03.639 [info] [pet] Telemetry:  {"event":"RefreshPerformance","data":{"refreshPerformance":{"total":152,"breakdown":{"GlobalVirtualEnvs":10,"Locators":105,"Path":151,"Workspaces":37},"locators":{"Conda":94,"Homebrew":0,"LinuxGlobal":85,"PipEnv":9,"Pixi":0,"Poetry":9,"PyEnv":12,"Uv":9,"Venv":0,"VirtualEnv":0,"VirtualEnvWrapper":0}}}}
2026-05-31 15:34:03.857 [info] Terminal is activated: /home/beast/HTB/Silentium/CVE-2025-8110/.venv/bin/python
2026-05-31 15:34:03.923 [info] Resolved Python Environment /home/beast/.pyenv/versions/pwncat-cs/bin/python
2026-05-31 15:34:03.927 [info] Resolved Python Environment /home/beast/.pyenv/versions/pwncat-cs/bin/python
2026-05-31 15:34:03.928 [info] Refreshing pyenv environments
2026-05-31 15:34:03.936 [info] Resolved Python Environment /home/beast/.pyenv/versions/pwncat-cs/bin/python
2026-05-31 15:34:05.460 [info] Python API: Changed environment from Python 3.13.11 to Python 3.13.11 for: global
2026-05-31 15:34:05.460 [info] Internal: Changed environment from Python 3.13.11 to Python 3.13.11 for: global
