2026-04-12 11:42:25.828 [info] Reading sessions from keychain...
2026-04-12 11:42:25.828 [info] Getting sessions for all scopes...
2026-04-12 11:42:26.124 [info] Got 0 sessions for ...
2026-04-12 11:42:26.124 [info] Getting sessions for all scopes...
2026-04-12 11:42:26.124 [info] Got 0 sessions for ...
2026-04-12 11:42:26.124 [info] Getting sessions for all scopes...
2026-04-12 11:42:26.124 [info] Got 0 sessions for ...
2026-04-12 11:42:26.124 [info] Getting sessions for all scopes...
2026-04-12 11:42:26.124 [info] Got 0 sessions for ...
2026-04-12 11:42:26.124 [info] Getting sessions for all scopes...
2026-04-12 11:42:26.124 [info] Got 0 sessions for ...
2026-04-12 11:42:26.124 [info] Getting sessions for all scopes...
2026-04-12 11:42:26.124 [info] Got 0 sessions for ...
2026-04-12 11:42:26.124 [info] Getting sessions for all scopes...
2026-04-12 11:42:26.124 [info] Got 0 sessions for ...
2026-04-12 11:42:26.124 [info] Getting sessions for all scopes...
2026-04-12 11:42:26.124 [info] Got 0 sessions for ...
2026-04-12 11:42:26.124 [info] Getting sessions for all scopes...
2026-04-12 11:42:26.124 [info] Got 0 sessions for ...
2026-04-12 11:42:26.347 [info] Getting sessions for all scopes...
2026-04-12 11:42:26.347 [info] Got 0 sessions for ...
2026-04-12 11:42:26.347 [info] Getting sessions for all scopes...
2026-04-12 11:42:26.347 [info] Got 0 sessions for ...
2026-04-12 11:42:26.348 [info] Getting sessions for all scopes...
2026-04-12 11:42:26.348 [info] Got 0 sessions for ...
2026-04-12 11:42:26.348 [info] Getting sessions for all scopes...
2026-04-12 11:42:26.348 [info] Got 0 sessions for ...
2026-04-12 11:42:26.348 [info] Getting sessions for all scopes...
2026-04-12 11:42:26.348 [info] Got 0 sessions for ...
2026-04-12 11:42:26.348 [info] Getting sessions for all scopes...
2026-04-12 11:42:26.348 [info] Got 0 sessions for ...
2026-04-12 11:42:27.428 [info] Getting sessions for read:user,repo,user:email,workflow...
2026-04-12 11:42:27.428 [info] Got 0 sessions for read:user,repo,user:email,workflow...
2026-04-12 11:42:28.767 [info] Getting sessions for all scopes...
2026-04-12 11:42:28.767 [info] Got 0 sessions for ...
2026-04-12 11:42:39.987 [info] Reading sessions from keychain...
2026-04-12 11:42:39.987 [info] Getting sessions for all scopes...
2026-04-12 11:42:40.012 [info] Got 0 sessions for ...
2026-04-12 11:42:40.012 [info] Getting sessions for all scopes...
2026-04-12 11:42:40.012 [info] Got 0 sessions for ...
2026-04-12 11:42:40.012 [info] Getting sessions for all scopes...
2026-04-12 11:42:40.012 [info] Got 0 sessions for ...
2026-04-12 11:42:40.012 [info] Getting sessions for all scopes...
2026-04-12 11:42:40.012 [info] Got 0 sessions for ...
2026-04-12 11:42:40.013 [info] Getting sessions for all scopes...
2026-04-12 11:42:40.013 [info] Got 0 sessions for ...
2026-04-12 11:42:40.013 [info] Getting sessions for all scopes...
2026-04-12 11:42:40.013 [info] Got 0 sessions for ...
2026-04-12 11:42:40.013 [info] Getting sessions for all scopes...
2026-04-12 11:42:40.013 [info] Got 0 sessions for ...
2026-04-12 11:42:40.013 [info] Getting sessions for all scopes...
2026-04-12 11:42:40.013 [info] Got 0 sessions for ...
2026-04-12 11:42:40.013 [info] Getting sessions for all scopes...
2026-04-12 11:42:40.013 [info] Got 0 sessions for ...
2026-04-12 11:42:40.041 [info] Getting sessions for all scopes...
2026-04-12 11:42:40.041 [info] Got 0 sessions for ...
2026-04-12 11:42:40.055 [info] Getting sessions for all scopes...
2026-04-12 11:42:40.055 [info] Got 0 sessions for ...
2026-04-12 11:42:40.056 [info] Getting sessions for all scopes...
2026-04-12 11:42:40.056 [info] Got 0 sessions for ...
2026-04-12 11:42:40.057 [info] Getting sessions for all scopes...
2026-04-12 11:42:40.057 [info] Got 0 sessions for ...
2026-04-12 11:42:40.060 [info] Getting sessions for all scopes...
2026-04-12 11:42:40.060 [info] Got 0 sessions for ...
2026-04-12 11:42:40.061 [info] Getting sessions for all scopes...
2026-04-12 11:42:40.061 [info] Got 0 sessions for ...
2026-04-12 11:42:41.010 [info] Getting sessions for all scopes...
2026-04-12 11:42:41.010 [info] Got 0 sessions for ...
2026-04-12 11:43:11.662 [info] Reading sessions from keychain...
2026-04-12 11:43:11.665 [info] Getting sessions for all scopes...
2026-04-12 11:43:11.665 [info] Got 0 sessions for ...
2026-04-12 11:43:11.665 [info] Getting sessions for all scopes...
2026-04-12 11:43:11.665 [info] Got 0 sessions for ...
2026-04-12 11:43:11.665 [info] Getting sessions for all scopes...
2026-04-12 11:43:11.665 [info] Got 0 sessions for ...
2026-04-12 11:43:11.665 [info] Getting sessions for all scopes...
2026-04-12 11:43:11.665 [info] Got 0 sessions for ...
2026-04-12 11:43:11.665 [info] Getting sessions for all scopes...
2026-04-12 11:43:11.665 [info] Got 0 sessions for ...
