2026-06-20 12:54:28.262 [info] Reading sessions from keychain...
2026-06-20 12:54:28.262 [info] Getting sessions for all scopes...
2026-06-20 12:54:28.262 [info] Got 0 sessions for ...
2026-06-20 12:54:28.262 [info] Getting sessions for all scopes...
2026-06-20 12:54:28.262 [info] Got 0 sessions for ...
2026-06-20 12:54:28.262 [info] Getting sessions for all scopes...
2026-06-20 12:54:28.262 [info] Got 0 sessions for ...
2026-06-20 12:54:28.262 [info] Getting sessions for all scopes...
2026-06-20 12:54:28.262 [info] Got 0 sessions for ...
2026-06-20 12:54:28.262 [info] Getting sessions for all scopes...
2026-06-20 12:54:28.262 [info] Got 0 sessions for ...
2026-06-20 12:54:28.262 [info] Getting sessions for all scopes...
2026-06-20 12:54:28.262 [info] Got 0 sessions for ...
2026-06-20 12:54:28.262 [info] Getting sessions for all scopes...
2026-06-20 12:54:28.262 [info] Got 0 sessions for ...
2026-06-20 12:54:28.262 [info] Getting sessions for all scopes...
2026-06-20 12:54:28.262 [info] Got 0 sessions for ...
2026-06-20 12:54:28.262 [info] Getting sessions for all scopes...
2026-06-20 12:54:28.262 [info] Got 0 sessions for ...
2026-06-20 12:54:28.262 [info] Getting sessions for all scopes...
2026-06-20 12:54:28.262 [info] Got 0 sessions for ...
2026-06-20 12:54:28.262 [info] Getting sessions for all scopes...
2026-06-20 12:54:28.262 [info] Got 0 sessions for ...
2026-06-20 12:54:28.262 [info] Getting sessions for all scopes...
2026-06-20 12:54:28.262 [info] Got 0 sessions for ...
2026-06-20 12:54:28.262 [info] Getting sessions for all scopes...
2026-06-20 12:54:28.262 [info] Got 0 sessions for ...
2026-06-20 12:54:28.262 [info] Getting sessions for all scopes...
2026-06-20 12:54:28.262 [info] Got 0 sessions for ...
2026-06-20 12:54:28.262 [info] Getting sessions for all scopes...
2026-06-20 12:54:28.262 [info] Got 0 sessions for ...
2026-06-20 12:54:28.262 [info] Getting sessions for all scopes...
2026-06-20 12:54:28.262 [info] Got 0 sessions for ...
2026-06-20 12:54:29.821 [info] Getting sessions for read:user,repo,user:email,workflow...
2026-06-20 12:54:29.821 [info] Got 0 sessions for read:user,repo,user:email,workflow...
2026-06-20 12:54:30.485 [info] Getting sessions for all scopes...
2026-06-20 12:54:30.485 [info] Got 0 sessions for ...
