2026-05-31 15:33:58.050 [error] [/home/beast/.vscode/extensions/ms-python.vscode-python-envs-1.26.0-linux-x64]: Extension is not compatible with Code 1.107.1. Extension requires: ^1.110.0-20260204.
2026-05-31 15:33:58.119 [error] [/home/beast/.vscode/extensions/ms-python.vscode-python-envs-1.26.0-linux-x64]: Extension is not compatible with Code 1.107.1. Extension requires: ^1.110.0-20260204.
2026-05-31 15:33:58.128 [error] [/home/beast/.vscode/extensions/ms-python.vscode-python-envs-1.26.0-linux-x64]: Extension is not compatible with Code 1.107.1. Extension requires: ^1.110.0-20260204.
2026-05-31 15:33:58.162 [error] [/home/beast/.vscode/extensions/ms-python.vscode-python-envs-1.26.0-linux-x64]: Extension is not compatible with Code 1.107.1. Extension requires: ^1.110.0-20260204.
2026-05-31 15:33:58.511 [error] [/home/beast/.vscode/extensions/ms-python.vscode-python-envs-1.26.0-linux-x64]: Extension is not compatible with Code 1.107.1. Extension requires: ^1.110.0-20260204.
2026-05-31 15:33:58.605 [error] [/home/beast/.vscode/extensions/ms-python.vscode-python-envs-1.26.0-linux-x64]: Extension is not compatible with Code 1.107.1. Extension requires: ^1.110.0-20260204.
2026-05-31 15:33:58.774 [error] [/home/beast/.vscode/extensions/ms-python.vscode-python-envs-1.26.0-linux-x64]: Extension is not compatible with Code 1.107.1. Extension requires: ^1.110.0-20260204.
2026-05-31 15:33:58.980 [error] [/home/beast/.vscode/extensions/ms-python.vscode-python-envs-1.26.0-linux-x64]: Extension is not compatible with Code 1.107.1. Extension requires: ^1.110.0-20260204.
2026-05-31 15:33:59.369 [error] [/home/beast/.vscode/extensions/ms-python.vscode-python-envs-1.26.0-linux-x64]: Extension is not compatible with Code 1.107.1. Extension requires: ^1.110.0-20260204.
2026-05-31 15:33:59.384 [error] [/home/beast/.vscode/extensions/ms-python.vscode-python-envs-1.26.0-linux-x64]: Extension is not compatible with Code 1.107.1. Extension requires: ^1.110.0-20260204.
2026-05-31 15:33:59.547 [error] [/home/beast/.vscode/extensions/ms-python.vscode-python-envs-1.26.0-linux-x64]: Extension is not compatible with Code 1.107.1. Extension requires: ^1.110.0-20260204.
2026-05-31 15:33:59.856 [error] [/home/beast/.vscode/extensions/ms-python.vscode-python-envs-1.26.0-linux-x64]: Extension is not compatible with Code 1.107.1. Extension requires: ^1.110.0-20260204.
2026-05-31 15:34:00.823 [error] [/home/beast/.vscode/extensions/ms-python.vscode-python-envs-1.26.0-linux-x64]: Extension is not compatible with Code 1.107.1. Extension requires: ^1.110.0-20260204.
2026-05-31 15:34:01.223 [error] [/home/beast/.vscode/extensions/ms-python.vscode-python-envs-1.26.0-linux-x64]: Extension is not compatible with Code 1.107.1. Extension requires: ^1.110.0-20260204.
2026-05-31 15:34:02.040 [error] [/home/beast/.vscode/extensions/ms-python.vscode-python-envs-1.26.0-linux-x64]: Extension is not compatible with Code 1.107.1. Extension requires: ^1.110.0-20260204.
2026-05-31 15:34:02.293 [error] [/home/beast/.vscode/extensions/ms-python.vscode-python-envs-1.26.0-linux-x64]: Extension is not compatible with Code 1.107.1. Extension requires: ^1.110.0-20260204.
2026-05-31 15:34:02.306 [error] [uncaught exception in sharedProcess]: Channel name 'extensionRecommendationNotification' timed out after 1000ms
2026-05-31 15:34:02.976 [error] [/home/beast/.vscode/extensions/ms-python.vscode-python-envs-1.26.0-linux-x64]: Extension is not compatible with Code 1.107.1. Extension requires: ^1.110.0-20260204.
2026-05-31 15:34:03.443 [error] [/home/beast/.vscode/extensions/ms-python.vscode-python-envs-1.26.0-linux-x64]: Extension is not compatible with Code 1.107.1. Extension requires: ^1.110.0-20260204.
2026-05-31 15:34:05.729 [info] Getting Manifest... ms-python.debugpy
2026-05-31 15:34:06.090 [info] Installing extension: ms-python.debugpy {"productVersion":{"version":"1.107.1","date":"2025-12-17T14:15:14.850Z"},"pinned":false,"operation":3,"isApplicationScoped":false,"profileLocation":{"$mid":1,"external":"vscode-userdata:/home/beast/.vscode/extensions/extensions.json","path":"/home/beast/.vscode/extensions/extensions.json","scheme":"vscode-userdata"}}
2026-05-31 15:34:06.150 [error] [/home/beast/.vscode/extensions/ms-python.vscode-python-envs-1.26.0-linux-x64]: Extension is not compatible with Code 1.107.1. Extension requires: ^1.110.0-20260204.
2026-05-31 15:34:06.241 [error] [/home/beast/.vscode/extensions/ms-python.vscode-python-envs-1.26.0-linux-x64]: Extension is not compatible with Code 1.107.1. Extension requires: ^1.110.0-20260204.
2026-05-31 15:34:09.222 [error] [/home/beast/.vscode/extensions/ms-python.vscode-python-envs-1.26.0-linux-x64]: Extension is not compatible with Code 1.107.1. Extension requires: ^1.110.0-20260204.
2026-05-31 15:34:09.860 [error] [/home/beast/.vscode/extensions/ms-python.vscode-python-envs-1.26.0-linux-x64]: Extension is not compatible with Code 1.107.1. Extension requires: ^1.110.0-20260204.
2026-05-31 15:34:09.915 [error] [/home/beast/.vscode/extensions/ms-python.vscode-python-envs-1.26.0-linux-x64]: Extension is not compatible with Code 1.107.1. Extension requires: ^1.110.0-20260204.
2026-05-31 15:34:10.193 [error] [/home/beast/.vscode/extensions/ms-python.vscode-python-envs-1.26.0-linux-x64]: Extension is not compatible with Code 1.107.1. Extension requires: ^1.110.0-20260204.
2026-05-31 15:34:10.257 [error] [/home/beast/.vscode/extensions/ms-python.vscode-python-envs-1.26.0-linux-x64]: Extension is not compatible with Code 1.107.1. Extension requires: ^1.110.0-20260204.
2026-05-31 15:34:10.300 [error] [/home/beast/.vscode/extensions/ms-python.vscode-python-envs-1.26.0-linux-x64]: Extension is not compatible with Code 1.107.1. Extension requires: ^1.110.0-20260204.
2026-05-31 15:34:10.370 [error] [/home/beast/.vscode/extensions/ms-python.vscode-python-envs-1.26.0-linux-x64]: Extension is not compatible with Code 1.107.1. Extension requires: ^1.110.0-20260204.
2026-05-31 15:34:10.450 [error] [/home/beast/.vscode/extensions/ms-python.vscode-python-envs-1.26.0-linux-x64]: Extension is not compatible with Code 1.107.1. Extension requires: ^1.110.0-20260204.
2026-05-31 15:34:10.501 [error] [/home/beast/.vscode/extensions/ms-python.vscode-python-envs-1.26.0-linux-x64]: Extension is not compatible with Code 1.107.1. Extension requires: ^1.110.0-20260204.
2026-05-31 15:34:10.758 [info] Extension signature verification result for ms-python.debugpy: Success. Internal Code: 0. Executed: true. Duration: 2184ms.
2026-05-31 15:34:10.907 [error] [/home/beast/.vscode/extensions/ms-python.vscode-python-envs-1.26.0-linux-x64]: Extension is not compatible with Code 1.107.1. Extension requires: ^1.110.0-20260204.
2026-05-31 15:34:11.061 [error] [/home/beast/.vscode/extensions/ms-python.vscode-python-envs-1.26.0-linux-x64]: Extension is not compatible with Code 1.107.1. Extension requires: ^1.110.0-20260204.
2026-05-31 15:34:11.920 [info] Extracted extension to file:///home/beast/.vscode/extensions/ms-python.debugpy-2026.6.0-linux-x64: ms-python.debugpy
2026-05-31 15:34:11.938 [info] Renamed to /home/beast/.vscode/extensions/ms-python.debugpy-2026.6.0-linux-x64
2026-05-31 15:34:11.957 [info] Marked extension as removed ms-python.debugpy-2025.18.0-linux-x64
2026-05-31 15:34:11.962 [error] [/home/beast/.vscode/extensions/ms-python.vscode-python-envs-1.26.0-linux-x64]: Extension is not compatible with Code 1.107.1. Extension requires: ^1.110.0-20260204.
2026-05-31 15:34:11.968 [info] Extension installed successfully: ms-python.debugpy vscode-userdata:/home/beast/.vscode/extensions/extensions.json
2026-05-31 15:34:11.999 [error] [/home/beast/.vscode/extensions/ms-python.vscode-python-envs-1.26.0-linux-x64]: Extension is not compatible with Code 1.107.1. Extension requires: ^1.110.0-20260204.
2026-05-31 15:34:27.333 [info] Getting Manifest... ms-python.vscode-python-envs
2026-05-31 15:34:27.407 [info] Installing extension: ms-python.vscode-python-envs {"productVersion":{"version":"1.122.1","date":"2026-05-29T07:33:32.948Z"},"pinned":false,"operation":3,"isApplicationScoped":false,"profileLocation":{"$mid":1,"external":"vscode-userdata:/home/beast/.vscode/extensions/extensions.json","path":"/home/beast/.vscode/extensions/extensions.json","scheme":"vscode-userdata"}}
2026-05-31 15:34:29.437 [info] Extension signature verification result for ms-python.vscode-python-envs: Success. Internal Code: 0. Executed: true. Duration: 595ms.
2026-05-31 15:34:29.925 [info] Extracted extension to file:///home/beast/.vscode/extensions/ms-python.vscode-python-envs-1.30.0-linux-x64: ms-python.vscode-python-envs
2026-05-31 15:34:29.936 [info] Renamed to /home/beast/.vscode/extensions/ms-python.vscode-python-envs-1.30.0-linux-x64
2026-05-31 15:34:29.939 [error] [/home/beast/.vscode/extensions/ms-python.vscode-python-envs-1.30.0-linux-x64]: Extension is not compatible with Code 1.107.1. Extension requires: ^1.110.0-20260204.
2026-05-31 15:34:29.956 [error] [/home/beast/.vscode/extensions/ms-python.vscode-python-envs-1.26.0-linux-x64]: Extension is not compatible with Code 1.107.1. Extension requires: ^1.110.0-20260204.
2026-05-31 15:34:29.961 [error] [/home/beast/.vscode/extensions/ms-python.vscode-python-envs-1.30.0-linux-x64]: Extension is not compatible with Code 1.107.1. Extension requires: ^1.110.0-20260204.
2026-05-31 15:34:29.961 [error] Error while installing the extension ms-python.vscode-python-envs Cannot read the extension from /home/beast/.vscode/extensions/ms-python.vscode-python-envs-1.30.0-linux-x64 vscode-userdata:/home/beast/.vscode/extensions/extensions.json
2026-05-31 15:34:29.995 [error] [/home/beast/.vscode/extensions/ms-python.vscode-python-envs-1.26.0-linux-x64]: Extension is not compatible with Code 1.107.1. Extension requires: ^1.110.0-20260204.
2026-05-31 15:34:29.996 [error] [/home/beast/.vscode/extensions/ms-python.vscode-python-envs-1.30.0-linux-x64]: Extension is not compatible with Code 1.107.1. Extension requires: ^1.110.0-20260204.
