2026-06-26 03:27:31.427 [info] Python-envs extension version: 1.20.1
2026-06-26 03:27:31.427 [info] 
=== Python Envs Configuration Levels ===
2026-06-26 03:27:31.427 [info] {
  "section": "Python Envs Configuration Levels",
  "defaultEnvManager": {
    "workspaceFolderValue": "undefined",
    "workspaceValue": "undefined",
    "globalValue": "undefined",
    "defaultValue": "ms-python.python:venv"
  },
  "defaultPackageManager": {
    "workspaceFolderValue": "undefined",
    "workspaceValue": "undefined",
    "globalValue": "undefined",
    "defaultValue": "ms-python.python:pip"
  }
}
2026-06-26 03:27:31.427 [info] [pet] Starting Python Locator /home/beast/.vscode/extensions/ms-python.vscode-python-envs-1.20.1-linux-x64/python-env-tools/bin/pet server
2026-06-26 03:27:31.430 [info] [pet] configure: Sending configuration update: {"workspaceDirectories":["/thm/web-app"],"environmentDirectories":["/thm/web-app/**/.venv"],"pipenvExecutable":"pipenv","poetryExecutable":"poetry","cacheDirectory":"/home/beast/.config/Code/User/globalStorage/ms-python.vscode-python-envs/pythonLocator"}
2026-06-26 03:27:31.472 [info] Discovered manager: (Pyenv) /home/beast/.pyenv/bin/pyenv
2026-06-26 03:27:31.484 [info] Discovered env: /home/beast/.pyenv/versions/3.11.0/bin/python
2026-06-26 03:27:31.496 [info] Discovered env: /home/beast/.pyenv/versions/pwncat-cs/bin/python
2026-06-26 03:27:31.515 [info] Discovered env: /thm/web-app/jwt_tool/.venv/bin/python
2026-06-26 03:27:31.875 [info] Discovered env: /usr/bin/python
2026-06-26 03:27:31.915 [info] Discovered env: /usr/bin/python2
2026-06-26 03:27:31.964 [info] Conda not found, turning off conda features. [Error: Conda not found
	at F (/home/beast/.vscode/extensions/ms-python.vscode-python-envs-1.20.1-linux-x64/dist/extension.js:2:578361)
	at async L (/home/beast/.vscode/extensions/ms-python.vscode-python-envs-1.20.1-linux-x64/dist/extension.js:2:578486)
	at async t.registerCondaFeatures (/home/beast/.vscode/extensions/ms-python.vscode-python-envs-1.20.1-linux-x64/dist/extension.js:2:596321)
	at async Promise.all (index 1)
	at async Immediate.<anonymous> (/home/beast/.vscode/extensions/ms-python.vscode-python-envs-1.20.1-linux-x64/dist/extension.js:2:717155)]
2026-06-26 03:27:31.978 [info] [pet] Telemetry:  {"event":"RefreshPerformance","data":{"refreshPerformance":{"total":298,"breakdown":{"GlobalVirtualEnvs":66,"Locators":272,"Path":296,"Workspaces":14},"locators":{"Conda":270,"Homebrew":0,"LinuxGlobal":182,"PipEnv":0,"Pixi":0,"Poetry":0,"PyEnv":44,"Uv":0,"Venv":0,"VirtualEnv":0,"VirtualEnvWrapper":0}}}}
2026-06-26 03:27:31.996 [info] Discovered env: /thm/web-app/jwt_tool/.venv/bin/python
2026-06-26 03:27:32.012 [info] Discovered manager: (Pyenv) /home/beast/.pyenv/bin/pyenv
2026-06-26 03:27:32.013 [info] Discovered env: /home/beast/.pyenv/versions/pwncat-cs/bin/python
2026-06-26 03:27:32.058 [info] Discovered env: /home/beast/.pyenv/versions/3.11.0/bin/python
2026-06-26 03:27:32.093 [info] Discovered env: /usr/bin/python
2026-06-26 03:27:32.095 [info] Discovered env: /usr/bin/python2
2026-06-26 03:27:32.216 [info] Pipenv not found
2026-06-26 03:27:32.216 [info] Pipenv not found, turning off pipenv features. If you have pipenv installed in a non-standard location, set the "python.pipenvPath" setting.
2026-06-26 03:27:32.226 [info] [pet] Telemetry:  {"event":"RefreshPerformance","data":{"refreshPerformance":{"total":178,"breakdown":{"GlobalVirtualEnvs":4,"Locators":89,"Path":176,"Workspaces":15},"locators":{"Conda":81,"Homebrew":0,"LinuxGlobal":88,"PipEnv":0,"Pixi":0,"Poetry":0,"PyEnv":3,"Uv":0,"Venv":0,"VirtualEnv":0,"VirtualEnvWrapper":0}}}}
2026-06-26 03:27:33.839 [info] Discovered manager: (Pyenv) /home/beast/.pyenv/bin/pyenv
2026-06-26 03:27:33.841 [info] Refreshing Pyenv Environments
2026-06-26 03:27:33.841 [info] Refreshing pyenv environments
2026-06-26 03:27:33.903 [info] Discovered env: /home/beast/.pyenv/versions/3.11.0/bin/python
2026-06-26 03:27:34.016 [info] Discovered env: /home/beast/.pyenv/versions/pwncat-cs/bin/python
2026-06-26 03:27:34.119 [info] Discovered env: /thm/web-app/jwt_tool/.venv/bin/python
2026-06-26 03:27:34.136 [info] Discovered env: /usr/bin/python
2026-06-26 03:27:34.155 [info] Found venv environment: .venv (3.13.11)
2026-06-26 03:27:34.192 [info] Discovered env: /usr/bin/python2
2026-06-26 03:27:34.235 [info] Poetry not found, turning off poetry features.
2026-06-26 03:27:34.236 [info] [interpreterSelection] Applying initial environment selection for 1 workspace folder(s)
2026-06-26 03:27:34.278 [info] [pet] Telemetry:  {"event":"RefreshPerformance","data":{"refreshPerformance":{"total":252,"breakdown":{"GlobalVirtualEnvs":38,"Locators":197,"Path":251,"Workspaces":39},"locators":{"Conda":130,"Homebrew":12,"LinuxGlobal":189,"PipEnv":0,"Pixi":0,"Poetry":11,"PyEnv":15,"Uv":0,"Venv":0,"VirtualEnv":0,"VirtualEnvWrapper":0}}}}
2026-06-26 03:27:34.448 [info] Discovered manager: (Pyenv) /home/beast/.pyenv/bin/pyenv
2026-06-26 03:27:34.483 [info] Discovered env: /thm/web-app/jwt_tool/.venv/bin/python
2026-06-26 03:27:34.495 [info] Discovered env: /home/beast/.pyenv/versions/pwncat-cs/bin/python
2026-06-26 03:27:34.511 [info] Discovered env: /home/beast/.pyenv/versions/3.11.0/bin/python
2026-06-26 03:27:34.524 [info] Discovered env: /usr/bin/python
2026-06-26 03:27:34.546 [info] Discovered env: /usr/bin/python2
2026-06-26 03:27:34.574 [info] [pet] Telemetry:  {"event":"RefreshPerformance","data":{"refreshPerformance":{"total":255,"breakdown":{"GlobalVirtualEnvs":14,"Locators":118,"Path":255,"Workspaces":16},"locators":{"Conda":86,"Homebrew":0,"LinuxGlobal":116,"PipEnv":0,"Pixi":0,"Poetry":0,"PyEnv":14,"Uv":0,"Venv":0,"VirtualEnv":0,"VirtualEnvWrapper":0}}}}
2026-06-26 03:27:34.612 [info] Discovered manager: (Pyenv) /home/beast/.pyenv/bin/pyenv
2026-06-26 03:27:34.619 [info] Discovered env: /home/beast/.pyenv/versions/pwncat-cs/bin/python
2026-06-26 03:27:34.631 [info] Discovered env: /thm/web-app/jwt_tool/.venv/bin/python
2026-06-26 03:27:34.667 [info] Discovered env: /home/beast/.pyenv/versions/3.11.0/bin/python
2026-06-26 03:27:34.679 [info] Discovered env: /usr/bin/python
2026-06-26 03:27:34.691 [info] Discovered env: /usr/bin/python2
2026-06-26 03:27:34.820 [info] [pet] Telemetry:  {"event":"RefreshPerformance","data":{"refreshPerformance":{"total":172,"breakdown":{"GlobalVirtualEnvs":17,"Locators":113,"Path":172,"Workspaces":18},"locators":{"Conda":81,"Homebrew":0,"LinuxGlobal":104,"PipEnv":4,"Pixi":0,"Poetry":0,"PyEnv":7,"Uv":0,"Venv":0,"VirtualEnv":0,"VirtualEnvWrapper":0}}}}
2026-06-26 03:27:34.825 [info] Found venv environment: .venv (3.13.11)
2026-06-26 03:27:34.825 [info] Discovered manager: (Pyenv) /home/beast/.pyenv/bin/pyenv
2026-06-26 03:27:34.826 [info] Discovered env: /home/beast/.pyenv/versions/pwncat-cs/bin/python
2026-06-26 03:27:34.826 [info] Discovered env: /thm/web-app/jwt_tool/.venv/bin/python
2026-06-26 03:27:34.828 [info] Discovered env: /home/beast/.pyenv/versions/3.11.0/bin/python
2026-06-26 03:27:34.899 [info] Discovered env: /usr/bin/python
2026-06-26 03:27:34.911 [info] Discovered env: /usr/bin/python2
2026-06-26 03:27:34.949 [info] [pet] Telemetry:  {"event":"RefreshPerformance","data":{"refreshPerformance":{"total":124,"breakdown":{"GlobalVirtualEnvs":4,"Locators":88,"Path":122,"Workspaces":14},"locators":{"Conda":63,"Homebrew":0,"LinuxGlobal":83,"PipEnv":1,"Pixi":0,"Poetry":0,"PyEnv":4,"Uv":0,"Venv":0,"VirtualEnv":0,"VirtualEnvWrapper":0}}}}
2026-06-26 03:27:34.954 [info] Discovered manager: (Pyenv) /home/beast/.pyenv/bin/pyenv
2026-06-26 03:27:34.954 [info] Discovered env: /thm/web-app/jwt_tool/.venv/bin/python
2026-06-26 03:27:34.960 [info] Discovered env: /home/beast/.pyenv/versions/pwncat-cs/bin/python
2026-06-26 03:27:34.961 [info] Discovered env: /home/beast/.pyenv/versions/3.11.0/bin/python
2026-06-26 03:27:35.028 [info] Discovered env: /usr/bin/python
2026-06-26 03:27:35.044 [info] Discovered env: /usr/bin/python2
2026-06-26 03:27:35.120 [info] [pet] Telemetry:  {"event":"RefreshPerformance","data":{"refreshPerformance":{"total":130,"breakdown":{"GlobalVirtualEnvs":4,"Locators":93,"Path":128,"Workspaces":13},"locators":{"Conda":58,"Homebrew":0,"LinuxGlobal":91,"PipEnv":0,"Pixi":0,"Poetry":0,"PyEnv":9,"Uv":0,"Venv":0,"VirtualEnv":0,"VirtualEnvWrapper":0}}}}
2026-06-26 03:27:35.124 [info] Python API: Changed environment from undefined to .venv (3.13.11) for: /thm/web-app
2026-06-26 03:27:35.124 [info] Internal: Changed environment from undefined to .venv (3.13.11) for: /thm/web-app
2026-06-26 03:27:35.144 [info] [interpreterSelection] web-app: .venv (3.13.11) (source: autoDiscovery)
2026-06-26 03:27:35.149 [info] [interpreterSelection] global: Python 3.13.11 (source: autoDiscovery)
2026-06-26 03:27:35.153 [info] Terminal is activated: /thm/web-app/jwt_tool/.venv/bin/python
2026-06-26 03:27:35.160 [info] Python API: Changed environment from undefined to Python 3.13.11 for: global
2026-06-26 03:27:35.160 [info] Internal: Changed environment from undefined to Python 3.13.11 for: global
