2026-05-31 15:34:00.059 [info] Reading sessions from keychain...
2026-05-31 15:34:00.059 [info] Getting sessions for all scopes...
2026-05-31 15:34:00.059 [info] Got 0 sessions for ...
2026-05-31 15:34:00.059 [info] Getting sessions for all scopes...
2026-05-31 15:34:00.059 [info] Got 0 sessions for ...
2026-05-31 15:34:00.059 [info] Getting sessions for all scopes...
2026-05-31 15:34:00.059 [info] Got 0 sessions for ...
2026-05-31 15:34:00.059 [info] Getting sessions for all scopes...
2026-05-31 15:34:00.059 [info] Got 0 sessions for ...
2026-05-31 15:34:00.059 [info] Getting sessions for all scopes...
2026-05-31 15:34:00.059 [info] Got 0 sessions for ...
2026-05-31 15:34:00.059 [info] Getting sessions for all scopes...
2026-05-31 15:34:00.059 [info] Got 0 sessions for ...
2026-05-31 15:34:00.059 [info] Getting sessions for all scopes...
2026-05-31 15:34:00.059 [info] Got 0 sessions for ...
2026-05-31 15:34:00.059 [info] Getting sessions for all scopes...
2026-05-31 15:34:00.059 [info] Got 0 sessions for ...
2026-05-31 15:34:00.059 [info] Getting sessions for all scopes...
2026-05-31 15:34:00.059 [info] Got 0 sessions for ...
2026-05-31 15:34:00.059 [info] Getting sessions for all scopes...
2026-05-31 15:34:00.059 [info] Got 0 sessions for ...
2026-05-31 15:34:00.059 [info] Getting sessions for all scopes...
2026-05-31 15:34:00.059 [info] Got 0 sessions for ...
2026-05-31 15:34:00.059 [info] Getting sessions for all scopes...
2026-05-31 15:34:00.059 [info] Got 0 sessions for ...
2026-05-31 15:34:00.059 [info] Getting sessions for all scopes...
2026-05-31 15:34:00.059 [info] Got 0 sessions for ...
2026-05-31 15:34:00.059 [info] Getting sessions for all scopes...
2026-05-31 15:34:00.059 [info] Got 0 sessions for ...
2026-05-31 15:34:01.528 [info] Getting sessions for all scopes...
2026-05-31 15:34:01.528 [info] Got 0 sessions for ...
2026-05-31 15:34:01.707 [info] Getting sessions for read:user,repo,user:email,workflow...
2026-05-31 15:34:01.707 [info] Got 0 sessions for read:user,repo,user:email,workflow...
2026-05-31 15:34:02.157 [info] Getting sessions for read:user,repo,user:email,workflow...
2026-05-31 15:34:02.157 [info] Got 0 sessions for read:user,repo,user:email,workflow...
2026-05-31 15:34:02.460 [info] Getting sessions for read:user,repo,user:email,workflow...
2026-05-31 15:34:02.460 [info] Got 0 sessions for read:user,repo,user:email,workflow...
2026-05-31 15:34:02.581 [info] Getting sessions for read:user,repo,user:email,workflow...
2026-05-31 15:34:02.581 [info] Got 0 sessions for read:user,repo,user:email,workflow...
2026-05-31 15:34:03.438 [info] Getting sessions for read:user,repo,user:email,workflow...
2026-05-31 15:34:03.444 [info] Got 0 sessions for read:user,repo,user:email,workflow...
2026-05-31 15:34:03.573 [info] Getting sessions for all scopes...
2026-05-31 15:34:03.573 [info] Got 0 sessions for ...
2026-05-31 15:34:10.401 [info] Reading sessions from keychain...
2026-05-31 15:34:10.402 [info] Getting sessions for all scopes...
2026-05-31 15:34:10.402 [info] Got 0 sessions for ...
2026-05-31 15:34:10.402 [info] Getting sessions for all scopes...
2026-05-31 15:34:10.402 [info] Got 0 sessions for ...
2026-05-31 15:34:10.402 [info] Getting sessions for all scopes...
2026-05-31 15:34:10.402 [info] Got 0 sessions for ...
2026-05-31 15:34:10.402 [info] Getting sessions for all scopes...
2026-05-31 15:34:10.402 [info] Got 0 sessions for ...
2026-05-31 15:34:10.402 [info] Getting sessions for all scopes...
2026-05-31 15:34:10.402 [info] Got 0 sessions for ...
2026-05-31 15:34:10.402 [info] Getting sessions for all scopes...
2026-05-31 15:34:10.402 [info] Got 0 sessions for ...
2026-05-31 15:34:10.402 [info] Getting sessions for all scopes...
2026-05-31 15:34:10.402 [info] Got 0 sessions for ...
2026-05-31 15:34:10.402 [info] Getting sessions for all scopes...
2026-05-31 15:34:10.402 [info] Got 0 sessions for ...
2026-05-31 15:34:10.402 [info] Getting sessions for all scopes...
2026-05-31 15:34:10.402 [info] Got 0 sessions for ...
2026-05-31 15:34:10.402 [info] Getting sessions for all scopes...
2026-05-31 15:34:10.402 [info] Got 0 sessions for ...
2026-05-31 15:34:10.458 [info] Getting sessions for all scopes...
2026-05-31 15:34:10.458 [info] Got 0 sessions for ...
2026-05-31 15:34:10.461 [info] Getting sessions for all scopes...
2026-05-31 15:34:10.462 [info] Got 0 sessions for ...
2026-05-31 15:34:10.462 [info] Getting sessions for all scopes...
2026-05-31 15:34:10.462 [info] Got 0 sessions for ...
2026-05-31 15:34:10.462 [info] Getting sessions for all scopes...
2026-05-31 15:34:10.462 [info] Got 0 sessions for ...
2026-05-31 15:34:10.463 [info] Getting sessions for all scopes...
2026-05-31 15:34:10.463 [info] Got 0 sessions for ...
2026-05-31 15:34:10.463 [info] Getting sessions for all scopes...
2026-05-31 15:34:10.463 [info] Got 0 sessions for ...
2026-05-31 15:34:11.044 [info] Getting sessions for all scopes...
2026-05-31 15:34:11.044 [info] Got 0 sessions for ...
