2026-06-07 22:06:45.933 [info] Reading sessions from keychain...
2026-06-07 22:06:45.933 [info] Getting sessions for all scopes...
2026-06-07 22:06:45.933 [info] Got 0 sessions for ...
2026-06-07 22:06:45.933 [info] Getting sessions for all scopes...
2026-06-07 22:06:45.935 [info] Got 0 sessions for ...
2026-06-07 22:06:45.936 [info] Getting sessions for all scopes...
2026-06-07 22:06:45.936 [info] Got 0 sessions for ...
2026-06-07 22:06:45.936 [info] Getting sessions for all scopes...
2026-06-07 22:06:45.936 [info] Got 0 sessions for ...
2026-06-07 22:06:45.936 [info] Getting sessions for all scopes...
2026-06-07 22:06:45.936 [info] Got 0 sessions for ...
2026-06-07 22:06:45.936 [info] Getting sessions for all scopes...
2026-06-07 22:06:45.936 [info] Got 0 sessions for ...
2026-06-07 22:06:45.936 [info] Getting sessions for all scopes...
2026-06-07 22:06:45.936 [info] Got 0 sessions for ...
2026-06-07 22:06:45.936 [info] Getting sessions for all scopes...
2026-06-07 22:06:45.936 [info] Got 0 sessions for ...
2026-06-07 22:06:45.936 [info] Getting sessions for all scopes...
2026-06-07 22:06:45.936 [info] Got 0 sessions for ...
2026-06-07 22:06:45.936 [info] Getting sessions for all scopes...
2026-06-07 22:06:45.936 [info] Got 0 sessions for ...
2026-06-07 22:06:46.292 [info] Getting sessions for all scopes...
2026-06-07 22:06:46.292 [info] Got 0 sessions for ...
2026-06-07 22:06:46.297 [info] Getting sessions for all scopes...
2026-06-07 22:06:46.297 [info] Got 0 sessions for ...
2026-06-07 22:06:46.298 [info] Getting sessions for all scopes...
2026-06-07 22:06:46.298 [info] Got 0 sessions for ...
2026-06-07 22:06:46.298 [info] Getting sessions for all scopes...
2026-06-07 22:06:46.298 [info] Got 0 sessions for ...
2026-06-07 22:06:46.298 [info] Getting sessions for all scopes...
2026-06-07 22:06:46.298 [info] Got 0 sessions for ...
2026-06-07 22:06:46.298 [info] Getting sessions for all scopes...
2026-06-07 22:06:46.298 [info] Got 0 sessions for ...
2026-06-07 22:06:49.156 [info] Getting sessions for all scopes...
2026-06-07 22:06:49.156 [info] Got 0 sessions for ...
2026-06-07 22:06:55.402 [info] Reading sessions from keychain...
2026-06-07 22:06:55.402 [info] Getting sessions for all scopes...
2026-06-07 22:06:55.432 [info] Got 0 sessions for ...
2026-06-07 22:06:55.432 [info] Getting sessions for all scopes...
2026-06-07 22:06:55.432 [info] Got 0 sessions for ...
2026-06-07 22:06:55.432 [info] Getting sessions for all scopes...
2026-06-07 22:06:55.432 [info] Got 0 sessions for ...
2026-06-07 22:06:55.432 [info] Getting sessions for all scopes...
2026-06-07 22:06:55.432 [info] Got 0 sessions for ...
2026-06-07 22:06:55.432 [info] Getting sessions for all scopes...
2026-06-07 22:06:55.432 [info] Got 0 sessions for ...
2026-06-07 22:06:55.432 [info] Getting sessions for all scopes...
2026-06-07 22:06:55.432 [info] Got 0 sessions for ...
2026-06-07 22:06:55.432 [info] Getting sessions for all scopes...
2026-06-07 22:06:55.432 [info] Got 0 sessions for ...
2026-06-07 22:06:55.437 [info] Getting sessions for all scopes...
2026-06-07 22:06:55.437 [info] Got 0 sessions for ...
2026-06-07 22:06:55.438 [info] Getting sessions for all scopes...
2026-06-07 22:06:55.438 [info] Got 0 sessions for ...
2026-06-07 22:06:55.439 [info] Getting sessions for all scopes...
2026-06-07 22:06:55.439 [info] Got 0 sessions for ...
2026-06-07 22:06:55.439 [info] Getting sessions for all scopes...
2026-06-07 22:06:55.439 [info] Got 0 sessions for ...
2026-06-07 22:06:55.439 [info] Getting sessions for all scopes...
2026-06-07 22:06:55.439 [info] Got 0 sessions for ...
2026-06-07 22:06:55.439 [info] Getting sessions for all scopes...
2026-06-07 22:06:55.439 [info] Got 0 sessions for ...
2026-06-07 22:06:55.469 [info] Getting sessions for all scopes...
2026-06-07 22:06:55.469 [info] Got 0 sessions for ...
2026-06-07 22:06:55.499 [info] Getting sessions for all scopes...
2026-06-07 22:06:55.499 [info] Got 0 sessions for ...
2026-06-07 22:06:56.990 [info] Getting sessions for all scopes...
2026-06-07 22:06:56.990 [info] Got 0 sessions for ...
2026-06-07 22:06:58.952 [info] Getting sessions for read:user,repo,user:email,workflow...
2026-06-07 22:06:58.952 [info] Got 0 sessions for read:user,repo,user:email,workflow...
2026-06-07 22:23:02.880 [info] Reading sessions from keychain...
2026-06-07 22:23:02.881 [info] Getting sessions for all scopes...
2026-06-07 22:23:02.881 [info] Got 0 sessions for ...
2026-06-07 22:23:02.881 [info] Getting sessions for all scopes...
2026-06-07 22:23:02.881 [info] Got 0 sessions for ...
2026-06-07 22:23:02.881 [info] Getting sessions for all scopes...
2026-06-07 22:23:02.881 [info] Got 0 sessions for ...
2026-06-07 22:23:02.881 [info] Getting sessions for all scopes...
2026-06-07 22:23:02.881 [info] Got 0 sessions for ...
2026-06-07 22:23:02.881 [info] Getting sessions for all scopes...
2026-06-07 22:23:02.881 [info] Got 0 sessions for ...
2026-06-07 22:23:03.732 [info] Getting sessions for read:user,repo,user:email,workflow...
2026-06-07 22:23:03.732 [info] Got 0 sessions for read:user,repo,user:email,workflow...
