2026-04-12 22:48:58.760 [info] Python-envs extension version: 1.20.1
2026-04-12 22:48:58.760 [info] 
=== Python Envs Configuration Levels ===
2026-04-12 22:48:58.760 [info] {
  "section": "Python Envs Configuration Levels",
  "defaultEnvManager": {
    "workspaceFolderValue": "undefined",
    "workspaceValue": "undefined",
    "globalValue": "undefined",
    "defaultValue": "ms-python.python:venv"
  },
  "defaultPackageManager": {
    "workspaceFolderValue": "undefined",
    "workspaceValue": "undefined",
    "globalValue": "undefined",
    "defaultValue": "ms-python.python:pip"
  }
}
2026-04-12 22:48:58.760 [info] [pet] Starting Python Locator /home/beast/.vscode/extensions/ms-python.vscode-python-envs-1.20.1-linux-x64/python-env-tools/bin/pet server
2026-04-12 22:48:58.760 [info] [pet] configure: Sending configuration update: {"workspaceDirectories":["/home/beast/HTB/Silentium/exploit"],"environmentDirectories":["/home/beast/HTB/Silentium/exploit/**/.venv"],"pipenvExecutable":"pipenv","poetryExecutable":"poetry","cacheDirectory":"/home/beast/.config/Code/User/globalStorage/ms-python.vscode-python-envs/pythonLocator"}
2026-04-12 22:48:58.769 [info] Discovered manager: (Pyenv) /home/beast/.pyenv/bin/pyenv
2026-04-12 22:48:58.836 [info] Discovered env: /home/beast/.pyenv/versions/3.11.0/bin/python
2026-04-12 22:48:58.837 [info] Discovered env: /home/beast/.pyenv/versions/pwncat-cs/bin/python
2026-04-12 22:48:58.886 [info] Discovered env: /usr/bin/python
2026-04-12 22:48:58.908 [info] Discovered env: /usr/bin/python2
2026-04-12 22:48:59.115 [info] Conda not found, turning off conda features. [Error: Conda not found
	at F (/home/beast/.vscode/extensions/ms-python.vscode-python-envs-1.20.1-linux-x64/dist/extension.js:2:578361)
	at runNextTicks (node:internal/process/task_queues:65:5)
	at process.processImmediate (node:internal/timers:453:9)
	at async L (/home/beast/.vscode/extensions/ms-python.vscode-python-envs-1.20.1-linux-x64/dist/extension.js:2:578486)
	at async t.registerCondaFeatures (/home/beast/.vscode/extensions/ms-python.vscode-python-envs-1.20.1-linux-x64/dist/extension.js:2:596321)
	at async Promise.all (index 1)
	at async Immediate.<anonymous> (/home/beast/.vscode/extensions/ms-python.vscode-python-envs-1.20.1-linux-x64/dist/extension.js:2:717155)]
2026-04-12 22:48:59.121 [info] [pet] Telemetry:  {"event":"RefreshPerformance","data":{"refreshPerformance":{"total":269,"breakdown":{"GlobalVirtualEnvs":0,"Locators":214,"Path":265,"Workspaces":4},"locators":{"Conda":158,"Homebrew":0,"LinuxGlobal":114,"PipEnv":0,"Pixi":0,"Poetry":0,"PyEnv":22,"Uv":0,"Venv":0,"VirtualEnv":0,"VirtualEnvWrapper":0}}}}
2026-04-12 22:48:59.243 [info] Discovered manager: (Pyenv) /home/beast/.pyenv/bin/pyenv
2026-04-12 22:48:59.255 [info] Discovered env: /home/beast/.pyenv/versions/pwncat-cs/bin/python
2026-04-12 22:48:59.258 [info] Discovered env: /home/beast/.pyenv/versions/3.11.0/bin/python
2026-04-12 22:48:59.265 [info] Discovered env: /usr/bin/python
2026-04-12 22:48:59.299 [info] Discovered env: /usr/bin/python2
2026-04-12 22:48:59.566 [info] Pipenv not found
2026-04-12 22:48:59.567 [info] Pipenv not found, turning off pipenv features. If you have pipenv installed in a non-standard location, set the "python.pipenvPath" setting.
2026-04-12 22:48:59.579 [info] [pet] Telemetry:  {"event":"RefreshPerformance","data":{"refreshPerformance":{"total":295,"breakdown":{"GlobalVirtualEnvs":0,"Locators":160,"Path":292,"Workspaces":14},"locators":{"Conda":140,"Homebrew":0,"LinuxGlobal":158,"PipEnv":4,"Pixi":0,"Poetry":13,"PyEnv":44,"Uv":0,"Venv":0,"VirtualEnv":0,"VirtualEnvWrapper":0}}}}
2026-04-12 22:48:59.628 [info] Discovered manager: (Pyenv) /home/beast/.pyenv/bin/pyenv
2026-04-12 22:48:59.628 [info] Discovered env: /home/beast/.pyenv/versions/pwncat-cs/bin/python
2026-04-12 22:48:59.628 [info] Discovered env: /home/beast/.pyenv/versions/3.11.0/bin/python
2026-04-12 22:48:59.689 [info] Discovered env: /usr/bin/python
2026-04-12 22:48:59.734 [info] Discovered env: /usr/bin/python2
2026-04-12 22:48:59.765 [info] Poetry not found, turning off poetry features.
2026-04-12 22:48:59.767 [info] [interpreterSelection] Applying initial environment selection for 1 workspace folder(s)
2026-04-12 22:48:59.770 [info] [pet] Telemetry:  {"event":"RefreshPerformance","data":{"refreshPerformance":{"total":148,"breakdown":{"GlobalVirtualEnvs":0,"Locators":113,"Path":148,"Workspaces":0},"locators":{"Conda":106,"Homebrew":0,"LinuxGlobal":84,"PipEnv":0,"Pixi":0,"Poetry":0,"PyEnv":2,"Uv":0,"Venv":0,"VirtualEnv":0,"VirtualEnvWrapper":0}}}}
2026-04-12 22:48:59.775 [info] Extension for manager ms-python.python:venv is not active: Activating...
2026-04-12 22:48:59.776 [info] Python API: Changed environment from undefined to Python 3.13.11 for: /home/beast/HTB/Silentium/exploit
2026-04-12 22:48:59.776 [info] Internal: Changed environment from undefined to Python 3.13.11 for: /home/beast/HTB/Silentium/exploit
2026-04-12 22:48:59.834 [info] [interpreterSelection] exploit: Python 3.13.11 (source: autoDiscovery)
2026-04-12 22:48:59.936 [info] [interpreterSelection] global: Python 3.13.11 (source: autoDiscovery)
2026-04-12 22:48:59.953 [info] Python API: Changed environment from undefined to Python 3.13.11 for: global
2026-04-12 22:48:59.953 [info] Internal: Changed environment from undefined to Python 3.13.11 for: global
2026-04-12 22:48:59.977 [info] Extension for manager ms-python.python:venv is now active.
