2026-06-24 02:52:16.521 [info] Python-envs extension version: 1.20.1
2026-06-24 02:52:16.521 [info] 
=== Python Envs Configuration Levels ===
2026-06-24 02:52:16.521 [info] {
  "section": "Python Envs Configuration Levels",
  "defaultEnvManager": {
    "workspaceFolderValue": "undefined",
    "workspaceValue": "undefined",
    "globalValue": "undefined",
    "defaultValue": "ms-python.python:venv"
  },
  "defaultPackageManager": {
    "workspaceFolderValue": "undefined",
    "workspaceValue": "undefined",
    "globalValue": "undefined",
    "defaultValue": "ms-python.python:pip"
  }
}
2026-06-24 02:52:16.521 [info] [pet] Starting Python Locator /home/beast/.vscode/extensions/ms-python.vscode-python-envs-1.20.1-linux-x64/python-env-tools/bin/pet server
2026-06-24 02:52:16.530 [info] [pet] configure: Sending configuration update: {"workspaceDirectories":["/thm/web-app"],"environmentDirectories":["/thm/web-app/**/.venv"],"pipenvExecutable":"pipenv","poetryExecutable":"poetry","cacheDirectory":"/home/beast/.config/Code/User/globalStorage/ms-python.vscode-python-envs/pythonLocator"}
2026-06-24 02:52:16.568 [info] Discovered manager: (Pyenv) /home/beast/.pyenv/bin/pyenv
2026-06-24 02:52:16.603 [info] Discovered env: /home/beast/.pyenv/versions/pwncat-cs/bin/python
2026-06-24 02:52:16.604 [info] Discovered env: /home/beast/.pyenv/versions/3.11.0/bin/python
2026-06-24 02:52:16.621 [info] Discovered env: /thm/web-app/jwt_tool/.venv/bin/python
2026-06-24 02:52:16.863 [info] Discovered env: /usr/bin/python
2026-06-24 02:52:16.866 [info] Discovered env: /usr/bin/python2
2026-06-24 02:52:16.955 [info] Conda not found, turning off conda features. [Error: Conda not found
	at F (/home/beast/.vscode/extensions/ms-python.vscode-python-envs-1.20.1-linux-x64/dist/extension.js:2:578361)
	at runNextTicks (node:internal/process/task_queues:65:5)
	at process.processImmediate (node:internal/timers:453:9)
	at async L (/home/beast/.vscode/extensions/ms-python.vscode-python-envs-1.20.1-linux-x64/dist/extension.js:2:578486)
	at async t.registerCondaFeatures (/home/beast/.vscode/extensions/ms-python.vscode-python-envs-1.20.1-linux-x64/dist/extension.js:2:596321)
	at async Promise.all (index 1)
	at async Immediate.<anonymous> (/home/beast/.vscode/extensions/ms-python.vscode-python-envs-1.20.1-linux-x64/dist/extension.js:2:717155)]
2026-06-24 02:52:16.956 [info] [pet] Telemetry:  {"event":"RefreshPerformance","data":{"refreshPerformance":{"total":387,"breakdown":{"GlobalVirtualEnvs":51,"Locators":317,"Path":387,"Workspaces":7},"locators":{"Conda":313,"Homebrew":1,"LinuxGlobal":297,"PipEnv":1,"Pixi":0,"Poetry":1,"PyEnv":30,"Uv":0,"Venv":0,"VirtualEnv":0,"VirtualEnvWrapper":0}}}}
2026-06-24 02:52:18.447 [info] Discovered manager: (Pyenv) /home/beast/.pyenv/bin/pyenv
2026-06-24 02:52:18.508 [info] Discovered env: /home/beast/.pyenv/versions/pwncat-cs/bin/python
2026-06-24 02:52:18.510 [info] Refreshing Pyenv Environments
2026-06-24 02:52:18.510 [info] Refreshing pyenv environments
2026-06-24 02:52:18.524 [info] Discovered env: /home/beast/.pyenv/versions/3.11.0/bin/python
2026-06-24 02:52:18.544 [info] Discovered env: /thm/web-app/jwt_tool/.venv/bin/python
2026-06-24 02:52:18.638 [info] Discovered env: /usr/bin/python
2026-06-24 02:52:18.697 [info] Discovered env: /usr/bin/python2
2026-06-24 02:52:18.704 [info] Found venv environment: .venv (3.13.11)
2026-06-24 02:52:18.721 [info] Pipenv not found
2026-06-24 02:52:18.721 [info] Pipenv not found, turning off pipenv features. If you have pipenv installed in a non-standard location, set the "python.pipenvPath" setting.
2026-06-24 02:52:18.776 [info] [pet] Telemetry:  {"event":"RefreshPerformance","data":{"refreshPerformance":{"total":188,"breakdown":{"GlobalVirtualEnvs":23,"Locators":94,"Path":186,"Workspaces":24},"locators":{"Conda":74,"Homebrew":0,"LinuxGlobal":90,"PipEnv":0,"Pixi":0,"Poetry":0,"PyEnv":12,"Uv":0,"Venv":0,"VirtualEnv":0,"VirtualEnvWrapper":0}}}}
2026-06-24 02:52:18.788 [info] Discovered manager: (Pyenv) /home/beast/.pyenv/bin/pyenv
2026-06-24 02:52:18.796 [info] Discovered env: /thm/web-app/jwt_tool/.venv/bin/python
2026-06-24 02:52:18.804 [info] Discovered env: /home/beast/.pyenv/versions/pwncat-cs/bin/python
2026-06-24 02:52:18.807 [info] Discovered env: /home/beast/.pyenv/versions/3.11.0/bin/python
2026-06-24 02:52:18.885 [info] Discovered env: /usr/bin/python
2026-06-24 02:52:18.899 [info] Discovered env: /usr/bin/python2
2026-06-24 02:52:18.991 [info] Poetry not found, turning off poetry features.
2026-06-24 02:52:18.991 [info] [interpreterSelection] Applying initial environment selection for 1 workspace folder(s)
2026-06-24 02:52:19.007 [info] [pet] Telemetry:  {"event":"RefreshPerformance","data":{"refreshPerformance":{"total":153,"breakdown":{"GlobalVirtualEnvs":10,"Locators":103,"Path":153,"Workspaces":27},"locators":{"Conda":79,"Homebrew":0,"LinuxGlobal":95,"PipEnv":0,"Pixi":0,"Poetry":0,"PyEnv":27,"Uv":0,"Venv":0,"VirtualEnv":0,"VirtualEnvWrapper":0}}}}
2026-06-24 02:52:19.109 [info] Discovered manager: (Pyenv) /home/beast/.pyenv/bin/pyenv
2026-06-24 02:52:19.138 [info] Discovered env: /thm/web-app/jwt_tool/.venv/bin/python
2026-06-24 02:52:19.161 [info] Discovered env: /home/beast/.pyenv/versions/pwncat-cs/bin/python
2026-06-24 02:52:19.181 [info] Discovered env: /home/beast/.pyenv/versions/3.11.0/bin/python
2026-06-24 02:52:19.202 [info] Discovered env: /usr/bin/python
2026-06-24 02:52:19.206 [info] Discovered env: /usr/bin/python2
2026-06-24 02:52:19.267 [info] [pet] Telemetry:  {"event":"RefreshPerformance","data":{"refreshPerformance":{"total":179,"breakdown":{"GlobalVirtualEnvs":16,"Locators":131,"Path":178,"Workspaces":26},"locators":{"Conda":77,"Homebrew":0,"LinuxGlobal":122,"PipEnv":0,"Pixi":0,"Poetry":0,"PyEnv":12,"Uv":0,"Venv":0,"VirtualEnv":0,"VirtualEnvWrapper":0}}}}
2026-06-24 02:52:19.305 [info] Discovered manager: (Pyenv) /home/beast/.pyenv/bin/pyenv
2026-06-24 02:52:19.323 [info] Discovered env: /home/beast/.pyenv/versions/pwncat-cs/bin/python
2026-06-24 02:52:19.333 [info] Discovered env: /home/beast/.pyenv/versions/3.11.0/bin/python
2026-06-24 02:52:19.334 [info] Discovered env: /thm/web-app/jwt_tool/.venv/bin/python
2026-06-24 02:52:19.369 [info] Discovered env: /usr/bin/python
2026-06-24 02:52:19.369 [info] Discovered env: /usr/bin/python2
2026-06-24 02:52:19.400 [info] [pet] Telemetry:  {"event":"RefreshPerformance","data":{"refreshPerformance":{"total":129,"breakdown":{"GlobalVirtualEnvs":2,"Locators":89,"Path":129,"Workspaces":11},"locators":{"Conda":81,"Homebrew":0,"LinuxGlobal":88,"PipEnv":0,"Pixi":0,"Poetry":0,"PyEnv":1,"Uv":0,"Venv":0,"VirtualEnv":0,"VirtualEnvWrapper":0}}}}
2026-06-24 02:52:19.401 [info] Found venv environment: .venv (3.13.11)
2026-06-24 02:52:19.401 [info] Discovered manager: (Pyenv) /home/beast/.pyenv/bin/pyenv
2026-06-24 02:52:19.403 [info] Discovered env: /thm/web-app/jwt_tool/.venv/bin/python
2026-06-24 02:52:19.405 [info] Discovered env: /home/beast/.pyenv/versions/pwncat-cs/bin/python
2026-06-24 02:52:19.405 [info] Discovered env: /home/beast/.pyenv/versions/3.11.0/bin/python
2026-06-24 02:52:19.441 [info] Discovered env: /usr/bin/python
2026-06-24 02:52:19.506 [info] Discovered env: /usr/bin/python2
2026-06-24 02:52:19.535 [info] [pet] Telemetry:  {"event":"RefreshPerformance","data":{"refreshPerformance":{"total":87,"breakdown":{"GlobalVirtualEnvs":5,"Locators":48,"Path":87,"Workspaces":6},"locators":{"Conda":34,"Homebrew":0,"LinuxGlobal":42,"PipEnv":0,"Pixi":0,"Poetry":0,"PyEnv":4,"Uv":0,"Venv":0,"VirtualEnv":0,"VirtualEnvWrapper":0}}}}
2026-06-24 02:52:19.537 [info] Discovered manager: (Pyenv) /home/beast/.pyenv/bin/pyenv
2026-06-24 02:52:19.538 [info] Discovered env: /home/beast/.pyenv/versions/pwncat-cs/bin/python
2026-06-24 02:52:19.538 [info] Discovered env: /home/beast/.pyenv/versions/3.11.0/bin/python
2026-06-24 02:52:19.539 [info] Discovered env: /thm/web-app/jwt_tool/.venv/bin/python
2026-06-24 02:52:19.574 [info] Discovered env: /usr/bin/python
2026-06-24 02:52:19.583 [info] Discovered env: /usr/bin/python2
2026-06-24 02:52:19.662 [info] [pet] Telemetry:  {"event":"RefreshPerformance","data":{"refreshPerformance":{"total":81,"breakdown":{"GlobalVirtualEnvs":4,"Locators":46,"Path":81,"Workspaces":4},"locators":{"Conda":32,"Homebrew":0,"LinuxGlobal":44,"PipEnv":0,"Pixi":0,"Poetry":0,"PyEnv":1,"Uv":0,"Venv":0,"VirtualEnv":0,"VirtualEnvWrapper":0}}}}
2026-06-24 02:52:19.665 [info] Python API: Changed environment from undefined to .venv (3.13.11) for: /thm/web-app
2026-06-24 02:52:19.666 [info] Internal: Changed environment from undefined to .venv (3.13.11) for: /thm/web-app
2026-06-24 02:52:19.683 [info] [interpreterSelection] web-app: .venv (3.13.11) (source: autoDiscovery)
2026-06-24 02:52:19.687 [info] [interpreterSelection] global: Python 3.13.11 (source: autoDiscovery)
2026-06-24 02:52:19.693 [info] Terminal is activated: /thm/web-app/jwt_tool/.venv/bin/python
2026-06-24 02:52:19.710 [info] Python API: Changed environment from undefined to Python 3.13.11 for: global
2026-06-24 02:52:19.710 [info] Internal: Changed environment from undefined to Python 3.13.11 for: global
