2026-04-12 22:59:09.182 [info] Python-envs extension version: 1.20.1
2026-04-12 22:59:09.182 [info] 
=== Python Envs Configuration Levels ===
2026-04-12 22:59:09.182 [info] {
  "section": "Python Envs Configuration Levels",
  "defaultEnvManager": {
    "workspaceFolderValue": "undefined",
    "workspaceValue": "undefined",
    "globalValue": "undefined",
    "defaultValue": "ms-python.python:venv"
  },
  "defaultPackageManager": {
    "workspaceFolderValue": "undefined",
    "workspaceValue": "undefined",
    "globalValue": "undefined",
    "defaultValue": "ms-python.python:pip"
  }
}
2026-04-12 22:59:09.182 [info] [pet] Starting Python Locator /home/beast/.vscode/extensions/ms-python.vscode-python-envs-1.20.1-linux-x64/python-env-tools/bin/pet server
2026-04-12 22:59:09.187 [info] [pet] configure: Sending configuration update: {"workspaceDirectories":["/home/beast/HTB/Silentium"],"environmentDirectories":["/home/beast/HTB/Silentium/**/.venv"],"pipenvExecutable":"pipenv","poetryExecutable":"poetry","cacheDirectory":"/home/beast/.config/Code/User/globalStorage/ms-python.vscode-python-envs/pythonLocator"}
2026-04-12 22:59:09.413 [info] Discovered manager: (Pyenv) /home/beast/.pyenv/bin/pyenv
2026-04-12 22:59:09.415 [info] Discovered env: /home/beast/.pyenv/versions/3.11.0/bin/python
2026-04-12 22:59:09.415 [info] Discovered env: /home/beast/.pyenv/versions/pwncat-cs/bin/python
2026-04-12 22:59:09.415 [info] Discovered env: /home/beast/HTB/Silentium/CVE-2025-8110/.venv/bin/python
2026-04-12 22:59:09.415 [info] Discovered env: /home/beast/HTB/Silentium/pwncat/.venv/bin/python
2026-04-12 22:59:09.415 [info] Discovered env: /usr/bin/python
2026-04-12 22:59:09.415 [info] Discovered env: /usr/bin/python2
2026-04-12 22:59:09.498 [info] Pipenv not found
2026-04-12 22:59:09.498 [info] Pipenv not found, turning off pipenv features. If you have pipenv installed in a non-standard location, set the "python.pipenvPath" setting.
2026-04-12 22:59:09.499 [info] [pet] Telemetry:  {"event":"RefreshPerformance","data":{"refreshPerformance":{"total":222,"breakdown":{"GlobalVirtualEnvs":59,"Locators":122,"Path":222,"Workspaces":63},"locators":{"Conda":110,"Homebrew":0,"LinuxGlobal":97,"PipEnv":0,"Pixi":0,"Poetry":6,"PyEnv":22,"Uv":0,"Venv":0,"VirtualEnv":0,"VirtualEnvWrapper":0}}}}
2026-04-12 22:59:09.502 [info] Discovered manager: (Pyenv) /home/beast/.pyenv/bin/pyenv
2026-04-12 22:59:09.514 [info] Discovered env: /home/beast/.pyenv/versions/3.11.0/bin/python
2026-04-12 22:59:09.514 [info] Discovered env: /home/beast/.pyenv/versions/pwncat-cs/bin/python
2026-04-12 22:59:09.544 [info] Discovered env: /home/beast/HTB/Silentium/CVE-2025-8110/.venv/bin/python
2026-04-12 22:59:09.544 [info] Discovered env: /home/beast/HTB/Silentium/pwncat/.venv/bin/python
2026-04-12 22:59:09.591 [info] Discovered env: /usr/bin/python
2026-04-12 22:59:09.603 [info] Discovered env: /usr/bin/python2
2026-04-12 22:59:09.679 [info] Conda not found, turning off conda features. [Error: Conda not found
	at F (/home/beast/.vscode/extensions/ms-python.vscode-python-envs-1.20.1-linux-x64/dist/extension.js:2:578361)
	at runNextTicks (node:internal/process/task_queues:65:5)
	at process.processImmediate (node:internal/timers:453:9)
	at async L (/home/beast/.vscode/extensions/ms-python.vscode-python-envs-1.20.1-linux-x64/dist/extension.js:2:578486)
	at async t.registerCondaFeatures (/home/beast/.vscode/extensions/ms-python.vscode-python-envs-1.20.1-linux-x64/dist/extension.js:2:596321)
	at async Promise.all (index 1)
	at async Immediate.<anonymous> (/home/beast/.vscode/extensions/ms-python.vscode-python-envs-1.20.1-linux-x64/dist/extension.js:2:717155)]
2026-04-12 22:59:09.680 [info] [pet] Telemetry:  {"event":"RefreshPerformance","data":{"refreshPerformance":{"total":154,"breakdown":{"GlobalVirtualEnvs":29,"Locators":103,"Path":153,"Workspaces":40},"locators":{"Conda":100,"Homebrew":0,"LinuxGlobal":102,"PipEnv":0,"Pixi":0,"Poetry":0,"PyEnv":14,"Uv":0,"Venv":0,"VirtualEnv":0,"VirtualEnvWrapper":0}}}}
2026-04-12 22:59:09.687 [info] Discovered manager: (Pyenv) /home/beast/.pyenv/bin/pyenv
2026-04-12 22:59:09.688 [info] Discovered env: /home/beast/HTB/Silentium/CVE-2025-8110/.venv/bin/python
2026-04-12 22:59:09.688 [info] Discovered env: /home/beast/HTB/Silentium/pwncat/.venv/bin/python
2026-04-12 22:59:09.705 [info] Discovered env: /home/beast/.pyenv/versions/3.11.0/bin/python
2026-04-12 22:59:09.708 [info] Discovered env: /home/beast/.pyenv/versions/pwncat-cs/bin/python
2026-04-12 22:59:09.747 [info] Discovered env: /usr/bin/python
2026-04-12 22:59:09.757 [info] Discovered env: /usr/bin/python2
2026-04-12 22:59:09.795 [info] Poetry not found, turning off poetry features.
2026-04-12 22:59:09.797 [info] [interpreterSelection] Applying initial environment selection for 1 workspace folder(s)
2026-04-12 22:59:09.798 [info] [pet] Telemetry:  {"event":"RefreshPerformance","data":{"refreshPerformance":{"total":113,"breakdown":{"GlobalVirtualEnvs":9,"Locators":77,"Path":112,"Workspaces":26},"locators":{"Conda":56,"Homebrew":0,"LinuxGlobal":74,"PipEnv":0,"Pixi":0,"Poetry":0,"PyEnv":27,"Uv":0,"Venv":0,"VirtualEnv":0,"VirtualEnvWrapper":0}}}}
2026-04-12 22:59:09.799 [info] Found venv environment: .venv (3.13.11)
2026-04-12 22:59:09.809 [info] Python API: Changed environment from undefined to .venv (3.13.11) for: /home/beast/HTB/Silentium
2026-04-12 22:59:09.809 [info] Internal: Changed environment from undefined to .venv (3.13.11) for: /home/beast/HTB/Silentium
2026-04-12 22:59:09.812 [info] [interpreterSelection] Silentium: .venv (3.13.11) (source: autoDiscovery)
2026-04-12 22:59:09.814 [info] [interpreterSelection] global: Python 3.13.11 (source: autoDiscovery)
2026-04-12 22:59:09.819 [info] Terminal is activated: /home/beast/HTB/Silentium/CVE-2025-8110/.venv/bin/python
2026-04-12 22:59:09.835 [info] Python API: Changed environment from undefined to Python 3.13.11 for: global
2026-04-12 22:59:09.835 [info] Internal: Changed environment from undefined to Python 3.13.11 for: global
2026-04-12 23:05:53.554 [error] Shell execution timed out:  source /home/beast/HTB/Silentium/CVE-2025-8110/.venv/bin/activate
2026-04-12 23:05:53.555 [info] Terminal is activated: /home/beast/HTB/Silentium/CVE-2025-8110/.venv/bin/python
