2026-04-12 22:48:56.819 [info] Extension host with pid 86375 started
2026-04-12 22:48:56.819 [info] Skipping acquiring lock for /home/beast/.config/Code/User/workspaceStorage/bd79932438cc0bcbaa33e7783946ca7d.
2026-04-12 22:48:57.111 [info] ExtensionService#_doActivateExtension vscode.github-authentication, startup: false, activationEvent: 'onAuthenticationRequest:github'
2026-04-12 22:48:57.192 [info] ExtensionService#_doActivateExtension vscode.emmet, startup: false, activationEvent: 'onLanguage'
2026-04-12 22:48:57.230 [info] ExtensionService#_doActivateExtension ms-python.python, startup: false, activationEvent: 'onLanguage:python', root cause: ms-python.debugpy
2026-04-12 22:48:57.674 [info] ExtensionService#_doActivateExtension ms-python.vscode-pylance, startup: false, activationEvent: 'onLanguage:python'
2026-04-12 22:48:58.195 [info] ExtensionService#_doActivateExtension ms-python.vscode-python-envs, startup: false, activationEvent: 'onLanguage:python'
2026-04-12 22:48:58.527 [info] ExtensionService#_doActivateExtension vscode.git-base, startup: true, activationEvent: '*', root cause: vscode.git
2026-04-12 22:48:58.993 [info] ExtensionService#_doActivateExtension vscode.git, startup: true, activationEvent: '*'
2026-04-12 22:48:59.087 [info] ExtensionService#_doActivateExtension vscode.github, startup: true, activationEvent: '*'
2026-04-12 22:48:59.555 [info] Eager extensions activated
2026-04-12 22:48:59.582 [info] ExtensionService#_doActivateExtension vscode.debug-auto-launch, startup: false, activationEvent: 'onStartupFinished'
2026-04-12 22:48:59.589 [info] ExtensionService#_doActivateExtension vscode.merge-conflict, startup: false, activationEvent: 'onStartupFinished'
2026-04-12 22:49:00.071 [info] ExtensionService#_doActivateExtension ms-python.debugpy, startup: false, activationEvent: 'onLanguage:python'
2026-04-12 22:49:01.119 [info] ExtensionService#_doActivateExtension vscode.terminal-suggest, startup: false, activationEvent: 'onTerminalShellIntegration:*'
2026-04-12 22:50:59.515 [warning] DiagnosticCollection with name 'Pylance' does already exist.
2026-04-12 22:51:40.066 [warning] DiagnosticCollection with name 'Pylance' does already exist.
2026-04-12 22:58:40.064 [info] Extension host terminating: renderer closed the MessagePort
2026-04-12 22:58:40.130 [error] An error occurred when disposing the subscriptions for extension 'ms-python.vscode-python-envs':
2026-04-12 22:58:40.131 [error] Error: Channel has been closed
	at n (file:///usr/share/code/resources/app/out/vs/workbench/api/node/extensionHostProcess.js:123:2816)
	at Object.error (file:///usr/share/code/resources/app/out/vs/workbench/api/node/extensionHostProcess.js:123:3250)
	at Object.dispose (/home/beast/.vscode/extensions/ms-python.vscode-python-envs-1.20.1-linux-x64/dist/extension.js:2:539542)
	at /home/beast/.vscode/extensions/ms-python.vscode-python-envs-1.20.1-linux-x64/dist/extension.js:2:538310
	at Array.forEach (<anonymous>)
	at S.dispose (/home/beast/.vscode/extensions/ms-python.vscode-python-envs-1.20.1-linux-x64/dist/extension.js:2:538297)
	at Zi (file:///usr/share/code/resources/app/out/vs/workbench/api/node/extensionHostProcess.js:25:746)
	at oL.b (file:///usr/share/code/resources/app/out/vs/workbench/api/node/extensionHostProcess.js:120:15172)
	at oL.dispose (file:///usr/share/code/resources/app/out/vs/workbench/api/node/extensionHostProcess.js:25:1227)
	at HX.eb (file:///usr/share/code/resources/app/out/vs/workbench/api/node/extensionHostProcess.js:120:12045)
	at file:///usr/share/code/resources/app/out/vs/workbench/api/node/extensionHostProcess.js:120:10000
	at Array.map (<anonymous>)
	at HX.$ (file:///usr/share/code/resources/app/out/vs/workbench/api/node/extensionHostProcess.js:120:9988)
	at HX.terminate (file:///usr/share/code/resources/app/out/vs/workbench/api/node/extensionHostProcess.js:120:10231)
	at yN.terminate (file:///usr/share/code/resources/app/out/vs/workbench/api/node/extensionHostProcess.js:122:914)
	at Us (file:///usr/share/code/resources/app/out/vs/workbench/api/node/extensionHostProcess.js:404:11129)
	at MessagePortMain.<anonymous> (file:///usr/share/code/resources/app/out/vs/workbench/api/node/extensionHostProcess.js:404:7604)
	at MessagePortMain.emit (node:events:519:28)
	at MessagePortMain._internalPort.emit (node:electron/js2c/utility_init:2:2949)
2026-04-12 22:58:40.138 [error] TypeError: Cannot read properties of undefined (reading 'subscriptions')
	at Object.Z [as deactivate] (/home/beast/.vscode/extensions/ms-python.vscode-python-envs-1.20.1-linux-x64/dist/extension.js:2:706516)
	at HX.eb (file:///usr/share/code/resources/app/out/vs/workbench/api/node/extensionHostProcess.js:120:11850)
	at file:///usr/share/code/resources/app/out/vs/workbench/api/node/extensionHostProcess.js:120:10000
	at Array.map (<anonymous>)
	at HX.$ (file:///usr/share/code/resources/app/out/vs/workbench/api/node/extensionHostProcess.js:120:9988)
	at HX.terminate (file:///usr/share/code/resources/app/out/vs/workbench/api/node/extensionHostProcess.js:120:10231)
	at yN.terminate (file:///usr/share/code/resources/app/out/vs/workbench/api/node/extensionHostProcess.js:122:914)
	at Us (file:///usr/share/code/resources/app/out/vs/workbench/api/node/extensionHostProcess.js:404:11129)
	at MessagePortMain.<anonymous> (file:///usr/share/code/resources/app/out/vs/workbench/api/node/extensionHostProcess.js:404:7604)
	at MessagePortMain.emit (node:events:519:28)
	at MessagePortMain._internalPort.emit (node:electron/js2c/utility_init:2:2949)
2026-04-12 22:58:40.139 [info] Extension host with pid 86375 exiting with code 0
2026-04-12 22:58:42.621 [info] Extension host with pid 88830 started
2026-04-12 22:58:42.621 [info] Skipping acquiring lock for /home/beast/.config/Code/User/workspaceStorage/101adba0dbe4579859f741e3bc696186.
2026-04-12 22:58:42.643 [info] ExtensionService#_doActivateExtension vscode.github-authentication, startup: false, activationEvent: 'onAuthenticationRequest:github'
2026-04-12 22:58:42.676 [info] ExtensionService#_doActivateExtension vscode.emmet, startup: false, activationEvent: 'onLanguage'
2026-04-12 22:58:42.850 [info] ExtensionService#_doActivateExtension vscode.git-base, startup: true, activationEvent: '*'
2026-04-12 22:58:42.904 [info] ExtensionService#_doActivateExtension vscode.github, startup: true, activationEvent: '*'
2026-04-12 22:58:43.031 [info] Eager extensions activated
2026-04-12 22:58:43.051 [info] ExtensionService#_doActivateExtension vscode.debug-auto-launch, startup: false, activationEvent: 'onStartupFinished'
2026-04-12 22:58:43.055 [info] ExtensionService#_doActivateExtension vscode.merge-conflict, startup: false, activationEvent: 'onStartupFinished'
2026-04-12 22:58:49.819 [info] Extension host terminating: renderer closed the MessagePort
2026-04-12 22:58:49.830 [info] Extension host with pid 88830 exiting with code 0
