2026-06-10 04:25:46.191 [info] [main] Log level: Info
2026-06-10 04:25:46.191 [info] [main] Validating found git in: "git"
2026-06-10 04:25:46.191 [info] [main] Using git "2.53.0" from "git"
2026-06-10 04:25:46.191 [info] [Model][doInitialScan] Initial repository scan started
2026-06-10 04:25:46.191 [info] > git rev-parse --show-toplevel [6ms]
2026-06-10 04:25:46.191 [info] > git rev-parse --git-dir --git-common-dir --show-superproject-working-tree [69ms]
2026-06-10 04:25:46.191 [info] [Model][openRepository] Opened repository (path): /home/beast/dev/my-zsh-aliases
2026-06-10 04:25:46.191 [info] [Model][openRepository] Opened repository (real path): /home/beast/dev/my-zsh-aliases
2026-06-10 04:25:46.191 [info] [Model][openRepository] Opened repository (kind): repository
2026-06-10 04:25:46.191 [info] > git rev-parse --show-toplevel [68ms]
2026-06-10 04:25:46.191 [info] > git config --get commit.template [83ms]
2026-06-10 04:25:46.199 [info] > git rev-parse --show-toplevel [137ms]
2026-06-10 04:25:46.212 [info] > git for-each-ref --format=%(refname)%00%(upstream:short)%00%(objectname)%00%(upstream:track)%00%(upstream:remotename)%00%(upstream:remoteref) refs/heads/main refs/remotes/main [21ms]
2026-06-10 04:25:47.058 [info] > git rev-parse --show-toplevel [849ms]
2026-06-10 04:25:47.120 [info] > git check-ignore -v -z --stdin [55ms]
2026-06-10 04:25:47.121 [info] > git rev-parse --show-toplevel [8ms]
2026-06-10 04:25:47.124 [info] [Model][doInitialScan] Initial repository scan completed - repositories (1), closed repositories (0), parent repositories (0), unsafe repositories (0)
2026-06-10 04:25:47.166 [info] > git status -z -uall [17ms]
2026-06-10 04:25:47.167 [info] > git for-each-ref --sort -committerdate --format %(refname)%00%(objectname)%00%(*objectname) [13ms]
2026-06-10 04:25:47.203 [info] > git for-each-ref --format=%(refname)%00%(upstream:short)%00%(objectname)%00%(upstream:track)%00%(upstream:remotename)%00%(upstream:remoteref) refs/heads/main refs/remotes/main [12ms]
2026-06-10 04:25:47.212 [info] > git config --get commit.template [11ms]
2026-06-10 04:25:47.213 [info] > git config --get --local branch.main.vscode-merge-base [2ms]
2026-06-10 04:25:47.213 [warning] [Git][config] git config failed: Failed to execute git
2026-06-10 04:25:47.231 [info] > git reflog main --grep-reflog=branch: Created from *. [11ms]
2026-06-10 04:25:47.238 [info] > git for-each-ref --format=%(refname)%00%(upstream:short)%00%(objectname)%00%(upstream:track)%00%(upstream:remotename)%00%(upstream:remoteref) refs/heads/main refs/remotes/main [8ms]
2026-06-10 04:25:47.239 [info] > git symbolic-ref --short refs/remotes/origin/HEAD [3ms]
2026-06-10 04:25:47.239 [info] fatal: ref refs/remotes/origin/HEAD is not a symbolic ref
2026-06-10 04:25:47.239 [warning] [Repository][getDefaultBranch] Failed to get default branch details: Failed to execute git.
2026-06-10 04:25:47.255 [info] > git merge-base refs/heads/main refs/remotes/origin/main [3ms]
2026-06-10 04:25:47.278 [info] > git diff --name-status -z --diff-filter=ADMR --find-renames=50% 9e64ab927cf94d8047210895a414b5bd66f21e26...refs/remotes/origin/main -- [15ms]
2026-06-10 04:25:47.279 [info] > git status -z -uall [9ms]
2026-06-10 04:25:47.279 [info] > git for-each-ref --sort -committerdate --format %(refname)%00%(objectname)%00%(*objectname) [5ms]
2026-06-10 04:25:47.325 [info] > git show --textconv :exploit_finder.py [9ms]
2026-06-10 04:25:47.329 [info] > git ls-files --stage -- exploit_finder.py [6ms]
2026-06-10 04:25:47.340 [info] > git cat-file -s 867bb70d139f313a35d8c3963521a6d3c0e98456 [5ms]
2026-06-10 04:25:47.744 [info] > git blame --root --incremental 9e64ab927cf94d8047210895a414b5bd66f21e26 -- exploit_finder.py [46ms]
2026-06-10 04:25:54.955 [info] > git check-ignore -v -z --stdin [12ms]
2026-06-10 04:36:49.840 [info] > git check-ignore -v -z --stdin [10ms]
2026-06-10 04:36:50.001 [info] > git check-ignore -v -z --stdin [1ms]
2026-06-10 04:36:50.067 [info] > git show --textconv :ad_enum.py [7ms]
2026-06-10 04:36:50.079 [info] > git hash-object -t tree /dev/null [6ms]
2026-06-10 04:36:50.079 [warning] [GitFileSystemProvider][readFile] File not found - git:/home/beast/dev/my-zsh-aliases/ad_enum.py.git?%7B%22path%22%3A%22%2Fhome%2Fbeast%2Fdev%2Fmy-zsh-aliases%2Fad_enum.py%22%2C%22ref%22%3A%22%22%7D
2026-06-10 04:36:50.079 [info] > git ls-files --stage -- ad_enum.py [13ms]
2026-06-10 04:36:50.080 [warning] [GitFileSystemProvider][stat] File not found - git:/home/beast/dev/my-zsh-aliases/ad_enum.py.git?%7B%22path%22%3A%22%2Fhome%2Fbeast%2Fdev%2Fmy-zsh-aliases%2Fad_enum.py%22%2C%22ref%22%3A%22%22%7D
2026-06-10 04:36:50.290 [info] > git check-ignore -v -z --stdin [1ms]
2026-06-10 04:36:50.873 [info] > git config --get commit.template [6ms]
2026-06-10 04:36:50.875 [info] > git for-each-ref --format=%(refname)%00%(upstream:short)%00%(objectname)%00%(upstream:track)%00%(upstream:remotename)%00%(upstream:remoteref) refs/heads/main refs/remotes/main [3ms]
2026-06-10 04:36:50.886 [info] > git status -z -uall [6ms]
2026-06-10 04:36:50.887 [info] > git for-each-ref --sort -committerdate --format %(refname)%00%(objectname)%00%(*objectname) [3ms]
2026-06-10 04:36:55.897 [info] > git config --get commit.template [1ms]
2026-06-10 04:36:55.902 [info] > git for-each-ref --format=%(refname)%00%(upstream:short)%00%(objectname)%00%(upstream:track)%00%(upstream:remotename)%00%(upstream:remoteref) refs/heads/main refs/remotes/main [1ms]
2026-06-10 04:36:55.913 [info] > git status -z -uall [6ms]
2026-06-10 04:36:55.914 [info] > git for-each-ref --sort -committerdate --format %(refname)%00%(objectname)%00%(*objectname) [2ms]
2026-06-10 04:41:43.819 [info] > git check-ignore -v -z --stdin [4ms]
2026-06-10 04:41:43.962 [info] > git check-ignore -v -z --stdin [1ms]
2026-06-10 06:04:00.505 [info] > git for-each-ref --format=%(refname)%00%(upstream:short)%00%(objectname)%00%(upstream:track)%00%(upstream:remotename)%00%(upstream:remoteref) refs/heads/main refs/remotes/main [1ms]
2026-06-10 06:04:00.507 [info] > git config --get commit.template [7ms]
2026-06-10 06:04:00.519 [info] > git status -z -uall [6ms]
2026-06-10 06:04:00.521 [info] > git for-each-ref --sort -committerdate --format %(refname)%00%(objectname)%00%(*objectname) [3ms]
2026-06-10 06:07:03.024 [info] > git check-ignore -v -z --stdin [9ms]
2026-06-10 06:07:03.205 [info] > git check-ignore -v -z --stdin [1ms]
2026-06-10 06:07:03.283 [info] > git show --textconv :exploit_finder.py [10ms]
2026-06-10 06:07:03.291 [info] > git ls-files --stage -- exploit_finder.py [7ms]
2026-06-10 06:07:03.303 [info] > git cat-file -s 867bb70d139f313a35d8c3963521a6d3c0e98456 [7ms]
2026-06-10 06:07:46.311 [info] > git check-ignore -v -z --stdin [6ms]
2026-06-10 06:07:46.534 [info] > git check-ignore -v -z --stdin [2ms]
2026-06-10 06:08:31.054 [info] > git config --get commit.template [1ms]
2026-06-10 06:08:31.059 [info] > git for-each-ref --format=%(refname)%00%(upstream:short)%00%(objectname)%00%(upstream:track)%00%(upstream:remotename)%00%(upstream:remoteref) refs/heads/main refs/remotes/main [1ms]
2026-06-10 06:08:31.069 [info] > git status -z -uall [5ms]
2026-06-10 06:08:31.070 [info] > git for-each-ref --sort -committerdate --format %(refname)%00%(objectname)%00%(*objectname) [1ms]
2026-06-10 06:09:04.035 [info] > git config --get commit.template [1ms]
2026-06-10 06:09:04.041 [info] > git for-each-ref --format=%(refname)%00%(upstream:short)%00%(objectname)%00%(upstream:track)%00%(upstream:remotename)%00%(upstream:remoteref) refs/heads/main refs/remotes/main [1ms]
2026-06-10 06:09:04.051 [info] > git status -z -uall [5ms]
2026-06-10 06:09:04.052 [info] > git for-each-ref --sort -committerdate --format %(refname)%00%(objectname)%00%(*objectname) [2ms]
2026-06-10 06:30:10.723 [info] > git config --get commit.template [1ms]
2026-06-10 06:30:10.729 [info] > git for-each-ref --format=%(refname)%00%(upstream:short)%00%(objectname)%00%(upstream:track)%00%(upstream:remotename)%00%(upstream:remoteref) refs/heads/main refs/remotes/main [2ms]
2026-06-10 06:30:10.738 [info] > git status -z -uall [5ms]
2026-06-10 06:30:10.739 [info] > git for-each-ref --sort -committerdate --format %(refname)%00%(objectname)%00%(*objectname) [1ms]
2026-06-10 06:30:51.181 [info] > git config --get commit.template [5ms]
2026-06-10 06:30:51.182 [info] > git for-each-ref --format=%(refname)%00%(upstream:short)%00%(objectname)%00%(upstream:track)%00%(upstream:remotename)%00%(upstream:remoteref) refs/heads/main refs/remotes/main [2ms]
2026-06-10 06:30:51.192 [info] > git status -z -uall [5ms]
2026-06-10 06:30:51.193 [info] > git for-each-ref --sort -committerdate --format %(refname)%00%(objectname)%00%(*objectname) [2ms]
2026-06-10 06:30:51.523 [info] > git show --textconv :ad_enum.py [15ms]
2026-06-10 06:30:51.523 [info] > git show --textconv HEAD:ad_enum.py [11ms]
2026-06-10 06:30:51.523 [info] > git ls-files --stage -- ad_enum.py [7ms]
2026-06-10 06:30:51.528 [warning] [GitFileSystemProvider][readFile] File not found - git:/home/beast/dev/my-zsh-aliases/ad_enum.py.git?%7B%22path%22%3A%22%2Fhome%2Fbeast%2Fdev%2Fmy-zsh-aliases%2Fad_enum.py%22%2C%22ref%22%3A%22HEAD%22%7D
2026-06-10 06:30:51.529 [info] > git cat-file -s a27c4a2aa7a71efe112689137548db0ac0b0dab1 [3ms]
2026-06-10 06:30:51.529 [info] > git ls-tree -l HEAD -- ad_enum.py [7ms]
2026-06-10 06:30:51.530 [warning] [GitFileSystemProvider][stat] File not found - git:/home/beast/dev/my-zsh-aliases/ad_enum.py.git?%7B%22path%22%3A%22%2Fhome%2Fbeast%2Fdev%2Fmy-zsh-aliases%2Fad_enum.py%22%2C%22ref%22%3A%22HEAD%22%7D
2026-06-10 06:30:51.558 [info] > git blame --root --incremental 9e64ab927cf94d8047210895a414b5bd66f21e26 -- ad_enum.py [1ms]
2026-06-10 06:30:51.558 [info] fatal: no such path ad_enum.py in 9e64ab927cf94d8047210895a414b5bd66f21e26
2026-06-10 06:31:16.607 [info] > git config --get commit.template [5ms]
2026-06-10 06:31:16.608 [info] > git for-each-ref --format=%(refname)%00%(upstream:short)%00%(objectname)%00%(upstream:track)%00%(upstream:remotename)%00%(upstream:remoteref) refs/heads/main refs/remotes/main [2ms]
2026-06-10 06:31:16.618 [info] > git status -z -uall [5ms]
2026-06-10 06:31:16.619 [info] > git for-each-ref --sort -committerdate --format %(refname)%00%(objectname)%00%(*objectname) [2ms]
2026-06-10 06:31:16.638 [info] > git merge-base refs/heads/main refs/remotes/origin/main [2ms]
2026-06-10 06:31:16.644 [info] > git blame --root --incremental 4937580d985ccfc62b9517e26ed08ab48c29d632 -- ad_enum.py [14ms]
2026-06-10 06:31:16.646 [info] > git diff --name-status -z --diff-filter=ADMR --find-renames=50% 9e64ab927cf94d8047210895a414b5bd66f21e26...refs/remotes/origin/main -- [2ms]
2026-06-10 06:31:53.590 [info] > git config --get commit.template [1ms]
2026-06-10 06:31:53.595 [info] > git for-each-ref --format=%(refname)%00%(upstream:short)%00%(objectname)%00%(upstream:track)%00%(upstream:remotename)%00%(upstream:remoteref) refs/heads/main refs/remotes/main [1ms]
2026-06-10 06:31:53.606 [info] > git status -z -uall [7ms]
2026-06-10 06:31:53.606 [info] > git for-each-ref --sort -committerdate --format %(refname)%00%(objectname)%00%(*objectname) [2ms]
2026-06-10 06:31:53.615 [info] > git merge-base refs/heads/main refs/remotes/origin/main [2ms]
2026-06-10 06:31:53.620 [info] > git diff --name-status -z --diff-filter=ADMR --find-renames=50% 4937580d985ccfc62b9517e26ed08ab48c29d632...refs/remotes/origin/main -- [1ms]
2026-06-10 06:34:53.148 [info] > git ls-files --stage -- ad_enum.py [1ms]
2026-06-10 06:34:53.154 [info] > git cat-file -s a27c4a2aa7a71efe112689137548db0ac0b0dab1 [2ms]
2026-06-10 06:34:53.165 [info] > git show --textconv :ad_enum.py [2ms]
2026-06-10 06:36:28.152 [info] > git config --get commit.template [5ms]
2026-06-10 06:36:28.153 [info] > git for-each-ref --format=%(refname)%00%(upstream:short)%00%(objectname)%00%(upstream:track)%00%(upstream:remotename)%00%(upstream:remoteref) refs/heads/main refs/remotes/main [2ms]
2026-06-10 06:36:28.164 [info] > git status -z -uall [6ms]
2026-06-10 06:36:28.164 [info] > git for-each-ref --sort -committerdate --format %(refname)%00%(objectname)%00%(*objectname) [2ms]
2026-06-10 06:36:46.989 [info] > git config --get commit.template [1ms]
2026-06-10 06:36:46.995 [info] > git for-each-ref --format=%(refname)%00%(upstream:short)%00%(objectname)%00%(upstream:track)%00%(upstream:remotename)%00%(upstream:remoteref) refs/heads/main refs/remotes/main [2ms]
2026-06-10 06:36:47.005 [info] > git status -z -uall [5ms]
2026-06-10 06:36:47.006 [info] > git for-each-ref --sort -committerdate --format %(refname)%00%(objectname)%00%(*objectname) [1ms]
2026-06-10 06:36:47.334 [info] > git show --textconv HEAD:ad_enum.py [11ms]
2026-06-10 06:36:47.336 [info] > git ls-tree -l HEAD -- ad_enum.py [2ms]
2026-06-10 06:37:03.812 [info] > git config --get commit.template [5ms]
2026-06-10 06:37:03.813 [info] > git for-each-ref --format=%(refname)%00%(upstream:short)%00%(objectname)%00%(upstream:track)%00%(upstream:remotename)%00%(upstream:remoteref) refs/heads/main refs/remotes/main [1ms]
2026-06-10 06:37:03.824 [info] > git status -z -uall [6ms]
2026-06-10 06:37:03.824 [info] > git for-each-ref --sort -committerdate --format %(refname)%00%(objectname)%00%(*objectname) [1ms]
2026-06-10 06:37:03.837 [info] > git merge-base refs/heads/main refs/remotes/origin/main [1ms]
2026-06-10 06:37:03.842 [info] > git blame --root --incremental f286bc782be5d00506a51f1d84bea2a790c6b39b -- ad_enum.py [11ms]
2026-06-10 06:37:03.844 [info] > git diff --name-status -z --diff-filter=ADMR --find-renames=50% 4937580d985ccfc62b9517e26ed08ab48c29d632...refs/remotes/origin/main -- [2ms]
2026-06-10 06:37:25.922 [info] > git config --get commit.template [1ms]
2026-06-10 06:37:25.927 [info] > git for-each-ref --format=%(refname)%00%(upstream:short)%00%(objectname)%00%(upstream:track)%00%(upstream:remotename)%00%(upstream:remoteref) refs/heads/main refs/remotes/main [1ms]
2026-06-10 06:37:25.937 [info] > git status -z -uall [5ms]
2026-06-10 06:37:25.939 [info] > git for-each-ref --sort -committerdate --format %(refname)%00%(objectname)%00%(*objectname) [2ms]
2026-06-10 06:37:25.948 [info] > git merge-base refs/heads/main refs/remotes/origin/main [3ms]
2026-06-10 06:37:25.954 [info] > git diff --name-status -z --diff-filter=ADMR --find-renames=50% f286bc782be5d00506a51f1d84bea2a790c6b39b...refs/remotes/origin/main -- [2ms]
2026-06-10 06:37:28.402 [info] > git ls-files --stage -- ad_enum.py [1ms]
2026-06-10 06:37:28.411 [info] > git cat-file -s ea7f65eeb83d82339825e228181becf1d4d318ec [2ms]
2026-06-10 06:37:28.430 [info] > git show --textconv :ad_enum.py [2ms]
