2026-06-20 12:54:26.628 [info] Extension host with pid 74363 started
2026-06-20 12:54:26.629 [info] Skipping acquiring lock for /home/beast/.config/Code/User/workspaceStorage/92b6de106a16d13f60501cafde3c15b1.
2026-06-20 12:54:26.889 [info] ExtensionService#_doActivateExtension vscode.github-authentication, startup: false, activationEvent: 'onAuthenticationRequest:github'
2026-06-20 12:54:26.962 [info] ExtensionService#_doActivateExtension vscode.emmet, startup: false, activationEvent: 'onLanguage'
2026-06-20 12:54:27.000 [info] ExtensionService#_doActivateExtension ms-python.python, startup: false, activationEvent: 'onLanguage:python', root cause: ms-python.debugpy
2026-06-20 12:54:27.285 [info] ExtensionService#_doActivateExtension ms-python.vscode-pylance, startup: false, activationEvent: 'onLanguage:python'
2026-06-20 12:54:27.745 [info] ExtensionService#_doActivateExtension ms-python.vscode-python-envs, startup: false, activationEvent: 'onLanguage:python'
2026-06-20 12:54:27.982 [info] ExtensionService#_doActivateExtension vscode.git-base, startup: true, activationEvent: '*', root cause: vscode.git
2026-06-20 12:54:28.106 [info] ExtensionService#_doActivateExtension vscode.git, startup: true, activationEvent: '*'
2026-06-20 12:54:28.172 [info] ExtensionService#_doActivateExtension vscode.github, startup: true, activationEvent: '*'
2026-06-20 12:54:28.684 [info] Eager extensions activated
2026-06-20 12:54:29.010 [info] ExtensionService#_doActivateExtension ms-python.debugpy, startup: false, activationEvent: 'onLanguage:python'
2026-06-20 12:54:29.126 [info] ExtensionService#_doActivateExtension vscode.debug-auto-launch, startup: false, activationEvent: 'onStartupFinished'
2026-06-20 12:54:29.135 [info] ExtensionService#_doActivateExtension vscode.merge-conflict, startup: false, activationEvent: 'onStartupFinished'
2026-06-20 12:54:33.151 [warning] DiagnosticCollection with name 'Pylance' does already exist.
2026-06-20 12:54:33.214 [warning] DiagnosticCollection with name 'Pylance' does already exist.
2026-06-20 12:54:33.219 [warning] DiagnosticCollection with name 'Pylance' does already exist.
2026-06-20 12:54:33.224 [warning] DiagnosticCollection with name 'Pylance' does already exist.
2026-06-20 12:54:33.230 [warning] DiagnosticCollection with name 'Pylance' does already exist.
2026-06-20 12:54:38.044 [info] Extension host terminating: renderer closed the MessagePort
2026-06-20 12:54:38.153 [error] An error occurred when disposing the subscriptions for extension 'ms-python.vscode-python-envs':
2026-06-20 12:54:38.154 [error] Error: Channel has been closed
	at n (file:///usr/share/code/resources/app/out/vs/workbench/api/node/extensionHostProcess.js:123:2816)
	at Object.error (file:///usr/share/code/resources/app/out/vs/workbench/api/node/extensionHostProcess.js:123:3250)
	at Object.dispose (/home/beast/.vscode/extensions/ms-python.vscode-python-envs-1.20.1-linux-x64/dist/extension.js:2:539542)
	at /home/beast/.vscode/extensions/ms-python.vscode-python-envs-1.20.1-linux-x64/dist/extension.js:2:538310
	at Array.forEach (<anonymous>)
	at S.dispose (/home/beast/.vscode/extensions/ms-python.vscode-python-envs-1.20.1-linux-x64/dist/extension.js:2:538297)
	at Zi (file:///usr/share/code/resources/app/out/vs/workbench/api/node/extensionHostProcess.js:25:746)
	at oL.b (file:///usr/share/code/resources/app/out/vs/workbench/api/node/extensionHostProcess.js:120:15172)
	at oL.dispose (file:///usr/share/code/resources/app/out/vs/workbench/api/node/extensionHostProcess.js:25:1227)
	at HX.eb (file:///usr/share/code/resources/app/out/vs/workbench/api/node/extensionHostProcess.js:120:12045)
	at file:///usr/share/code/resources/app/out/vs/workbench/api/node/extensionHostProcess.js:120:10000
	at Array.map (<anonymous>)
	at HX.$ (file:///usr/share/code/resources/app/out/vs/workbench/api/node/extensionHostProcess.js:120:9988)
	at HX.terminate (file:///usr/share/code/resources/app/out/vs/workbench/api/node/extensionHostProcess.js:120:10231)
	at yN.terminate (file:///usr/share/code/resources/app/out/vs/workbench/api/node/extensionHostProcess.js:122:914)
	at Us (file:///usr/share/code/resources/app/out/vs/workbench/api/node/extensionHostProcess.js:404:11129)
	at MessagePortMain.<anonymous> (file:///usr/share/code/resources/app/out/vs/workbench/api/node/extensionHostProcess.js:404:7604)
	at MessagePortMain.emit (node:events:519:28)
	at MessagePortMain._internalPort.emit (node:electron/js2c/utility_init:2:2949)
2026-06-20 12:54:38.162 [error] TypeError: Cannot read properties of undefined (reading 'subscriptions')
	at Object.Z [as deactivate] (/home/beast/.vscode/extensions/ms-python.vscode-python-envs-1.20.1-linux-x64/dist/extension.js:2:706516)
	at HX.eb (file:///usr/share/code/resources/app/out/vs/workbench/api/node/extensionHostProcess.js:120:11850)
	at file:///usr/share/code/resources/app/out/vs/workbench/api/node/extensionHostProcess.js:120:10000
	at Array.map (<anonymous>)
	at HX.$ (file:///usr/share/code/resources/app/out/vs/workbench/api/node/extensionHostProcess.js:120:9988)
	at HX.terminate (file:///usr/share/code/resources/app/out/vs/workbench/api/node/extensionHostProcess.js:120:10231)
	at yN.terminate (file:///usr/share/code/resources/app/out/vs/workbench/api/node/extensionHostProcess.js:122:914)
	at Us (file:///usr/share/code/resources/app/out/vs/workbench/api/node/extensionHostProcess.js:404:11129)
	at MessagePortMain.<anonymous> (file:///usr/share/code/resources/app/out/vs/workbench/api/node/extensionHostProcess.js:404:7604)
	at MessagePortMain.emit (node:events:519:28)
	at MessagePortMain._internalPort.emit (node:electron/js2c/utility_init:2:2949)
2026-06-20 12:54:38.225 [info] Extension host with pid 74363 exiting with code 0
