2026-04-12 11:42:47.312 [info] Python-envs extension version: 1.20.1
2026-04-12 11:42:47.312 [info] 
=== Python Envs Configuration Levels ===
2026-04-12 11:42:47.312 [info] {
  "section": "Python Envs Configuration Levels",
  "defaultEnvManager": {
    "workspaceFolderValue": "undefined",
    "workspaceValue": "undefined",
    "globalValue": "undefined",
    "defaultValue": "ms-python.python:venv"
  },
  "defaultPackageManager": {
    "workspaceFolderValue": "undefined",
    "workspaceValue": "undefined",
    "globalValue": "undefined",
    "defaultValue": "ms-python.python:pip"
  }
}
2026-04-12 11:42:47.312 [info] [pet] Starting Python Locator /home/beast/.vscode/extensions/ms-python.vscode-python-envs-1.20.1-linux-x64/python-env-tools/bin/pet server
2026-04-12 11:42:47.317 [info] [pet] configure: Sending configuration update: {"workspaceDirectories":["/home/beast/HTB/Silentium/exploit"],"environmentDirectories":["/home/beast/HTB/Silentium/exploit/**/.venv"],"pipenvExecutable":"pipenv","poetryExecutable":"poetry","cacheDirectory":"/home/beast/.config/Code/User/globalStorage/ms-python.vscode-python-envs/pythonLocator"}
2026-04-12 11:42:47.707 [info] Discovered env: /usr/bin/python
2026-04-12 11:42:47.759 [info] Discovered env: /usr/bin/python2
2026-04-12 11:42:47.776 [info] Conda not found, turning off conda features. [Error: Conda not found
	at F (/home/beast/.vscode/extensions/ms-python.vscode-python-envs-1.20.1-linux-x64/dist/extension.js:2:578361)
	at runNextTicks (node:internal/process/task_queues:65:5)
	at process.processImmediate (node:internal/timers:453:9)
	at async L (/home/beast/.vscode/extensions/ms-python.vscode-python-envs-1.20.1-linux-x64/dist/extension.js:2:578486)
	at async t.registerCondaFeatures (/home/beast/.vscode/extensions/ms-python.vscode-python-envs-1.20.1-linux-x64/dist/extension.js:2:596321)
	at async Promise.all (index 1)
	at async Immediate.<anonymous> (/home/beast/.vscode/extensions/ms-python.vscode-python-envs-1.20.1-linux-x64/dist/extension.js:2:717155)]
2026-04-12 11:42:47.776 [info] [pet] Telemetry:  {"event":"RefreshPerformance","data":{"refreshPerformance":{"total":451,"breakdown":{"GlobalVirtualEnvs":0,"Locators":313,"Path":450,"Workspaces":0},"locators":{"Conda":118,"Homebrew":0,"LinuxGlobal":305,"PipEnv":0,"Pixi":0,"Poetry":0,"PyEnv":0,"Uv":0,"Venv":0,"VirtualEnv":0,"VirtualEnvWrapper":0}}}}
2026-04-12 11:42:47.833 [info] Discovered env: /usr/bin/python
2026-04-12 11:42:47.853 [info] Discovered env: /usr/bin/python2
2026-04-12 11:42:47.933 [info] Pipenv not found
2026-04-12 11:42:47.934 [info] Pipenv not found, turning off pipenv features. If you have pipenv installed in a non-standard location, set the "python.pipenvPath" setting.
2026-04-12 11:42:47.934 [info] [pet] Telemetry:  {"event":"RefreshPerformance","data":{"refreshPerformance":{"total":129,"breakdown":{"GlobalVirtualEnvs":0,"Locators":64,"Path":129,"Workspaces":5},"locators":{"Conda":45,"Homebrew":0,"LinuxGlobal":53,"PipEnv":0,"Pixi":0,"Poetry":0,"PyEnv":0,"Uv":0,"Venv":0,"VirtualEnv":0,"VirtualEnvWrapper":0}}}}
2026-04-12 11:42:48.046 [info] Discovered env: /usr/bin/python
2026-04-12 11:42:48.046 [info] Discovered env: /usr/bin/python2
2026-04-12 11:42:48.072 [info] Pyenv not found, turning off pyenv features.
2026-04-12 11:42:48.083 [info] [pet] Telemetry:  {"event":"RefreshPerformance","data":{"refreshPerformance":{"total":132,"breakdown":{"GlobalVirtualEnvs":0,"Locators":76,"Path":132,"Workspaces":2},"locators":{"Conda":69,"Homebrew":0,"LinuxGlobal":67,"PipEnv":0,"Pixi":0,"Poetry":0,"PyEnv":0,"Uv":0,"Venv":0,"VirtualEnv":0,"VirtualEnvWrapper":0}}}}
2026-04-12 11:42:48.162 [info] Discovered env: /usr/bin/python
2026-04-12 11:42:48.174 [info] Discovered env: /usr/bin/python2
2026-04-12 11:42:48.218 [info] Poetry not found, turning off poetry features.
2026-04-12 11:42:48.220 [info] [interpreterSelection] Applying initial environment selection for 1 workspace folder(s)
2026-04-12 11:42:48.224 [info] [pet] Telemetry:  {"event":"RefreshPerformance","data":{"refreshPerformance":{"total":131,"breakdown":{"GlobalVirtualEnvs":0,"Locators":88,"Path":131,"Workspaces":0},"locators":{"Conda":66,"Homebrew":0,"LinuxGlobal":79,"PipEnv":0,"Pixi":0,"Poetry":0,"PyEnv":0,"Uv":0,"Venv":0,"VirtualEnv":0,"VirtualEnvWrapper":0}}}}
2026-04-12 11:42:48.231 [info] Python API: Changed environment from undefined to Python 3.13.11 for: /home/beast/HTB/Silentium/exploit
2026-04-12 11:42:48.231 [info] Internal: Changed environment from undefined to Python 3.13.11 for: /home/beast/HTB/Silentium/exploit
2026-04-12 11:42:48.232 [info] [interpreterSelection] exploit: Python 3.13.11 (source: autoDiscovery)
2026-04-12 11:42:48.235 [info] [interpreterSelection] global: Python 3.13.11 (source: autoDiscovery)
2026-04-12 11:42:48.246 [info] Python API: Changed environment from undefined to Python 3.13.11 for: global
2026-04-12 11:42:48.246 [info] Internal: Changed environment from undefined to Python 3.13.11 for: global
2026-04-12 11:43:11.840 [info] Python-envs extension version: 1.20.1
2026-04-12 11:43:11.841 [info] 
=== Python Envs Configuration Levels ===
2026-04-12 11:43:11.841 [info] {
  "section": "Python Envs Configuration Levels",
  "defaultEnvManager": {
    "workspaceFolderValue": "undefined",
    "workspaceValue": "undefined",
    "globalValue": "undefined",
    "defaultValue": "ms-python.python:venv"
  },
  "defaultPackageManager": {
    "workspaceFolderValue": "undefined",
    "workspaceValue": "undefined",
    "globalValue": "undefined",
    "defaultValue": "ms-python.python:pip"
  }
}
2026-04-12 11:43:11.841 [info] [pet] Starting Python Locator /home/beast/.vscode/extensions/ms-python.vscode-python-envs-1.20.1-linux-x64/python-env-tools/bin/pet server
2026-04-12 11:43:12.162 [info] [pet] configure: Sending configuration update: {"workspaceDirectories":["/home/beast/HTB/Silentium/exploit"],"environmentDirectories":["/home/beast/HTB/Silentium/exploit/**/.venv"],"pipenvExecutable":"pipenv","poetryExecutable":"poetry","cacheDirectory":"/home/beast/.config/Code/User/globalStorage/ms-python.vscode-python-envs/pythonLocator"}
2026-04-12 11:43:12.344 [info] Discovered env: /usr/bin/python
2026-04-12 11:43:12.348 [info] Discovered env: /usr/bin/python2
2026-04-12 11:43:12.390 [info] Conda not found, turning off conda features. [Error: Conda not found
	at F (/home/beast/.vscode/extensions/ms-python.vscode-python-envs-1.20.1-linux-x64/dist/extension.js:2:578361)
	at runNextTicks (node:internal/process/task_queues:65:5)
	at process.processImmediate (node:internal/timers:453:9)
	at async L (/home/beast/.vscode/extensions/ms-python.vscode-python-envs-1.20.1-linux-x64/dist/extension.js:2:578486)
	at async t.registerCondaFeatures (/home/beast/.vscode/extensions/ms-python.vscode-python-envs-1.20.1-linux-x64/dist/extension.js:2:596321)
	at async Promise.all (index 1)
	at async Immediate.<anonymous> (/home/beast/.vscode/extensions/ms-python.vscode-python-envs-1.20.1-linux-x64/dist/extension.js:2:717155)]
2026-04-12 11:43:12.390 [info] [pet] Telemetry:  {"event":"RefreshPerformance","data":{"refreshPerformance":{"total":107,"breakdown":{"GlobalVirtualEnvs":0,"Locators":67,"Path":107,"Workspaces":3},"locators":{"Conda":58,"Homebrew":0,"LinuxGlobal":64,"PipEnv":0,"Pixi":0,"Poetry":0,"PyEnv":0,"Uv":0,"Venv":0,"VirtualEnv":0,"VirtualEnvWrapper":0}}}}
2026-04-12 11:43:12.433 [info] Discovered env: /usr/bin/python
2026-04-12 11:43:12.441 [info] Discovered env: /usr/bin/python2
2026-04-12 11:43:12.483 [info] Pipenv not found
2026-04-12 11:43:12.484 [info] Pipenv not found, turning off pipenv features. If you have pipenv installed in a non-standard location, set the "python.pipenvPath" setting.
2026-04-12 11:43:12.484 [info] [pet] Telemetry:  {"event":"RefreshPerformance","data":{"refreshPerformance":{"total":89,"breakdown":{"GlobalVirtualEnvs":0,"Locators":50,"Path":89,"Workspaces":3},"locators":{"Conda":31,"Homebrew":0,"LinuxGlobal":44,"PipEnv":0,"Pixi":0,"Poetry":0,"PyEnv":0,"Uv":0,"Venv":0,"VirtualEnv":0,"VirtualEnvWrapper":0}}}}
2026-04-12 11:43:12.518 [info] Discovered env: /usr/bin/python
2026-04-12 11:43:12.524 [info] Discovered env: /usr/bin/python2
2026-04-12 11:43:12.559 [info] Pyenv not found, turning off pyenv features.
2026-04-12 11:43:12.559 [info] [pet] Telemetry:  {"event":"RefreshPerformance","data":{"refreshPerformance":{"total":72,"breakdown":{"GlobalVirtualEnvs":0,"Locators":38,"Path":72,"Workspaces":1},"locators":{"Conda":24,"Homebrew":0,"LinuxGlobal":35,"PipEnv":0,"Pixi":0,"Poetry":0,"PyEnv":0,"Uv":0,"Venv":0,"VirtualEnv":0,"VirtualEnvWrapper":0}}}}
2026-04-12 11:43:12.606 [info] Discovered env: /usr/bin/python
2026-04-12 11:43:12.608 [info] Discovered env: /usr/bin/python2
2026-04-12 11:43:12.642 [info] Poetry not found, turning off poetry features.
2026-04-12 11:43:12.643 [info] [interpreterSelection] Applying initial environment selection for 1 workspace folder(s)
2026-04-12 11:43:12.646 [info] [pet] Telemetry:  {"event":"RefreshPerformance","data":{"refreshPerformance":{"total":81,"breakdown":{"GlobalVirtualEnvs":0,"Locators":47,"Path":80,"Workspaces":0},"locators":{"Conda":31,"Homebrew":0,"LinuxGlobal":42,"PipEnv":0,"Pixi":0,"Poetry":0,"PyEnv":0,"Uv":0,"Venv":0,"VirtualEnv":0,"VirtualEnvWrapper":0}}}}
2026-04-12 11:43:12.651 [info] Python API: Changed environment from undefined to Python 3.13.11 for: /home/beast/HTB/Silentium/exploit
2026-04-12 11:43:12.651 [info] Internal: Changed environment from undefined to Python 3.13.11 for: /home/beast/HTB/Silentium/exploit
2026-04-12 11:43:12.652 [info] [interpreterSelection] exploit: Python 3.13.11 (source: autoDiscovery)
2026-04-12 11:43:12.655 [info] [interpreterSelection] global: Python 3.13.11 (source: autoDiscovery)
2026-04-12 11:43:12.666 [info] Python API: Changed environment from undefined to Python 3.13.11 for: global
2026-04-12 11:43:12.666 [info] Internal: Changed environment from undefined to Python 3.13.11 for: global
